0  1  40  114  3  2  1  1  1  1  1
0  2  40  114  2  0
0  3  40  114  2  0
0  4  40  114  2  0
0  5  40  114  2  0
0  6  40  114  2  0
0  7  40  114  2  0
0  8  40  114  2  0
0  9  40  114  2  0
0  10  40  114  2  0
0  11  40  114  2  0
0  12  40  114  2  0
0  13  40  114  2  0
0  14  40  114  2  0
0  15  40  114  2  0
0  16  40  114  2  0
0  17  40  114  2  0
0  18  40  114  2  0
0  19  40  114  2  0
0  20  40  114  2  0
0  21  40  114  2  0
0  22  40  114  2  0
0  23  40  114  2  0
0  24  40  114  2  0
0  25  40  114  2  0
0  26  40  114  2  0
0  27  40  114  2  0
0  28  40  114  2  0
0  29  40  114  2  0
0  30  40  114  2  0
0  31  40  114  2  0
0  32  40  114  2  0
0  33  40  114  2  0
0  34  40  114  2  0
0  35  40  114  2  0
0  36  40  114  2  0
0  37  40  114  2  0
0  38  40  114  2  0
0  39  40  114  2  0
1  0  40  114  2  0
1  2  40  114  2  0
1  3  40  114  2  0
1  4  40  114  2  0
1  5  40  114  2  0
1  6  40  114  2  0
1  7  40  114  2  0
1  8  40  114  2  0
1  9  40  114  2  0
1  10  40  114  2  0
1  11  40  114  2  0
1  12  40  114  2  0
1  13  40  114  2  0
1  14  40  114  2  0
1  15  40  114  2  0
1  16  40  114  2  0
1  17  40  114  2  0
1  18  40  114  2  0
1  19  40  114  2  0
1  20  40  114  2  0
1  21  40  114  2  0
1  22  40  114  2  0
1  23  40  114  2  0
1  24  40  114  2  0
1  25  40  114  2  0
1  26  40  114  2  0
1  27  40  114  2  0
1  28  40  114  2  0
1  29  40  114  2  0
1  30  40  114  2  0
1  31  40  114  2  0
1  32  40  114  2  0
1  33  40  114  2  0
1  34  40  114  2  0
1  35  40  114  2  0
1  36  40  114  2  0
1  37  40  114  2  0
1  38  40  114  2  0
1  39  40  114  2  0
2  0  40  114  3  2  1  1  1  1  1
2  1  40  114  3  2  1  1  1  1  1
2  3  40  114  2  0
2  4  40  114  2  0
2  5  40  114  2  0
2  6  40  114  2  0
2  7  40  114  2  0
2  8  40  114  2  0
2  9  40  114  2  0
2  10  40  114  2  0
2  11  40  114  2  0
2  12  40  114  2  0
2  13  40  114  2  0
2  14  40  114  2  0
2  15  40  114  2  0
2  16  40  114  2  0
2  17  40  114  2  0
2  18  40  114  2  0
2  19  40  114  2  0
2  20  40  114  2  0
2  21  40  114  2  0
2  22  40  114  2  0
2  23  40  114  2  0
2  24  40  114  2  0
2  25  40  114  2  0
2  26  40  114  2  0
2  27  40  114  2  0
2  28  40  114  2  0
2  29  40  114  2  0
2  30  40  114  2  0
2  31  40  114  2  0
2  32  40  114  2  0
2  33  40  114  2  0
2  34  40  114  2  0
2  35  40  114  2  0
2  36  40  114  2  0
2  37  40  114  2  0
2  38  40  114  2  0
2  39  40  114  2  0
3  0  40  114  3  2  1  1  1  1  1
3  1  40  114  6  8  2  1  1  1  6  1  1
3  2  40  114  3  2  1  1  1  1  1
3  4  40  114  2  0
3  5  40  114  2  0
3  6  40  114  2  0
3  7  40  114  2  0
3  8  40  114  2  0
3  9  40  114  2  0
3  10  40  114  2  0
3  11  40  114  2  0
3  12  40  114  2  0
3  13  40  114  2  0
3  14  40  114  2  0
3  15  40  114  2  0
3  16  40  114  2  0
3  17  40  114  2  0
3  18  40  114  2  0
3  19  40  114  2  0
3  20  40  114  2  0
3  21  40  114  2  0
3  22  40  114  2  0
3  23  40  114  2  0
3  24  40  114  2  0
3  25  40  114  2  0
3  26  40  114  2  0
3  27  40  114  2  0
3  28  40  114  2  0
3  29  40  114  2  0
3  30  40  114  2  0
3  31  40  114  2  0
3  32  40  114  2  0
3  33  40  114  2  0
3  34  40  114  2  0
3  35  40  114  2  0
3  36  40  114  2  0
3  37  40  114  2  0
3  38  40  114  2  0
3  39  40  114  2  0
4  0  40  114  6  8  2  1  1  1  6  1  1
4  1  40  114  7  11  3  1  1  3  6  1  3  1  1
4  2  40  114  3  2  1  1  1  1  1
4  3  40  114  3  2  1  1  1  1  1
4  5  40  114  2  0
4  6  40  114  2  0
4  7  40  114  2  0
4  8  40  114  2  0
4  9  40  114  2  0
4  10  40  114  2  0
4  11  40  114  2  0
4  12  40  114  2  0
4  13  40  114  2  0
4  14  40  114  2  0
4  15  40  114  2  0
4  16  40  114  2  0
4  17  40  114  2  0
4  18  40  114  2  0
4  19  40  114  2  0
4  20  40  114  2  0
4  21  40  114  2  0
4  22  40  114  2  0
4  23  40  114  2  0
4  24  40  114  2  0
4  25  40  114  2  0
4  26  40  114  2  0
4  27  40  114  2  0
4  28  40  114  2  0
4  29  40  114  2  0
4  30  40  114  2  0
4  31  40  114  2  0
4  32  40  114  2  0
4  33  40  114  2  0
4  34  40  114  2  0
4  35  40  114  2  0
4  36  40  114  2  0
4  37  40  114  2  0
4  38  40  114  2  0
4  39  40  114  2  0
5  0  40  114  7  11  2  1  1  1  9  1  1
5  1  40  114  8  14  3  1  1  3  9  1  2  1  2
5  2  40  114  6  7  3  1  1  2  3  1  2  1  1
5  3  40  114  3  2  1  1  1  1  1
5  4  40  114  3  2  1  1  1  1  1
5  6  40  114  2  0
5  7  40  114  2  0
5  8  40  114  2  0
5  9  40  114  2  0
5  10  40  114  2  0
5  11  40  114  2  0
5  12  40  114  2  0
5  13  40  114  2  0
5  14  40  114  2  0
5  15  40  114  2  0
5  16  40  114  2  0
5  17  40  114  2  0
5  18  40  114  2  0
5  19  40  114  2  0
5  20  40  114  2  0
5  21  40  114  2  0
5  22  40  114  2  0
5  23  40  114  2  0
5  24  40  114  2  0
5  25  40  114  2  0
5  26  40  114  2  0
5  27  40  114  2  0
5  28  40  114  2  0
5  29  40  114  2  0
5  30  40  114  2  0
5  31  40  114  2  0
5  32  40  114  2  0
5  33  40  114  2  0
5  34  40  114  2  0
5  35  40  114  2  0
5  36  40  114  2  0
5  37  40  114  2  0
5  38  40  114  2  0
5  39  40  114  2  0
6  0  40  114  8  14  3  1  1  3  6  1  6  1  1
6  1  40  114  9  17  3  1  1  3  6  1  9  1  1
6  2  40  114  7  10  3  1  1  2  6  1  2  1  1
6  3  40  114  6  8  2  1  1  1  6  1  1
6  4  40  114  3  2  1  1  1  1  1
6  5  40  114  3  2  1  1  1  1  1
6  7  40  114  2  0
6  8  40  114  2  0
6  9  40  114  2  0
6  10  40  114  2  0
6  11  40  114  2  0
6  12  40  114  2  0
6  13  40  114  2  0
6  14  40  114  2  0
6  15  40  114  2  0
6  16  40  114  2  0
6  17  40  114  2  0
6  18  40  114  2  0
6  19  40  114  2  0
6  20  40  114  2  0
6  21  40  114  2  0
6  22  40  114  2  0
6  23  40  114  2  0
6  24  40  114  2  0
6  25  40  114  2  0
6  26  40  114  2  0
6  27  40  114  2  0
6  28  40  114  2  0
6  29  40  114  2  0
6  30  40  114  2  0
6  31  40  114  2  0
6  32  40  114  2  0
6  33  40  114  2  0
6  34  40  114  2  0
6  35  40  114  2  0
6  36  40  114  2  0
6  37  40  114  2  0
6  38  40  114  2  0
6  39  40  114  2  0
7  0  40  114  8  14  3  1  1  3  6  1  6  1  1
7  1  40  114  9  17  3  1  1  3  6  1  9  1  1
7  2  40  114  7  10  3  1  1  2  6  1  2  1  1
7  3  40  114  6  8  2  1  1  1  6  1  1
7  4  40  114  3  2  1  1  1  1  1
7  5  40  114  3  2  1  1  1  1  1
7  6  40  114  2  0
7  8  40  114  2  0
7  9  40  114  2  0
7  10  40  114  2  0
7  11  40  114  2  0
7  12  40  114  2  0
7  13  40  114  2  0
7  14  40  114  2  0
7  15  40  114  2  0
7  16  40  114  2  0
7  17  40  114  2  0
7  18  40  114  2  0
7  19  40  114  2  0
7  20  40  114  2  0
7  21  40  114  2  0
7  22  40  114  2  0
7  23  40  114  2  0
7  24  40  114  2  0
7  25  40  114  2  0
7  26  40  114  2  0
7  27  40  114  2  0
7  28  40  114  2  0
7  29  40  114  2  0
7  30  40  114  2  0
7  31  40  114  2  0
7  32  40  114  2  0
7  33  40  114  2  0
7  34  40  114  2  0
7  35  40  114  2  0
7  36  40  114  2  0
7  37  40  114  2  0
7  38  40  114  2  0
7  39  40  114  2  0
8  0  40  114  7  10  3  1  1  3  5  1  2  1  2
8  1  40  114  8  14  2  1  1  1  11  1  2
8  2  40  114  3  2  1  1  1  1  1
8  3  40  114  3  2  1  1  1  1  1
8  4  40  114  3  2  1  1  1  1  1
8  5  40  114  2  0
8  6  40  114  2  0
8  7  40  114  2  0
8  9  40  114  2  0
8  10  40  114  2  0
8  11  40  114  2  0
8  12  40  114  2  0
8  13  40  114  2  0
8  14  40  114  2  0
8  15  40  114  2  0
8  16  40  114  2  0
8  17  40  114  2  0
8  18  40  114  2  0
8  19  40  114  2  0
8  20  40  114  2  0
8  21  40  114  2  0
8  22  40  114  2  0
8  23  40  114  2  0
8  24  40  114  2  0
8  25  40  114  2  0
8  26  40  114  2  0
8  27  40  114  2  0
8  28  40  114  2  0
8  29  40  114  2  0
8  30  40  114  2  0
8  31  40  114  2  0
8  32  40  114  2  0
8  33  40  114  2  0
8  34  40  114  2  0
8  35  40  114  2  0
8  36  40  114  2  0
8  37  40  114  2  0
8  38  40  114  2  0
8  39  40  114  2  0
9  0  40  114  10  19  3  1  1  3  4  1  12  1  2
9  1  40  114  11  23  3  1  1  3  4  1  16  1  2
9  2  40  114  9  15  3  1  1  3  4  1  8  1  2
9  3  40  114  7  11  3  1  1  3  6  1  3  1  1
9  4  40  114  6  8  2  1  1  1  6  1  1
9  5  40  114  3  2  1  1  1  1  1
9  6  40  114  2  0
9  7  40  114  3  2  1  1  1  1  1
9  8  40  114  3  2  1  1  1  1  1
9  10  40  114  2  0
9  11  40  114  2  0
9  12  40  114  2  0
9  13  40  114  2  0
9  14  40  114  2  0
9  15  40  114  2  0
9  16  40  114  2  0
9  17  40  114  2  0
9  18  40  114  2  0
9  19  40  114  2  0
9  20  40  114  2  0
9  21  40  114  2  0
9  22  40  114  2  0
9  23  40  114  2  0
9  24  40  114  2  0
9  25  40  114  2  0
9  26  40  114  2  0
9  27  40  114  2  0
9  28  40  114  2  0
9  29  40  114  2  0
9  30  40  114  2  0
9  31  40  114  2  0
9  32  40  114  2  0
9  33  40  114  2  0
9  34  40  114  2  0
9  35  40  114  2  0
9  36  40  114  2  0
9  37  40  114  2  0
9  38  40  114  2  0
9  39  40  114  2  0
10  0  40  114  12  25  2  1  1  1  22  1  2
10  1  40  114  13  29  3  1  1  4  23  1  4  1  1
10  2  40  114  11  20  4  1  1  2  2  3  12  1  3  1  2
10  3  40  114  9  16  3  1  1  2  2  1  10  1  3
10  4  40  114  8  12  3  1  1  2  2  1  6  1  3
10  5  40  114  3  2  1  1  1  1  1
10  6  40  114  3  2  1  1  1  1  1
10  7  40  114  3  2  1  1  1  1  1
10  8  40  114  3  2  1  1  1  1  1
10  9  40  114  3  2  1  1  1  1  1
10  11  40  114  2  0
10  12  40  114  2  0
10  13  40  114  2  0
10  14  40  114  2  0
10  15  40  114  2  0
10  16  40  114  2  0
10  17  40  114  2  0
10  18  40  114  2  0
10  19  40  114  2  0
10  20  40  114  2  0
10  21  40  114  2  0
10  22  40  114  2  0
10  23  40  114  2  0
10  24  40  114  2  0
10  25  40  114  2  0
10  26  40  114  2  0
10  27  40  114  2  0
10  28  40  114  2  0
10  29  40  114  2  0
10  30  40  114  2  0
10  31  40  114  2  0
10  32  40  114  2  0
10  33  40  114  2  0
10  34  40  114  2  0
10  35  40  114  2  0
10  36  40  114  2  0
10  37  40  114  2  0
10  38  40  114  2  0
10  39  40  114  2  0
11  0  40  114  8  13  3  1  1  3  5  1  6  1  1
11  1  40  114  9  17  3  1  1  3  5  1  10  1  1
11  2  40  114  7  10  3  1  1  3  5  1  3  1  1
11  3  40  114  3  2  1  1  1  1  1
11  4  40  114  3  2  1  1  1  1  1
11  5  40  114  2  0
11  6  40  114  2  0
11  7  40  114  2  0
11  8  40  114  3  2  1  1  1  1  1
11  9  40  114  2  0
11  10  40  114  2  0
11  12  40  114  2  0
11  13  40  114  2  0
11  14  40  114  2  0
11  15  40  114  2  0
11  16  40  114  2  0
11  17  40  114  2  0
11  18  40  114  2  0
11  19  40  114  2  0
11  20  40  114  2  0
11  21  40  114  2  0
11  22  40  114  2  0
11  23  40  114  2  0
11  24  40  114  2  0
11  25  40  114  2  0
11  26  40  114  2  0
11  27  40  114  2  0
11  28  40  114  2  0
11  29  40  114  2  0
11  30  40  114  2  0
11  31  40  114  2  0
11  32  40  114  2  0
11  33  40  114  2  0
11  34  40  114  2  0
11  35  40  114  2  0
11  36  40  114  2  0
11  37  40  114  2  0
11  38  40  114  2  0
11  39  40  114  2  0
12  0  40  114  11  22  3  1  1  3  4  1  14  1  3
12  1  40  114  12  26  4  1  1  3  4  4  14  1  3  1  4
12  2  40  114  10  18  4  1  1  3  4  3  7  1  3  1  3
12  3  40  114  8  13  3  1  1  3  4  1  7  1  1
12  4  40  114  6  8  2  1  1  1  6  1  1
12  5  40  114  3  2  1  1  1  1  1
12  6  40  114  2  0
12  7  40  114  3  2  1  1  1  1  1
12  8  40  114  3  2  1  1  1  1  1
12  9  40  114  2  0
12  10  40  114  2  0
12  11  40  114  3  2  1  1  1  1  1
12  13  40  114  2  0
12  14  40  114  2  0
12  15  40  114  2  0
12  16  40  114  2  0
12  17  40  114  2  0
12  18  40  114  2  0
12  19  40  114  2  0
12  20  40  114  2  0
12  21  40  114  2  0
12  22  40  114  2  0
12  23  40  114  2  0
12  24  40  114  2  0
12  25  40  114  2  0
12  26  40  114  2  0
12  27  40  114  2  0
12  28  40  114  2  0
12  29  40  114  2  0
12  30  40  114  2  0
12  31  40  114  2  0
12  32  40  114  2  0
12  33  40  114  2  0
12  34  40  114  2  0
12  35  40  114  2  0
12  36  40  114  2  0
12  37  40  114  2  0
12  38  40  114  2  0
12  39  40  114  2  0
13  0  40  114  13  28  3  1  1  4  22  1  4  1  1
13  1  40  114  14  32  3  1  1  5  22  1  8  1  1
13  2  40  114  12  24  2  1  1  1  20  1  3
13  3  40  114  11  20  4  1  1  2  2  4  6  1  8  1  3
13  4  40  114  10  16  4  1  1  2  2  4  6  1  4  1  3
13  5  40  114  7  9  3  1  1  2  2  1  5  1  1
13  6  40  114  2  0
13  7  40  114  3  2  1  1  1  1  1
13  8  40  114  3  2  1  1  1  1  1
13  9  40  114  3  2  1  1  1  1  1
13  10  40  114  2  0
13  11  40  114  3  2  1  1  1  1  1
13  12  40  114  3  2  1  1  1  1  1
13  14  40  114  2  0
13  15  40  114  2  0
13  16  40  114  2  0
13  17  40  114  2  0
13  18  40  114  2  0
13  19  40  114  2  0
13  20  40  114  2  0
13  21  40  114  2  0
13  22  40  114  2  0
13  23  40  114  2  0
13  24  40  114  2  0
13  25  40  114  2  0
13  26  40  114  2  0
13  27  40  114  2  0
13  28  40  114  2  0
13  29  40  114  2  0
13  30  40  114  2  0
13  31  40  114  2  0
13  32  40  114  2  0
13  33  40  114  2  0
13  34  40  114  2  0
13  35  40  114  2  0
13  36  40  114  2  0
13  37  40  114  2  0
13  38  40  114  2  0
13  39  40  114  2  0
14  0  40  114  11  21  2  1  1  1  18  1  2
14  1  40  114  12  26  2  1  1  1  23  1  2
14  2  40  114  9  15  3  1  1  3  4  1  8  1  2
14  3  40  114  7  11  3  1  1  3  6  1  3  1  1
14  4  40  114  6  8  2  1  1  1  6  1  1
14  5  40  114  3  2  1  1  1  1  1
14  6  40  114  2  0
14  7  40  114  3  2  1  1  1  1  1
14  8  40  114  3  2  1  1  1  1  1
14  9  40  114  3  2  1  1  1  1  1
14  10  40  114  2  0
14  11  40  114  2  0
14  12  40  114  2  0
14  13  40  114  2  0
14  15  40  114  2  0
14  16  40  114  2  0
14  17  40  114  2  0
14  18  40  114  2  0
14  19  40  114  2  0
14  20  40  114  2  0
14  21  40  114  2  0
14  22  40  114  2  0
14  23  40  114  2  0
14  24  40  114  2  0
14  25  40  114  2  0
14  26  40  114  2  0
14  27  40  114  2  0
14  28  40  114  2  0
14  29  40  114  2  0
14  30  40  114  2  0
14  31  40  114  2  0
14  32  40  114  2  0
14  33  40  114  2  0
14  34  40  114  2  0
14  35  40  114  2  0
14  36  40  114  2  0
14  37  40  114  2  0
14  38  40  114  2  0
14  39  40  114  2  0
15  0  40  114  10  19  3  1  1  4  13  1  4  1  1
15  1  40  114  11  23  3  1  1  5  13  1  8  1  1
15  2  40  114  9  15  2  1  1  1  13  1  1
15  3  40  114  7  10  3  1  1  3  5  1  2  1  2
15  4  40  114  3  2  1  1  1  1  1
15  5  40  114  3  2  1  1  1  1  1
15  6  40  114  2  0
15  7  40  114  3  2  1  1  1  1  1
15  8  40  114  3  2  1  1  1  1  1
15  9  40  114  2  0
15  10  40  114  2  0
15  11  40  114  2  0
15  12  40  114  2  0
15  13  40  114  2  0
15  14  40  114  2  0
15  16  40  114  2  0
15  17  40  114  2  0
15  18  40  114  2  0
15  19  40  114  2  0
15  20  40  114  2  0
15  21  40  114  2  0
15  22  40  114  2  0
15  23  40  114  2  0
15  24  40  114  2  0
15  25  40  114  2  0
15  26  40  114  2  0
15  27  40  114  2  0
15  28  40  114  2  0
15  29  40  114  2  0
15  30  40  114  2  0
15  31  40  114  2  0
15  32  40  114  2  0
15  33  40  114  2  0
15  34  40  114  2  0
15  35  40  114  2  0
15  36  40  114  2  0
15  37  40  114  2  0
15  38  40  114  2  0
15  39  40  114  2  0
16  0  40  114  9  16  3  1  1  4  7  1  6  1  2
16  1  40  114  10  20  3  1  1  4  7  1  10  1  2
16  2  40  114  8  12  3  1  1  3  7  1  3  1  1
16  3  40  114  6  8  2  1  1  1  6  1  1
16  4  40  114  3  2  1  1  1  1  1
16  5  40  114  3  2  1  1  1  1  1
16  6  40  114  2  0
16  7  40  114  2  0
16  8  40  114  3  2  1  1  1  1  1
16  9  40  114  2  0
16  10  40  114  2  0
16  11  40  114  2  0
16  12  40  114  2  0
16  13  40  114  2  0
16  14  40  114  2  0
16  15  40  114  2  0
16  17  40  114  2  0
16  18  40  114  2  0
16  19  40  114  2  0
16  20  40  114  2  0
16  21  40  114  2  0
16  22  40  114  2  0
16  23  40  114  2  0
16  24  40  114  2  0
16  25  40  114  2  0
16  26  40  114  2  0
16  27  40  114  2  0
16  28  40  114  2  0
16  29  40  114  2  0
16  30  40  114  2  0
16  31  40  114  2  0
16  32  40  114  2  0
16  33  40  114  2  0
16  34  40  114  2  0
16  35  40  114  2  0
16  36  40  114  2  0
16  37  40  114  2  0
16  38  40  114  2  0
16  39  40  114  2  0
17  0  40  114  8  14  3  1  1  3  6  1  6  1  1
17  1  40  114  9  17  3  1  1  3  6  1  9  1  1
17  2  40  114  7  10  3  1  1  2  6  1  2  1  1
17  3  40  114  6  8  2  1  1  1  6  1  1
17  4  40  114  3  2  1  1  1  1  1
17  5  40  114  3  2  1  1  1  1  1
17  6  40  114  2  0
17  7  40  114  2  0
17  8  40  114  2  0
17  9  40  114  2  0
17  10  40  114  2  0
17  11  40  114  2  0
17  12  40  114  2  0
17  13  40  114  2  0
17  14  40  114  2  0
17  15  40  114  2  0
17  16  40  114  2  0
17  18  40  114  2  0
17  19  40  114  2  0
17  20  40  114  2  0
17  21  40  114  2  0
17  22  40  114  2  0
17  23  40  114  2  0
17  24  40  114  2  0
17  25  40  114  2  0
17  26  40  114  2  0
17  27  40  114  2  0
17  28  40  114  2  0
17  29  40  114  2  0
17  30  40  114  2  0
17  31  40  114  2  0
17  32  40  114  2  0
17  33  40  114  2  0
17  34  40  114  2  0
17  35  40  114  2  0
17  36  40  114  2  0
17  37  40  114  2  0
17  38  40  114  2  0
17  39  40  114  2  0
18  0  40  114  10  20  3  1  1  4  14  1  4  1  1
18  1  40  114  11  23  3  1  1  4  14  1  7  1  1
18  2  40  114  9  16  2  1  1  1  14  1  1
18  3  40  114  8  13  3  1  1  2  2  1  9  1  1
18  4  40  114  7  9  3  1  1  2  2  1  5  1  1
18  5  40  114  3  2  1  1  1  1  1
18  6  40  114  2  0
18  7  40  114  3  2  1  1  1  1  1
18  8  40  114  2  0
18  9  40  114  2  0
18  10  40  114  2  0
18  11  40  114  2  0
18  12  40  114  2  0
18  13  40  114  2  0
18  14  40  114  2  0
18  15  40  114  2  0
18  16  40  114  2  0
18  17  40  114  3  2  1  1  1  1  1
18  19  40  114  2  0
18  20  40  114  2  0
18  21  40  114  2  0
18  22  40  114  2  0
18  23  40  114  2  0
18  24  40  114  2  0
18  25  40  114  2  0
18  26  40  114  2  0
18  27  40  114  2  0
18  28  40  114  2  0
18  29  40  114  2  0
18  30  40  114  2  0
18  31  40  114  2  0
18  32  40  114  2  0
18  33  40  114  2  0
18  34  40  114  2  0
18  35  40  114  2  0
18  36  40  114  2  0
18  37  40  114  2  0
18  38  40  114  2  0
18  39  40  114  2  0
19  0  40  114  9  17  3  1  1  4  11  1  3  1  2
19  1  40  114  10  20  3  1  1  4  11  1  6  1  2
19  2  40  114  8  13  2  1  1  1  11  1  1
19  3  40  114  7  10  3  1  1  2  3  1  5  1  1
19  4  40  114  6  7  3  1  1  2  3  1  2  1  1
19  5  40  114  3  2  1  1  1  1  1
19  6  40  114  2  0
19  7  40  114  2  0
19  8  40  114  2  0
19  9  40  114  2  0
19  10  40  114  2  0
19  11  40  114  2  0
19  12  40  114  2  0
19  13  40  114  2  0
19  14  40  114  2  0
19  15  40  114  2  0
19  16  40  114  2  0
19  17  40  114  3  2  1  1  1  1  1
19  18  40  114  2  0
19  20  40  114  2  0
19  21  40  114  2  0
19  22  40  114  2  0
19  23  40  114  2  0
19  24  40  114  2  0
19  25  40  114  2  0
19  26  40  114  2  0
19  27  40  114  2  0
19  28  40  114  2  0
19  29  40  114  2  0
19  30  40  114  2  0
19  31  40  114  2  0
19  32  40  114  2  0
19  33  40  114  2  0
19  34  40  114  2  0
19  35  40  114  2  0
19  36  40  114  2  0
19  37  40  114  2  0
19  38  40  114  2  0
19  39  40  114  2  0
20  0  40  114  12  24  2  1  1  1  22  1  1
20  1  40  114  13  29  3  1  1  5  22  1  4  1  2
20  2  40  114  10  17  2  1  1  1  15  1  1
20  3  40  114  7  11  3  1  1  3  6  1  3  1  1
20  4  40  114  6  8  2  1  1  1  6  1  1
20  5  40  114  3  2  1  1  1  1  1
20  6  40  114  2  0
20  7  40  114  3  2  1  1  1  1  1
20  8  40  114  3  2  1  1  1  1  1
20  9  40  114  3  2  1  1  1  1  1
20  10  40  114  2  0
20  11  40  114  2  0
20  12  40  114  2  0
20  13  40  114  2  0
20  14  40  114  3  2  1  1  1  1  1
20  15  40  114  2  0
20  16  40  114  2  0
20  17  40  114  2  0
20  18  40  114  2  0
20  19  40  114  2  0
20  21  40  114  2  0
20  22  40  114  2  0
20  23  40  114  2  0
20  24  40  114  2  0
20  25  40  114  2  0
20  26  40  114  2  0
20  27  40  114  2  0
20  28  40  114  2  0
20  29  40  114  2  0
20  30  40  114  2  0
20  31  40  114  2  0
20  32  40  114  2  0
20  33  40  114  2  0
20  34  40  114  2  0
20  35  40  114  2  0
20  36  40  114  2  0
20  37  40  114  2  0
20  38  40  114  2  0
20  39  40  114  2  0
21  0  40  114  14  31  3  1  1  4  6  1  23  1  1
21  1  40  114  15  35  3  1  1  4  6  1  27  1  1
21  2  40  114  13  26  3  1  1  4  6  1  18  1  1
21  3  40  114  12  23  3  1  1  4  6  1  15  1  1
21  4  40  114  11  18  3  1  1  4  6  1  10  1  1
21  5  40  114  3  2  1  1  1  1  1
21  6  40  114  3  2  1  1  1  1  1
21  7  40  114  3  2  1  1  1  1  1
21  8  40  114  3  2  1  1  1  1  1
21  9  40  114  3  2  1  1  1  1  1
21  10  40  114  3  2  1  1  1  1  1
21  11  40  114  2  0
21  12  40  114  2  0
21  13  40  114  2  0
21  14  40  114  2  0
21  15  40  114  2  0
21  16  40  114  3  2  1  1  1  1  1
21  17  40  114  2  0
21  18  40  114  2  0
21  19  40  114  2  0
21  20  40  114  2  0
21  22  40  114  2  0
21  23  40  114  2  0
21  24  40  114  2  0
21  25  40  114  2  0
21  26  40  114  2  0
21  27  40  114  2  0
21  28  40  114  2  0
21  29  40  114  2  0
21  30  40  114  2  0
21  31  40  114  2  0
21  32  40  114  2  0
21  33  40  114  2  0
21  34  40  114  2  0
21  35  40  114  2  0
21  36  40  114  2  0
21  37  40  114  2  0
21  38  40  114  2  0
21  39  40  114  2  0
22  0  40  114  8  13  3  1  1  4  7  1  3  1  2
22  1  40  114  9  17  2  1  1  1  14  1  2
22  2  40  114  7  9  2  1  1  1  7  1  1
22  3  40  114  3  2  1  1  1  1  1
22  4  40  114  3  2  1  1  1  1  1
22  5  40  114  3  2  1  1  1  1  1
22  6  40  114  2  0
22  7  40  114  2  0
22  8  40  114  2  0
22  9  40  114  2  0
22  10  40  114  2  0
22  11  40  114  2  0
22  12  40  114  2  0
22  13  40  114  2  0
22  14  40  114  2  0
22  15  40  114  2  0
22  16  40  114  2  0
22  17  40  114  2  0
22  18  40  114  2  0
22  19  40  114  2  0
22  20  40  114  2  0
22  21  40  114  2  0
22  23  40  114  2  0
22  24  40  114  2  0
22  25  40  114  2  0
22  26  40  114  2  0
22  27  40  114  2  0
22  28  40  114  2  0
22  29  40  114  2  0
22  30  40  114  2  0
22  31  40  114  2  0
22  32  40  114  2  0
22  33  40  114  2  0
22  34  40  114  2  0
22  35  40  114  2  0
22  36  40  114  2  0
22  37  40  114  2  0
22  38  40  114  2  0
22  39  40  114  2  0
23  0  40  114  11  23  3  1  1  5  10  1  9  1  3
23  1  40  114  12  26  4  1  1  5  10  3  9  1  3  1  3
23  2  40  114  10  19  3  1  1  5  10  1  5  1  3
23  3  40  114  9  16  3  1  1  4  10  1  3  1  2
23  4  40  114  8  12  2  1  1  1  10  1  1
23  5  40  114  6  7  3  1  1  2  3  1  2  1  1
23  6  40  114  2  0
23  7  40  114  3  2  1  1  1  1  1
23  8  40  114  2  0
23  9  40  114  2  0
23  10  40  114  2  0
23  11  40  114  2  0
23  12  40  114  2  0
23  13  40  114  2  0
23  14  40  114  2  0
23  15  40  114  2  0
23  16  40  114  2  0
23  17  40  114  3  2  1  1  1  1  1
23  18  40  114  3  2  1  1  1  1  1
23  19  40  114  2  0
23  20  40  114  2  0
23  21  40  114  2  0
23  22  40  114  2  0
23  24  40  114  2  0
23  25  40  114  2  0
23  26  40  114  2  0
23  27  40  114  2  0
23  28  40  114  2  0
23  29  40  114  2  0
23  30  40  114  2  0
23  31  40  114  2  0
23  32  40  114  2  0
23  33  40  114  2  0
23  34  40  114  2  0
23  35  40  114  2  0
23  36  40  114  2  0
23  37  40  114  2  0
23  38  40  114  2  0
23  39  40  114  2  0
24  0  40  114  14  31  3  1  1  6  17  1  11  1  2
24  1  40  114  15  35  3  1  1  6  17  1  14  1  3
24  2  40  114  13  27  3  1  1  6  17  1  7  1  2
24  3  40  114  12  23  3  1  1  4  17  1  4  1  1
24  4  40  114  11  19  2  1  1  1  15  1  3
24  5  40  114  7  9  3  1  1  2  2  1  5  1  1
24  6  40  114  2  0
24  7  40  114  3  2  1  1  1  1  1
24  8  40  114  3  2  1  1  1  1  1
24  9  40  114  3  2  1  1  1  1  1
24  10  40  114  2  0
24  11  40  114  3  2  1  1  1  1  1
24  12  40  114  3  2  1  1  1  1  1
24  13  40  114  3  2  1  1  1  1  1
24  14  40  114  2  0
24  15  40  114  2  0
24  16  40  114  2  0
24  17  40  114  2  0
24  18  40  114  2  0
24  19  40  114  2  0
24  20  40  114  2  0
24  21  40  114  2  0
24  22  40  114  2  0
24  23  40  114  2  0
24  25  40  114  2  0
24  26  40  114  2  0
24  27  40  114  2  0
24  28  40  114  2  0
24  29  40  114  2  0
24  30  40  114  2  0
24  31  40  114  2  0
24  32  40  114  2  0
24  33  40  114  2  0
24  34  40  114  2  0
24  35  40  114  2  0
24  36  40  114  2  0
24  37  40  114  2  0
24  38  40  114  2  0
24  39  40  114  2  0
25  0  40  114  10  20  3  1  1  4  8  1  9  1  2
25  1  40  114  11  23  4  1  1  4  8  3  9  1  3  1  2
25  2  40  114  9  16  3  1  1  4  8  1  5  1  2
25  3  40  114  8  14  3  1  1  4  8  1  3  1  2
25  4  40  114  7  10  2  1  1  1  8  1  1
25  5  40  114  3  2  1  1  1  1  1
25  6  40  114  3  2  1  1  1  1  1
25  7  40  114  2  0
25  8  40  114  2  0
25  9  40  114  2  0
25  10  40  114  2  0
25  11  40  114  2  0
25  12  40  114  2  0
25  13  40  114  2  0
25  14  40  114  2  0
25  15  40  114  2  0
25  16  40  114  2  0
25  17  40  114  3  2  1  1  1  1  1
25  18  40  114  2  0
25  19  40  114  2  0
25  20  40  114  2  0
25  21  40  114  2  0
25  22  40  114  2  0
25  23  40  114  2  0
25  24  40  114  2  0
25  26  40  114  2  0
25  27  40  114  2  0
25  28  40  114  2  0
25  29  40  114  2  0
25  30  40  114  2  0
25  31  40  114  2  0
25  32  40  114  2  0
25  33  40  114  2  0
25  34  40  114  2  0
25  35  40  114  2  0
25  36  40  114  2  0
25  37  40  114  2  0
25  38  40  114  2  0
25  39  40  114  2  0
26  0  40  114  16  36  3  1  1  2  2  1  29  1  4
26  1  40  114  17  41  2  1  1  1  36  1  4
26  2  40  114  15  31  4  1  1  2  2  7  18  1  7  1  3
26  3  40  114  13  26  4  1  1  2  2  5  17  1  4  1  2
26  4  40  114  12  21  3  1  1  2  2  1  17  1  1
26  5  40  114  9  13  3  1  1  2  2  1  9  1  1
26  6  40  114  3  2  1  1  1  1  1
26  7  40  114  3  2  1  1  1  1  1
26  8  40  114  3  2  1  1  1  1  1
26  9  40  114  3  2  1  1  1  1  1
26  10  40  114  3  2  1  1  1  1  1
26  11  40  114  2  0
26  12  40  114  2  0
26  13  40  114  2  0
26  14  40  114  2  0
26  15  40  114  2  0
26  16  40  114  2  0
26  17  40  114  3  2  1  1  1  1  1
26  18  40  114  3  2  1  1  1  1  1
26  19  40  114  2  0
26  20  40  114  2  0
26  21  40  114  2  0
26  22  40  114  2  0
26  23  40  114  3  2  1  1  1  1  1
26  24  40  114  2  0
26  25  40  114  2  0
26  27  40  114  2  0
26  28  40  114  2  0
26  29  40  114  2  0
26  30  40  114  2  0
26  31  40  114  2  0
26  32  40  114  2  0
26  33  40  114  2  0
26  34  40  114  2  0
26  35  40  114  2  0
26  36  40  114  2  0
26  37  40  114  2  0
26  38  40  114  2  0
26  39  40  114  2  0
27  0  40  114  9  15  3  1  1  2  3  1  10  1  1
27  1  40  114  10  20  2  1  1  1  18  1  1
27  2  40  114  8  11  3  1  1  2  3  1  6  1  1
27  3  40  114  3  2  1  1  1  1  1
27  4  40  114  3  2  1  1  1  1  1
27  5  40  114  3  2  1  1  1  1  1
27  6  40  114  2  0
27  7  40  114  2  0
27  8  40  114  2  0
27  9  40  114  2  0
27  10  40  114  2  0
27  11  40  114  2  0
27  12  40  114  2  0
27  13  40  114  2  0
27  14  40  114  2  0
27  15  40  114  2  0
27  16  40  114  2  0
27  17  40  114  2  0
27  18  40  114  2  0
27  19  40  114  2  0
27  20  40  114  2  0
27  21  40  114  2  0
27  22  40  114  3  2  1  1  1  1  1
27  23  40  114  2  0
27  24  40  114  2  0
27  25  40  114  2  0
27  26  40  114  2  0
27  28  40  114  2  0
27  29  40  114  2  0
27  30  40  114  2  0
27  31  40  114  2  0
27  32  40  114  2  0
27  33  40  114  2  0
27  34  40  114  2  0
27  35  40  114  2  0
27  36  40  114  2  0
27  37  40  114  2  0
27  38  40  114  2  0
27  39  40  114  2  0
28  0  40  114  16  37  3  1  1  4  31  1  4  1  1
28  1  40  114  17  41  3  1  1  5  31  1  8  1  1
28  2  40  114  15  33  2  1  1  1  29  1  3
28  3  40  114  14  28  3  1  1  2  2  1  22  1  3
28  4  40  114  13  23  3  1  1  2  2  1  17  1  3
28  5  40  114  8  11  2  1  1  1  9  1  1
28  6  40  114  2  0
28  7  40  114  3  2  1  1  1  1  1
28  8  40  114  3  2  1  1  1  1  1
28  9  40  114  3  2  1  1  1  1  1
28  10  40  114  2  0
28  11  40  114  3  2  1  1  1  1  1
28  12  40  114  3  2  1  1  1  1  1
28  13  40  114  3  2  1  1  1  1  1
28  14  40  114  2  0
28  15  40  114  2  0
28  16  40  114  3  2  1  1  1  1  1
28  17  40  114  2  0
28  18  40  114  2  0
28  19  40  114  2  0
28  20  40  114  2  0
28  21  40  114  2  0
28  22  40  114  2  0
28  23  40  114  2  0
28  24  40  114  3  2  1  1  1  1  1
28  25  40  114  2  0
28  26  40  114  2  0
28  27  40  114  2  0
28  29  40  114  2  0
28  30  40  114  2  0
28  31  40  114  2  0
28  32  40  114  2  0
28  33  40  114  2  0
28  34  40  114  2  0
28  35  40  114  2  0
28  36  40  114  2  0
28  37  40  114  2  0
28  38  40  114  2  0
28  39  40  114  2  0
29  0  40  114  9  16  3  1  1  2  3  1  11  1  1
29  1  40  114  10  20  2  1  1  1  18  1  1
29  2  40  114  8  12  4  1  1  2  3  2  5  1  2  1  1
29  3  40  114  7  10  3  1  1  2  3  1  5  1  1
29  4  40  114  6  7  3  1  1  2  3  1  2  1  1
29  5  40  114  3  2  1  1  1  1  1
29  6  40  114  2  0
29  7  40  114  3  2  1  1  1  1  1
29  8  40  114  2  0
29  9  40  114  2  0
29  10  40  114  2  0
29  11  40  114  2  0
29  12  40  114  2  0
29  13  40  114  2  0
29  14  40  114  2  0
29  15  40  114  2  0
29  16  40  114  2  0
29  17  40  114  2  0
29  18  40  114  2  0
29  19  40  114  2  0
29  20  40  114  2  0
29  21  40  114  2  0
29  22  40  114  2  0
29  23  40  114  2  0
29  24  40  114  2  0
29  25  40  114  2  0
29  26  40  114  2  0
29  27  40  114  2  0
29  28  40  114  2  0
29  30  40  114  2  0
29  31  40  114  2  0
29  32  40  114  2  0
29  33  40  114  2  0
29  34  40  114  2  0
29  35  40  114  2  0
29  36  40  114  2  0
29  37  40  114  2  0
29  38  40  114  2  0
29  39  40  114  2  0
30  0  40  114  15  34  4  1  1  4  6  5  16  1  8  1  3
30  1  40  114  16  38  4  1  1  4  6  5  16  1  12  1  3
30  2  40  114  14  29  4  1  1  3  6  3  16  1  3  1  3
30  3  40  114  13  26  3  1  1  3  6  1  16  1  3
30  4  40  114  12  21  3  1  1  3  6  1  11  1  3
30  5  40  114  8  11  3  1  1  3  6  1  2  1  2
30  6  40  114  3  2  1  1  1  1  1
30  7  40  114  3  2  1  1  1  1  1
30  8  40  114  6  7  3  1  1  2  3  1  2  1  1
30  9  40  114  3  2  1  1  1  1  1
30  10  40  114  3  2  1  1  1  1  1
30  11  40  114  2  0
30  12  40  114  2  0
30  13  40  114  2  0
30  14  40  114  2  0
30  15  40  114  2  0
30  16  40  114  3  2  1  1  1  1  1
30  17  40  114  2  0
30  18  40  114  2  0
30  19  40  114  2  0
30  20  40  114  2  0
30  21  40  114  3  2  1  1  1  1  1
30  22  40  114  2  0
30  23  40  114  2  0
30  24  40  114  2  0
30  25  40  114  2  0
30  26  40  114  2  0
30  27  40  114  2  0
30  28  40  114  2  0
30  29  40  114  2  0
30  31  40  114  2  0
30  32  40  114  2  0
30  33  40  114  2  0
30  34  40  114  2  0
30  35  40  114  2  0
30  36  40  114  2  0
30  37  40  114  2  0
30  38  40  114  2  0
30  39  40  114  2  0
31  0  40  114  15  33  3  1  1  3  3  1  28  1  1
31  1  40  114  16  38  3  1  1  3  3  1  33  1  1
31  2  40  114  13  27  3  1  1  3  3  1  20  1  3
31  3  40  114  11  22  3  1  1  3  3  1  14  1  4
31  4  40  114  10  17  3  1  1  3  3  1  9  1  4
31  5  40  114  7  10  2  1  1  1  8  1  1
31  6  40  114  3  2  1  1  1  1  1
31  7  40  114  3  2  1  1  1  1  1
31  8  40  114  3  2  1  1  1  1  1
31  9  40  114  3  2  1  1  1  1  1
31  10  40  114  2  0
31  11  40  114  2  0
31  12  40  114  2  0
31  13  40  114  2  0
31  14  40  114  3  2  1  1  1  1  1
31  15  40  114  2  0
31  16  40  114  2  0
31  17  40  114  3  2  1  1  1  1  1
31  18  40  114  3  2  1  1  1  1  1
31  19  40  114  2  0
31  20  40  114  2  0
31  21  40  114  2  0
31  22  40  114  2  0
31  23  40  114  2  0
31  24  40  114  2  0
31  25  40  114  2  0
31  26  40  114  2  0
31  27  40  114  2  0
31  28  40  114  2  0
31  29  40  114  2  0
31  30  40  114  2  0
31  32  40  114  2  0
31  33  40  114  2  0
31  34  40  114  2  0
31  35  40  114  2  0
31  36  40  114  2  0
31  37  40  114  2  0
31  38  40  114  2  0
31  39  40  114  2  0
32  0  40  114  11  23  3  1  1  4  14  1  5  1  3
32  1  40  114  12  26  3  1  1  4  14  1  8  1  3
32  2  40  114  10  19  3  1  1  3  14  1  2  1  2
32  3  40  114  9  16  2  1  1  1  14  1  1
32  4  40  114  8  11  3  1  1  3  6  1  3  1  1
32  5  40  114  3  2  1  1  1  1  1
32  6  40  114  2  0
32  7  40  114  3  2  1  1  1  1  1
32  8  40  114  2  0
32  9  40  114  2  0
32  10  40  114  2  0
32  11  40  114  2  0
32  12  40  114  2  0
32  13  40  114  2  0
32  14  40  114  2  0
32  15  40  114  2  0
32  16  40  114  2  0
32  17  40  114  3  2  1  1  1  1  1
32  18  40  114  3  2  1  1  1  1  1
32  19  40  114  2  0
32  20  40  114  2  0
32  21  40  114  2  0
32  22  40  114  2  0
32  23  40  114  2  0
32  24  40  114  2  0
32  25  40  114  2  0
32  26  40  114  2  0
32  27  40  114  2  0
32  28  40  114  2  0
32  29  40  114  2  0
32  30  40  114  2  0
32  31  40  114  2  0
32  33  40  114  2  0
32  34  40  114  2  0
32  35  40  114  2  0
32  36  40  114  2  0
32  37  40  114  2  0
32  38  40  114  2  0
32  39  40  114  2  0
33  0  40  114  15  33  3  1  1  4  5  1  23  1  4
33  1  40  114  16  38  3  1  1  4  5  1  27  1  5
33  2  40  114  13  27  3  1  1  3  4  1  20  1  2
33  3  40  114  12  24  4  1  1  3  4  5  12  1  5  1  2
33  4  40  114  11  19  3  1  1  3  4  1  12  1  2
33  5  40  114  3  2  1  1  1  1  1
33  6  40  114  3  2  1  1  1  1  1
33  7  40  114  3  2  1  1  1  1  1
33  8  40  114  3  2  1  1  1  1  1
33  9  40  114  3  2  1  1  1  1  1
33  10  40  114  2  0
33  11  40  114  2  0
33  12  40  114  2  0
33  13  40  114  2  0
33  14  40  114  3  2  1  1  1  1  1
33  15  40  114  2  0
33  16  40  114  2  0
33  17  40  114  3  2  1  1  1  1  1
33  18  40  114  2  0
33  19  40  114  2  0
33  20  40  114  2  0
33  21  40  114  2  0
33  22  40  114  2  0
33  23  40  114  2  0
33  24  40  114  2  0
33  25  40  114  3  2  1  1  1  1  1
33  26  40  114  2  0
33  27  40  114  2  0
33  28  40  114  2  0
33  29  40  114  2  0
33  30  40  114  2  0
33  31  40  114  2  0
33  32  40  114  2  0
33  34  40  114  2  0
33  35  40  114  2  0
33  36  40  114  2  0
33  37  40  114  2  0
33  38  40  114  2  0
33  39  40  114  2  0
34  0  40  114  14  30  3  1  1  3  4  1  23  1  2
34  1  40  114  15  35  3  1  1  3  4  1  28  1  2
34  2  40  114  12  23  3  1  1  2  2  1  18  1  2
34  3  40  114  10  18  4  1  1  2  2  4  9  1  4  1  2
34  4  40  114  9  14  3  1  1  2  2  1  9  1  2
34  5  40  114  3  2  1  1  1  1  1
34  6  40  114  2  0
34  7  40  114  3  2  1  1  1  1  1
34  8  40  114  3  2  1  1  1  1  1
34  9  40  114  3  2  1  1  1  1  1
34  10  40  114  2  0
34  11  40  114  2  0
34  12  40  114  2  0
34  13  40  114  2  0
34  14  40  114  3  2  1  1  1  1  1
34  15  40  114  2  0
34  16  40  114  2  0
34  17  40  114  3  2  1  1  1  1  1
34  18  40  114  2  0
34  19  40  114  3  2  1  1  1  1  1
34  20  40  114  2  0
34  21  40  114  2  0
34  22  40  114  2  0
34  23  40  114  2  0
34  24  40  114  2  0
34  25  40  114  2  0
34  26  40  114  2  0
34  27  40  114  2  0
34  28  40  114  2  0
34  29  40  114  2  0
34  30  40  114  2  0
34  31  40  114  2  0
34  32  40  114  2  0
34  33  40  114  2  0
34  35  40  114  2  0
34  36  40  114  2  0
34  37  40  114  2  0
34  38  40  114  2  0
34  39  40  114  2  0
35  0  40  114  10  20  3  1  1  4  14  1  4  1  1
35  1  40  114  11  23  3  1  1  4  14  1  7  1  1
35  2  40  114  9  16  2  1  1  1  14  1  1
35  3  40  114  8  13  3  1  1  2  2  1  9  1  1
35  4  40  114  7  9  3  1  1  2  2  1  5  1  1
35  5  40  114  3  2  1  1  1  1  1
35  6  40  114  3  2  1  1  1  1  1
35  7  40  114  3  2  1  1  1  1  1
35  8  40  114  2  0
35  9  40  114  2  0
35  10  40  114  2  0
35  11  40  114  2  0
35  12  40  114  2  0
35  13  40  114  2  0
35  14  40  114  2  0
35  15  40  114  2  0
35  16  40  114  2  0
35  17  40  114  2  0
35  18  40  114  2  0
35  19  40  114  2  0
35  20  40  114  2  0
35  21  40  114  2  0
35  22  40  114  2  0
35  23  40  114  2  0
35  24  40  114  2  0
35  25  40  114  2  0
35  26  40  114  2  0
35  27  40  114  2  0
35  28  40  114  2  0
35  29  40  114  2  0
35  30  40  114  2  0
35  31  40  114  2  0
35  32  40  114  2  0
35  33  40  114  2  0
35  34  40  114  2  0
35  36  40  114  2  0
35  37  40  114  2  0
35  38  40  114  2  0
35  39  40  114  2  0
36  0  40  114  20  48  4  1  1  3  4  7  31  1  8  1  4
36  1  40  114  21  53  4  1  1  3  4  7  31  1  13  1  4
36  2  40  114  18  42  4  1  1  3  4  5  30  1  3  1  4
36  3  40  114  17  37  3  1  1  3  4  1  29  1  3
36  4  40  114  16  31  3  1  1  3  4  1  23  1  3
36  5  40  114  11  18  3  1  1  3  4  1  11  1  2
36  6  40  114  3  2  1  1  1  1  1
36  7  40  114  7  9  3  1  1  2  2  1  5  1  1
36  8  40  114  7  9  3  1  1  3  4  1  2  1  2
36  9  40  114  3  2  1  1  1  1  1
36  10  40  114  2  0
36  11  40  114  3  2  1  1  1  1  1
36  12  40  114  3  2  1  1  1  1  1
36  13  40  114  3  2  1  1  1  1  1
36  14  40  114  3  2  1  1  1  1  1
36  15  40  114  2  0
36  16  40  114  2  0
36  17  40  114  3  2  1  1  1  1  1
36  18  40  114  3  2  1  1  1  1  1
36  19  40  114  2  0
36  20  40  114  2  0
36  21  40  114  2  0
36  22  40  114  2  0
36  23  40  114  2  0
36  24  40  114  3  2  1  1  1  1  1
36  25  40  114  2  0
36  26  40  114  2  0
36  27  40  114  2  0
36  28  40  114  2  0
36  29  40  114  2  0
36  30  40  114  2  0
36  31  40  114  3  2  1  1  1  1  1
36  32  40  114  2  0
36  33  40  114  2  0
36  34  40  114  2  0
36  35  40  114  2  0
36  37  40  114  2  0
36  38  40  114  2  0
36  39  40  114  2  0
37  0  40  114  21  51  3  1  1  3  3  1  44  1  3
37  1  40  114  22  56  4  1  1  3  3  5  45  1  5  1  2
37  2  40  114  20  45  3  1  1  3  3  1  38  1  3
37  3  40  114  18  38  4  1  1  3  4  6  26  1  5  1  2
37  4  40  114  17  32  3  1  1  3  4  1  24  1  3
37  5  40  114  11  18  3  1  1  3  4  1  12  1  1
37  6  40  114  3  2  1  1  1  1  1
37  7  40  114  8  11  3  1  1  3  4  1  5  1  1
37  8  40  114  7  9  3  1  1  3  4  1  2  1  2
37  9  40  114  3  2  1  1  1  1  1
37  10  40  114  2  0
37  11  40  114  3  2  1  1  1  1  1
37  12  40  114  3  2  1  1  1  1  1
37  13  40  114  3  2  1  1  1  1  1
37  14  40  114  3  2  1  1  1  1  1
37  15  40  114  2  0
37  16  40  114  2  0
37  17  40  114  3  2  1  1  1  1  1
37  18  40  114  3  2  1  1  1  1  1
37  19  40  114  2  0
37  20  40  114  3  2  1  1  1  1  1
37  21  40  114  2  0
37  22  40  114  2  0
37  23  40  114  2  0
37  24  40  114  3  2  1  1  1  1  1
37  25  40  114  2  0
37  26  40  114  2  0
37  27  40  114  2  0
37  28  40  114  2  0
37  29  40  114  2  0
37  30  40  114  2  0
37  31  40  114  3  2  1  1  1  1  1
37  32  40  114  2  0
37  33  40  114  2  0
37  34  40  114  2  0
37  35  40  114  2  0
37  36  40  114  2  0
37  38  40  114  2  0
37  39  40  114  2  0
38  0  40  114  18  42  3  1  1  3  3  1  33  1  5
38  1  40  114  19  47  4  1  1  3  3  5  36  1  4  1  3
38  2  40  114  16  34  4  1  1  3  3  4  24  1  3  1  3
38  3  40  114  15  30  3  1  1  3  3  1  22  1  4
38  4  40  114  14  24  3  1  1  3  3  1  16  1  4
38  5  40  114  7  9  3  1  1  2  2  1  5  1  1
38  6  40  114  3  2  1  1  1  1  1
38  7  40  114  3  2  1  1  1  1  1
38  8  40  114  3  2  1  1  1  1  1
38  9  40  114  3  2  1  1  1  1  1
38  10  40  114  3  2  1  1  1  1  1
38  11  40  114  3  2  1  1  1  1  1
38  12  40  114  2  0
38  13  40  114  2  0
38  14  40  114  3  2  1  1  1  1  1
38  15  40  114  2  0
38  16  40  114  2  0
38  17  40  114  3  2  1  1  1  1  1
38  18  40  114  2  0
38  19  40  114  3  2  1  1  1  1  1
38  20  40  114  2  0
38  21  40  114  2  0
38  22  40  114  2  0
38  23  40  114  2  0
38  24  40  114  2  0
38  25  40  114  2  0
38  26  40  114  2  0
38  27  40  114  2  0
38  28  40  114  2  0
38  29  40  114  2  0
38  30  40  114  2  0
38  31  40  114  2  0
38  32  40  114  2  0
38  33  40  114  2  0
38  34  40  114  3  2  1  1  1  1  1
38  35  40  114  2  0
38  36  40  114  2  0
38  37  40  114  2  0
38  39  40  114  2  0
39  0  40  114  20  48  4  1  1  3  4  6  36  1  5  1  2
39  1  40  114  21  53  4  1  1  3  4  7  36  1  10  1  2
39  2  40  114  18  40  3  1  1  3  4  1  33  1  2
39  3  40  114  17  35  4  1  1  3  4  6  9  1  19  1  2
39  4  40  114  16  29  4  1  1  3  4  6  9  1  13  1  2
39  5  40  114  12  19  4  1  1  3  4  5  8  1  5  1  1
39  6  40  114  3  2  1  1  1  1  1
39  7  40  114  7  9  2  1  1  1  7  1  1
39  8  40  114  7  9  3  1  1  2  3  1  3  1  2
39  9  40  114  6  7  3  1  1  2  3  1  2  1  1
39  10  40  114  3  2  1  1  1  1  1
39  11  40  114  3  2  1  1  1  1  1
39  12  40  114  2  0
39  13  40  114  2  0
39  14  40  114  3  2  1  1  1  1  1
39  15  40  114  2  0
39  16  40  114  2  0
39  17  40  114  3  2  1  1  1  1  1
39  18  40  114  3  2  1  1  1  1  1
39  19  40  114  3  2  1  1  1  1  1
39  20  40  114  2  0
39  21  40  114  2  0
39  22  40  114  2  0
39  23  40  114  2  0
39  24  40  114  2  0
39  25  40  114  2  0
39  26  40  114  2  0
39  27  40  114  2  0
39  28  40  114  2  0
39  29  40  114  2  0
39  30  40  114  2  0
39  31  40  114  2  0
39  32  40  114  2  0
39  33  40  114  2  0
39  34  40  114  3  2  1  1  1  1  1
39  35  40  114  2  0
39  36  40  114  2  0
39  37  40  114  2  0
39  38  40  114  3  2  1  1  1  1  1
