0  1  56  75  8  11  1  1  10  1  1
0  2  56  75  9  14  2  2  11  1  2  1  1
0  3  56  75  7  10  1  1  9  1  1
0  4  56  75  2  0
0  5  56  75  7  10  1  1  9  1  1
0  6  56  75  7  10  1  1  9  1  1
0  7  56  75  8  11  1  1  10  1  1
0  8  56  75  2  0
0  9  56  75  2  0
0  10  56  75  7  10  1  1  9  1  1
0  11  56  75  2  0
0  12  56  75  2  0
0  13  56  75  2  0
0  14  56  75  7  10  1  1  9  1  1
0  15  56  75  8  13  2  3  9  1  3  1  1
0  16  56  75  2  0
0  17  56  75  2  0
0  18  56  75  2  0
0  19  56  75  7  10  1  1  9  1  1
0  20  56  75  2  0
0  21  56  75  2  0
0  22  56  75  7  10  1  1  9  1  1
0  23  56  75  2  0
0  24  56  75  2  0
0  25  56  75  7  10  1  1  9  1  1
0  26  56  75  8  11  1  1  10  1  1
0  27  56  75  2  0
0  28  56  75  2  0
0  29  56  75  8  11  1  1  10  1  1
0  30  56  75  2  0
0  31  56  75  2  0
0  32  56  75  7  10  1  1  9  1  1
0  33  56  75  8  13  2  3  9  1  3  1  1
0  34  56  75  2  0
0  35  56  75  8  12  1  1  11  1  1
0  36  56  75  2  0
0  37  56  75  2  0
0  38  56  75  8  12  1  1  11  1  1
0  39  56  75  8  11  1  1  10  1  1
0  40  56  75  2  0
0  41  56  75  8  13  2  3  9  1  3  1  1
0  42  56  75  8  11  1  1  10  1  1
0  43  56  75  2  0
0  44  56  75  2  0
0  45  56  75  2  0
0  46  56  75  7  10  1  1  9  1  1
0  47  56  75  2  0
0  48  56  75  2  0
0  49  56  75  2  0
0  50  56  75  8  13  2  3  9  1  3  1  1
0  51  56  75  7  10  1  1  9  1  1
0  52  56  75  8  12  1  1  11  1  1
0  53  56  75  7  10  1  1  9  1  1
0  54  56  75  2  0
0  55  56  75  2  0
0  56  56  75  2  0
0  57  56  75  8  12  1  1  11  1  1
0  58  56  75  2  0
0  59  56  75  8  13  2  3  9  1  3  1  1
1  0  56  75  8  11  1  1  10  1  1
1  2  56  75  10  15  2  2  12  1  2  1  1
1  3  56  75  8  11  1  1  10  1  1
1  4  56  75  2  0
1  5  56  75  8  11  1  1  10  1  1
1  6  56  75  8  11  1  1  10  1  1
1  7  56  75  9  12  1  1  11  1  1
1  8  56  75  2  0
1  9  56  75  2  0
1  10  56  75  8  11  1  1  10  1  1
1  11  56  75  2  0
1  12  56  75  2  0
1  13  56  75  2  0
1  14  56  75  8  11  1  1  10  1  1
1  15  56  75  9  14  2  3  10  1  3  1  1
1  16  56  75  2  0
1  17  56  75  2  0
1  18  56  75  2  0
1  19  56  75  8  11  1  1  10  1  1
1  20  56  75  2  0
1  21  56  75  2  0
1  22  56  75  8  11  1  1  10  1  1
1  23  56  75  2  0
1  24  56  75  2  0
1  25  56  75  8  11  1  1  10  1  1
1  26  56  75  9  12  1  1  11  1  1
1  27  56  75  2  0
1  28  56  75  2  0
1  29  56  75  9  12  1  1  11  1  1
1  30  56  75  2  0
1  31  56  75  2  0
1  32  56  75  8  11  1  1  10  1  1
1  33  56  75  9  14  2  3  10  1  3  1  1
1  34  56  75  2  0
1  35  56  75  9  13  1  1  12  1  1
1  36  56  75  2  0
1  37  56  75  2  0
1  38  56  75  9  13  1  1  12  1  1
1  39  56  75  9  12  1  1  11  1  1
1  40  56  75  2  0
1  41  56  75  9  14  2  3  10  1  3  1  1
1  42  56  75  9  12  1  1  11  1  1
1  43  56  75  2  0
1  44  56  75  2  0
1  45  56  75  2  0
1  46  56  75  8  11  1  1  10  1  1
1  47  56  75  2  0
1  48  56  75  2  0
1  49  56  75  2  0
1  50  56  75  9  14  2  3  10  1  3  1  1
1  51  56  75  8  11  1  1  10  1  1
1  52  56  75  9  13  1  1  12  1  1
1  53  56  75  8  11  1  1  10  1  1
1  54  56  75  2  0
1  55  56  75  2  0
1  56  56  75  2  0
1  57  56  75  9  13  1  1  12  1  1
1  58  56  75  2  0
1  59  56  75  9  14  2  3  10  1  3  1  1
2  0  56  75  2  0
2  1  56  75  2  0
2  3  56  75  2  0
2  4  56  75  2  0
2  5  56  75  2  0
2  6  56  75  2  0
2  7  56  75  2  0
2  8  56  75  2  0
2  9  56  75  2  0
2  10  56  75  2  0
2  11  56  75  2  0
2  12  56  75  2  0
2  13  56  75  2  0
2  14  56  75  2  0
2  15  56  75  2  0
2  16  56  75  2  0
2  17  56  75  2  0
2  18  56  75  2  0
2  19  56  75  2  0
2  20  56  75  2  0
2  21  56  75  2  0
2  22  56  75  2  0
2  23  56  75  2  0
2  24  56  75  2  0
2  25  56  75  2  0
2  26  56  75  2  0
2  27  56  75  2  0
2  28  56  75  2  0
2  29  56  75  2  0
2  30  56  75  2  0
2  31  56  75  2  0
2  32  56  75  2  0
2  33  56  75  2  0
2  34  56  75  2  0
2  35  56  75  2  0
2  36  56  75  2  0
2  37  56  75  2  0
2  38  56  75  2  0
2  39  56  75  2  0
2  40  56  75  2  0
2  41  56  75  2  0
2  42  56  75  2  0
2  43  56  75  2  0
2  44  56  75  2  0
2  45  56  75  2  0
2  46  56  75  2  0
2  47  56  75  2  0
2  48  56  75  2  0
2  49  56  75  2  0
2  50  56  75  2  0
2  51  56  75  2  0
2  52  56  75  2  0
2  53  56  75  2  0
2  54  56  75  2  0
2  55  56  75  2  0
2  56  56  75  2  0
2  57  56  75  2  0
2  58  56  75  2  0
2  59  56  75  2  0
3  0  56  75  2  0
3  1  56  75  2  0
3  2  56  75  2  0
3  4  56  75  2  0
3  5  56  75  2  0
3  6  56  75  2  0
3  7  56  75  2  0
3  8  56  75  2  0
3  9  56  75  2  0
3  10  56  75  2  0
3  11  56  75  2  0
3  12  56  75  2  0
3  13  56  75  2  0
3  14  56  75  2  0
3  15  56  75  2  0
3  16  56  75  2  0
3  17  56  75  2  0
3  18  56  75  2  0
3  19  56  75  2  0
3  20  56  75  2  0
3  21  56  75  2  0
3  22  56  75  2  0
3  23  56  75  2  0
3  24  56  75  2  0
3  25  56  75  2  0
3  26  56  75  2  0
3  27  56  75  2  0
3  28  56  75  2  0
3  29  56  75  2  0
3  30  56  75  2  0
3  31  56  75  2  0
3  32  56  75  2  0
3  33  56  75  2  0
3  34  56  75  2  0
3  35  56  75  2  0
3  36  56  75  2  0
3  37  56  75  2  0
3  38  56  75  2  0
3  39  56  75  2  0
3  40  56  75  2  0
3  41  56  75  2  0
3  42  56  75  2  0
3  43  56  75  2  0
3  44  56  75  2  0
3  45  56  75  2  0
3  46  56  75  3  2  1  1  1  1  1
3  47  56  75  2  0
3  48  56  75  2  0
3  49  56  75  2  0
3  50  56  75  2  0
3  51  56  75  2  0
3  52  56  75  2  0
3  53  56  75  2  0
3  54  56  75  2  0
3  55  56  75  2  0
3  56  56  75  2  0
3  57  56  75  2  0
3  58  56  75  2  0
3  59  56  75  2  0
4  0  56  75  8  11  1  1  10  1  1
4  1  56  75  9  12  1  1  11  1  1
4  2  56  75  10  15  2  2  12  1  2  1  1
4  3  56  75  10  14  2  1  1  1  12  1  1
4  5  56  75  8  11  1  1  10  1  1
4  6  56  75  8  11  1  1  10  1  1
4  7  56  75  9  12  1  1  11  1  1
4  8  56  75  3  2  1  1  1  1  1
4  9  56  75  3  2  1  1  1  1  1
4  10  56  75  10  14  2  1  1  1  12  1  1
4  11  56  75  2  0
4  12  56  75  2  0
4  13  56  75  2  0
4  14  56  75  8  11  1  1  10  1  1
4  15  56  75  11  17  3  1  1  3  12  1  3  1  1
4  16  56  75  3  2  1  1  1  1  1
4  17  56  75  2  0
4  18  56  75  2  0
4  19  56  75  8  11  1  1  10  1  1
4  20  56  75  2  0
4  21  56  75  2  0
4  22  56  75  8  11  1  1  10  1  1
4  23  56  75  2  0
4  24  56  75  2  0
4  25  56  75  8  11  1  1  10  1  1
4  26  56  75  9  12  1  1  11  1  1
4  27  56  75  2  0
4  28  56  75  2  0
4  29  56  75  8  11  1  1  10  1  1
4  30  56  75  2  0
4  31  56  75  2  0
4  32  56  75  8  11  1  1  10  1  1
4  33  56  75  11  17  3  1  1  3  12  1  3  1  1
4  34  56  75  2  0
4  35  56  75  9  13  1  1  12  1  1
4  36  56  75  2  0
4  37  56  75  2  0
4  38  56  75  9  13  1  1  12  1  1
4  39  56  75  9  12  1  1  11  1  1
4  40  56  75  2  0
4  41  56  75  11  17  3  1  1  3  12  1  3  1  1
4  42  56  75  9  12  1  1  11  1  1
4  43  56  75  2  0
4  44  56  75  2  0
4  45  56  75  2  0
4  46  56  75  10  14  2  1  1  1  12  1  1
4  47  56  75  2  0
4  48  56  75  3  2  1  1  1  1  1
4  49  56  75  2  0
4  50  56  75  11  17  3  1  1  3  12  1  3  1  1
4  51  56  75  10  14  2  1  1  1  12  1  1
4  52  56  75  9  13  1  1  12  1  1
4  53  56  75  10  14  2  1  1  1  12  1  1
4  54  56  75  2  0
4  55  56  75  2  0
4  56  56  75  2  0
4  57  56  75  9  13  1  1  12  1  1
4  58  56  75  2  0
4  59  56  75  11  17  3  1  1  3  12  1  3  1  1
5  0  56  75  2  0
5  1  56  75  2  0
5  2  56  75  2  0
5  3  56  75  2  0
5  4  56  75  2  0
5  6  56  75  2  0
5  7  56  75  2  0
5  8  56  75  2  0
5  9  56  75  2  0
5  10  56  75  2  0
5  11  56  75  2  0
5  12  56  75  2  0
5  13  56  75  2  0
5  14  56  75  2  0
5  15  56  75  2  0
5  16  56  75  2  0
5  17  56  75  2  0
5  18  56  75  2  0
5  19  56  75  2  0
5  20  56  75  2  0
5  21  56  75  2  0
5  22  56  75  2  0
5  23  56  75  2  0
5  24  56  75  2  0
5  25  56  75  2  0
5  26  56  75  2  0
5  27  56  75  2  0
5  28  56  75  2  0
5  29  56  75  2  0
5  30  56  75  2  0
5  31  56  75  2  0
5  32  56  75  2  0
5  33  56  75  2  0
5  34  56  75  2  0
5  35  56  75  2  0
5  36  56  75  2  0
5  37  56  75  2  0
5  38  56  75  2  0
5  39  56  75  2  0
5  40  56  75  2  0
5  41  56  75  2  0
5  42  56  75  2  0
5  43  56  75  2  0
5  44  56  75  2  0
5  45  56  75  2  0
5  46  56  75  2  0
5  47  56  75  2  0
5  48  56  75  2  0
5  49  56  75  2  0
5  50  56  75  2  0
5  51  56  75  2  0
5  52  56  75  2  0
5  53  56  75  2  0
5  54  56  75  2  0
5  55  56  75  2  0
5  56  56  75  2  0
5  57  56  75  2  0
5  58  56  75  2  0
5  59  56  75  2  0
6  0  56  75  7  10  1  1  9  1  1
6  1  56  75  8  11  1  1  10  1  1
6  2  56  75  9  14  2  2  11  1  2  1  1
6  3  56  75  7  10  1  1  9  1  1
6  4  56  75  2  0
6  5  56  75  7  10  1  1  9  1  1
6  7  56  75  8  11  1  1  10  1  1
6  8  56  75  2  0
6  9  56  75  2  0
6  10  56  75  7  10  1  1  9  1  1
6  11  56  75  2  0
6  12  56  75  2  0
6  13  56  75  2  0
6  14  56  75  7  10  1  1  9  1  1
6  15  56  75  8  13  2  3  9  1  3  1  1
6  16  56  75  2  0
6  17  56  75  2  0
6  18  56  75  2  0
6  19  56  75  7  10  1  1  9  1  1
6  20  56  75  2  0
6  21  56  75  2  0
6  22  56  75  7  10  1  1  9  1  1
6  23  56  75  2  0
6  24  56  75  2  0
6  25  56  75  7  10  1  1  9  1  1
6  26  56  75  8  11  1  1  10  1  1
6  27  56  75  2  0
6  28  56  75  2  0
6  29  56  75  8  11  1  1  10  1  1
6  30  56  75  2  0
6  31  56  75  2  0
6  32  56  75  7  10  1  1  9  1  1
6  33  56  75  8  13  2  3  9  1  3  1  1
6  34  56  75  2  0
6  35  56  75  8  12  1  1  11  1  1
6  36  56  75  2  0
6  37  56  75  2  0
6  38  56  75  8  12  1  1  11  1  1
6  39  56  75  8  11  1  1  10  1  1
6  40  56  75  2  0
6  41  56  75  8  13  2  3  9  1  3  1  1
6  42  56  75  8  11  1  1  10  1  1
6  43  56  75  2  0
6  44  56  75  2  0
6  45  56  75  2  0
6  46  56  75  7  10  1  1  9  1  1
6  47  56  75  2  0
6  48  56  75  2  0
6  49  56  75  2  0
6  50  56  75  8  13  2  3  9  1  3  1  1
6  51  56  75  7  10  1  1  9  1  1
6  52  56  75  8  12  1  1  11  1  1
6  53  56  75  7  10  1  1  9  1  1
6  54  56  75  2  0
6  55  56  75  2  0
6  56  56  75  2  0
6  57  56  75  8  12  1  1  11  1  1
6  58  56  75  2  0
6  59  56  75  8  13  2  3  9  1  3  1  1
7  0  56  75  8  11  1  1  10  1  1
7  1  56  75  9  12  1  1  11  1  1
7  2  56  75  10  15  2  2  12  1  2  1  1
7  3  56  75  8  11  1  1  10  1  1
7  4  56  75  2  0
7  5  56  75  8  11  1  1  10  1  1
7  6  56  75  8  11  1  1  10  1  1
7  8  56  75  2  0
7  9  56  75  2  0
7  10  56  75  8  11  1  1  10  1  1
7  11  56  75  2  0
7  12  56  75  2  0
7  13  56  75  2  0
7  14  56  75  8  11  1  1  10  1  1
7  15  56  75  9  14  2  3  10  1  3  1  1
7  16  56  75  2  0
7  17  56  75  2  0
7  18  56  75  2  0
7  19  56  75  8  11  1  1  10  1  1
7  20  56  75  2  0
7  21  56  75  2  0
7  22  56  75  8  11  1  1  10  1  1
7  23  56  75  2  0
7  24  56  75  2  0
7  25  56  75  8  11  1  1  10  1  1
7  26  56  75  9  12  1  1  11  1  1
7  27  56  75  2  0
7  28  56  75  2  0
7  29  56  75  9  12  1  1  11  1  1
7  30  56  75  2  0
7  31  56  75  2  0
7  32  56  75  8  11  1  1  10  1  1
7  33  56  75  9  14  2  3  10  1  3  1  1
7  34  56  75  2  0
7  35  56  75  9  13  1  1  12  1  1
7  36  56  75  2  0
7  37  56  75  2  0
7  38  56  75  9  13  1  1  12  1  1
7  39  56  75  9  12  1  1  11  1  1
7  40  56  75  2  0
7  41  56  75  9  14  2  3  10  1  3  1  1
7  42  56  75  9  12  1  1  11  1  1
7  43  56  75  2  0
7  44  56  75  2  0
7  45  56  75  2  0
7  46  56  75  8  11  1  1  10  1  1
7  47  56  75  2  0
7  48  56  75  2  0
7  49  56  75  2  0
7  50  56  75  9  14  2  3  10  1  3  1  1
7  51  56  75  8  11  1  1  10  1  1
7  52  56  75  9  13  1  1  12  1  1
7  53  56  75  8  11  1  1  10  1  1
7  54  56  75  2  0
7  55  56  75  2  0
7  56  56  75  2  0
7  57  56  75  9  13  1  1  12  1  1
7  58  56  75  2  0
7  59  56  75  9  14  2  3  10  1  3  1  1
8  0  56  75  2  0
8  1  56  75  2  0
8  2  56  75  2  0
8  3  56  75  2  0
8  4  56  75  2  0
8  5  56  75  2  0
8  6  56  75  2  0
8  7  56  75  2  0
8  9  56  75  2  0
8  10  56  75  2  0
8  11  56  75  2  0
8  12  56  75  2  0
8  13  56  75  2  0
8  14  56  75  2  0
8  15  56  75  2  0
8  16  56  75  2  0
8  17  56  75  2  0
8  18  56  75  2  0
8  19  56  75  2  0
8  20  56  75  2  0
8  21  56  75  2  0
8  22  56  75  2  0
8  23  56  75  2  0
8  24  56  75  2  0
8  25  56  75  2  0
8  26  56  75  2  0
8  27  56  75  2  0
8  28  56  75  2  0
8  29  56  75  2  0
8  30  56  75  2  0
8  31  56  75  2  0
8  32  56  75  2  0
8  33  56  75  2  0
8  34  56  75  2  0
8  35  56  75  2  0
8  36  56  75  2  0
8  37  56  75  2  0
8  38  56  75  2  0
8  39  56  75  2  0
8  40  56  75  2  0
8  41  56  75  2  0
8  42  56  75  2  0
8  43  56  75  2  0
8  44  56  75  2  0
8  45  56  75  2  0
8  46  56  75  2  0
8  47  56  75  2  0
8  48  56  75  2  0
8  49  56  75  2  0
8  50  56  75  2  0
8  51  56  75  2  0
8  52  56  75  2  0
8  53  56  75  2  0
8  54  56  75  2  0
8  55  56  75  2  0
8  56  56  75  2  0
8  57  56  75  2  0
8  58  56  75  2  0
8  59  56  75  2  0
9  0  56  75  8  11  1  1  10  1  1
9  1  56  75  9  12  1  1  11  1  1
9  2  56  75  10  15  2  2  12  1  2  1  1
9  3  56  75  8  11  1  1  10  1  1
9  4  56  75  2  0
9  5  56  75  8  11  1  1  10  1  1
9  6  56  75  8  11  1  1  10  1  1
9  7  56  75  9  12  1  1  11  1  1
9  8  56  75  3  2  1  1  1  1  1
9  10  56  75  8  11  1  1  10  1  1
9  11  56  75  2  0
9  12  56  75  2  0
9  13  56  75  2  0
9  14  56  75  8  11  1  1  10  1  1
9  15  56  75  9  14  2  3  10  1  3  1  1
9  16  56  75  2  0
9  17  56  75  2  0
9  18  56  75  2  0
9  19  56  75  8  11  1  1  10  1  1
9  20  56  75  2  0
9  21  56  75  2  0
9  22  56  75  8  11  1  1  10  1  1
9  23  56  75  2  0
9  24  56  75  2  0
9  25  56  75  8  11  1  1  10  1  1
9  26  56  75  9  12  1  1  11  1  1
9  27  56  75  2  0
9  28  56  75  2  0
9  29  56  75  8  11  1  1  10  1  1
9  30  56  75  2  0
9  31  56  75  2  0
9  32  56  75  8  11  1  1  10  1  1
9  33  56  75  9  14  2  3  10  1  3  1  1
9  34  56  75  2  0
9  35  56  75  9  13  1  1  12  1  1
9  36  56  75  2  0
9  37  56  75  2  0
9  38  56  75  9  13  1  1  12  1  1
9  39  56  75  9  12  1  1  11  1  1
9  40  56  75  2  0
9  41  56  75  9  14  2  3  10  1  3  1  1
9  42  56  75  9  12  1  1  11  1  1
9  43  56  75  2  0
9  44  56  75  2  0
9  45  56  75  2  0
9  46  56  75  8  11  1  1  10  1  1
9  47  56  75  2  0
9  48  56  75  2  0
9  49  56  75  2  0
9  50  56  75  9  14  2  3  10  1  3  1  1
9  51  56  75  8  11  1  1  10  1  1
9  52  56  75  9  13  1  1  12  1  1
9  53  56  75  8  11  1  1  10  1  1
9  54  56  75  2  0
9  55  56  75  2  0
9  56  56  75  2  0
9  57  56  75  9  13  1  1  12  1  1
9  58  56  75  2  0
9  59  56  75  9  14  2  3  10  1  3  1  1
10  0  56  75  2  0
10  1  56  75  2  0
10  2  56  75  2  0
10  3  56  75  2  0
10  4  56  75  2  0
10  5  56  75  2  0
10  6  56  75  2  0
10  7  56  75  2  0
10  8  56  75  2  0
10  9  56  75  2  0
10  11  56  75  2  0
10  12  56  75  2  0
10  13  56  75  2  0
10  14  56  75  2  0
10  15  56  75  3  2  1  1  1  1  1
10  16  56  75  2  0
10  17  56  75  2  0
10  18  56  75  2  0
10  19  56  75  2  0
10  20  56  75  2  0
10  21  56  75  2  0
10  22  56  75  2  0
10  23  56  75  2  0
10  24  56  75  2  0
10  25  56  75  2  0
10  26  56  75  2  0
10  27  56  75  2  0
10  28  56  75  2  0
10  29  56  75  2  0
10  30  56  75  2  0
10  31  56  75  2  0
10  32  56  75  2  0
10  33  56  75  3  2  1  1  1  1  1
10  34  56  75  2  0
10  35  56  75  2  0
10  36  56  75  2  0
10  37  56  75  2  0
10  38  56  75  2  0
10  39  56  75  2  0
10  40  56  75  2  0
10  41  56  75  3  2  1  1  1  1  1
10  42  56  75  2  0
10  43  56  75  2  0
10  44  56  75  2  0
10  45  56  75  2  0
10  46  56  75  2  0
10  47  56  75  2  0
10  48  56  75  2  0
10  49  56  75  2  0
10  50  56  75  3  2  1  1  1  1  1
10  51  56  75  2  0
10  52  56  75  2  0
10  53  56  75  2  0
10  54  56  75  2  0
10  55  56  75  2  0
10  56  56  75  2  0
10  57  56  75  2  0
10  58  56  75  2  0
10  59  56  75  3  2  1  1  1  1  1
11  0  56  75  2  0
11  1  56  75  2  0
11  2  56  75  2  0
11  3  56  75  2  0
11  4  56  75  2  0
11  5  56  75  2  0
11  6  56  75  2  0
11  7  56  75  2  0
11  8  56  75  2  0
11  9  56  75  2  0
11  10  56  75  2  0
11  12  56  75  2  0
11  13  56  75  2  0
11  14  56  75  2  0
11  15  56  75  2  0
11  16  56  75  2  0
11  17  56  75  2  0
11  18  56  75  2  0
11  19  56  75  2  0
11  20  56  75  3  2  1  1  1  1  1
11  21  56  75  2  0
11  22  56  75  2  0
11  23  56  75  2  0
11  24  56  75  2  0
11  25  56  75  2  0
11  26  56  75  2  0
11  27  56  75  2  0
11  28  56  75  2  0
11  29  56  75  2  0
11  30  56  75  2  0
11  31  56  75  2  0
11  32  56  75  2  0
11  33  56  75  2  0
11  34  56  75  2  0
11  35  56  75  2  0
11  36  56  75  2  0
11  37  56  75  2  0
11  38  56  75  2  0
11  39  56  75  2  0
11  40  56  75  2  0
11  41  56  75  2  0
11  42  56  75  2  0
11  43  56  75  2  0
11  44  56  75  2  0
11  45  56  75  2  0
11  46  56  75  2  0
11  47  56  75  3  2  1  1  1  1  1
11  48  56  75  2  0
11  49  56  75  2  0
11  50  56  75  2  0
11  51  56  75  2  0
11  52  56  75  2  0
11  53  56  75  2  0
11  54  56  75  2  0
11  55  56  75  2  0
11  56  56  75  2  0
11  57  56  75  2  0
11  58  56  75  2  0
11  59  56  75  2  0
12  0  56  75  7  10  1  1  9  1  1
12  1  56  75  8  11  1  1  10  1  1
12  2  56  75  10  16  2  1  1  1  13  1  2
12  3  56  75  9  13  2  1  1  1  11  1  1
12  4  56  75  2  0
12  5  56  75  7  10  1  1  9  1  1
12  6  56  75  7  10  1  1  9  1  1
12  7  56  75  8  11  1  1  10  1  1
12  8  56  75  2  0
12  9  56  75  2  0
12  10  56  75  7  10  1  1  9  1  1
12  11  56  75  2  0
12  13  56  75  2  0
12  14  56  75  7  10  1  1  9  1  1
12  15  56  75  8  13  2  3  9  1  3  1  1
12  16  56  75  2  0
12  17  56  75  2  0
12  18  56  75  2  0
12  19  56  75  7  10  1  1  9  1  1
12  20  56  75  2  0
12  21  56  75  2  0
12  22  56  75  7  10  1  1  9  1  1
12  23  56  75  2  0
12  24  56  75  3  2  1  1  1  1  1
12  25  56  75  7  10  1  1  9  1  1
12  26  56  75  8  11  1  1  10  1  1
12  27  56  75  2  0
12  28  56  75  2  0
12  29  56  75  8  11  1  1  10  1  1
12  30  56  75  2  0
12  31  56  75  2  0
12  32  56  75  7  10  1  1  9  1  1
12  33  56  75  8  13  2  3  9  1  3  1  1
12  34  56  75  2  0
12  35  56  75  8  12  1  1  10  1  2
12  36  56  75  2  0
12  37  56  75  2  0
12  38  56  75  8  12  1  1  10  1  2
12  39  56  75  8  11  1  1  10  1  1
12  40  56  75  2  0
12  41  56  75  8  13  2  3  9  1  3  1  1
12  42  56  75  8  11  1  1  10  1  1
12  43  56  75  2  0
12  44  56  75  2  0
12  45  56  75  2  0
12  46  56  75  9  13  2  1  1  1  11  1  1
12  47  56  75  2  0
12  48  56  75  2  0
12  49  56  75  2  0
12  50  56  75  8  13  2  3  9  1  3  1  1
12  51  56  75  7  10  1  1  9  1  1
12  52  56  75  8  12  1  1  10  1  2
12  53  56  75  9  13  2  1  1  1  11  1  1
12  54  56  75  2  0
12  55  56  75  2  0
12  56  56  75  3  2  1  1  1  1  1
12  57  56  75  8  12  1  1  10  1  2
12  58  56  75  2  0
12  59  56  75  8  13  2  3  9  1  3  1  1
13  0  56  75  2  0
13  1  56  75  2  0
13  2  56  75  2  0
13  3  56  75  2  0
13  4  56  75  2  0
13  5  56  75  2  0
13  6  56  75  2  0
13  7  56  75  2  0
13  8  56  75  2  0
13  9  56  75  2  0
13  10  56  75  2  0
13  11  56  75  2  0
13  12  56  75  2  0
13  14  56  75  2  0
13  15  56  75  2  0
13  16  56  75  2  0
13  17  56  75  2  0
13  18  56  75  2  0
13  19  56  75  2  0
13  20  56  75  2  0
13  21  56  75  2  0
13  22  56  75  2  0
13  23  56  75  2  0
13  24  56  75  2  0
13  25  56  75  2  0
13  26  56  75  2  0
13  27  56  75  2  0
13  28  56  75  2  0
13  29  56  75  2  0
13  30  56  75  2  0
13  31  56  75  2  0
13  32  56  75  2  0
13  33  56  75  2  0
13  34  56  75  2  0
13  35  56  75  2  0
13  36  56  75  2  0
13  37  56  75  2  0
13  38  56  75  2  0
13  39  56  75  2  0
13  40  56  75  2  0
13  41  56  75  2  0
13  42  56  75  2  0
13  43  56  75  2  0
13  44  56  75  2  0
13  45  56  75  2  0
13  46  56  75  2  0
13  47  56  75  2  0
13  48  56  75  2  0
13  49  56  75  2  0
13  50  56  75  2  0
13  51  56  75  2  0
13  52  56  75  2  0
13  53  56  75  2  0
13  54  56  75  2  0
13  55  56  75  2  0
13  56  56  75  2  0
13  57  56  75  2  0
13  58  56  75  2  0
13  59  56  75  2  0
14  0  56  75  2  0
14  1  56  75  2  0
14  2  56  75  2  0
14  3  56  75  3  2  1  1  1  1  1
14  4  56  75  2  0
14  5  56  75  2  0
14  6  56  75  2  0
14  7  56  75  2  0
14  8  56  75  2  0
14  9  56  75  2  0
14  10  56  75  2  0
14  11  56  75  2  0
14  12  56  75  2  0
14  13  56  75  2  0
14  15  56  75  2  0
14  16  56  75  2  0
14  17  56  75  2  0
14  18  56  75  2  0
14  19  56  75  2  0
14  20  56  75  2  0
14  21  56  75  2  0
14  22  56  75  3  2  1  1  1  1  1
14  23  56  75  2  0
14  24  56  75  2  0
14  25  56  75  2  0
14  26  56  75  2  0
14  27  56  75  2  0
14  28  56  75  2  0
14  29  56  75  2  0
14  30  56  75  2  0
14  31  56  75  2  0
14  32  56  75  2  0
14  33  56  75  2  0
14  34  56  75  2  0
14  35  56  75  2  0
14  36  56  75  2  0
14  37  56  75  2  0
14  38  56  75  2  0
14  39  56  75  2  0
14  40  56  75  2  0
14  41  56  75  2  0
14  42  56  75  2  0
14  43  56  75  2  0
14  44  56  75  2  0
14  45  56  75  2  0
14  46  56  75  3  2  1  1  1  1  1
14  47  56  75  2  0
14  48  56  75  2  0
14  49  56  75  2  0
14  50  56  75  2  0
14  51  56  75  2  0
14  52  56  75  2  0
14  53  56  75  3  2  1  1  1  1  1
14  54  56  75  2  0
14  55  56  75  2  0
14  56  56  75  2  0
14  57  56  75  2  0
14  58  56  75  2  0
14  59  56  75  2  0
15  0  56  75  2  0
15  1  56  75  2  0
15  2  56  75  2  0
15  3  56  75  2  0
15  4  56  75  2  0
15  5  56  75  2  0
15  6  56  75  2  0
15  7  56  75  2  0
15  8  56  75  2  0
15  9  56  75  2  0
15  10  56  75  2  0
15  11  56  75  2  0
15  12  56  75  2  0
15  13  56  75  2  0
15  14  56  75  2  0
15  16  56  75  2  0
15  17  56  75  2  0
15  18  56  75  2  0
15  19  56  75  2  0
15  20  56  75  2  0
15  21  56  75  2  0
15  22  56  75  2  0
15  23  56  75  2  0
15  24  56  75  2  0
15  25  56  75  2  0
15  26  56  75  2  0
15  27  56  75  2  0
15  28  56  75  2  0
15  29  56  75  2  0
15  30  56  75  2  0
15  31  56  75  2  0
15  32  56  75  2  0
15  33  56  75  2  0
15  34  56  75  2  0
15  35  56  75  2  0
15  36  56  75  2  0
15  37  56  75  2  0
15  38  56  75  2  0
15  39  56  75  2  0
15  40  56  75  2  0
15  41  56  75  2  0
15  42  56  75  2  0
15  43  56  75  2  0
15  44  56  75  2  0
15  45  56  75  2  0
15  46  56  75  2  0
15  47  56  75  2  0
15  48  56  75  2  0
15  49  56  75  2  0
15  50  56  75  3  2  1  1  1  1  1
15  51  56  75  2  0
15  52  56  75  2  0
15  53  56  75  2  0
15  54  56  75  2  0
15  55  56  75  2  0
15  56  56  75  2  0
15  57  56  75  2  0
15  58  56  75  2  0
15  59  56  75  2  0
16  0  56  75  8  11  1  1  10  1  1
16  1  56  75  9  12  1  1  11  1  1
16  2  56  75  10  15  2  2  12  1  2  1  1
16  3  56  75  8  11  1  1  10  1  1
16  4  56  75  2  0
16  5  56  75  8  11  1  1  10  1  1
16  6  56  75  8  11  1  1  10  1  1
16  7  56  75  9  12  1  1  11  1  1
16  8  56  75  3  2  1  1  1  1  1
16  9  56  75  3  2  1  1  1  1  1
16  10  56  75  10  14  2  1  1  1  12  1  1
16  11  56  75  2  0
16  12  56  75  2  0
16  13  56  75  2  0
16  14  56  75  8  11  1  1  10  1  1
16  15  56  75  11  17  3  1  1  3  12  1  3  1  1
16  17  56  75  2  0
16  18  56  75  2  0
16  19  56  75  8  11  1  1  10  1  1
16  20  56  75  2  0
16  21  56  75  2  0
16  22  56  75  8  11  1  1  10  1  1
16  23  56  75  2  0
16  24  56  75  2  0
16  25  56  75  8  11  1  1  10  1  1
16  26  56  75  9  12  1  1  11  1  1
16  27  56  75  2  0
16  28  56  75  2  0
16  29  56  75  8  11  1  1  10  1  1
16  30  56  75  2  0
16  31  56  75  2  0
16  32  56  75  8  11  1  1  10  1  1
16  33  56  75  11  17  3  1  1  3  12  1  3  1  1
16  34  56  75  2  0
16  35  56  75  9  13  1  1  12  1  1
16  36  56  75  2  0
16  37  56  75  2  0
16  38  56  75  9  13  1  1  12  1  1
16  39  56  75  9  12  1  1  11  1  1
16  40  56  75  2  0
16  41  56  75  11  17  3  1  1  3  12  1  3  1  1
16  42  56  75  9  12  1  1  11  1  1
16  43  56  75  2  0
16  44  56  75  2  0
16  45  56  75  2  0
16  46  56  75  8  11  1  1  10  1  1
16  47  56  75  2  0
16  48  56  75  3  2  1  1  1  1  1
16  49  56  75  2  0
16  50  56  75  11  17  3  1  1  3  12  1  3  1  1
16  51  56  75  10  14  2  1  1  1  12  1  1
16  52  56  75  9  13  1  1  12  1  1
16  53  56  75  8  11  1  1  10  1  1
16  54  56  75  2  0
16  55  56  75  2  0
16  56  56  75  2  0
16  57  56  75  9  13  1  1  12  1  1
16  58  56  75  2  0
16  59  56  75  11  17  3  1  1  3  12  1  3  1  1
17  0  56  75  7  10  1  1  9  1  1
17  1  56  75  8  11  1  1  10  1  1
17  2  56  75  10  16  2  1  1  1  14  1  1
17  3  56  75  7  10  1  1  9  1  1
17  4  56  75  2  0
17  5  56  75  7  10  1  1  9  1  1
17  6  56  75  7  10  1  1  9  1  1
17  7  56  75  8  11  1  1  10  1  1
17  8  56  75  2  0
17  9  56  75  2  0
17  10  56  75  7  10  1  1  9  1  1
17  11  56  75  3  2  1  1  1  1  1
17  12  56  75  2  0
17  13  56  75  2  0
17  14  56  75  7  10  1  1  9  1  1
17  15  56  75  8  13  2  3  9  1  3  1  1
17  16  56  75  2  0
17  18  56  75  3  2  1  1  1  1  1
17  19  56  75  7  10  1  1  9  1  1
17  20  56  75  3  2  1  1  1  1  1
17  21  56  75  2  0
17  22  56  75  7  10  1  1  9  1  1
17  23  56  75  2  0
17  24  56  75  3  2  1  1  1  1  1
17  25  56  75  7  10  1  1  9  1  1
17  26  56  75  8  11  1  1  10  1  1
17  27  56  75  2  0
17  28  56  75  3  2  1  1  1  1  1
17  29  56  75  8  11  1  1  10  1  1
17  30  56  75  2  0
17  31  56  75  3  2  1  1  1  1  1
17  32  56  75  7  10  1  1  9  1  1
17  33  56  75  8  13  2  3  9  1  3  1  1
17  34  56  75  2  0
17  35  56  75  8  12  1  1  11  1  1
17  36  56  75  2  0
17  37  56  75  2  0
17  38  56  75  8  12  1  1  11  1  1
17  39  56  75  8  11  1  1  10  1  1
17  40  56  75  2  0
17  41  56  75  8  13  2  3  9  1  3  1  1
17  42  56  75  8  11  1  1  10  1  1
17  43  56  75  2  0
17  44  56  75  2  0
17  45  56  75  3  2  1  1  1  1  1
17  46  56  75  7  10  1  1  9  1  1
17  47  56  75  3  2  1  1  1  1  1
17  48  56  75  2  0
17  49  56  75  2  0
17  50  56  75  8  13  2  3  9  1  3  1  1
17  51  56  75  7  10  1  1  9  1  1
17  52  56  75  8  12  1  1  11  1  1
17  53  56  75  7  10  1  1  9  1  1
17  54  56  75  2  0
17  55  56  75  2  0
17  56  56  75  2  0
17  57  56  75  8  12  1  1  11  1  1
17  58  56  75  2  0
17  59  56  75  8  13  2  3  9  1  3  1  1
18  0  56  75  7  10  1  1  9  1  1
18  1  56  75  8  11  1  1  10  1  1
18  2  56  75  9  14  2  2  11  1  2  1  1
18  3  56  75  7  10  1  1  9  1  1
18  4  56  75  2  0
18  5  56  75  7  10  1  1  9  1  1
18  6  56  75  7  10  1  1  9  1  1
18  7  56  75  8  11  1  1  10  1  1
18  8  56  75  2  0
18  9  56  75  2  0
18  10  56  75  7  10  1  1  9  1  1
18  11  56  75  3  2  1  1  1  1  1
18  12  56  75  2  0
18  13  56  75  2  0
18  14  56  75  7  10  1  1  9  1  1
18  15  56  75  8  13  2  3  9  1  3  1  1
18  16  56  75  2  0
18  17  56  75  2  0
18  19  56  75  7  10  1  1  9  1  1
18  20  56  75  3  2  1  1  1  1  1
18  21  56  75  2  0
18  22  56  75  7  10  1  1  9  1  1
18  23  56  75  2  0
18  24  56  75  2  0
18  25  56  75  7  10  1  1  9  1  1
18  26  56  75  8  11  1  1  10  1  1
18  27  56  75  2  0
18  28  56  75  3  2  1  1  1  1  1
18  29  56  75  8  11  1  1  10  1  1
18  30  56  75  2  0
18  31  56  75  2  0
18  32  56  75  7  10  1  1  9  1  1
18  33  56  75  8  13  2  3  9  1  3  1  1
18  34  56  75  2  0
18  35  56  75  8  12  1  1  11  1  1
18  36  56  75  2  0
18  37  56  75  2  0
18  38  56  75  8  12  1  1  11  1  1
18  39  56  75  8  11  1  1  10  1  1
18  40  56  75  2  0
18  41  56  75  8  13  2  3  9  1  3  1  1
18  42  56  75  8  11  1  1  10  1  1
18  43  56  75  2  0
18  44  56  75  2  0
18  45  56  75  2  0
18  46  56  75  7  10  1  1  9  1  1
18  47  56  75  3  2  1  1  1  1  1
18  48  56  75  2  0
18  49  56  75  2  0
18  50  56  75  8  13  2  3  9  1  3  1  1
18  51  56  75  7  10  1  1  9  1  1
18  52  56  75  8  12  1  1  11  1  1
18  53  56  75  7  10  1  1  9  1  1
18  54  56  75  2  0
18  55  56  75  2  0
18  56  56  75  2  0
18  57  56  75  8  12  1  1  11  1  1
18  58  56  75  2  0
18  59  56  75  8  13  2  3  9  1  3  1  1
19  0  56  75  7  10  1  1  9  1  1
19  1  56  75  8  11  1  1  10  1  1
19  2  56  75  9  14  2  2  11  1  2  1  1
19  3  56  75  7  10  1  1  9  1  1
19  4  56  75  2  0
19  5  56  75  7  10  1  1  9  1  1
19  6  56  75  7  10  1  1  9  1  1
19  7  56  75  8  11  1  1  10  1  1
19  8  56  75  2  0
19  9  56  75  2  0
19  10  56  75  7  10  1  1  9  1  1
19  11  56  75  2  0
19  12  56  75  2  0
19  13  56  75  2  0
19  14  56  75  7  10  1  1  9  1  1
19  15  56  75  8  13  2  3  9  1  3  1  1
19  16  56  75  2  0
19  17  56  75  2  0
19  18  56  75  2  0
19  20  56  75  2  0
19  21  56  75  2  0
19  22  56  75  7  10  1  1  9  1  1
19  23  56  75  2  0
19  24  56  75  2  0
19  25  56  75  7  10  1  1  9  1  1
19  26  56  75  8  11  1  1  10  1  1
19  27  56  75  2  0
19  28  56  75  2  0
19  29  56  75  8  11  1  1  10  1  1
19  30  56  75  2  0
19  31  56  75  2  0
19  32  56  75  7  10  1  1  9  1  1
19  33  56  75  8  13  2  3  9  1  3  1  1
19  34  56  75  2  0
19  35  56  75  8  12  1  1  11  1  1
19  36  56  75  2  0
19  37  56  75  2  0
19  38  56  75  8  12  1  1  11  1  1
19  39  56  75  8  11  1  1  10  1  1
19  40  56  75  2  0
19  41  56  75  8  13  2  3  9  1  3  1  1
19  42  56  75  8  11  1  1  10  1  1
19  43  56  75  2  0
19  44  56  75  2  0
19  45  56  75  2  0
19  46  56  75  7  10  1  1  9  1  1
19  47  56  75  2  0
19  48  56  75  2  0
19  49  56  75  2  0
19  50  56  75  8  13  2  3  9  1  3  1  1
19  51  56  75  7  10  1  1  9  1  1
19  52  56  75  8  12  1  1  11  1  1
19  53  56  75  7  10  1  1  9  1  1
19  54  56  75  2  0
19  55  56  75  2  0
19  56  56  75  2  0
19  57  56  75  8  12  1  1  11  1  1
19  58  56  75  2  0
19  59  56  75  8  13  2  3  9  1  3  1  1
20  0  56  75  2  0
20  1  56  75  2  0
20  2  56  75  2  0
20  3  56  75  2  0
20  4  56  75  2  0
20  5  56  75  2  0
20  6  56  75  2  0
20  7  56  75  2  0
20  8  56  75  2  0
20  9  56  75  2  0
20  10  56  75  2  0
20  11  56  75  2  0
20  12  56  75  2  0
20  13  56  75  2  0
20  14  56  75  2  0
20  15  56  75  2  0
20  16  56  75  2  0
20  17  56  75  2  0
20  18  56  75  2  0
20  19  56  75  2  0
20  21  56  75  2  0
20  22  56  75  2  0
20  23  56  75  2  0
20  24  56  75  2  0
20  25  56  75  2  0
20  26  56  75  2  0
20  27  56  75  2  0
20  28  56  75  2  0
20  29  56  75  2  0
20  30  56  75  2  0
20  31  56  75  2  0
20  32  56  75  2  0
20  33  56  75  2  0
20  34  56  75  2  0
20  35  56  75  2  0
20  36  56  75  2  0
20  37  56  75  2  0
20  38  56  75  2  0
20  39  56  75  2  0
20  40  56  75  2  0
20  41  56  75  2  0
20  42  56  75  2  0
20  43  56  75  2  0
20  44  56  75  2  0
20  45  56  75  2  0
20  46  56  75  2  0
20  47  56  75  2  0
20  48  56  75  2  0
20  49  56  75  2  0
20  50  56  75  2  0
20  51  56  75  2  0
20  52  56  75  2  0
20  53  56  75  2  0
20  54  56  75  2  0
20  55  56  75  2  0
20  56  56  75  2  0
20  57  56  75  2  0
20  58  56  75  2  0
20  59  56  75  2  0
21  0  56  75  2  0
21  1  56  75  2  0
21  2  56  75  3  2  1  1  1  1  1
21  3  56  75  3  2  1  1  1  1  1
21  4  56  75  2  0
21  5  56  75  2  0
21  6  56  75  2  0
21  7  56  75  2  0
21  8  56  75  2  0
21  9  56  75  2  0
21  10  56  75  2  0
21  11  56  75  2  0
21  12  56  75  2  0
21  13  56  75  2  0
21  14  56  75  2  0
21  15  56  75  2  0
21  16  56  75  2  0
21  17  56  75  2  0
21  18  56  75  2  0
21  19  56  75  2  0
21  20  56  75  2  0
21  22  56  75  2  0
21  23  56  75  2  0
21  24  56  75  3  2  1  1  1  1  1
21  25  56  75  2  0
21  26  56  75  2  0
21  27  56  75  2  0
21  28  56  75  2  0
21  29  56  75  2  0
21  30  56  75  2  0
21  31  56  75  2  0
21  32  56  75  2  0
21  33  56  75  2  0
21  34  56  75  2  0
21  35  56  75  2  0
21  36  56  75  2  0
21  37  56  75  2  0
21  38  56  75  2  0
21  39  56  75  2  0
21  40  56  75  2  0
21  41  56  75  2  0
21  42  56  75  2  0
21  43  56  75  2  0
21  44  56  75  2  0
21  45  56  75  2  0
21  46  56  75  3  2  1  1  1  1  1
21  47  56  75  2  0
21  48  56  75  2  0
21  49  56  75  2  0
21  50  56  75  2  0
21  51  56  75  2  0
21  52  56  75  2  0
21  53  56  75  3  2  1  1  1  1  1
21  54  56  75  2  0
21  55  56  75  2  0
21  56  56  75  3  2  1  1  1  1  1
21  57  56  75  2  0
21  58  56  75  2  0
21  59  56  75  2  0
22  0  56  75  2  0
22  1  56  75  2  0
22  2  56  75  2  0
22  3  56  75  3  2  1  1  1  1  1
22  4  56  75  2  0
22  5  56  75  2  0
22  6  56  75  2  0
22  7  56  75  2  0
22  8  56  75  2  0
22  9  56  75  2  0
22  10  56  75  2  0
22  11  56  75  2  0
22  12  56  75  2  0
22  13  56  75  2  0
22  14  56  75  2  0
22  15  56  75  2  0
22  16  56  75  2  0
22  17  56  75  2  0
22  18  56  75  2  0
22  19  56  75  2  0
22  20  56  75  2  0
22  21  56  75  2  0
22  23  56  75  2  0
22  24  56  75  2  0
22  25  56  75  2  0
22  26  56  75  2  0
22  27  56  75  2  0
22  28  56  75  2  0
22  29  56  75  2  0
22  30  56  75  2  0
22  31  56  75  2  0
22  32  56  75  2  0
22  33  56  75  2  0
22  34  56  75  2  0
22  35  56  75  2  0
22  36  56  75  2  0
22  37  56  75  2  0
22  38  56  75  2  0
22  39  56  75  2  0
22  40  56  75  2  0
22  41  56  75  2  0
22  42  56  75  2  0
22  43  56  75  2  0
22  44  56  75  2  0
22  45  56  75  2  0
22  46  56  75  3  2  1  1  1  1  1
22  47  56  75  2  0
22  48  56  75  2  0
22  49  56  75  2  0
22  50  56  75  2  0
22  51  56  75  2  0
22  52  56  75  2  0
22  53  56  75  3  2  1  1  1  1  1
22  54  56  75  2  0
22  55  56  75  2  0
22  56  56  75  2  0
22  57  56  75  2  0
22  58  56  75  2  0
22  59  56  75  2  0
23  0  56  75  7  10  1  1  9  1  1
23  1  56  75  8  11  1  1  10  1  1
23  2  56  75  9  14  2  2  11  1  2  1  1
23  3  56  75  9  13  2  1  1  1  11  1  1
23  4  56  75  2  0
23  5  56  75  7  10  1  1  9  1  1
23  6  56  75  7  10  1  1  9  1  1
23  7  56  75  8  11  1  1  10  1  1
23  8  56  75  2  0
23  9  56  75  2  0
23  10  56  75  7  10  1  1  9  1  1
23  11  56  75  3  2  1  1  1  1  1
23  12  56  75  2  0
23  13  56  75  2  0
23  14  56  75  7  10  1  1  9  1  1
23  15  56  75  8  13  2  3  9  1  3  1  1
23  16  56  75  2  0
23  17  56  75  2  0
23  18  56  75  3  2  1  1  1  1  1
23  19  56  75  7  10  1  1  9  1  1
23  20  56  75  3  2  1  1  1  1  1
23  21  56  75  2  0
23  22  56  75  7  10  1  1  9  1  1
23  24  56  75  2  0
23  25  56  75  7  10  1  1  9  1  1
23  26  56  75  8  11  1  1  10  1  1
23  27  56  75  2  0
23  28  56  75  3  2  1  1  1  1  1
23  29  56  75  8  11  1  1  10  1  1
23  30  56  75  2  0
23  31  56  75  3  2  1  1  1  1  1
23  32  56  75  7  10  1  1  9  1  1
23  33  56  75  8  13  2  3  9  1  3  1  1
23  34  56  75  2  0
23  35  56  75  8  12  1  1  11  1  1
23  36  56  75  2  0
23  37  56  75  2  0
23  38  56  75  8  12  1  1  11  1  1
23  39  56  75  8  11  1  1  10  1  1
23  40  56  75  2  0
23  41  56  75  8  13  2  3  9  1  3  1  1
23  42  56  75  8  11  1  1  10  1  1
23  43  56  75  2  0
23  44  56  75  2  0
23  45  56  75  2  0
23  46  56  75  9  13  2  1  1  1  11  1  1
23  47  56  75  3  2  1  1  1  1  1
23  48  56  75  3  2  1  1  1  1  1
23  49  56  75  2  0
23  50  56  75  8  13  2  3  9  1  3  1  1
23  51  56  75  7  10  1  1  9  1  1
23  52  56  75  8  12  1  1  11  1  1
23  53  56  75  9  13  2  1  1  1  11  1  1
23  54  56  75  2  0
23  55  56  75  2  0
23  56  56  75  2  0
23  57  56  75  8  12  1  1  11  1  1
23  58  56  75  2  0
23  59  56  75  8  13  2  3  9  1  3  1  1
24  0  56  75  2  0
24  1  56  75  2  0
24  2  56  75  3  2  1  1  1  1  1
24  3  56  75  2  0
24  4  56  75  2  0
24  5  56  75  2  0
24  6  56  75  2  0
24  7  56  75  2  0
24  8  56  75  2  0
24  9  56  75  2  0
24  10  56  75  2  0
24  11  56  75  2  0
24  12  56  75  2  0
24  13  56  75  2  0
24  14  56  75  2  0
24  15  56  75  2  0
24  16  56  75  2  0
24  17  56  75  2  0
24  18  56  75  2  0
24  19  56  75  2  0
24  20  56  75  2  0
24  21  56  75  2  0
24  22  56  75  2  0
24  23  56  75  2  0
24  25  56  75  2  0
24  26  56  75  2  0
24  27  56  75  2  0
24  28  56  75  2  0
24  29  56  75  2  0
24  30  56  75  2  0
24  31  56  75  2  0
24  32  56  75  2  0
24  33  56  75  2  0
24  34  56  75  2  0
24  35  56  75  2  0
24  36  56  75  2  0
24  37  56  75  2  0
24  38  56  75  2  0
24  39  56  75  2  0
24  40  56  75  2  0
24  41  56  75  2  0
24  42  56  75  2  0
24  43  56  75  2  0
24  44  56  75  2  0
24  45  56  75  2  0
24  46  56  75  2  0
24  47  56  75  2  0
24  48  56  75  2  0
24  49  56  75  2  0
24  50  56  75  2  0
24  51  56  75  2  0
24  52  56  75  2  0
24  53  56  75  2  0
24  54  56  75  2  0
24  55  56  75  2  0
24  56  56  75  2  0
24  57  56  75  2  0
24  58  56  75  2  0
24  59  56  75  2  0
25  0  56  75  7  10  1  1  9  1  1
25  1  56  75  8  11  1  1  10  1  1
25  2  56  75  9  14  2  2  10  1  2  1  2
25  3  56  75  7  10  1  1  9  1  1
25  4  56  75  2  0
25  5  56  75  7  10  1  1  9  1  1
25  6  56  75  7  10  1  1  9  1  1
25  7  56  75  8  11  1  1  10  1  1
25  8  56  75  2  0
25  9  56  75  2  0
25  10  56  75  7  10  1  1  9  1  1
25  11  56  75  2  0
25  12  56  75  2  0
25  13  56  75  2  0
25  14  56  75  7  10  1  1  9  1  1
25  15  56  75  8  13  2  3  9  1  3  1  1
25  16  56  75  2  0
25  17  56  75  2  0
25  18  56  75  2  0
25  19  56  75  7  10  1  1  9  1  1
25  20  56  75  2  0
25  21  56  75  2  0
25  22  56  75  7  10  1  1  9  1  1
25  23  56  75  2  0
25  24  56  75  2  0
25  26  56  75  8  11  1  1  10  1  1
25  27  56  75  2  0
25  28  56  75  2  0
25  29  56  75  8  11  1  1  10  1  1
25  30  56  75  2  0
25  31  56  75  2  0
25  32  56  75  7  10  1  1  9  1  1
25  33  56  75  8  13  2  3  9  1  3  1  1
25  34  56  75  2  0
25  35  56  75  8  12  1  1  10  1  2
25  36  56  75  2  0
25  37  56  75  2  0
25  38  56  75  8  12  1  1  10  1  2
25  39  56  75  8  11  1  1  10  1  1
25  40  56  75  2  0
25  41  56  75  8  13  2  3  9  1  3  1  1
25  42  56  75  8  11  1  1  10  1  1
25  43  56  75  2  0
25  44  56  75  2  0
25  45  56  75  2  0
25  46  56  75  7  10  1  1  9  1  1
25  47  56  75  2  0
25  48  56  75  2  0
25  49  56  75  2  0
25  50  56  75  8  13  2  3  9  1  3  1  1
25  51  56  75  7  10  1  1  9  1  1
25  52  56  75  8  12  1  1  10  1  2
25  53  56  75  7  10  1  1  9  1  1
25  54  56  75  2  0
25  55  56  75  2  0
25  56  56  75  2  0
25  57  56  75  8  12  1  1  10  1  2
25  58  56  75  2  0
25  59  56  75  8  13  2  3  9  1  3  1  1
26  0  56  75  2  0
26  1  56  75  2  0
26  2  56  75  2  0
26  3  56  75  2  0
26  4  56  75  2  0
26  5  56  75  2  0
26  6  56  75  2  0
26  7  56  75  2  0
26  8  56  75  2  0
26  9  56  75  2  0
26  10  56  75  2  0
26  11  56  75  2  0
26  12  56  75  2  0
26  13  56  75  2  0
26  14  56  75  2  0
26  15  56  75  2  0
26  16  56  75  2  0
26  17  56  75  2  0
26  18  56  75  2  0
26  19  56  75  2  0
26  20  56  75  2  0
26  21  56  75  2  0
26  22  56  75  2  0
26  23  56  75  2  0
26  24  56  75  2  0
26  25  56  75  2  0
26  27  56  75  2  0
26  28  56  75  2  0
26  29  56  75  2  0
26  30  56  75  2  0
26  31  56  75  2  0
26  32  56  75  2  0
26  33  56  75  2  0
26  34  56  75  2  0
26  35  56  75  2  0
26  36  56  75  2  0
26  37  56  75  2  0
26  38  56  75  2  0
26  39  56  75  3  2  1  1  1  1  1
26  40  56  75  2  0
26  41  56  75  2  0
26  42  56  75  2  0
26  43  56  75  2  0
26  44  56  75  2  0
26  45  56  75  2  0
26  46  56  75  2  0
26  47  56  75  2  0
26  48  56  75  2  0
26  49  56  75  2  0
26  50  56  75  2  0
26  51  56  75  2  0
26  52  56  75  2  0
26  53  56  75  2  0
26  54  56  75  2  0
26  55  56  75  2  0
26  56  56  75  2  0
26  57  56  75  2  0
26  58  56  75  2  0
26  59  56  75  2  0
27  0  56  75  2  0
27  1  56  75  2  0
27  2  56  75  2  0
27  3  56  75  2  0
27  4  56  75  2  0
27  5  56  75  2  0
27  6  56  75  2  0
27  7  56  75  2  0
27  8  56  75  2  0
27  9  56  75  2  0
27  10  56  75  2  0
27  11  56  75  2  0
27  12  56  75  2  0
27  13  56  75  2  0
27  14  56  75  2  0
27  15  56  75  2  0
27  16  56  75  2  0
27  17  56  75  2  0
27  18  56  75  2  0
27  19  56  75  2  0
27  20  56  75  2  0
27  21  56  75  2  0
27  22  56  75  2  0
27  23  56  75  2  0
27  24  56  75  2  0
27  25  56  75  2  0
27  26  56  75  2  0
27  28  56  75  2  0
27  29  56  75  2  0
27  30  56  75  2  0
27  31  56  75  2  0
27  32  56  75  2  0
27  33  56  75  2  0
27  34  56  75  2  0
27  35  56  75  2  0
27  36  56  75  2  0
27  37  56  75  2  0
27  38  56  75  2  0
27  39  56  75  2  0
27  40  56  75  2  0
27  41  56  75  2  0
27  42  56  75  2  0
27  43  56  75  2  0
27  44  56  75  2  0
27  45  56  75  2  0
27  46  56  75  2  0
27  47  56  75  2  0
27  48  56  75  2  0
27  49  56  75  2  0
27  50  56  75  2  0
27  51  56  75  2  0
27  52  56  75  2  0
27  53  56  75  2  0
27  54  56  75  2  0
27  55  56  75  2  0
27  56  56  75  2  0
27  57  56  75  2  0
27  58  56  75  2  0
27  59  56  75  2  0
28  0  56  75  7  10  1  1  9  1  1
28  1  56  75  8  11  1  1  10  1  1
28  2  56  75  9  14  2  2  11  1  2  1  1
28  3  56  75  7  10  1  1  9  1  1
28  4  56  75  2  0
28  5  56  75  7  10  1  1  9  1  1
28  6  56  75  7  10  1  1  9  1  1
28  7  56  75  8  11  1  1  10  1  1
28  8  56  75  2  0
28  9  56  75  2  0
28  10  56  75  7  10  1  1  9  1  1
28  11  56  75  3  2  1  1  1  1  1
28  12  56  75  2  0
28  13  56  75  2  0
28  14  56  75  7  10  1  1  9  1  1
28  15  56  75  8  13  2  3  9  1  3  1  1
28  16  56  75  2  0
28  17  56  75  2  0
28  18  56  75  2  0
28  19  56  75  7  10  1  1  9  1  1
28  20  56  75  3  2  1  1  1  1  1
28  21  56  75  2  0
28  22  56  75  7  10  1  1  9  1  1
28  23  56  75  2  0
28  24  56  75  2  0
28  25  56  75  7  10  1  1  9  1  1
28  26  56  75  8  11  1  1  10  1  1
28  27  56  75  2  0
28  29  56  75  8  11  1  1  10  1  1
28  30  56  75  2  0
28  31  56  75  2  0
28  32  56  75  7  10  1  1  9  1  1
28  33  56  75  8  13  2  3  9  1  3  1  1
28  34  56  75  2  0
28  35  56  75  8  12  1  1  11  1  1
28  36  56  75  2  0
28  37  56  75  2  0
28  38  56  75  8  12  1  1  11  1  1
28  39  56  75  8  11  1  1  10  1  1
28  40  56  75  2  0
28  41  56  75  8  13  2  3  9  1  3  1  1
28  42  56  75  8  11  1  1  10  1  1
28  43  56  75  2  0
28  44  56  75  2  0
28  45  56  75  2  0
28  46  56  75  7  10  1  1  9  1  1
28  47  56  75  3  2  1  1  1  1  1
28  48  56  75  2  0
28  49  56  75  2  0
28  50  56  75  8  13  2  3  9  1  3  1  1
28  51  56  75  7  10  1  1  9  1  1
28  52  56  75  8  12  1  1  11  1  1
28  53  56  75  7  10  1  1  9  1  1
28  54  56  75  2  0
28  55  56  75  2  0
28  56  56  75  2  0
28  57  56  75  8  12  1  1  11  1  1
28  58  56  75  2  0
28  59  56  75  8  13  2  3  9  1  3  1  1
29  0  56  75  8  11  1  1  10  1  1
29  1  56  75  9  12  1  1  11  1  1
29  2  56  75  10  15  2  2  12  1  2  1  1
29  3  56  75  8  11  1  1  10  1  1
29  4  56  75  2  0
29  5  56  75  8  11  1  1  10  1  1
29  6  56  75  8  11  1  1  10  1  1
29  7  56  75  9  12  1  1  11  1  1
29  8  56  75  2  0
29  9  56  75  2  0
29  10  56  75  8  11  1  1  10  1  1
29  11  56  75  2  0
29  12  56  75  2  0
29  13  56  75  2  0
29  14  56  75  8  11  1  1  10  1  1
29  15  56  75  9  14  2  3  10  1  3  1  1
29  16  56  75  2  0
29  17  56  75  2  0
29  18  56  75  2  0
29  19  56  75  8  11  1  1  10  1  1
29  20  56  75  2  0
29  21  56  75  2  0
29  22  56  75  8  11  1  1  10  1  1
29  23  56  75  2  0
29  24  56  75  2  0
29  25  56  75  8  11  1  1  10  1  1
29  26  56  75  9  12  1  1  11  1  1
29  27  56  75  2  0
29  28  56  75  2  0
29  30  56  75  2  0
29  31  56  75  2  0
29  32  56  75  8  11  1  1  10  1  1
29  33  56  75  9  14  2  3  10  1  3  1  1
29  34  56  75  2  0
29  35  56  75  9  13  1  1  12  1  1
29  36  56  75  2  0
29  37  56  75  2  0
29  38  56  75  9  13  1  1  12  1  1
29  39  56  75  9  12  1  1  11  1  1
29  40  56  75  2  0
29  41  56  75  9  14  2  3  10  1  3  1  1
29  42  56  75  9  12  1  1  11  1  1
29  43  56  75  2  0
29  44  56  75  2  0
29  45  56  75  2  0
29  46  56  75  8  11  1  1  10  1  1
29  47  56  75  2  0
29  48  56  75  2  0
29  49  56  75  2  0
29  50  56  75  9  14  2  3  10  1  3  1  1
29  51  56  75  8  11  1  1  10  1  1
29  52  56  75  9  13  1  1  12  1  1
29  53  56  75  8  11  1  1  10  1  1
29  54  56  75  2  0
29  55  56  75  2  0
29  56  56  75  2  0
29  57  56  75  9  13  1  1  12  1  1
29  58  56  75  2  0
29  59  56  75  9  14  2  3  10  1  3  1  1
30  0  56  75  2  0
30  1  56  75  2  0
30  2  56  75  2  0
30  3  56  75  2  0
30  4  56  75  2  0
30  5  56  75  2  0
30  6  56  75  2  0
30  7  56  75  2  0
30  8  56  75  2  0
30  9  56  75  2  0
30  10  56  75  2  0
30  11  56  75  2  0
30  12  56  75  2  0
30  13  56  75  2  0
30  14  56  75  2  0
30  15  56  75  2  0
30  16  56  75  2  0
30  17  56  75  2  0
30  18  56  75  2  0
30  19  56  75  2  0
30  20  56  75  2  0
30  21  56  75  2  0
30  22  56  75  2  0
30  23  56  75  2  0
30  24  56  75  2  0
30  25  56  75  2  0
30  26  56  75  2  0
30  27  56  75  2  0
30  28  56  75  2  0
30  29  56  75  2  0
30  31  56  75  2  0
30  32  56  75  2  0
30  33  56  75  3  2  1  1  1  1  1
30  34  56  75  2  0
30  35  56  75  2  0
30  36  56  75  2  0
30  37  56  75  2  0
30  38  56  75  2  0
30  39  56  75  2  0
30  40  56  75  2  0
30  41  56  75  2  0
30  42  56  75  2  0
30  43  56  75  2  0
30  44  56  75  2  0
30  45  56  75  2  0
30  46  56  75  2  0
30  47  56  75  2  0
30  48  56  75  2  0
30  49  56  75  2  0
30  50  56  75  2  0
30  51  56  75  2  0
30  52  56  75  2  0
30  53  56  75  2  0
30  54  56  75  2  0
30  55  56  75  2  0
30  56  56  75  2  0
30  57  56  75  2  0
30  58  56  75  2  0
30  59  56  75  2  0
31  0  56  75  7  10  1  1  9  1  1
31  1  56  75  8  11  1  1  10  1  1
31  2  56  75  9  14  2  2  11  1  2  1  1
31  3  56  75  7  10  1  1  9  1  1
31  4  56  75  2  0
31  5  56  75  7  10  1  1  9  1  1
31  6  56  75  7  10  1  1  9  1  1
31  7  56  75  8  11  1  1  10  1  1
31  8  56  75  2  0
31  9  56  75  2  0
31  10  56  75  7  10  1  1  9  1  1
31  11  56  75  3  2  1  1  1  1  1
31  12  56  75  2  0
31  13  56  75  2  0
31  14  56  75  7  10  1  1  9  1  1
31  15  56  75  8  13  2  3  9  1  3  1  1
31  16  56  75  2  0
31  17  56  75  2  0
31  18  56  75  3  2  1  1  1  1  1
31  19  56  75  7  10  1  1  9  1  1
31  20  56  75  3  2  1  1  1  1  1
31  21  56  75  2  0
31  22  56  75  7  10  1  1  9  1  1
31  23  56  75  2  0
31  24  56  75  2  0
31  25  56  75  7  10  1  1  9  1  1
31  26  56  75  8  11  1  1  10  1  1
31  27  56  75  2  0
31  28  56  75  3  2  1  1  1  1  1
31  29  56  75  8  11  1  1  10  1  1
31  30  56  75  2  0
31  32  56  75  7  10  1  1  9  1  1
31  33  56  75  8  13  2  3  9  1  3  1  1
31  34  56  75  2  0
31  35  56  75  8  12  1  1  11  1  1
31  36  56  75  2  0
31  37  56  75  2  0
31  38  56  75  8  12  1  1  11  1  1
31  39  56  75  8  11  1  1  10  1  1
31  40  56  75  2  0
31  41  56  75  8  13  2  3  9  1  3  1  1
31  42  56  75  8  11  1  1  10  1  1
31  43  56  75  2  0
31  44  56  75  2  0
31  45  56  75  2  0
31  46  56  75  7  10  1  1  9  1  1
31  47  56  75  3  2  1  1  1  1  1
31  48  56  75  2  0
31  49  56  75  2  0
31  50  56  75  8  13  2  3  9  1  3  1  1
31  51  56  75  7  10  1  1  9  1  1
31  52  56  75  8  12  1  1  11  1  1
31  53  56  75  7  10  1  1  9  1  1
31  54  56  75  2  0
31  55  56  75  2  0
31  56  56  75  2  0
31  57  56  75  8  12  1  1  11  1  1
31  58  56  75  2  0
31  59  56  75  8  13  2  3  9  1  3  1  1
32  0  56  75  7  10  1  1  9  1  1
32  1  56  75  8  11  1  1  10  1  1
32  2  56  75  9  14  2  2  11  1  2  1  1
32  3  56  75  7  10  1  1  9  1  1
32  4  56  75  2  0
32  5  56  75  7  10  1  1  9  1  1
32  6  56  75  7  10  1  1  9  1  1
32  7  56  75  8  11  1  1  10  1  1
32  8  56  75  2  0
32  9  56  75  2  0
32  10  56  75  7  10  1  1  9  1  1
32  11  56  75  2  0
32  12  56  75  2  0
32  13  56  75  2  0
32  14  56  75  7  10  1  1  9  1  1
32  15  56  75  8  13  2  3  9  1  3  1  1
32  16  56  75  2  0
32  17  56  75  2  0
32  18  56  75  2  0
32  19  56  75  7  10  1  1  9  1  1
32  20  56  75  2  0
32  21  56  75  2  0
32  22  56  75  7  10  1  1  9  1  1
32  23  56  75  2  0
32  24  56  75  2  0
32  25  56  75  7  10  1  1  9  1  1
32  26  56  75  8  11  1  1  10  1  1
32  27  56  75  2  0
32  28  56  75  2  0
32  29  56  75  8  11  1  1  10  1  1
32  30  56  75  2  0
32  31  56  75  2  0
32  33  56  75  8  13  2  3  9  1  3  1  1
32  34  56  75  2  0
32  35  56  75  8  12  1  1  11  1  1
32  36  56  75  2  0
32  37  56  75  2  0
32  38  56  75  8  12  1  1  11  1  1
32  39  56  75  8  11  1  1  10  1  1
32  40  56  75  2  0
32  41  56  75  8  13  2  3  9  1  3  1  1
32  42  56  75  8  11  1  1  10  1  1
32  43  56  75  2  0
32  44  56  75  2  0
32  45  56  75  2  0
32  46  56  75  7  10  1  1  9  1  1
32  47  56  75  2  0
32  48  56  75  2  0
32  49  56  75  2  0
32  50  56  75  8  13  2  3  9  1  3  1  1
32  51  56  75  7  10  1  1  9  1  1
32  52  56  75  8  12  1  1  11  1  1
32  53  56  75  7  10  1  1  9  1  1
32  54  56  75  2  0
32  55  56  75  2  0
32  56  56  75  2  0
32  57  56  75  8  12  1  1  11  1  1
32  58  56  75  2  0
32  59  56  75  8  13  2  3  9  1  3  1  1
33  0  56  75  2  0
33  1  56  75  2  0
33  2  56  75  2  0
33  3  56  75  2  0
33  4  56  75  2  0
33  5  56  75  2  0
33  6  56  75  2  0
33  7  56  75  2  0
33  8  56  75  2  0
33  9  56  75  2  0
33  10  56  75  2  0
33  11  56  75  2  0
33  12  56  75  2  0
33  13  56  75  2  0
33  14  56  75  2  0
33  15  56  75  2  0
33  16  56  75  2  0
33  17  56  75  2  0
33  18  56  75  2  0
33  19  56  75  2  0
33  20  56  75  2  0
33  21  56  75  2  0
33  22  56  75  2  0
33  23  56  75  2  0
33  24  56  75  2  0
33  25  56  75  2  0
33  26  56  75  2  0
33  27  56  75  2  0
33  28  56  75  2  0
33  29  56  75  2  0
33  30  56  75  2  0
33  31  56  75  2  0
33  32  56  75  2  0
33  34  56  75  2  0
33  35  56  75  2  0
33  36  56  75  2  0
33  37  56  75  2  0
33  38  56  75  2  0
33  39  56  75  2  0
33  40  56  75  2  0
33  41  56  75  2  0
33  42  56  75  2  0
33  43  56  75  2  0
33  44  56  75  2  0
33  45  56  75  2  0
33  46  56  75  2  0
33  47  56  75  2  0
33  48  56  75  2  0
33  49  56  75  2  0
33  50  56  75  2  0
33  51  56  75  2  0
33  52  56  75  2  0
33  53  56  75  2  0
33  54  56  75  2  0
33  55  56  75  2  0
33  56  56  75  2  0
33  57  56  75  2  0
33  58  56  75  2  0
33  59  56  75  2  0
34  0  56  75  2  0
34  1  56  75  2  0
34  2  56  75  2  0
34  3  56  75  2  0
34  4  56  75  2  0
34  5  56  75  2  0
34  6  56  75  2  0
34  7  56  75  2  0
34  8  56  75  2  0
34  9  56  75  2  0
34  10  56  75  2  0
34  11  56  75  2  0
34  12  56  75  2  0
34  13  56  75  2  0
34  14  56  75  2  0
34  15  56  75  2  0
34  16  56  75  2  0
34  17  56  75  2  0
34  18  56  75  2  0
34  19  56  75  2  0
34  20  56  75  2  0
34  21  56  75  2  0
34  22  56  75  2  0
34  23  56  75  2  0
34  24  56  75  2  0
34  25  56  75  2  0
34  26  56  75  2  0
34  27  56  75  2  0
34  28  56  75  2  0
34  29  56  75  2  0
34  30  56  75  2  0
34  31  56  75  2  0
34  32  56  75  2  0
34  33  56  75  3  2  1  1  1  1  1
34  35  56  75  2  0
34  36  56  75  2  0
34  37  56  75  2  0
34  38  56  75  2  0
34  39  56  75  2  0
34  40  56  75  2  0
34  41  56  75  2  0
34  42  56  75  2  0
34  43  56  75  2  0
34  44  56  75  2  0
34  45  56  75  2  0
34  46  56  75  2  0
34  47  56  75  2  0
34  48  56  75  2  0
34  49  56  75  2  0
34  50  56  75  2  0
34  51  56  75  2  0
34  52  56  75  2  0
34  53  56  75  2  0
34  54  56  75  2  0
34  55  56  75  2  0
34  56  56  75  2  0
34  57  56  75  2  0
34  58  56  75  2  0
34  59  56  75  2  0
35  0  56  75  2  0
35  1  56  75  2  0
35  2  56  75  3  2  1  1  1  1  1
35  3  56  75  2  0
35  4  56  75  2  0
35  5  56  75  2  0
35  6  56  75  2  0
35  7  56  75  2  0
35  8  56  75  2  0
35  9  56  75  2  0
35  10  56  75  2  0
35  11  56  75  2  0
35  12  56  75  2  0
35  13  56  75  2  0
35  14  56  75  2  0
35  15  56  75  2  0
35  16  56  75  2  0
35  17  56  75  2  0
35  18  56  75  2  0
35  19  56  75  2  0
35  20  56  75  2  0
35  21  56  75  2  0
35  22  56  75  2  0
35  23  56  75  2  0
35  24  56  75  2  0
35  25  56  75  2  0
35  26  56  75  2  0
35  27  56  75  2  0
35  28  56  75  2  0
35  29  56  75  2  0
35  30  56  75  2  0
35  31  56  75  2  0
35  32  56  75  2  0
35  33  56  75  2  0
35  34  56  75  2  0
35  36  56  75  2  0
35  37  56  75  2  0
35  38  56  75  2  0
35  39  56  75  2  0
35  40  56  75  2  0
35  41  56  75  2  0
35  42  56  75  2  0
35  43  56  75  2  0
35  44  56  75  2  0
35  45  56  75  2  0
35  46  56  75  2  0
35  47  56  75  2  0
35  48  56  75  2  0
35  49  56  75  2  0
35  50  56  75  2  0
35  51  56  75  2  0
35  52  56  75  2  0
35  53  56  75  2  0
35  54  56  75  2  0
35  55  56  75  2  0
35  56  56  75  2  0
35  57  56  75  2  0
35  58  56  75  2  0
35  59  56  75  2  0
36  0  56  75  2  0
36  1  56  75  2  0
36  2  56  75  2  0
36  3  56  75  2  0
36  4  56  75  2  0
36  5  56  75  2  0
36  6  56  75  2  0
36  7  56  75  2  0
36  8  56  75  2  0
36  9  56  75  2  0
36  10  56  75  2  0
36  11  56  75  2  0
36  12  56  75  2  0
36  13  56  75  2  0
36  14  56  75  2  0
36  15  56  75  2  0
36  16  56  75  2  0
36  17  56  75  2  0
36  18  56  75  2  0
36  19  56  75  2  0
36  20  56  75  2  0
36  21  56  75  2  0
36  22  56  75  2  0
36  23  56  75  2  0
36  24  56  75  2  0
36  25  56  75  2  0
36  26  56  75  2  0
36  27  56  75  2  0
36  28  56  75  2  0
36  29  56  75  2  0
36  30  56  75  2  0
36  31  56  75  2  0
36  32  56  75  2  0
36  33  56  75  2  0
36  34  56  75  2  0
36  35  56  75  2  0
36  37  56  75  2  0
36  38  56  75  2  0
36  39  56  75  2  0
36  40  56  75  2  0
36  41  56  75  2  0
36  42  56  75  2  0
36  43  56  75  2  0
36  44  56  75  2  0
36  45  56  75  2  0
36  46  56  75  2  0
36  47  56  75  2  0
36  48  56  75  2  0
36  49  56  75  2  0
36  50  56  75  2  0
36  51  56  75  2  0
36  52  56  75  2  0
36  53  56  75  2  0
36  54  56  75  2  0
36  55  56  75  2  0
36  56  56  75  2  0
36  57  56  75  2  0
36  58  56  75  2  0
36  59  56  75  2  0
37  0  56  75  2  0
37  1  56  75  2  0
37  2  56  75  2  0
37  3  56  75  2  0
37  4  56  75  2  0
37  5  56  75  2  0
37  6  56  75  2  0
37  7  56  75  2  0
37  8  56  75  2  0
37  9  56  75  2  0
37  10  56  75  2  0
37  11  56  75  2  0
37  12  56  75  2  0
37  13  56  75  2  0
37  14  56  75  2  0
37  15  56  75  2  0
37  16  56  75  2  0
37  17  56  75  2  0
37  18  56  75  2  0
37  19  56  75  2  0
37  20  56  75  2  0
37  21  56  75  2  0
37  22  56  75  2  0
37  23  56  75  2  0
37  24  56  75  2  0
37  25  56  75  2  0
37  26  56  75  2  0
37  27  56  75  2  0
37  28  56  75  2  0
37  29  56  75  2  0
37  30  56  75  2  0
37  31  56  75  2  0
37  32  56  75  2  0
37  33  56  75  2  0
37  34  56  75  2  0
37  35  56  75  2  0
37  36  56  75  2  0
37  38  56  75  2  0
37  39  56  75  2  0
37  40  56  75  2  0
37  41  56  75  2  0
37  42  56  75  2  0
37  43  56  75  2  0
37  44  56  75  2  0
37  45  56  75  2  0
37  46  56  75  2  0
37  47  56  75  2  0
37  48  56  75  2  0
37  49  56  75  2  0
37  50  56  75  2  0
37  51  56  75  2  0
37  52  56  75  2  0
37  53  56  75  2  0
37  54  56  75  2  0
37  55  56  75  2  0
37  56  56  75  2  0
37  57  56  75  2  0
37  58  56  75  2  0
37  59  56  75  2  0
38  0  56  75  2  0
38  1  56  75  2  0
38  2  56  75  2  0
38  3  56  75  2  0
38  4  56  75  2  0
38  5  56  75  2  0
38  6  56  75  2  0
38  7  56  75  2  0
38  8  56  75  2  0
38  9  56  75  2  0
38  10  56  75  2  0
38  11  56  75  2  0
38  12  56  75  2  0
38  13  56  75  2  0
38  14  56  75  2  0
38  15  56  75  2  0
38  16  56  75  2  0
38  17  56  75  2  0
38  18  56  75  2  0
38  19  56  75  2  0
38  20  56  75  2  0
38  21  56  75  2  0
38  22  56  75  2  0
38  23  56  75  2  0
38  24  56  75  2  0
38  25  56  75  2  0
38  26  56  75  2  0
38  27  56  75  2  0
38  28  56  75  2  0
38  29  56  75  2  0
38  30  56  75  2  0
38  31  56  75  2  0
38  32  56  75  2  0
38  33  56  75  2  0
38  34  56  75  2  0
38  35  56  75  2  0
38  36  56  75  2  0
38  37  56  75  2  0
38  39  56  75  2  0
38  40  56  75  2  0
38  41  56  75  2  0
38  42  56  75  2  0
38  43  56  75  2  0
38  44  56  75  2  0
38  45  56  75  2  0
38  46  56  75  2  0
38  47  56  75  2  0
38  48  56  75  2  0
38  49  56  75  2  0
38  50  56  75  2  0
38  51  56  75  2  0
38  52  56  75  2  0
38  53  56  75  2  0
38  54  56  75  2  0
38  55  56  75  2  0
38  56  56  75  2  0
38  57  56  75  2  0
38  58  56  75  2  0
38  59  56  75  2  0
39  0  56  75  2  0
39  1  56  75  2  0
39  2  56  75  2  0
39  3  56  75  2  0
39  4  56  75  2  0
39  5  56  75  2  0
39  6  56  75  2  0
39  7  56  75  2  0
39  8  56  75  2  0
39  9  56  75  2  0
39  10  56  75  2  0
39  11  56  75  2  0
39  12  56  75  2  0
39  13  56  75  2  0
39  14  56  75  2  0
39  15  56  75  2  0
39  16  56  75  2  0
39  17  56  75  2  0
39  18  56  75  2  0
39  19  56  75  2  0
39  20  56  75  2  0
39  21  56  75  2  0
39  22  56  75  2  0
39  23  56  75  2  0
39  24  56  75  2  0
39  25  56  75  2  0
39  26  56  75  2  0
39  27  56  75  2  0
39  28  56  75  2  0
39  29  56  75  2  0
39  30  56  75  2  0
39  31  56  75  2  0
39  32  56  75  2  0
39  33  56  75  2  0
39  34  56  75  2  0
39  35  56  75  2  0
39  36  56  75  2  0
39  37  56  75  2  0
39  38  56  75  2  0
39  40  56  75  2  0
39  41  56  75  2  0
39  42  56  75  2  0
39  43  56  75  2  0
39  44  56  75  2  0
39  45  56  75  2  0
39  46  56  75  2  0
39  47  56  75  2  0
39  48  56  75  2  0
39  49  56  75  2  0
39  50  56  75  2  0
39  51  56  75  2  0
39  52  56  75  2  0
39  53  56  75  2  0
39  54  56  75  2  0
39  55  56  75  2  0
39  56  56  75  2  0
39  57  56  75  2  0
39  58  56  75  2  0
39  59  56  75  2  0
40  0  56  75  7  10  1  1  9  1  1
40  1  56  75  8  11  1  1  10  1  1
40  2  56  75  9  14  2  2  11  1  2  1  1
40  3  56  75  7  10  1  1  9  1  1
40  4  56  75  2  0
40  5  56  75  7  10  1  1  9  1  1
40  6  56  75  7  10  1  1  9  1  1
40  7  56  75  8  11  1  1  10  1  1
40  8  56  75  2  0
40  9  56  75  2  0
40  10  56  75  9  13  2  1  1  1  11  1  1
40  11  56  75  3  2  1  1  1  1  1
40  12  56  75  2  0
40  13  56  75  2  0
40  14  56  75  7  10  1  1  9  1  1
40  15  56  75  10  16  3  1  1  3  11  1  3  1  1
40  16  56  75  2  0
40  17  56  75  2  0
40  18  56  75  2  0
40  19  56  75  7  10  1  1  9  1  1
40  20  56  75  3  2  1  1  1  1  1
40  21  56  75  2  0
40  22  56  75  7  10  1  1  9  1  1
40  23  56  75  2  0
40  24  56  75  2  0
40  25  56  75  7  10  1  1  9  1  1
40  26  56  75  8  11  1  1  10  1  1
40  27  56  75  2  0
40  28  56  75  3  2  1  1  1  1  1
40  29  56  75  8  11  1  1  10  1  1
40  30  56  75  2  0
40  31  56  75  2  0
40  32  56  75  7  10  1  1  9  1  1
40  33  56  75  10  16  3  1  1  3  11  1  3  1  1
40  34  56  75  2  0
40  35  56  75  8  12  1  1  11  1  1
40  36  56  75  2  0
40  37  56  75  2  0
40  38  56  75  8  12  1  1  11  1  1
40  39  56  75  8  11  1  1  10  1  1
40  41  56  75  10  16  3  1  1  3  11  1  3  1  1
40  42  56  75  8  11  1  1  10  1  1
40  43  56  75  2  0
40  44  56  75  2  0
40  45  56  75  2  0
40  46  56  75  7  10  1  1  9  1  1
40  47  56  75  3  2  1  1  1  1  1
40  48  56  75  3  2  1  1  1  1  1
40  49  56  75  2  0
40  50  56  75  10  16  3  1  1  3  11  1  3  1  1
40  51  56  75  7  10  1  1  9  1  1
40  52  56  75  8  12  1  1  11  1  1
40  53  56  75  7  10  1  1  9  1  1
40  54  56  75  2  0
40  55  56  75  2  0
40  56  56  75  2  0
40  57  56  75  8  12  1  1  11  1  1
40  58  56  75  2  0
40  59  56  75  10  16  3  1  1  3  11  1  3  1  1
41  0  56  75  2  0
41  1  56  75  2  0
41  2  56  75  2  0
41  3  56  75  2  0
41  4  56  75  2  0
41  5  56  75  2  0
41  6  56  75  2  0
41  7  56  75  2  0
41  8  56  75  2  0
41  9  56  75  2  0
41  10  56  75  2  0
41  11  56  75  2  0
41  12  56  75  2  0
41  13  56  75  2  0
41  14  56  75  2  0
41  15  56  75  2  0
41  16  56  75  2  0
41  17  56  75  2  0
41  18  56  75  2  0
41  19  56  75  2  0
41  20  56  75  2  0
41  21  56  75  2  0
41  22  56  75  2  0
41  23  56  75  2  0
41  24  56  75  2  0
41  25  56  75  2  0
41  26  56  75  2  0
41  27  56  75  2  0
41  28  56  75  2  0
41  29  56  75  2  0
41  30  56  75  2  0
41  31  56  75  2  0
41  32  56  75  2  0
41  33  56  75  3  2  1  1  1  1  1
41  34  56  75  2  0
41  35  56  75  2  0
41  36  56  75  2  0
41  37  56  75  2  0
41  38  56  75  2  0
41  39  56  75  2  0
41  40  56  75  2  0
41  42  56  75  2  0
41  43  56  75  2  0
41  44  56  75  2  0
41  45  56  75  2  0
41  46  56  75  2  0
41  47  56  75  2  0
41  48  56  75  2  0
41  49  56  75  2  0
41  50  56  75  3  2  1  1  1  1  1
41  51  56  75  2  0
41  52  56  75  2  0
41  53  56  75  2  0
41  54  56  75  2  0
41  55  56  75  2  0
41  56  56  75  2  0
41  57  56  75  2  0
41  58  56  75  2  0
41  59  56  75  2  0
42  0  56  75  8  11  1  1  10  1  1
42  1  56  75  9  12  1  1  11  1  1
42  2  56  75  10  15  2  2  12  1  2  1  1
42  3  56  75  8  11  1  1  10  1  1
42  4  56  75  2  0
42  5  56  75  8  11  1  1  10  1  1
42  6  56  75  8  11  1  1  10  1  1
42  7  56  75  9  12  1  1  11  1  1
42  8  56  75  2  0
42  9  56  75  2  0
42  10  56  75  8  11  1  1  10  1  1
42  11  56  75  2  0
42  12  56  75  2  0
42  13  56  75  2  0
42  14  56  75  8  11  1  1  10  1  1
42  15  56  75  9  14  2  3  10  1  3  1  1
42  16  56  75  2  0
42  17  56  75  2  0
42  18  56  75  2  0
42  19  56  75  8  11  1  1  10  1  1
42  20  56  75  2  0
42  21  56  75  2  0
42  22  56  75  8  11  1  1  10  1  1
42  23  56  75  2  0
42  24  56  75  2  0
42  25  56  75  8  11  1  1  10  1  1
42  26  56  75  8  11  1  1  10  1  1
42  27  56  75  2  0
42  28  56  75  2  0
42  29  56  75  9  12  1  1  11  1  1
42  30  56  75  2  0
42  31  56  75  2  0
42  32  56  75  8  11  1  1  10  1  1
42  33  56  75  9  14  2  3  10  1  3  1  1
42  34  56  75  2  0
42  35  56  75  9  13  1  1  12  1  1
42  36  56  75  2  0
42  37  56  75  2  0
42  38  56  75  9  13  1  1  12  1  1
42  39  56  75  8  11  1  1  10  1  1
42  40  56  75  2  0
42  41  56  75  9  14  2  3  10  1  3  1  1
42  43  56  75  2  0
42  44  56  75  2  0
42  45  56  75  2  0
42  46  56  75  8  11  1  1  10  1  1
42  47  56  75  2  0
42  48  56  75  2  0
42  49  56  75  2  0
42  50  56  75  9  14  2  3  10  1  3  1  1
42  51  56  75  8  11  1  1  10  1  1
42  52  56  75  9  13  1  1  12  1  1
42  53  56  75  8  11  1  1  10  1  1
42  54  56  75  2  0
42  55  56  75  2  0
42  56  56  75  2  0
42  57  56  75  9  13  1  1  12  1  1
42  58  56  75  2  0
42  59  56  75  9  14  2  3  10  1  3  1  1
43  0  56  75  8  12  1  1  11  1  1
43  1  56  75  9  13  1  1  12  1  1
43  2  56  75  10  15  2  2  12  1  2  1  1
43  3  56  75  8  12  1  1  11  1  1
43  4  56  75  2  0
43  5  56  75  8  12  1  1  11  1  1
43  6  56  75  8  12  1  1  11  1  1
43  7  56  75  9  13  1  1  12  1  1
43  8  56  75  2  0
43  9  56  75  2  0
43  10  56  75  8  12  1  1  11  1  1
43  11  56  75  2  0
43  12  56  75  2  0
43  13  56  75  2  0
43  14  56  75  8  12  1  1  11  1  1
43  15  56  75  9  15  2  3  11  1  3  1  1
43  16  56  75  2  0
43  17  56  75  2  0
43  18  56  75  2  0
43  19  56  75  8  12  1  1  11  1  1
43  20  56  75  2  0
43  21  56  75  2  0
43  22  56  75  8  12  1  1  11  1  1
43  23  56  75  2  0
43  24  56  75  2  0
43  25  56  75  8  12  1  1  11  1  1
43  26  56  75  9  13  1  1  12  1  1
43  27  56  75  2  0
43  28  56  75  2  0
43  29  56  75  9  13  1  1  12  1  1
43  30  56  75  2  0
43  31  56  75  2  0
43  32  56  75  8  12  1  1  11  1  1
43  33  56  75  9  15  2  3  11  1  3  1  1
43  34  56  75  2  0
43  35  56  75  9  13  1  1  12  1  1
43  36  56  75  2  0
43  37  56  75  2  0
43  38  56  75  9  13  1  1  12  1  1
43  39  56  75  9  13  1  1  12  1  1
43  40  56  75  2  0
43  41  56  75  9  15  2  3  11  1  3  1  1
43  42  56  75  9  13  1  1  12  1  1
43  44  56  75  2  0
43  45  56  75  2  0
43  46  56  75  8  12  1  1  11  1  1
43  47  56  75  2  0
43  48  56  75  2  0
43  49  56  75  2  0
43  50  56  75  9  15  2  3  11  1  3  1  1
43  51  56  75  8  12  1  1  11  1  1
43  52  56  75  9  13  1  1  12  1  1
43  53  56  75  8  12  1  1  11  1  1
43  54  56  75  2  0
43  55  56  75  2  0
43  56  56  75  2  0
43  57  56  75  8  12  1  1  11  1  1
43  58  56  75  2  0
43  59  56  75  9  15  2  3  11  1  3  1  1
44  0  56  75  7  10  1  1  9  1  1
44  1  56  75  8  11  1  1  10  1  1
44  2  56  75  9  14  2  2  11  1  2  1  1
44  3  56  75  7  10  1  1  9  1  1
44  4  56  75  2  0
44  5  56  75  7  10  1  1  9  1  1
44  6  56  75  7  10  1  1  9  1  1
44  7  56  75  8  11  1  1  10  1  1
44  8  56  75  2  0
44  9  56  75  2  0
44  10  56  75  7  10  1  1  9  1  1
44  11  56  75  3  2  1  1  1  1  1
44  12  56  75  2  0
44  13  56  75  2  0
44  14  56  75  7  10  1  1  9  1  1
44  15  56  75  8  13  2  3  9  1  3  1  1
44  16  56  75  2  0
44  17  56  75  2  0
44  18  56  75  3  2  1  1  1  1  1
44  19  56  75  7  10  1  1  9  1  1
44  20  56  75  3  2  1  1  1  1  1
44  21  56  75  2  0
44  22  56  75  7  10  1  1  9  1  1
44  23  56  75  2  0
44  24  56  75  2  0
44  25  56  75  7  10  1  1  9  1  1
44  26  56  75  8  11  1  1  10  1  1
44  27  56  75  2  0
44  28  56  75  3  2  1  1  1  1  1
44  29  56  75  8  11  1  1  10  1  1
44  30  56  75  2  0
44  31  56  75  3  2  1  1  1  1  1
44  32  56  75  7  10  1  1  9  1  1
44  33  56  75  8  13  2  3  9  1  3  1  1
44  34  56  75  2  0
44  35  56  75  8  12  1  1  11  1  1
44  36  56  75  2  0
44  37  56  75  2  0
44  38  56  75  8  12  1  1  11  1  1
44  39  56  75  8  11  1  1  10  1  1
44  40  56  75  2  0
44  41  56  75  8  13  2  3  9  1  3  1  1
44  42  56  75  8  11  1  1  10  1  1
44  43  56  75  2  0
44  45  56  75  2  0
44  46  56  75  7  10  1  1  9  1  1
44  47  56  75  3  2  1  1  1  1  1
44  48  56  75  2  0
44  49  56  75  2  0
44  50  56  75  8  13  2  3  9  1  3  1  1
44  51  56  75  7  10  1  1  9  1  1
44  52  56  75  8  12  1  1  11  1  1
44  53  56  75  7  10  1  1  9  1  1
44  54  56  75  2  0
44  55  56  75  2  0
44  56  56  75  2  0
44  57  56  75  8  12  1  1  11  1  1
44  58  56  75  2  0
44  59  56  75  8  13  2  3  9  1  3  1  1
45  0  56  75  2  0
45  1  56  75  2  0
45  2  56  75  2  0
45  3  56  75  2  0
45  4  56  75  2  0
45  5  56  75  2  0
45  6  56  75  2  0
45  7  56  75  2  0
45  8  56  75  2  0
45  9  56  75  2  0
45  10  56  75  2  0
45  11  56  75  2  0
45  12  56  75  2  0
45  13  56  75  2  0
45  14  56  75  2  0
45  15  56  75  2  0
45  16  56  75  2  0
45  17  56  75  2  0
45  18  56  75  2  0
45  19  56  75  2  0
45  20  56  75  2  0
45  21  56  75  2  0
45  22  56  75  2  0
45  23  56  75  2  0
45  24  56  75  2  0
45  25  56  75  2  0
45  26  56  75  2  0
45  27  56  75  2  0
45  28  56  75  2  0
45  29  56  75  2  0
45  30  56  75  2  0
45  31  56  75  2  0
45  32  56  75  2  0
45  33  56  75  2  0
45  34  56  75  2  0
45  35  56  75  2  0
45  36  56  75  2  0
45  37  56  75  2  0
45  38  56  75  2  0
45  39  56  75  2  0
45  40  56  75  2  0
45  41  56  75  2  0
45  42  56  75  2  0
45  43  56  75  2  0
45  44  56  75  2  0
45  46  56  75  2  0
45  47  56  75  2  0
45  48  56  75  2  0
45  49  56  75  2  0
45  50  56  75  2  0
45  51  56  75  2  0
45  52  56  75  2  0
45  53  56  75  2  0
45  54  56  75  2  0
45  55  56  75  2  0
45  56  56  75  2  0
45  57  56  75  2  0
45  58  56  75  2  0
45  59  56  75  2  0
46  0  56  75  2  0
46  1  56  75  2  0
46  2  56  75  2  0
46  3  56  75  2  0
46  4  56  75  2  0
46  5  56  75  2  0
46  6  56  75  2  0
46  7  56  75  2  0
46  8  56  75  2  0
46  9  56  75  2  0
46  10  56  75  2  0
46  11  56  75  2  0
46  12  56  75  2  0
46  13  56  75  2  0
46  14  56  75  2  0
46  15  56  75  2  0
46  16  56  75  2  0
46  17  56  75  2  0
46  18  56  75  2  0
46  19  56  75  2  0
46  20  56  75  2  0
46  21  56  75  2  0
46  22  56  75  2  0
46  23  56  75  2  0
46  24  56  75  2  0
46  25  56  75  2  0
46  26  56  75  2  0
46  27  56  75  2  0
46  28  56  75  2  0
46  29  56  75  2  0
46  30  56  75  2  0
46  31  56  75  2  0
46  32  56  75  2  0
46  33  56  75  2  0
46  34  56  75  2  0
46  35  56  75  2  0
46  36  56  75  2  0
46  37  56  75  2  0
46  38  56  75  2  0
46  39  56  75  2  0
46  40  56  75  2  0
46  41  56  75  2  0
46  42  56  75  2  0
46  43  56  75  2  0
46  44  56  75  2  0
46  45  56  75  2  0
46  47  56  75  2  0
46  48  56  75  2  0
46  49  56  75  2  0
46  50  56  75  2  0
46  51  56  75  2  0
46  52  56  75  2  0
46  53  56  75  2  0
46  54  56  75  2  0
46  55  56  75  2  0
46  56  56  75  2  0
46  57  56  75  2  0
46  58  56  75  2  0
46  59  56  75  2  0
47  0  56  75  2  0
47  1  56  75  2  0
47  2  56  75  2  0
47  3  56  75  2  0
47  4  56  75  2  0
47  5  56  75  2  0
47  6  56  75  2  0
47  7  56  75  2  0
47  8  56  75  2  0
47  9  56  75  2  0
47  10  56  75  2  0
47  11  56  75  2  0
47  12  56  75  2  0
47  13  56  75  2  0
47  14  56  75  2  0
47  15  56  75  2  0
47  16  56  75  2  0
47  17  56  75  2  0
47  18  56  75  2  0
47  19  56  75  2  0
47  20  56  75  3  2  1  1  1  1  1
47  21  56  75  2  0
47  22  56  75  2  0
47  23  56  75  2  0
47  24  56  75  2  0
47  25  56  75  2  0
47  26  56  75  2  0
47  27  56  75  2  0
47  28  56  75  2  0
47  29  56  75  2  0
47  30  56  75  2  0
47  31  56  75  2  0
47  32  56  75  2  0
47  33  56  75  2  0
47  34  56  75  2  0
47  35  56  75  2  0
47  36  56  75  2  0
47  37  56  75  2  0
47  38  56  75  2  0
47  39  56  75  2  0
47  40  56  75  2  0
47  41  56  75  2  0
47  42  56  75  2  0
47  43  56  75  2  0
47  44  56  75  2  0
47  45  56  75  2  0
47  46  56  75  2  0
47  48  56  75  2  0
47  49  56  75  2  0
47  50  56  75  2  0
47  51  56  75  2  0
47  52  56  75  2  0
47  53  56  75  2  0
47  54  56  75  2  0
47  55  56  75  2  0
47  56  56  75  2  0
47  57  56  75  2  0
47  58  56  75  2  0
47  59  56  75  2  0
48  0  56  75  2  0
48  1  56  75  2  0
48  2  56  75  2  0
48  3  56  75  2  0
48  4  56  75  2  0
48  5  56  75  2  0
48  6  56  75  2  0
48  7  56  75  2  0
48  8  56  75  2  0
48  9  56  75  2  0
48  10  56  75  2  0
48  11  56  75  2  0
48  12  56  75  2  0
48  13  56  75  2  0
48  14  56  75  2  0
48  15  56  75  2  0
48  16  56  75  2  0
48  17  56  75  2  0
48  18  56  75  2  0
48  19  56  75  2  0
48  20  56  75  2  0
48  21  56  75  2  0
48  22  56  75  2  0
48  23  56  75  2  0
48  24  56  75  2  0
48  25  56  75  2  0
48  26  56  75  2  0
48  27  56  75  2  0
48  28  56  75  2  0
48  29  56  75  2  0
48  30  56  75  2  0
48  31  56  75  2  0
48  32  56  75  2  0
48  33  56  75  2  0
48  34  56  75  2  0
48  35  56  75  2  0
48  36  56  75  2  0
48  37  56  75  2  0
48  38  56  75  2  0
48  39  56  75  2  0
48  40  56  75  2  0
48  41  56  75  2  0
48  42  56  75  2  0
48  43  56  75  2  0
48  44  56  75  2  0
48  45  56  75  2  0
48  46  56  75  2  0
48  47  56  75  2  0
48  49  56  75  2  0
48  50  56  75  2  0
48  51  56  75  2  0
48  52  56  75  2  0
48  53  56  75  2  0
48  54  56  75  2  0
48  55  56  75  2  0
48  56  56  75  2  0
48  57  56  75  2  0
48  58  56  75  2  0
48  59  56  75  2  0
49  0  56  75  2  0
49  1  56  75  2  0
49  2  56  75  2  0
49  3  56  75  2  0
49  4  56  75  2  0
49  5  56  75  2  0
49  6  56  75  2  0
49  7  56  75  2  0
49  8  56  75  2  0
49  9  56  75  2  0
49  10  56  75  2  0
49  11  56  75  2  0
49  12  56  75  2  0
49  13  56  75  2  0
49  14  56  75  2  0
49  15  56  75  2  0
49  16  56  75  2  0
49  17  56  75  2  0
49  18  56  75  2  0
49  19  56  75  2  0
49  20  56  75  2  0
49  21  56  75  2  0
49  22  56  75  2  0
49  23  56  75  2  0
49  24  56  75  2  0
49  25  56  75  2  0
49  26  56  75  2  0
49  27  56  75  2  0
49  28  56  75  2  0
49  29  56  75  2  0
49  30  56  75  2  0
49  31  56  75  2  0
49  32  56  75  2  0
49  33  56  75  2  0
49  34  56  75  2  0
49  35  56  75  2  0
49  36  56  75  2  0
49  37  56  75  2  0
49  38  56  75  2  0
49  39  56  75  2  0
49  40  56  75  2  0
49  41  56  75  2  0
49  42  56  75  2  0
49  43  56  75  2  0
49  44  56  75  2  0
49  45  56  75  2  0
49  46  56  75  3  2  1  1  1  1  1
49  47  56  75  2  0
49  48  56  75  2  0
49  50  56  75  2  0
49  51  56  75  2  0
49  52  56  75  2  0
49  53  56  75  2  0
49  54  56  75  2  0
49  55  56  75  2  0
49  56  56  75  2  0
49  57  56  75  2  0
49  58  56  75  2  0
49  59  56  75  2  0
50  0  56  75  2  0
50  1  56  75  2  0
50  2  56  75  2  0
50  3  56  75  2  0
50  4  56  75  2  0
50  5  56  75  2  0
50  6  56  75  2  0
50  7  56  75  2  0
50  8  56  75  2  0
50  9  56  75  2  0
50  10  56  75  2  0
50  11  56  75  2  0
50  12  56  75  2  0
50  13  56  75  2  0
50  14  56  75  2  0
50  15  56  75  2  0
50  16  56  75  2  0
50  17  56  75  2  0
50  18  56  75  2  0
50  19  56  75  2  0
50  20  56  75  2  0
50  21  56  75  2  0
50  22  56  75  2  0
50  23  56  75  2  0
50  24  56  75  2  0
50  25  56  75  2  0
50  26  56  75  2  0
50  27  56  75  2  0
50  28  56  75  2  0
50  29  56  75  2  0
50  30  56  75  2  0
50  31  56  75  2  0
50  32  56  75  2  0
50  33  56  75  2  0
50  34  56  75  2  0
50  35  56  75  2  0
50  36  56  75  2  0
50  37  56  75  2  0
50  38  56  75  2  0
50  39  56  75  2  0
50  40  56  75  2  0
50  41  56  75  2  0
50  42  56  75  2  0
50  43  56  75  2  0
50  44  56  75  2  0
50  45  56  75  2  0
50  46  56  75  2  0
50  47  56  75  2  0
50  48  56  75  2  0
50  49  56  75  2  0
50  51  56  75  2  0
50  52  56  75  2  0
50  53  56  75  2  0
50  54  56  75  2  0
50  55  56  75  2  0
50  56  56  75  2  0
50  57  56  75  2  0
50  58  56  75  2  0
50  59  56  75  2  0
51  0  56  75  2  0
51  1  56  75  2  0
51  2  56  75  2  0
51  3  56  75  2  0
51  4  56  75  2  0
51  5  56  75  2  0
51  6  56  75  2  0
51  7  56  75  2  0
51  8  56  75  2  0
51  9  56  75  2  0
51  10  56  75  3  2  1  1  1  1  1
51  11  56  75  2  0
51  12  56  75  2  0
51  13  56  75  2  0
51  14  56  75  2  0
51  15  56  75  3  2  1  1  1  1  1
51  16  56  75  2  0
51  17  56  75  2  0
51  18  56  75  2  0
51  19  56  75  2  0
51  20  56  75  2  0
51  21  56  75  2  0
51  22  56  75  2  0
51  23  56  75  2  0
51  24  56  75  2  0
51  25  56  75  2  0
51  26  56  75  2  0
51  27  56  75  2  0
51  28  56  75  2  0
51  29  56  75  2  0
51  30  56  75  2  0
51  31  56  75  2  0
51  32  56  75  2  0
51  33  56  75  3  2  1  1  1  1  1
51  34  56  75  2  0
51  35  56  75  2  0
51  36  56  75  2  0
51  37  56  75  2  0
51  38  56  75  2  0
51  39  56  75  2  0
51  40  56  75  2  0
51  41  56  75  3  2  1  1  1  1  1
51  42  56  75  2  0
51  43  56  75  2  0
51  44  56  75  2  0
51  45  56  75  2  0
51  46  56  75  2  0
51  47  56  75  2  0
51  48  56  75  2  0
51  49  56  75  2  0
51  50  56  75  3  2  1  1  1  1  1
51  52  56  75  2  0
51  53  56  75  2  0
51  54  56  75  2  0
51  55  56  75  2  0
51  56  56  75  2  0
51  57  56  75  2  0
51  58  56  75  2  0
51  59  56  75  3  2  1  1  1  1  1
52  0  56  75  8  12  1  1  11  1  1
52  1  56  75  9  13  1  1  12  1  1
52  2  56  75  9  14  2  2  11  1  2  1  1
52  3  56  75  8  12  1  1  11  1  1
52  4  56  75  2  0
52  5  56  75  8  12  1  1  11  1  1
52  6  56  75  8  12  1  1  11  1  1
52  7  56  75  9  13  1  1  12  1  1
52  8  56  75  2  0
52  9  56  75  2  0
52  10  56  75  8  12  1  1  11  1  1
52  11  56  75  2  0
52  12  56  75  2  0
52  13  56  75  2  0
52  14  56  75  8  12  1  1  11  1  1
52  15  56  75  9  15  2  3  11  1  3  1  1
52  16  56  75  2  0
52  17  56  75  2  0
52  18  56  75  2  0
52  19  56  75  8  12  1  1  11  1  1
52  20  56  75  2  0
52  21  56  75  2  0
52  22  56  75  8  12  1  1  11  1  1
52  23  56  75  2  0
52  24  56  75  2  0
52  25  56  75  8  12  1  1  11  1  1
52  26  56  75  9  13  1  1  12  1  1
52  27  56  75  2  0
52  28  56  75  2  0
52  29  56  75  9  13  1  1  12  1  1
52  30  56  75  2  0
52  31  56  75  2  0
52  32  56  75  8  12  1  1  11  1  1
52  33  56  75  9  15  2  3  11  1  3  1  1
52  34  56  75  2  0
52  35  56  75  8  12  1  1  11  1  1
52  36  56  75  2  0
52  37  56  75  2  0
52  38  56  75  8  12  1  1  11  1  1
52  39  56  75  9  13  1  1  12  1  1
52  40  56  75  2  0
52  41  56  75  9  15  2  3  11  1  3  1  1
52  42  56  75  9  13  1  1  12  1  1
52  43  56  75  2  0
52  44  56  75  2  0
52  45  56  75  2  0
52  46  56  75  8  12  1  1  11  1  1
52  47  56  75  2  0
52  48  56  75  2  0
52  49  56  75  2  0
52  50  56  75  9  15  2  3  11  1  3  1  1
52  51  56  75  8  12  1  1  11  1  1
52  53  56  75  8  12  1  1  11  1  1
52  54  56  75  2  0
52  55  56  75  2  0
52  56  56  75  2  0
52  57  56  75  9  13  1  1  12  1  1
52  58  56  75  2  0
52  59  56  75  9  15  2  3  11  1  3  1  1
53  0  56  75  2  0
53  1  56  75  2  0
53  2  56  75  2  0
53  3  56  75  3  2  1  1  1  1  1
53  4  56  75  2  0
53  5  56  75  2  0
53  6  56  75  2  0
53  7  56  75  2  0
53  8  56  75  2  0
53  9  56  75  2  0
53  10  56  75  2  0
53  11  56  75  2  0
53  12  56  75  2  0
53  13  56  75  2  0
53  14  56  75  2  0
53  15  56  75  2  0
53  16  56  75  2  0
53  17  56  75  2  0
53  18  56  75  2  0
53  19  56  75  2  0
53  20  56  75  2  0
53  21  56  75  2  0
53  22  56  75  2  0
53  23  56  75  2  0
53  24  56  75  2  0
53  25  56  75  2  0
53  26  56  75  2  0
53  27  56  75  2  0
53  28  56  75  2  0
53  29  56  75  2  0
53  30  56  75  2  0
53  31  56  75  2  0
53  32  56  75  2  0
53  33  56  75  2  0
53  34  56  75  2  0
53  35  56  75  2  0
53  36  56  75  2  0
53  37  56  75  2  0
53  38  56  75  2  0
53  39  56  75  2  0
53  40  56  75  2  0
53  41  56  75  2  0
53  42  56  75  2  0
53  43  56  75  2  0
53  44  56  75  2  0
53  45  56  75  2  0
53  46  56  75  3  2  1  1  1  1  1
53  47  56  75  2  0
53  48  56  75  2  0
53  49  56  75  2  0
53  50  56  75  2  0
53  51  56  75  2  0
53  52  56  75  2  0
53  54  56  75  2  0
53  55  56  75  2  0
53  56  56  75  2  0
53  57  56  75  2  0
53  58  56  75  2  0
53  59  56  75  2  0
54  0  56  75  2  0
54  1  56  75  2  0
54  2  56  75  2  0
54  3  56  75  2  0
54  4  56  75  2  0
54  5  56  75  2  0
54  6  56  75  2  0
54  7  56  75  2  0
54  8  56  75  2  0
54  9  56  75  2  0
54  10  56  75  2  0
54  11  56  75  2  0
54  12  56  75  2  0
54  13  56  75  2  0
54  14  56  75  2  0
54  15  56  75  2  0
54  16  56  75  2  0
54  17  56  75  2  0
54  18  56  75  2  0
54  19  56  75  2  0
54  20  56  75  2  0
54  21  56  75  2  0
54  22  56  75  2  0
54  23  56  75  2  0
54  24  56  75  2  0
54  25  56  75  2  0
54  26  56  75  2  0
54  27  56  75  3  2  1  1  1  1  1
54  28  56  75  2  0
54  29  56  75  2  0
54  30  56  75  2  0
54  31  56  75  2  0
54  32  56  75  2  0
54  33  56  75  2  0
54  34  56  75  2  0
54  35  56  75  2  0
54  36  56  75  2  0
54  37  56  75  2  0
54  38  56  75  2  0
54  39  56  75  2  0
54  40  56  75  2  0
54  41  56  75  2  0
54  42  56  75  2  0
54  43  56  75  2  0
54  44  56  75  2  0
54  45  56  75  2  0
54  46  56  75  2  0
54  47  56  75  2  0
54  48  56  75  2  0
54  49  56  75  2  0
54  50  56  75  2  0
54  51  56  75  2  0
54  52  56  75  2  0
54  53  56  75  2  0
54  55  56  75  2  0
54  56  56  75  2  0
54  57  56  75  2  0
54  58  56  75  2  0
54  59  56  75  2  0
55  0  56  75  2  0
55  1  56  75  2  0
55  2  56  75  3  2  1  1  1  1  1
55  3  56  75  3  2  1  1  1  1  1
55  4  56  75  2  0
55  5  56  75  2  0
55  6  56  75  2  0
55  7  56  75  2  0
55  8  56  75  2  0
55  9  56  75  2  0
55  10  56  75  2  0
55  11  56  75  2  0
55  12  56  75  2  0
55  13  56  75  2  0
55  14  56  75  3  2  1  1  1  1  1
55  15  56  75  2  0
55  16  56  75  2  0
55  17  56  75  2  0
55  18  56  75  2  0
55  19  56  75  2  0
55  20  56  75  2  0
55  21  56  75  2  0
55  22  56  75  3  2  1  1  1  1  1
55  23  56  75  2  0
55  24  56  75  3  2  1  1  1  1  1
55  25  56  75  2  0
55  26  56  75  2  0
55  27  56  75  3  2  1  1  1  1  1
55  28  56  75  2  0
55  29  56  75  2  0
55  30  56  75  2  0
55  31  56  75  2  0
55  32  56  75  2  0
55  33  56  75  2  0
55  34  56  75  2  0
55  35  56  75  2  0
55  36  56  75  2  0
55  37  56  75  2  0
55  38  56  75  2  0
55  39  56  75  2  0
55  40  56  75  2  0
55  41  56  75  2  0
55  42  56  75  2  0
55  43  56  75  2  0
55  44  56  75  2  0
55  45  56  75  2  0
55  46  56  75  3  2  1  1  1  1  1
55  47  56  75  2  0
55  48  56  75  2  0
55  49  56  75  2  0
55  50  56  75  2  0
55  51  56  75  2  0
55  52  56  75  2  0
55  53  56  75  3  2  1  1  1  1  1
55  54  56  75  2  0
55  56  56  75  2  0
55  57  56  75  2  0
55  58  56  75  2  0
55  59  56  75  2  0
56  0  56  75  2  0
56  1  56  75  2  0
56  2  56  75  3  2  1  1  1  1  1
56  3  56  75  3  2  1  1  1  1  1
56  4  56  75  2  0
56  5  56  75  2  0
56  6  56  75  2  0
56  7  56  75  2  0
56  8  56  75  2  0
56  9  56  75  2  0
56  10  56  75  2  0
56  11  56  75  2  0
56  12  56  75  2  0
56  13  56  75  2  0
56  14  56  75  2  0
56  15  56  75  2  0
56  16  56  75  2  0
56  17  56  75  2  0
56  18  56  75  2  0
56  19  56  75  2  0
56  20  56  75  2  0
56  21  56  75  2  0
56  22  56  75  2  0
56  23  56  75  2  0
56  24  56  75  3  2  1  1  1  1  1
56  25  56  75  2  0
56  26  56  75  2  0
56  27  56  75  2  0
56  28  56  75  2  0
56  29  56  75  2  0
56  30  56  75  2  0
56  31  56  75  2  0
56  32  56  75  2  0
56  33  56  75  2  0
56  34  56  75  2  0
56  35  56  75  2  0
56  36  56  75  2  0
56  37  56  75  2  0
56  38  56  75  2  0
56  39  56  75  2  0
56  40  56  75  2  0
56  41  56  75  2  0
56  42  56  75  2  0
56  43  56  75  2  0
56  44  56  75  2  0
56  45  56  75  2  0
56  46  56  75  3  2  1  1  1  1  1
56  47  56  75  2  0
56  48  56  75  2  0
56  49  56  75  2  0
56  50  56  75  2  0
56  51  56  75  2  0
56  52  56  75  2  0
56  53  56  75  3  2  1  1  1  1  1
56  54  56  75  2  0
56  55  56  75  2  0
56  57  56  75  2  0
56  58  56  75  2  0
56  59  56  75  2  0
57  0  56  75  8  12  1  1  11  1  1
57  1  56  75  9  13  1  1  12  1  1
57  2  56  75  10  15  2  2  12  1  2  1  1
57  3  56  75  8  12  1  1  11  1  1
57  4  56  75  2  0
57  5  56  75  8  12  1  1  11  1  1
57  6  56  75  8  12  1  1  11  1  1
57  7  56  75  9  13  1  1  12  1  1
57  8  56  75  2  0
57  9  56  75  2  0
57  10  56  75  8  12  1  1  11  1  1
57  11  56  75  2  0
57  12  56  75  2  0
57  13  56  75  2  0
57  14  56  75  8  12  1  1  11  1  1
57  15  56  75  9  15  2  3  11  1  3  1  1
57  16  56  75  2  0
57  17  56  75  2  0
57  18  56  75  2  0
57  19  56  75  8  12  1  1  11  1  1
57  20  56  75  2  0
57  21  56  75  2  0
57  22  56  75  8  12  1  1  11  1  1
57  23  56  75  2  0
57  24  56  75  2  0
57  25  56  75  8  12  1  1  11  1  1
57  26  56  75  9  13  1  1  12  1  1
57  27  56  75  2  0
57  28  56  75  2  0
57  29  56  75  9  13  1  1  12  1  1
57  30  56  75  2  0
57  31  56  75  2  0
57  32  56  75  8  12  1  1  11  1  1
57  33  56  75  9  15  2  3  11  1  3  1  1
57  34  56  75  2  0
57  35  56  75  9  13  1  1  12  1  1
57  36  56  75  2  0
57  37  56  75  2  0
57  38  56  75  9  13  1  1  12  1  1
57  39  56  75  9  13  1  1  12  1  1
57  40  56  75  2  0
57  41  56  75  9  15  2  3  11  1  3  1  1
57  42  56  75  9  13  1  1  12  1  1
57  43  56  75  2  0
57  44  56  75  2  0
57  45  56  75  2  0
57  46  56  75  8  12  1  1  11  1  1
57  47  56  75  2  0
57  48  56  75  2  0
57  49  56  75  2  0
57  50  56  75  9  15  2  3  11  1  3  1  1
57  51  56  75  8  12  1  1  11  1  1
57  52  56  75  9  13  1  1  12  1  1
57  53  56  75  8  12  1  1  11  1  1
57  54  56  75  2  0
57  55  56  75  2  0
57  56  56  75  2  0
57  58  56  75  2  0
57  59  56  75  9  15  2  3  11  1  3  1  1
58  0  56  75  2  0
58  1  56  75  2  0
58  2  56  75  2  0
58  3  56  75  2  0
58  4  56  75  2  0
58  5  56  75  2  0
58  6  56  75  2  0
58  7  56  75  2  0
58  8  56  75  2  0
58  9  56  75  2  0
58  10  56  75  2  0
58  11  56  75  2  0
58  12  56  75  2  0
58  13  56  75  2  0
58  14  56  75  2  0
58  15  56  75  2  0
58  16  56  75  2  0
58  17  56  75  2  0
58  18  56  75  2  0
58  19  56  75  2  0
58  20  56  75  2  0
58  21  56  75  2  0
58  22  56  75  2  0
58  23  56  75  2  0
58  24  56  75  2  0
58  25  56  75  2  0
58  26  56  75  2  0
58  27  56  75  2  0
58  28  56  75  2  0
58  29  56  75  2  0
58  30  56  75  2  0
58  31  56  75  2  0
58  32  56  75  2  0
58  33  56  75  2  0
58  34  56  75  2  0
58  35  56  75  2  0
58  36  56  75  2  0
58  37  56  75  2  0
58  38  56  75  2  0
58  39  56  75  2  0
58  40  56  75  2  0
58  41  56  75  2  0
58  42  56  75  2  0
58  43  56  75  2  0
58  44  56  75  2  0
58  45  56  75  2  0
58  46  56  75  2  0
58  47  56  75  2  0
58  48  56  75  2  0
58  49  56  75  2  0
58  50  56  75  2  0
58  51  56  75  2  0
58  52  56  75  2  0
58  53  56  75  2  0
58  54  56  75  2  0
58  55  56  75  2  0
58  56  56  75  2  0
58  57  56  75  2  0
58  59  56  75  2  0
59  0  56  75  2  0
59  1  56  75  2  0
59  2  56  75  2  0
59  3  56  75  2  0
59  4  56  75  2  0
59  5  56  75  2  0
59  6  56  75  2  0
59  7  56  75  2  0
59  8  56  75  2  0
59  9  56  75  2  0
59  10  56  75  2  0
59  11  56  75  2  0
59  12  56  75  2  0
59  13  56  75  2  0
59  14  56  75  2  0
59  15  56  75  3  2  1  1  1  1  1
59  16  56  75  2  0
59  17  56  75  2  0
59  18  56  75  2  0
59  19  56  75  2  0
59  20  56  75  2  0
59  21  56  75  2  0
59  22  56  75  2  0
59  23  56  75  2  0
59  24  56  75  2  0
59  25  56  75  2  0
59  26  56  75  2  0
59  27  56  75  2  0
59  28  56  75  2  0
59  29  56  75  2  0
59  30  56  75  2  0
59  31  56  75  2  0
59  32  56  75  2  0
59  33  56  75  3  2  1  1  1  1  1
59  34  56  75  2  0
59  35  56  75  2  0
59  36  56  75  2  0
59  37  56  75  2  0
59  38  56  75  2  0
59  39  56  75  2  0
59  40  56  75  2  0
59  41  56  75  3  2  1  1  1  1  1
59  42  56  75  2  0
59  43  56  75  2  0
59  44  56  75  2  0
59  45  56  75  2  0
59  46  56  75  2  0
59  47  56  75  2  0
59  48  56  75  2  0
59  49  56  75  2  0
59  50  56  75  3  2  1  1  1  1  1
59  51  56  75  2  0
59  52  56  75  2  0
59  53  56  75  2  0
59  54  56  75  2  0
59  55  56  75  2  0
59  56  56  75  2  0
59  57  56  75  2  0
59  58  56  75  2  0
