0  1  60  117  3  2  1  1  1  1  1
0  2  60  117  2  0
0  3  60  117  2  0
0  4  60  117  2  0
0  5  60  117  2  0
0  6  60  117  2  0
0  7  60  117  2  0
0  8  60  117  2  0
0  9  60  117  2  0
0  10  60  117  2  0
0  11  60  117  2  0
0  12  60  117  2  0
0  13  60  117  2  0
0  14  60  117  2  0
0  15  60  117  2  0
0  16  60  117  2  0
0  17  60  117  2  0
0  18  60  117  2  0
0  19  60  117  2  0
0  20  60  117  2  0
0  21  60  117  2  0
0  22  60  117  2  0
0  23  60  117  2  0
0  24  60  117  2  0
0  25  60  117  2  0
0  26  60  117  2  0
0  27  60  117  2  0
0  28  60  117  2  0
0  29  60  117  2  0
0  30  60  117  2  0
0  31  60  117  2  0
0  32  60  117  2  0
0  33  60  117  2  0
0  34  60  117  2  0
0  35  60  117  2  0
0  36  60  117  2  0
0  37  60  117  2  0
0  38  60  117  2  0
0  39  60  117  2  0
0  40  60  117  2  0
0  41  60  117  2  0
0  42  60  117  2  0
0  43  60  117  2  0
0  44  60  117  2  0
0  45  60  117  2  0
0  46  60  117  2  0
0  47  60  117  2  0
0  48  60  117  2  0
0  49  60  117  2  0
0  50  60  117  2  0
0  51  60  117  2  0
0  52  60  117  2  0
0  53  60  117  2  0
0  54  60  117  2  0
0  55  60  117  2  0
0  56  60  117  2  0
0  57  60  117  2  0
0  58  60  117  2  0
0  59  60  117  2  0
1  0  60  117  2  0
1  2  60  117  2  0
1  3  60  117  2  0
1  4  60  117  2  0
1  5  60  117  2  0
1  6  60  117  2  0
1  7  60  117  2  0
1  8  60  117  2  0
1  9  60  117  2  0
1  10  60  117  2  0
1  11  60  117  2  0
1  12  60  117  2  0
1  13  60  117  2  0
1  14  60  117  2  0
1  15  60  117  2  0
1  16  60  117  2  0
1  17  60  117  2  0
1  18  60  117  2  0
1  19  60  117  2  0
1  20  60  117  2  0
1  21  60  117  2  0
1  22  60  117  2  0
1  23  60  117  2  0
1  24  60  117  2  0
1  25  60  117  2  0
1  26  60  117  2  0
1  27  60  117  2  0
1  28  60  117  2  0
1  29  60  117  2  0
1  30  60  117  2  0
1  31  60  117  2  0
1  32  60  117  2  0
1  33  60  117  2  0
1  34  60  117  2  0
1  35  60  117  2  0
1  36  60  117  2  0
1  37  60  117  2  0
1  38  60  117  2  0
1  39  60  117  2  0
1  40  60  117  2  0
1  41  60  117  2  0
1  42  60  117  2  0
1  43  60  117  2  0
1  44  60  117  2  0
1  45  60  117  2  0
1  46  60  117  2  0
1  47  60  117  2  0
1  48  60  117  2  0
1  49  60  117  2  0
1  50  60  117  2  0
1  51  60  117  2  0
1  52  60  117  2  0
1  53  60  117  2  0
1  54  60  117  2  0
1  55  60  117  2  0
1  56  60  117  2  0
1  57  60  117  2  0
1  58  60  117  2  0
1  59  60  117  2  0
2  0  60  117  3  2  1  1  1  1  1
2  1  60  117  3  2  1  1  1  1  1
2  3  60  117  2  0
2  4  60  117  2  0
2  5  60  117  2  0
2  6  60  117  2  0
2  7  60  117  2  0
2  8  60  117  2  0
2  9  60  117  2  0
2  10  60  117  2  0
2  11  60  117  2  0
2  12  60  117  2  0
2  13  60  117  2  0
2  14  60  117  2  0
2  15  60  117  2  0
2  16  60  117  2  0
2  17  60  117  2  0
2  18  60  117  2  0
2  19  60  117  2  0
2  20  60  117  2  0
2  21  60  117  2  0
2  22  60  117  2  0
2  23  60  117  2  0
2  24  60  117  2  0
2  25  60  117  2  0
2  26  60  117  2  0
2  27  60  117  2  0
2  28  60  117  2  0
2  29  60  117  2  0
2  30  60  117  2  0
2  31  60  117  2  0
2  32  60  117  2  0
2  33  60  117  2  0
2  34  60  117  2  0
2  35  60  117  2  0
2  36  60  117  2  0
2  37  60  117  2  0
2  38  60  117  2  0
2  39  60  117  2  0
2  40  60  117  2  0
2  41  60  117  2  0
2  42  60  117  2  0
2  43  60  117  2  0
2  44  60  117  2  0
2  45  60  117  2  0
2  46  60  117  2  0
2  47  60  117  2  0
2  48  60  117  2  0
2  49  60  117  2  0
2  50  60  117  2  0
2  51  60  117  2  0
2  52  60  117  2  0
2  53  60  117  2  0
2  54  60  117  2  0
2  55  60  117  2  0
2  56  60  117  2  0
2  57  60  117  2  0
2  58  60  117  2  0
2  59  60  117  2  0
3  0  60  117  3  2  1  1  1  1  1
3  1  60  117  3  2  1  1  1  1  1
3  2  60  117  3  2  1  1  1  1  1
3  4  60  117  2  0
3  5  60  117  2  0
3  6  60  117  2  0
3  7  60  117  2  0
3  8  60  117  2  0
3  9  60  117  2  0
3  10  60  117  2  0
3  11  60  117  2  0
3  12  60  117  2  0
3  13  60  117  2  0
3  14  60  117  2  0
3  15  60  117  2  0
3  16  60  117  2  0
3  17  60  117  2  0
3  18  60  117  2  0
3  19  60  117  2  0
3  20  60  117  2  0
3  21  60  117  2  0
3  22  60  117  2  0
3  23  60  117  2  0
3  24  60  117  2  0
3  25  60  117  2  0
3  26  60  117  2  0
3  27  60  117  2  0
3  28  60  117  2  0
3  29  60  117  2  0
3  30  60  117  2  0
3  31  60  117  2  0
3  32  60  117  2  0
3  33  60  117  2  0
3  34  60  117  2  0
3  35  60  117  2  0
3  36  60  117  2  0
3  37  60  117  2  0
3  38  60  117  2  0
3  39  60  117  2  0
3  40  60  117  2  0
3  41  60  117  2  0
3  42  60  117  2  0
3  43  60  117  2  0
3  44  60  117  2  0
3  45  60  117  2  0
3  46  60  117  2  0
3  47  60  117  2  0
3  48  60  117  2  0
3  49  60  117  2  0
3  50  60  117  2  0
3  51  60  117  2  0
3  52  60  117  2  0
3  53  60  117  2  0
3  54  60  117  2  0
3  55  60  117  2  0
3  56  60  117  2  0
3  57  60  117  2  0
3  58  60  117  2  0
3  59  60  117  2  0
4  0  60  117  3  2  1  1  1  1  1
4  1  60  117  6  7  3  1  1  2  3  1  2  1  1
4  2  60  117  3  2  1  1  1  1  1
4  3  60  117  2  0
4  5  60  117  2  0
4  6  60  117  2  0
4  7  60  117  2  0
4  8  60  117  2  0
4  9  60  117  2  0
4  10  60  117  2  0
4  11  60  117  2  0
4  12  60  117  2  0
4  13  60  117  2  0
4  14  60  117  2  0
4  15  60  117  2  0
4  16  60  117  2  0
4  17  60  117  2  0
4  18  60  117  2  0
4  19  60  117  2  0
4  20  60  117  2  0
4  21  60  117  2  0
4  22  60  117  2  0
4  23  60  117  2  0
4  24  60  117  2  0
4  25  60  117  2  0
4  26  60  117  2  0
4  27  60  117  2  0
4  28  60  117  2  0
4  29  60  117  2  0
4  30  60  117  2  0
4  31  60  117  2  0
4  32  60  117  2  0
4  33  60  117  2  0
4  34  60  117  2  0
4  35  60  117  2  0
4  36  60  117  2  0
4  37  60  117  2  0
4  38  60  117  2  0
4  39  60  117  2  0
4  40  60  117  2  0
4  41  60  117  2  0
4  42  60  117  2  0
4  43  60  117  2  0
4  44  60  117  2  0
4  45  60  117  2  0
4  46  60  117  2  0
4  47  60  117  2  0
4  48  60  117  2  0
4  49  60  117  2  0
4  50  60  117  2  0
4  51  60  117  2  0
4  52  60  117  2  0
4  53  60  117  2  0
4  54  60  117  2  0
4  55  60  117  2  0
4  56  60  117  2  0
4  57  60  117  2  0
4  58  60  117  2  0
4  59  60  117  2  0
5  0  60  117  3  2  1  1  1  1  1
5  1  60  117  6  7  3  1  1  2  3  1  2  1  1
5  2  60  117  3  2  1  1  1  1  1
5  3  60  117  2  0
5  4  60  117  2  0
5  6  60  117  2  0
5  7  60  117  2  0
5  8  60  117  2  0
5  9  60  117  2  0
5  10  60  117  2  0
5  11  60  117  2  0
5  12  60  117  2  0
5  13  60  117  2  0
5  14  60  117  2  0
5  15  60  117  2  0
5  16  60  117  2  0
5  17  60  117  2  0
5  18  60  117  2  0
5  19  60  117  2  0
5  20  60  117  2  0
5  21  60  117  2  0
5  22  60  117  2  0
5  23  60  117  2  0
5  24  60  117  2  0
5  25  60  117  2  0
5  26  60  117  2  0
5  27  60  117  2  0
5  28  60  117  2  0
5  29  60  117  2  0
5  30  60  117  2  0
5  31  60  117  2  0
5  32  60  117  2  0
5  33  60  117  2  0
5  34  60  117  2  0
5  35  60  117  2  0
5  36  60  117  2  0
5  37  60  117  2  0
5  38  60  117  2  0
5  39  60  117  2  0
5  40  60  117  2  0
5  41  60  117  2  0
5  42  60  117  2  0
5  43  60  117  2  0
5  44  60  117  2  0
5  45  60  117  2  0
5  46  60  117  2  0
5  47  60  117  2  0
5  48  60  117  2  0
5  49  60  117  2  0
5  50  60  117  2  0
5  51  60  117  2  0
5  52  60  117  2  0
5  53  60  117  2  0
5  54  60  117  2  0
5  55  60  117  2  0
5  56  60  117  2  0
5  57  60  117  2  0
5  58  60  117  2  0
5  59  60  117  2  0
6  0  60  117  3  2  1  1  1  1  1
6  1  60  117  3  2  1  1  1  1  1
6  2  60  117  3  2  1  1  1  1  1
6  3  60  117  3  2  1  1  1  1  1
6  4  60  117  2  0
6  5  60  117  2  0
6  7  60  117  2  0
6  8  60  117  2  0
6  9  60  117  2  0
6  10  60  117  2  0
6  11  60  117  2  0
6  12  60  117  2  0
6  13  60  117  2  0
6  14  60  117  2  0
6  15  60  117  2  0
6  16  60  117  2  0
6  17  60  117  2  0
6  18  60  117  2  0
6  19  60  117  2  0
6  20  60  117  2  0
6  21  60  117  2  0
6  22  60  117  2  0
6  23  60  117  2  0
6  24  60  117  2  0
6  25  60  117  2  0
6  26  60  117  2  0
6  27  60  117  2  0
6  28  60  117  2  0
6  29  60  117  2  0
6  30  60  117  2  0
6  31  60  117  2  0
6  32  60  117  2  0
6  33  60  117  2  0
6  34  60  117  2  0
6  35  60  117  2  0
6  36  60  117  2  0
6  37  60  117  2  0
6  38  60  117  2  0
6  39  60  117  2  0
6  40  60  117  2  0
6  41  60  117  2  0
6  42  60  117  2  0
6  43  60  117  2  0
6  44  60  117  2  0
6  45  60  117  2  0
6  46  60  117  2  0
6  47  60  117  2  0
6  48  60  117  2  0
6  49  60  117  2  0
6  50  60  117  2  0
6  51  60  117  2  0
6  52  60  117  2  0
6  53  60  117  2  0
6  54  60  117  2  0
6  55  60  117  2  0
6  56  60  117  2  0
6  57  60  117  2  0
6  58  60  117  2  0
6  59  60  117  2  0
7  0  60  117  3  2  1  1  1  1  1
7  1  60  117  3  2  1  1  1  1  1
7  2  60  117  3  2  1  1  1  1  1
7  3  60  117  2  0
7  4  60  117  2  0
7  5  60  117  2  0
7  6  60  117  2  0
7  8  60  117  2  0
7  9  60  117  2  0
7  10  60  117  2  0
7  11  60  117  2  0
7  12  60  117  2  0
7  13  60  117  2  0
7  14  60  117  2  0
7  15  60  117  2  0
7  16  60  117  2  0
7  17  60  117  2  0
7  18  60  117  2  0
7  19  60  117  2  0
7  20  60  117  2  0
7  21  60  117  2  0
7  22  60  117  2  0
7  23  60  117  2  0
7  24  60  117  2  0
7  25  60  117  2  0
7  26  60  117  2  0
7  27  60  117  2  0
7  28  60  117  2  0
7  29  60  117  2  0
7  30  60  117  2  0
7  31  60  117  2  0
7  32  60  117  2  0
7  33  60  117  2  0
7  34  60  117  2  0
7  35  60  117  2  0
7  36  60  117  2  0
7  37  60  117  2  0
7  38  60  117  2  0
7  39  60  117  2  0
7  40  60  117  2  0
7  41  60  117  2  0
7  42  60  117  2  0
7  43  60  117  2  0
7  44  60  117  2  0
7  45  60  117  2  0
7  46  60  117  2  0
7  47  60  117  2  0
7  48  60  117  2  0
7  49  60  117  2  0
7  50  60  117  2  0
7  51  60  117  2  0
7  52  60  117  2  0
7  53  60  117  2  0
7  54  60  117  2  0
7  55  60  117  2  0
7  56  60  117  2  0
7  57  60  117  2  0
7  58  60  117  2  0
7  59  60  117  2  0
8  0  60  117  6  7  3  1  1  2  3  1  2  1  1
8  1  60  117  8  11  3  1  1  2  2  1  6  1  2
8  2  60  117  3  2  1  1  1  1  1
8  3  60  117  2  0
8  4  60  117  2  0
8  5  60  117  3  2  1  1  1  1  1
8  6  60  117  2  0
8  7  60  117  3  2  1  1  1  1  1
8  9  60  117  2  0
8  10  60  117  2  0
8  11  60  117  2  0
8  12  60  117  2  0
8  13  60  117  2  0
8  14  60  117  2  0
8  15  60  117  2  0
8  16  60  117  2  0
8  17  60  117  2  0
8  18  60  117  2  0
8  19  60  117  2  0
8  20  60  117  2  0
8  21  60  117  2  0
8  22  60  117  2  0
8  23  60  117  2  0
8  24  60  117  2  0
8  25  60  117  2  0
8  26  60  117  2  0
8  27  60  117  2  0
8  28  60  117  2  0
8  29  60  117  2  0
8  30  60  117  2  0
8  31  60  117  2  0
8  32  60  117  2  0
8  33  60  117  2  0
8  34  60  117  2  0
8  35  60  117  2  0
8  36  60  117  2  0
8  37  60  117  2  0
8  38  60  117  2  0
8  39  60  117  2  0
8  40  60  117  2  0
8  41  60  117  2  0
8  42  60  117  2  0
8  43  60  117  2  0
8  44  60  117  2  0
8  45  60  117  2  0
8  46  60  117  2  0
8  47  60  117  2  0
8  48  60  117  2  0
8  49  60  117  2  0
8  50  60  117  2  0
8  51  60  117  2  0
8  52  60  117  2  0
8  53  60  117  2  0
8  54  60  117  2  0
8  55  60  117  2  0
8  56  60  117  2  0
8  57  60  117  2  0
8  58  60  117  2  0
8  59  60  117  2  0
9  0  60  117  3  2  1  1  1  1  1
9  1  60  117  7  9  3  1  1  2  5  1  2  1  1
9  2  60  117  3  2  1  1  1  1  1
9  3  60  117  2  0
9  4  60  117  2  0
9  5  60  117  3  2  1  1  1  1  1
9  6  60  117  2  0
9  7  60  117  2  0
9  8  60  117  2  0
9  10  60  117  2  0
9  11  60  117  2  0
9  12  60  117  2  0
9  13  60  117  2  0
9  14  60  117  2  0
9  15  60  117  2  0
9  16  60  117  2  0
9  17  60  117  2  0
9  18  60  117  2  0
9  19  60  117  2  0
9  20  60  117  2  0
9  21  60  117  2  0
9  22  60  117  2  0
9  23  60  117  2  0
9  24  60  117  2  0
9  25  60  117  2  0
9  26  60  117  2  0
9  27  60  117  2  0
9  28  60  117  2  0
9  29  60  117  2  0
9  30  60  117  2  0
9  31  60  117  2  0
9  32  60  117  2  0
9  33  60  117  2  0
9  34  60  117  2  0
9  35  60  117  2  0
9  36  60  117  2  0
9  37  60  117  2  0
9  38  60  117  2  0
9  39  60  117  2  0
9  40  60  117  2  0
9  41  60  117  2  0
9  42  60  117  2  0
9  43  60  117  2  0
9  44  60  117  2  0
9  45  60  117  2  0
9  46  60  117  2  0
9  47  60  117  2  0
9  48  60  117  2  0
9  49  60  117  2  0
9  50  60  117  2  0
9  51  60  117  2  0
9  52  60  117  2  0
9  53  60  117  2  0
9  54  60  117  2  0
9  55  60  117  2  0
9  56  60  117  2  0
9  57  60  117  2  0
9  58  60  117  2  0
9  59  60  117  2  0
10  0  60  117  3  2  1  1  1  1  1
10  1  60  117  3  2  1  1  1  1  1
10  2  60  117  3  2  1  1  1  1  1
10  3  60  117  2  0
10  4  60  117  2  0
10  5  60  117  2  0
10  6  60  117  2  0
10  7  60  117  2  0
10  8  60  117  2  0
10  9  60  117  2  0
10  11  60  117  2  0
10  12  60  117  2  0
10  13  60  117  2  0
10  14  60  117  2  0
10  15  60  117  2  0
10  16  60  117  2  0
10  17  60  117  2  0
10  18  60  117  2  0
10  19  60  117  2  0
10  20  60  117  2  0
10  21  60  117  2  0
10  22  60  117  2  0
10  23  60  117  2  0
10  24  60  117  2  0
10  25  60  117  2  0
10  26  60  117  2  0
10  27  60  117  2  0
10  28  60  117  2  0
10  29  60  117  2  0
10  30  60  117  2  0
10  31  60  117  2  0
10  32  60  117  2  0
10  33  60  117  2  0
10  34  60  117  2  0
10  35  60  117  2  0
10  36  60  117  2  0
10  37  60  117  2  0
10  38  60  117  2  0
10  39  60  117  2  0
10  40  60  117  2  0
10  41  60  117  2  0
10  42  60  117  2  0
10  43  60  117  2  0
10  44  60  117  2  0
10  45  60  117  2  0
10  46  60  117  2  0
10  47  60  117  2  0
10  48  60  117  2  0
10  49  60  117  2  0
10  50  60  117  2  0
10  51  60  117  2  0
10  52  60  117  2  0
10  53  60  117  2  0
10  54  60  117  2  0
10  55  60  117  2  0
10  56  60  117  2  0
10  57  60  117  2  0
10  58  60  117  2  0
10  59  60  117  2  0
11  0  60  117  3  2  1  1  1  1  1
11  1  60  117  3  2  1  1  1  1  1
11  2  60  117  3  2  1  1  1  1  1
11  3  60  117  2  0
11  4  60  117  2  0
11  5  60  117  2  0
11  6  60  117  2  0
11  7  60  117  2  0
11  8  60  117  2  0
11  9  60  117  2  0
11  10  60  117  2  0
11  12  60  117  2  0
11  13  60  117  2  0
11  14  60  117  2  0
11  15  60  117  2  0
11  16  60  117  2  0
11  17  60  117  2  0
11  18  60  117  2  0
11  19  60  117  2  0
11  20  60  117  2  0
11  21  60  117  2  0
11  22  60  117  2  0
11  23  60  117  2  0
11  24  60  117  2  0
11  25  60  117  2  0
11  26  60  117  2  0
11  27  60  117  2  0
11  28  60  117  2  0
11  29  60  117  2  0
11  30  60  117  2  0
11  31  60  117  2  0
11  32  60  117  2  0
11  33  60  117  2  0
11  34  60  117  2  0
11  35  60  117  2  0
11  36  60  117  2  0
11  37  60  117  2  0
11  38  60  117  2  0
11  39  60  117  2  0
11  40  60  117  2  0
11  41  60  117  2  0
11  42  60  117  2  0
11  43  60  117  2  0
11  44  60  117  2  0
11  45  60  117  2  0
11  46  60  117  2  0
11  47  60  117  2  0
11  48  60  117  2  0
11  49  60  117  2  0
11  50  60  117  2  0
11  51  60  117  2  0
11  52  60  117  2  0
11  53  60  117  2  0
11  54  60  117  2  0
11  55  60  117  2  0
11  56  60  117  2  0
11  57  60  117  2  0
11  58  60  117  2  0
11  59  60  117  2  0
12  0  60  117  3  2  1  1  1  1  1
12  1  60  117  3  2  1  1  1  1  1
12  2  60  117  3  2  1  1  1  1  1
12  3  60  117  2  0
12  4  60  117  2  0
12  5  60  117  2  0
12  6  60  117  2  0
12  7  60  117  3  2  1  1  1  1  1
12  8  60  117  2  0
12  9  60  117  2  0
12  10  60  117  2  0
12  11  60  117  2  0
12  13  60  117  2  0
12  14  60  117  2  0
12  15  60  117  2  0
12  16  60  117  2  0
12  17  60  117  2  0
12  18  60  117  2  0
12  19  60  117  2  0
12  20  60  117  2  0
12  21  60  117  2  0
12  22  60  117  2  0
12  23  60  117  2  0
12  24  60  117  2  0
12  25  60  117  2  0
12  26  60  117  2  0
12  27  60  117  2  0
12  28  60  117  2  0
12  29  60  117  2  0
12  30  60  117  2  0
12  31  60  117  2  0
12  32  60  117  2  0
12  33  60  117  2  0
12  34  60  117  2  0
12  35  60  117  2  0
12  36  60  117  2  0
12  37  60  117  2  0
12  38  60  117  2  0
12  39  60  117  2  0
12  40  60  117  2  0
12  41  60  117  2  0
12  42  60  117  2  0
12  43  60  117  2  0
12  44  60  117  2  0
12  45  60  117  2  0
12  46  60  117  2  0
12  47  60  117  2  0
12  48  60  117  2  0
12  49  60  117  2  0
12  50  60  117  2  0
12  51  60  117  2  0
12  52  60  117  2  0
12  53  60  117  2  0
12  54  60  117  2  0
12  55  60  117  2  0
12  56  60  117  2  0
12  57  60  117  2  0
12  58  60  117  2  0
12  59  60  117  2  0
13  0  60  117  3  2  1  1  1  1  1
13  1  60  117  6  7  3  1  1  2  3  1  2  1  1
13  2  60  117  3  2  1  1  1  1  1
13  3  60  117  2  0
13  4  60  117  2  0
13  5  60  117  2  0
13  6  60  117  2  0
13  7  60  117  3  2  1  1  1  1  1
13  8  60  117  2  0
13  9  60  117  2  0
13  10  60  117  2  0
13  11  60  117  2  0
13  12  60  117  3  2  1  1  1  1  1
13  14  60  117  2  0
13  15  60  117  2  0
13  16  60  117  2  0
13  17  60  117  2  0
13  18  60  117  2  0
13  19  60  117  2  0
13  20  60  117  2  0
13  21  60  117  2  0
13  22  60  117  2  0
13  23  60  117  2  0
13  24  60  117  2  0
13  25  60  117  2  0
13  26  60  117  2  0
13  27  60  117  2  0
13  28  60  117  2  0
13  29  60  117  2  0
13  30  60  117  2  0
13  31  60  117  2  0
13  32  60  117  2  0
13  33  60  117  2  0
13  34  60  117  2  0
13  35  60  117  2  0
13  36  60  117  2  0
13  37  60  117  2  0
13  38  60  117  2  0
13  39  60  117  2  0
13  40  60  117  2  0
13  41  60  117  2  0
13  42  60  117  2  0
13  43  60  117  2  0
13  44  60  117  2  0
13  45  60  117  2  0
13  46  60  117  2  0
13  47  60  117  2  0
13  48  60  117  2  0
13  49  60  117  2  0
13  50  60  117  2  0
13  51  60  117  2  0
13  52  60  117  2  0
13  53  60  117  2  0
13  54  60  117  2  0
13  55  60  117  2  0
13  56  60  117  2  0
13  57  60  117  2  0
13  58  60  117  2  0
13  59  60  117  2  0
14  0  60  117  3  2  1  1  1  1  1
14  1  60  117  9  13  3  1  1  2  2  1  9  1  1
14  2  60  117  3  2  1  1  1  1  1
14  3  60  117  3  2  1  1  1  1  1
14  4  60  117  2  0
14  5  60  117  2  0
14  6  60  117  2  0
14  7  60  117  3  2  1  1  1  1  1
14  8  60  117  2  0
14  9  60  117  2  0
14  10  60  117  2  0
14  11  60  117  2  0
14  12  60  117  3  2  1  1  1  1  1
14  13  60  117  3  2  1  1  1  1  1
14  15  60  117  2  0
14  16  60  117  2  0
14  17  60  117  2  0
14  18  60  117  2  0
14  19  60  117  2  0
14  20  60  117  2  0
14  21  60  117  2  0
14  22  60  117  2  0
14  23  60  117  2  0
14  24  60  117  2  0
14  25  60  117  2  0
14  26  60  117  2  0
14  27  60  117  2  0
14  28  60  117  2  0
14  29  60  117  2  0
14  30  60  117  2  0
14  31  60  117  2  0
14  32  60  117  2  0
14  33  60  117  2  0
14  34  60  117  2  0
14  35  60  117  2  0
14  36  60  117  2  0
14  37  60  117  2  0
14  38  60  117  2  0
14  39  60  117  2  0
14  40  60  117  2  0
14  41  60  117  2  0
14  42  60  117  2  0
14  43  60  117  2  0
14  44  60  117  2  0
14  45  60  117  2  0
14  46  60  117  2  0
14  47  60  117  2  0
14  48  60  117  2  0
14  49  60  117  2  0
14  50  60  117  2  0
14  51  60  117  2  0
14  52  60  117  2  0
14  53  60  117  2  0
14  54  60  117  2  0
14  55  60  117  2  0
14  56  60  117  2  0
14  57  60  117  2  0
14  58  60  117  2  0
14  59  60  117  2  0
15  0  60  117  6  7  3  1  1  2  3  1  2  1  1
15  1  60  117  7  9  3  1  1  2  3  1  4  1  1
15  2  60  117  3  2  1  1  1  1  1
15  3  60  117  2  0
15  4  60  117  3  2  1  1  1  1  1
15  5  60  117  2  0
15  6  60  117  2  0
15  7  60  117  2  0
15  8  60  117  2  0
15  9  60  117  2  0
15  10  60  117  2  0
15  11  60  117  2  0
15  12  60  117  2  0
15  13  60  117  2  0
15  14  60  117  2  0
15  16  60  117  2  0
15  17  60  117  2  0
15  18  60  117  2  0
15  19  60  117  2  0
15  20  60  117  2  0
15  21  60  117  2  0
15  22  60  117  2  0
15  23  60  117  2  0
15  24  60  117  2  0
15  25  60  117  2  0
15  26  60  117  2  0
15  27  60  117  2  0
15  28  60  117  2  0
15  29  60  117  2  0
15  30  60  117  2  0
15  31  60  117  2  0
15  32  60  117  2  0
15  33  60  117  2  0
15  34  60  117  2  0
15  35  60  117  2  0
15  36  60  117  2  0
15  37  60  117  2  0
15  38  60  117  2  0
15  39  60  117  2  0
15  40  60  117  2  0
15  41  60  117  2  0
15  42  60  117  2  0
15  43  60  117  2  0
15  44  60  117  2  0
15  45  60  117  2  0
15  46  60  117  2  0
15  47  60  117  2  0
15  48  60  117  2  0
15  49  60  117  2  0
15  50  60  117  2  0
15  51  60  117  2  0
15  52  60  117  2  0
15  53  60  117  2  0
15  54  60  117  2  0
15  55  60  117  2  0
15  56  60  117  2  0
15  57  60  117  2  0
15  58  60  117  2  0
15  59  60  117  2  0
16  0  60  117  8  10  3  1  1  3  4  1  4  1  1
16  1  60  117  10  15  3  1  1  3  4  1  9  1  1
16  2  60  117  8  10  3  1  1  3  4  1  4  1  1
16  3  60  117  3  2  1  1  1  1  1
16  4  60  117  2  0
16  5  60  117  2  0
16  6  60  117  2  0
16  7  60  117  6  7  3  1  1  2  3  1  2  1  1
16  8  60  117  2  0
16  9  60  117  2  0
16  10  60  117  2  0
16  11  60  117  2  0
16  12  60  117  3  2  1  1  1  1  1
16  13  60  117  3  2  1  1  1  1  1
16  14  60  117  3  2  1  1  1  1  1
16  15  60  117  2  0
16  17  60  117  2  0
16  18  60  117  2  0
16  19  60  117  2  0
16  20  60  117  2  0
16  21  60  117  2  0
16  22  60  117  2  0
16  23  60  117  2  0
16  24  60  117  2  0
16  25  60  117  2  0
16  26  60  117  2  0
16  27  60  117  2  0
16  28  60  117  2  0
16  29  60  117  2  0
16  30  60  117  2  0
16  31  60  117  2  0
16  32  60  117  2  0
16  33  60  117  2  0
16  34  60  117  2  0
16  35  60  117  2  0
16  36  60  117  2  0
16  37  60  117  2  0
16  38  60  117  2  0
16  39  60  117  2  0
16  40  60  117  2  0
16  41  60  117  2  0
16  42  60  117  2  0
16  43  60  117  2  0
16  44  60  117  2  0
16  45  60  117  2  0
16  46  60  117  2  0
16  47  60  117  2  0
16  48  60  117  2  0
16  49  60  117  2  0
16  50  60  117  2  0
16  51  60  117  2  0
16  52  60  117  2  0
16  53  60  117  2  0
16  54  60  117  2  0
16  55  60  117  2  0
16  56  60  117  2  0
16  57  60  117  2  0
16  58  60  117  2  0
16  59  60  117  2  0
17  0  60  117  3  2  1  1  1  1  1
17  1  60  117  6  7  3  1  1  2  3  1  2  1  1
17  2  60  117  3  2  1  1  1  1  1
17  3  60  117  2  0
17  4  60  117  2  0
17  5  60  117  2  0
17  6  60  117  2  0
17  7  60  117  2  0
17  8  60  117  2  0
17  9  60  117  2  0
17  10  60  117  3  2  1  1  1  1  1
17  11  60  117  2  0
17  12  60  117  2  0
17  13  60  117  2  0
17  14  60  117  2  0
17  15  60  117  2  0
17  16  60  117  2  0
17  18  60  117  2  0
17  19  60  117  2  0
17  20  60  117  2  0
17  21  60  117  2  0
17  22  60  117  2  0
17  23  60  117  2  0
17  24  60  117  2  0
17  25  60  117  2  0
17  26  60  117  2  0
17  27  60  117  2  0
17  28  60  117  2  0
17  29  60  117  2  0
17  30  60  117  2  0
17  31  60  117  2  0
17  32  60  117  2  0
17  33  60  117  2  0
17  34  60  117  2  0
17  35  60  117  2  0
17  36  60  117  2  0
17  37  60  117  2  0
17  38  60  117  2  0
17  39  60  117  2  0
17  40  60  117  2  0
17  41  60  117  2  0
17  42  60  117  2  0
17  43  60  117  2  0
17  44  60  117  2  0
17  45  60  117  2  0
17  46  60  117  2  0
17  47  60  117  2  0
17  48  60  117  2  0
17  49  60  117  2  0
17  50  60  117  2  0
17  51  60  117  2  0
17  52  60  117  2  0
17  53  60  117  2  0
17  54  60  117  2  0
17  55  60  117  2  0
17  56  60  117  2  0
17  57  60  117  2  0
17  58  60  117  2  0
17  59  60  117  2  0
18  0  60  117  3  2  1  1  1  1  1
18  1  60  117  6  7  3  1  1  2  3  1  2  1  1
18  2  60  117  3  2  1  1  1  1  1
18  3  60  117  2  0
18  4  60  117  2  0
18  5  60  117  2  0
18  6  60  117  2  0
18  7  60  117  3  2  1  1  1  1  1
18  8  60  117  2  0
18  9  60  117  2  0
18  10  60  117  2  0
18  11  60  117  2  0
18  12  60  117  3  2  1  1  1  1  1
18  13  60  117  2  0
18  14  60  117  2  0
18  15  60  117  2  0
18  16  60  117  2  0
18  17  60  117  2  0
18  19  60  117  2  0
18  20  60  117  2  0
18  21  60  117  2  0
18  22  60  117  2  0
18  23  60  117  2  0
18  24  60  117  2  0
18  25  60  117  2  0
18  26  60  117  2  0
18  27  60  117  2  0
18  28  60  117  2  0
18  29  60  117  2  0
18  30  60  117  2  0
18  31  60  117  2  0
18  32  60  117  2  0
18  33  60  117  2  0
18  34  60  117  2  0
18  35  60  117  2  0
18  36  60  117  2  0
18  37  60  117  2  0
18  38  60  117  2  0
18  39  60  117  2  0
18  40  60  117  2  0
18  41  60  117  2  0
18  42  60  117  2  0
18  43  60  117  2  0
18  44  60  117  2  0
18  45  60  117  2  0
18  46  60  117  2  0
18  47  60  117  2  0
18  48  60  117  2  0
18  49  60  117  2  0
18  50  60  117  2  0
18  51  60  117  2  0
18  52  60  117  2  0
18  53  60  117  2  0
18  54  60  117  2  0
18  55  60  117  2  0
18  56  60  117  2  0
18  57  60  117  2  0
18  58  60  117  2  0
18  59  60  117  2  0
19  0  60  117  3  2  1  1  1  1  1
19  1  60  117  9  13  3  1  1  4  7  1  4  1  1
19  2  60  117  3  2  1  1  1  1  1
19  3  60  117  2  0
19  4  60  117  2  0
19  5  60  117  2  0
19  6  60  117  2  0
19  7  60  117  3  2  1  1  1  1  1
19  8  60  117  2  0
19  9  60  117  2  0
19  10  60  117  2  0
19  11  60  117  2  0
19  12  60  117  3  2  1  1  1  1  1
19  13  60  117  3  2  1  1  1  1  1
19  14  60  117  2  0
19  15  60  117  2  0
19  16  60  117  2  0
19  17  60  117  2  0
19  18  60  117  2  0
19  20  60  117  2  0
19  21  60  117  2  0
19  22  60  117  2  0
19  23  60  117  2  0
19  24  60  117  2  0
19  25  60  117  2  0
19  26  60  117  2  0
19  27  60  117  2  0
19  28  60  117  2  0
19  29  60  117  2  0
19  30  60  117  2  0
19  31  60  117  2  0
19  32  60  117  2  0
19  33  60  117  2  0
19  34  60  117  2  0
19  35  60  117  2  0
19  36  60  117  2  0
19  37  60  117  2  0
19  38  60  117  2  0
19  39  60  117  2  0
19  40  60  117  2  0
19  41  60  117  2  0
19  42  60  117  2  0
19  43  60  117  2  0
19  44  60  117  2  0
19  45  60  117  2  0
19  46  60  117  2  0
19  47  60  117  2  0
19  48  60  117  2  0
19  49  60  117  2  0
19  50  60  117  2  0
19  51  60  117  2  0
19  52  60  117  2  0
19  53  60  117  2  0
19  54  60  117  2  0
19  55  60  117  2  0
19  56  60  117  2  0
19  57  60  117  2  0
19  58  60  117  2  0
19  59  60  117  2  0
20  0  60  117  3  2  1  1  1  1  1
20  1  60  117  9  13  3  1  1  2  2  1  9  1  1
20  2  60  117  3  2  1  1  1  1  1
20  3  60  117  2  0
20  4  60  117  2  0
20  5  60  117  2  0
20  6  60  117  2  0
20  7  60  117  3  2  1  1  1  1  1
20  8  60  117  2  0
20  9  60  117  2  0
20  10  60  117  2  0
20  11  60  117  3  2  1  1  1  1  1
20  12  60  117  3  2  1  1  1  1  1
20  13  60  117  3  2  1  1  1  1  1
20  14  60  117  2  0
20  15  60  117  2  0
20  16  60  117  2  0
20  17  60  117  2  0
20  18  60  117  2  0
20  19  60  117  2  0
20  21  60  117  2  0
20  22  60  117  2  0
20  23  60  117  2  0
20  24  60  117  2  0
20  25  60  117  2  0
20  26  60  117  2  0
20  27  60  117  2  0
20  28  60  117  2  0
20  29  60  117  2  0
20  30  60  117  2  0
20  31  60  117  2  0
20  32  60  117  2  0
20  33  60  117  2  0
20  34  60  117  2  0
20  35  60  117  2  0
20  36  60  117  2  0
20  37  60  117  2  0
20  38  60  117  2  0
20  39  60  117  2  0
20  40  60  117  2  0
20  41  60  117  2  0
20  42  60  117  2  0
20  43  60  117  2  0
20  44  60  117  2  0
20  45  60  117  2  0
20  46  60  117  2  0
20  47  60  117  2  0
20  48  60  117  2  0
20  49  60  117  2  0
20  50  60  117  2  0
20  51  60  117  2  0
20  52  60  117  2  0
20  53  60  117  2  0
20  54  60  117  2  0
20  55  60  117  2  0
20  56  60  117  2  0
20  57  60  117  2  0
20  58  60  117  2  0
20  59  60  117  2  0
21  0  60  117  3  2  1  1  1  1  1
21  1  60  117  8  11  3  1  1  3  6  1  3  1  1
21  2  60  117  3  2  1  1  1  1  1
21  3  60  117  2  0
21  4  60  117  2  0
21  5  60  117  2  0
21  6  60  117  2  0
21  7  60  117  3  2  1  1  1  1  1
21  8  60  117  2  0
21  9  60  117  2  0
21  10  60  117  2  0
21  11  60  117  2  0
21  12  60  117  3  2  1  1  1  1  1
21  13  60  117  2  0
21  14  60  117  2  0
21  15  60  117  2  0
21  16  60  117  2  0
21  17  60  117  2  0
21  18  60  117  3  2  1  1  1  1  1
21  19  60  117  2  0
21  20  60  117  2  0
21  22  60  117  2  0
21  23  60  117  2  0
21  24  60  117  2  0
21  25  60  117  2  0
21  26  60  117  2  0
21  27  60  117  2  0
21  28  60  117  2  0
21  29  60  117  2  0
21  30  60  117  2  0
21  31  60  117  2  0
21  32  60  117  2  0
21  33  60  117  2  0
21  34  60  117  2  0
21  35  60  117  2  0
21  36  60  117  2  0
21  37  60  117  2  0
21  38  60  117  2  0
21  39  60  117  2  0
21  40  60  117  2  0
21  41  60  117  2  0
21  42  60  117  2  0
21  43  60  117  2  0
21  44  60  117  2  0
21  45  60  117  2  0
21  46  60  117  2  0
21  47  60  117  2  0
21  48  60  117  2  0
21  49  60  117  2  0
21  50  60  117  2  0
21  51  60  117  2  0
21  52  60  117  2  0
21  53  60  117  2  0
21  54  60  117  2  0
21  55  60  117  2  0
21  56  60  117  2  0
21  57  60  117  2  0
21  58  60  117  2  0
21  59  60  117  2  0
22  0  60  117  3  2  1  1  1  1  1
22  1  60  117  8  11  3  1  1  2  7  1  2  1  1
22  2  60  117  3  2  1  1  1  1  1
22  3  60  117  2  0
22  4  60  117  2  0
22  5  60  117  3  2  1  1  1  1  1
22  6  60  117  2  0
22  7  60  117  2  0
22  8  60  117  2  0
22  9  60  117  3  2  1  1  1  1  1
22  10  60  117  2  0
22  11  60  117  2  0
22  12  60  117  2  0
22  13  60  117  2  0
22  14  60  117  2  0
22  15  60  117  2  0
22  16  60  117  2  0
22  17  60  117  2  0
22  18  60  117  2  0
22  19  60  117  2  0
22  20  60  117  2  0
22  21  60  117  2  0
22  23  60  117  2  0
22  24  60  117  2  0
22  25  60  117  2  0
22  26  60  117  2  0
22  27  60  117  2  0
22  28  60  117  2  0
22  29  60  117  2  0
22  30  60  117  2  0
22  31  60  117  2  0
22  32  60  117  2  0
22  33  60  117  2  0
22  34  60  117  2  0
22  35  60  117  2  0
22  36  60  117  2  0
22  37  60  117  2  0
22  38  60  117  2  0
22  39  60  117  2  0
22  40  60  117  2  0
22  41  60  117  2  0
22  42  60  117  2  0
22  43  60  117  2  0
22  44  60  117  2  0
22  45  60  117  2  0
22  46  60  117  2  0
22  47  60  117  2  0
22  48  60  117  2  0
22  49  60  117  2  0
22  50  60  117  2  0
22  51  60  117  2  0
22  52  60  117  2  0
22  53  60  117  2  0
22  54  60  117  2  0
22  55  60  117  2  0
22  56  60  117  2  0
22  57  60  117  2  0
22  58  60  117  2  0
22  59  60  117  2  0
23  0  60  117  6  7  3  1  1  2  3  1  2  1  1
23  1  60  117  10  15  3  1  1  3  6  1  7  1  1
23  2  60  117  3  2  1  1  1  1  1
23  3  60  117  2  0
23  4  60  117  2  0
23  5  60  117  2  0
23  6  60  117  2  0
23  7  60  117  3  2  1  1  1  1  1
23  8  60  117  2  0
23  9  60  117  2  0
23  10  60  117  2  0
23  11  60  117  2  0
23  12  60  117  3  2  1  1  1  1  1
23  13  60  117  3  2  1  1  1  1  1
23  14  60  117  2  0
23  15  60  117  2  0
23  16  60  117  2  0
23  17  60  117  2  0
23  18  60  117  2  0
23  19  60  117  3  2  1  1  1  1  1
23  20  60  117  2  0
23  21  60  117  2  0
23  22  60  117  2  0
23  24  60  117  2  0
23  25  60  117  2  0
23  26  60  117  2  0
23  27  60  117  2  0
23  28  60  117  2  0
23  29  60  117  2  0
23  30  60  117  2  0
23  31  60  117  2  0
23  32  60  117  2  0
23  33  60  117  2  0
23  34  60  117  2  0
23  35  60  117  2  0
23  36  60  117  2  0
23  37  60  117  2  0
23  38  60  117  2  0
23  39  60  117  2  0
23  40  60  117  2  0
23  41  60  117  2  0
23  42  60  117  2  0
23  43  60  117  2  0
23  44  60  117  2  0
23  45  60  117  2  0
23  46  60  117  2  0
23  47  60  117  2  0
23  48  60  117  2  0
23  49  60  117  2  0
23  50  60  117  2  0
23  51  60  117  2  0
23  52  60  117  2  0
23  53  60  117  2  0
23  54  60  117  2  0
23  55  60  117  2  0
23  56  60  117  2  0
23  57  60  117  2  0
23  58  60  117  2  0
23  59  60  117  2  0
24  0  60  117  10  15  3  1  1  2  2  1  11  1  1
24  1  60  117  11  17  4  1  1  2  2  2  11  1  2  1  1
24  2  60  117  3  2  1  1  1  1  1
24  3  60  117  2  0
24  4  60  117  3  2  1  1  1  1  1
24  5  60  117  3  2  1  1  1  1  1
24  6  60  117  2  0
24  7  60  117  2  0
24  8  60  117  2  0
24  9  60  117  3  2  1  1  1  1  1
24  10  60  117  2  0
24  11  60  117  2  0
24  12  60  117  2  0
24  13  60  117  2  0
24  14  60  117  2  0
24  15  60  117  3  2  1  1  1  1  1
24  16  60  117  2  0
24  17  60  117  2  0
24  18  60  117  2  0
24  19  60  117  2  0
24  20  60  117  2  0
24  21  60  117  2  0
24  22  60  117  3  2  1  1  1  1  1
24  23  60  117  2  0
24  25  60  117  2  0
24  26  60  117  2  0
24  27  60  117  2  0
24  28  60  117  2  0
24  29  60  117  2  0
24  30  60  117  2  0
24  31  60  117  2  0
24  32  60  117  2  0
24  33  60  117  2  0
24  34  60  117  2  0
24  35  60  117  2  0
24  36  60  117  2  0
24  37  60  117  2  0
24  38  60  117  2  0
24  39  60  117  2  0
24  40  60  117  2  0
24  41  60  117  2  0
24  42  60  117  2  0
24  43  60  117  2  0
24  44  60  117  2  0
24  45  60  117  2  0
24  46  60  117  2  0
24  47  60  117  2  0
24  48  60  117  2  0
24  49  60  117  2  0
24  50  60  117  2  0
24  51  60  117  2  0
24  52  60  117  2  0
24  53  60  117  2  0
24  54  60  117  2  0
24  55  60  117  2  0
24  56  60  117  2  0
24  57  60  117  2  0
24  58  60  117  2  0
24  59  60  117  2  0
25  0  60  117  9  12  4  1  1  4  5  2  2  1  1  1  3
25  1  60  117  11  17  3  1  1  4  5  1  9  1  2
25  2  60  117  7  9  3  1  1  3  4  1  2  1  2
25  3  60  117  2  0
25  4  60  117  2  0
25  5  60  117  2  0
25  6  60  117  2  0
25  7  60  117  7  9  3  1  1  3  4  1  2  1  2
25  8  60  117  2  0
25  9  60  117  2  0
25  10  60  117  2  0
25  11  60  117  2  0
25  12  60  117  3  2  1  1  1  1  1
25  13  60  117  3  2  1  1  1  1  1
25  14  60  117  2  0
25  15  60  117  2  0
25  16  60  117  2  0
25  17  60  117  2  0
25  18  60  117  2  0
25  19  60  117  3  2  1  1  1  1  1
25  20  60  117  2  0
25  21  60  117  2  0
25  22  60  117  2  0
25  23  60  117  3  2  1  1  1  1  1
25  24  60  117  2  0
25  26  60  117  2  0
25  27  60  117  2  0
25  28  60  117  2  0
25  29  60  117  2  0
25  30  60  117  2  0
25  31  60  117  2  0
25  32  60  117  2  0
25  33  60  117  2  0
25  34  60  117  2  0
25  35  60  117  2  0
25  36  60  117  2  0
25  37  60  117  2  0
25  38  60  117  2  0
25  39  60  117  2  0
25  40  60  117  2  0
25  41  60  117  2  0
25  42  60  117  2  0
25  43  60  117  2  0
25  44  60  117  2  0
25  45  60  117  2  0
25  46  60  117  2  0
25  47  60  117  2  0
25  48  60  117  2  0
25  49  60  117  2  0
25  50  60  117  2  0
25  51  60  117  2  0
25  52  60  117  2  0
25  53  60  117  2  0
25  54  60  117  2  0
25  55  60  117  2  0
25  56  60  117  2  0
25  57  60  117  2  0
25  58  60  117  2  0
25  59  60  117  2  0
26  0  60  117  3  2  1  1  1  1  1
26  1  60  117  3  2  1  1  1  1  1
26  2  60  117  2  0
26  3  60  117  2  0
26  4  60  117  2  0
26  5  60  117  2  0
26  6  60  117  2  0
26  7  60  117  2  0
26  8  60  117  2  0
26  9  60  117  2  0
26  10  60  117  2  0
26  11  60  117  2  0
26  12  60  117  2  0
26  13  60  117  2  0
26  14  60  117  2  0
26  15  60  117  2  0
26  16  60  117  2  0
26  17  60  117  2  0
26  18  60  117  2  0
26  19  60  117  2  0
26  20  60  117  2  0
26  21  60  117  2  0
26  22  60  117  2  0
26  23  60  117  2  0
26  24  60  117  2  0
26  25  60  117  2  0
26  27  60  117  2  0
26  28  60  117  2  0
26  29  60  117  2  0
26  30  60  117  2  0
26  31  60  117  2  0
26  32  60  117  2  0
26  33  60  117  2  0
26  34  60  117  2  0
26  35  60  117  2  0
26  36  60  117  2  0
26  37  60  117  2  0
26  38  60  117  2  0
26  39  60  117  2  0
26  40  60  117  2  0
26  41  60  117  2  0
26  42  60  117  2  0
26  43  60  117  2  0
26  44  60  117  2  0
26  45  60  117  2  0
26  46  60  117  2  0
26  47  60  117  2  0
26  48  60  117  2  0
26  49  60  117  2  0
26  50  60  117  2  0
26  51  60  117  2  0
26  52  60  117  2  0
26  53  60  117  2  0
26  54  60  117  2  0
26  55  60  117  2  0
26  56  60  117  2  0
26  57  60  117  2  0
26  58  60  117  2  0
26  59  60  117  2  0
27  0  60  117  3  2  1  1  1  1  1
27  1  60  117  7  9  3  1  1  2  5  1  2  1  1
27  2  60  117  3  2  1  1  1  1  1
27  3  60  117  2  0
27  4  60  117  2  0
27  5  60  117  3  2  1  1  1  1  1
27  6  60  117  2  0
27  7  60  117  2  0
27  8  60  117  2  0
27  9  60  117  2  0
27  10  60  117  2  0
27  11  60  117  2  0
27  12  60  117  2  0
27  13  60  117  2  0
27  14  60  117  2  0
27  15  60  117  2  0
27  16  60  117  2  0
27  17  60  117  2  0
27  18  60  117  2  0
27  19  60  117  2  0
27  20  60  117  2  0
27  21  60  117  2  0
27  22  60  117  2  0
27  23  60  117  2  0
27  24  60  117  2  0
27  25  60  117  2  0
27  26  60  117  2  0
27  28  60  117  2  0
27  29  60  117  2  0
27  30  60  117  2  0
27  31  60  117  2  0
27  32  60  117  2  0
27  33  60  117  2  0
27  34  60  117  2  0
27  35  60  117  2  0
27  36  60  117  2  0
27  37  60  117  2  0
27  38  60  117  2  0
27  39  60  117  2  0
27  40  60  117  2  0
27  41  60  117  2  0
27  42  60  117  2  0
27  43  60  117  2  0
27  44  60  117  2  0
27  45  60  117  2  0
27  46  60  117  2  0
27  47  60  117  2  0
27  48  60  117  2  0
27  49  60  117  2  0
27  50  60  117  2  0
27  51  60  117  2  0
27  52  60  117  2  0
27  53  60  117  2  0
27  54  60  117  2  0
27  55  60  117  2  0
27  56  60  117  2  0
27  57  60  117  2  0
27  58  60  117  2  0
27  59  60  117  2  0
28  0  60  117  10  15  3  1  1  2  2  1  11  1  1
28  1  60  117  12  19  2  1  1  1  17  1  1
28  2  60  117  3  2  1  1  1  1  1
28  3  60  117  2  0
28  4  60  117  3  2  1  1  1  1  1
28  5  60  117  3  2  1  1  1  1  1
28  6  60  117  2  0
28  7  60  117  2  0
28  8  60  117  2  0
28  9  60  117  3  2  1  1  1  1  1
28  10  60  117  2  0
28  11  60  117  2  0
28  12  60  117  2  0
28  13  60  117  2  0
28  14  60  117  2  0
28  15  60  117  3  2  1  1  1  1  1
28  16  60  117  2  0
28  17  60  117  2  0
28  18  60  117  2  0
28  19  60  117  2  0
28  20  60  117  2  0
28  21  60  117  2  0
28  22  60  117  3  2  1  1  1  1  1
28  23  60  117  2  0
28  24  60  117  3  2  1  1  1  1  1
28  25  60  117  2  0
28  26  60  117  2  0
28  27  60  117  2  0
28  29  60  117  2  0
28  30  60  117  2  0
28  31  60  117  2  0
28  32  60  117  2  0
28  33  60  117  2  0
28  34  60  117  2  0
28  35  60  117  2  0
28  36  60  117  2  0
28  37  60  117  2  0
28  38  60  117  2  0
28  39  60  117  2  0
28  40  60  117  2  0
28  41  60  117  2  0
28  42  60  117  2  0
28  43  60  117  2  0
28  44  60  117  2  0
28  45  60  117  2  0
28  46  60  117  2  0
28  47  60  117  2  0
28  48  60  117  2  0
28  49  60  117  2  0
28  50  60  117  2  0
28  51  60  117  2  0
28  52  60  117  2  0
28  53  60  117  2  0
28  54  60  117  2  0
28  55  60  117  2  0
28  56  60  117  2  0
28  57  60  117  2  0
28  58  60  117  2  0
28  59  60  117  2  0
29  0  60  117  3  2  1  1  1  1  1
29  1  60  117  3  2  1  1  1  1  1
29  2  60  117  2  0
29  3  60  117  2  0
29  4  60  117  2  0
29  5  60  117  2  0
29  6  60  117  2  0
29  7  60  117  2  0
29  8  60  117  2  0
29  9  60  117  2  0
29  10  60  117  2  0
29  11  60  117  2  0
29  12  60  117  2  0
29  13  60  117  2  0
29  14  60  117  2  0
29  15  60  117  2  0
29  16  60  117  2  0
29  17  60  117  2  0
29  18  60  117  2  0
29  19  60  117  2  0
29  20  60  117  2  0
29  21  60  117  2  0
29  22  60  117  2  0
29  23  60  117  2  0
29  24  60  117  2  0
29  25  60  117  2  0
29  26  60  117  2  0
29  27  60  117  2  0
29  28  60  117  2  0
29  30  60  117  2  0
29  31  60  117  2  0
29  32  60  117  2  0
29  33  60  117  2  0
29  34  60  117  2  0
29  35  60  117  2  0
29  36  60  117  2  0
29  37  60  117  2  0
29  38  60  117  2  0
29  39  60  117  2  0
29  40  60  117  2  0
29  41  60  117  2  0
29  42  60  117  2  0
29  43  60  117  2  0
29  44  60  117  2  0
29  45  60  117  2  0
29  46  60  117  2  0
29  47  60  117  2  0
29  48  60  117  2  0
29  49  60  117  2  0
29  50  60  117  2  0
29  51  60  117  2  0
29  52  60  117  2  0
29  53  60  117  2  0
29  54  60  117  2  0
29  55  60  117  2  0
29  56  60  117  2  0
29  57  60  117  2  0
29  58  60  117  2  0
29  59  60  117  2  0
30  0  60  117  3  2  1  1  1  1  1
30  1  60  117  8  11  3  1  1  4  5  1  3  1  2
30  2  60  117  3  2  1  1  1  1  1
30  3  60  117  3  2  1  1  1  1  1
30  4  60  117  2  0
30  5  60  117  2  0
30  6  60  117  3  2  1  1  1  1  1
30  7  60  117  2  0
30  8  60  117  2  0
30  9  60  117  2  0
30  10  60  117  2  0
30  11  60  117  2  0
30  12  60  117  2  0
30  13  60  117  2  0
30  14  60  117  2  0
30  15  60  117  2  0
30  16  60  117  2  0
30  17  60  117  2  0
30  18  60  117  2  0
30  19  60  117  2  0
30  20  60  117  2  0
30  21  60  117  2  0
30  22  60  117  2  0
30  23  60  117  2  0
30  24  60  117  2  0
30  25  60  117  2  0
30  26  60  117  2  0
30  27  60  117  2  0
30  28  60  117  2  0
30  29  60  117  2  0
30  31  60  117  2  0
30  32  60  117  2  0
30  33  60  117  2  0
30  34  60  117  2  0
30  35  60  117  2  0
30  36  60  117  2  0
30  37  60  117  2  0
30  38  60  117  2  0
30  39  60  117  2  0
30  40  60  117  2  0
30  41  60  117  2  0
30  42  60  117  2  0
30  43  60  117  2  0
30  44  60  117  2  0
30  45  60  117  2  0
30  46  60  117  2  0
30  47  60  117  2  0
30  48  60  117  2  0
30  49  60  117  2  0
30  50  60  117  2  0
30  51  60  117  2  0
30  52  60  117  2  0
30  53  60  117  2  0
30  54  60  117  2  0
30  55  60  117  2  0
30  56  60  117  2  0
30  57  60  117  2  0
30  58  60  117  2  0
30  59  60  117  2  0
31  0  60  117  3  2  1  1  1  1  1
31  1  60  117  3  2  1  1  1  1  1
31  2  60  117  3  2  1  1  1  1  1
31  3  60  117  2  0
31  4  60  117  2  0
31  5  60  117  2  0
31  6  60  117  2  0
31  7  60  117  3  2  1  1  1  1  1
31  8  60  117  2  0
31  9  60  117  2  0
31  10  60  117  2  0
31  11  60  117  2  0
31  12  60  117  2  0
31  13  60  117  2  0
31  14  60  117  2  0
31  15  60  117  2  0
31  16  60  117  2  0
31  17  60  117  2  0
31  18  60  117  2  0
31  19  60  117  2  0
31  20  60  117  2  0
31  21  60  117  2  0
31  22  60  117  2  0
31  23  60  117  2  0
31  24  60  117  2  0
31  25  60  117  2  0
31  26  60  117  2  0
31  27  60  117  2  0
31  28  60  117  2  0
31  29  60  117  2  0
31  30  60  117  2  0
31  32  60  117  2  0
31  33  60  117  2  0
31  34  60  117  2  0
31  35  60  117  2  0
31  36  60  117  2  0
31  37  60  117  2  0
31  38  60  117  2  0
31  39  60  117  2  0
31  40  60  117  2  0
31  41  60  117  2  0
31  42  60  117  2  0
31  43  60  117  2  0
31  44  60  117  2  0
31  45  60  117  2  0
31  46  60  117  2  0
31  47  60  117  2  0
31  48  60  117  2  0
31  49  60  117  2  0
31  50  60  117  2  0
31  51  60  117  2  0
31  52  60  117  2  0
31  53  60  117  2  0
31  54  60  117  2  0
31  55  60  117  2  0
31  56  60  117  2  0
31  57  60  117  2  0
31  58  60  117  2  0
31  59  60  117  2  0
32  0  60  117  8  11  3  1  1  4  5  1  3  1  2
32  1  60  117  10  15  3  1  1  2  2  1  11  1  1
32  2  60  117  3  2  1  1  1  1  1
32  3  60  117  2  0
32  4  60  117  2  0
32  5  60  117  3  2  1  1  1  1  1
32  6  60  117  2  0
32  7  60  117  3  2  1  1  1  1  1
32  8  60  117  2  0
32  9  60  117  3  2  1  1  1  1  1
32  10  60  117  2  0
32  11  60  117  2  0
32  12  60  117  2  0
32  13  60  117  2  0
32  14  60  117  2  0
32  15  60  117  2  0
32  16  60  117  2  0
32  17  60  117  2  0
32  18  60  117  2  0
32  19  60  117  2  0
32  20  60  117  2  0
32  21  60  117  2  0
32  22  60  117  3  2  1  1  1  1  1
32  23  60  117  2  0
32  24  60  117  2  0
32  25  60  117  2  0
32  26  60  117  2  0
32  27  60  117  2  0
32  28  60  117  2  0
32  29  60  117  2  0
32  30  60  117  2  0
32  31  60  117  2  0
32  33  60  117  2  0
32  34  60  117  2  0
32  35  60  117  2  0
32  36  60  117  2  0
32  37  60  117  2  0
32  38  60  117  2  0
32  39  60  117  2  0
32  40  60  117  2  0
32  41  60  117  2  0
32  42  60  117  2  0
32  43  60  117  2  0
32  44  60  117  2  0
32  45  60  117  2  0
32  46  60  117  2  0
32  47  60  117  2  0
32  48  60  117  2  0
32  49  60  117  2  0
32  50  60  117  2  0
32  51  60  117  2  0
32  52  60  117  2  0
32  53  60  117  2  0
32  54  60  117  2  0
32  55  60  117  2  0
32  56  60  117  2  0
32  57  60  117  2  0
32  58  60  117  2  0
32  59  60  117  2  0
33  0  60  117  7  9  3  1  1  3  4  1  2  1  2
33  1  60  117  8  11  3  1  1  3  4  1  4  1  2
33  2  60  117  3  2  1  1  1  1  1
33  3  60  117  2  0
33  4  60  117  2  0
33  5  60  117  3  2  1  1  1  1  1
33  6  60  117  2  0
33  7  60  117  2  0
33  8  60  117  2  0
33  9  60  117  2  0
33  10  60  117  2  0
33  11  60  117  2  0
33  12  60  117  2  0
33  13  60  117  2  0
33  14  60  117  2  0
33  15  60  117  2  0
33  16  60  117  2  0
33  17  60  117  2  0
33  18  60  117  2  0
33  19  60  117  2  0
33  20  60  117  2  0
33  21  60  117  2  0
33  22  60  117  2  0
33  23  60  117  2  0
33  24  60  117  2  0
33  25  60  117  2  0
33  26  60  117  2  0
33  27  60  117  3  2  1  1  1  1  1
33  28  60  117  2  0
33  29  60  117  2  0
33  30  60  117  2  0
33  31  60  117  2  0
33  32  60  117  2  0
33  34  60  117  2  0
33  35  60  117  2  0
33  36  60  117  2  0
33  37  60  117  2  0
33  38  60  117  2  0
33  39  60  117  2  0
33  40  60  117  2  0
33  41  60  117  2  0
33  42  60  117  2  0
33  43  60  117  2  0
33  44  60  117  2  0
33  45  60  117  2  0
33  46  60  117  2  0
33  47  60  117  2  0
33  48  60  117  2  0
33  49  60  117  2  0
33  50  60  117  2  0
33  51  60  117  2  0
33  52  60  117  2  0
33  53  60  117  2  0
33  54  60  117  2  0
33  55  60  117  2  0
33  56  60  117  2  0
33  57  60  117  2  0
33  58  60  117  2  0
33  59  60  117  2  0
34  0  60  117  12  19  3  1  1  2  2  1  14  1  2
34  1  60  117  14  23  3  1  1  2  2  1  19  1  1
34  2  60  117  6  7  3  1  1  2  3  1  2  1  1
34  3  60  117  2  0
34  4  60  117  3  2  1  1  1  1  1
34  5  60  117  3  2  1  1  1  1  1
34  6  60  117  2  0
34  7  60  117  2  0
34  8  60  117  2  0
34  9  60  117  3  2  1  1  1  1  1
34  10  60  117  2  0
34  11  60  117  2  0
34  12  60  117  2  0
34  13  60  117  2  0
34  14  60  117  2  0
34  15  60  117  3  2  1  1  1  1  1
34  16  60  117  2  0
34  17  60  117  2  0
34  18  60  117  2  0
34  19  60  117  2  0
34  20  60  117  2  0
34  21  60  117  2  0
34  22  60  117  3  2  1  1  1  1  1
34  23  60  117  2  0
34  24  60  117  3  2  1  1  1  1  1
34  25  60  117  2  0
34  26  60  117  2  0
34  27  60  117  3  2  1  1  1  1  1
34  28  60  117  3  2  1  1  1  1  1
34  29  60  117  2  0
34  30  60  117  2  0
34  31  60  117  2  0
34  32  60  117  2  0
34  33  60  117  2  0
34  35  60  117  2  0
34  36  60  117  2  0
34  37  60  117  2  0
34  38  60  117  2  0
34  39  60  117  2  0
34  40  60  117  2  0
34  41  60  117  2  0
34  42  60  117  2  0
34  43  60  117  2  0
34  44  60  117  2  0
34  45  60  117  2  0
34  46  60  117  2  0
34  47  60  117  2  0
34  48  60  117  2  0
34  49  60  117  2  0
34  50  60  117  2  0
34  51  60  117  2  0
34  52  60  117  2  0
34  53  60  117  2  0
34  54  60  117  2  0
34  55  60  117  2  0
34  56  60  117  2  0
34  57  60  117  2  0
34  58  60  117  2  0
34  59  60  117  2  0
35  0  60  117  6  7  3  1  1  2  3  1  2  1  1
35  1  60  117  10  15  3  1  1  3  6  1  7  1  1
35  2  60  117  3  2  1  1  1  1  1
35  3  60  117  2  0
35  4  60  117  2  0
35  5  60  117  2  0
35  6  60  117  2  0
35  7  60  117  3  2  1  1  1  1  1
35  8  60  117  2  0
35  9  60  117  2  0
35  10  60  117  2  0
35  11  60  117  2  0
35  12  60  117  3  2  1  1  1  1  1
35  13  60  117  3  2  1  1  1  1  1
35  14  60  117  2  0
35  15  60  117  2  0
35  16  60  117  2  0
35  17  60  117  2  0
35  18  60  117  2  0
35  19  60  117  3  2  1  1  1  1  1
35  20  60  117  2  0
35  21  60  117  2  0
35  22  60  117  2  0
35  23  60  117  2  0
35  24  60  117  2  0
35  25  60  117  2  0
35  26  60  117  2  0
35  27  60  117  2  0
35  28  60  117  2  0
35  29  60  117  2  0
35  30  60  117  2  0
35  31  60  117  2  0
35  32  60  117  2  0
35  33  60  117  2  0
35  34  60  117  2  0
35  36  60  117  2  0
35  37  60  117  2  0
35  38  60  117  2  0
35  39  60  117  2  0
35  40  60  117  2  0
35  41  60  117  2  0
35  42  60  117  2  0
35  43  60  117  2  0
35  44  60  117  2  0
35  45  60  117  2  0
35  46  60  117  2  0
35  47  60  117  2  0
35  48  60  117  2  0
35  49  60  117  2  0
35  50  60  117  2  0
35  51  60  117  2  0
35  52  60  117  2  0
35  53  60  117  2  0
35  54  60  117  2  0
35  55  60  117  2  0
35  56  60  117  2  0
35  57  60  117  2  0
35  58  60  117  2  0
35  59  60  117  2  0
36  0  60  117  3  2  1  1  1  1  1
36  1  60  117  7  9  3  1  1  2  5  1  2  1  1
36  2  60  117  3  2  1  1  1  1  1
36  3  60  117  2  0
36  4  60  117  2  0
36  5  60  117  3  2  1  1  1  1  1
36  6  60  117  2  0
36  7  60  117  2  0
36  8  60  117  2  0
36  9  60  117  2  0
36  10  60  117  2  0
36  11  60  117  2  0
36  12  60  117  2  0
36  13  60  117  2  0
36  14  60  117  2  0
36  15  60  117  2  0
36  16  60  117  2  0
36  17  60  117  2  0
36  18  60  117  2  0
36  19  60  117  2  0
36  20  60  117  2  0
36  21  60  117  2  0
36  22  60  117  2  0
36  23  60  117  2  0
36  24  60  117  2  0
36  25  60  117  2  0
36  26  60  117  2  0
36  27  60  117  2  0
36  28  60  117  2  0
36  29  60  117  2  0
36  30  60  117  2  0
36  31  60  117  2  0
36  32  60  117  2  0
36  33  60  117  2  0
36  34  60  117  2  0
36  35  60  117  2  0
36  37  60  117  2  0
36  38  60  117  2  0
36  39  60  117  2  0
36  40  60  117  2  0
36  41  60  117  2  0
36  42  60  117  2  0
36  43  60  117  2  0
36  44  60  117  2  0
36  45  60  117  2  0
36  46  60  117  2  0
36  47  60  117  2  0
36  48  60  117  2  0
36  49  60  117  2  0
36  50  60  117  2  0
36  51  60  117  2  0
36  52  60  117  2  0
36  53  60  117  2  0
36  54  60  117  2  0
36  55  60  117  2  0
36  56  60  117  2  0
36  57  60  117  2  0
36  58  60  117  2  0
36  59  60  117  2  0
37  0  60  117  13  21  2  1  1  1  18  1  2
37  1  60  117  16  27  3  1  1  2  2  1  23  1  1
37  2  60  117  6  7  3  1  1  2  3  1  2  1  1
37  3  60  117  2  0
37  4  60  117  3  2  1  1  1  1  1
37  5  60  117  3  2  1  1  1  1  1
37  6  60  117  2  0
37  7  60  117  2  0
37  8  60  117  2  0
37  9  60  117  3  2  1  1  1  1  1
37  10  60  117  2  0
37  11  60  117  2  0
37  12  60  117  2  0
37  13  60  117  2  0
37  14  60  117  2  0
37  15  60  117  3  2  1  1  1  1  1
37  16  60  117  2  0
37  17  60  117  2  0
37  18  60  117  2  0
37  19  60  117  2  0
37  20  60  117  2  0
37  21  60  117  2  0
37  22  60  117  3  2  1  1  1  1  1
37  23  60  117  2  0
37  24  60  117  3  2  1  1  1  1  1
37  25  60  117  2  0
37  26  60  117  3  2  1  1  1  1  1
37  27  60  117  3  2  1  1  1  1  1
37  28  60  117  3  2  1  1  1  1  1
37  29  60  117  2  0
37  30  60  117  2  0
37  31  60  117  2  0
37  32  60  117  2  0
37  33  60  117  2  0
37  34  60  117  3  2  1  1  1  1  1
37  35  60  117  2  0
37  36  60  117  2  0
37  38  60  117  2  0
37  39  60  117  2  0
37  40  60  117  2  0
37  41  60  117  2  0
37  42  60  117  2  0
37  43  60  117  2  0
37  44  60  117  2  0
37  45  60  117  2  0
37  46  60  117  2  0
37  47  60  117  2  0
37  48  60  117  2  0
37  49  60  117  2  0
37  50  60  117  2  0
37  51  60  117  2  0
37  52  60  117  2  0
37  53  60  117  2  0
37  54  60  117  2  0
37  55  60  117  2  0
37  56  60  117  2  0
37  57  60  117  2  0
37  58  60  117  2  0
37  59  60  117  2  0
38  0  60  117  11  15  3  1  1  2  2  1  11  1  1
38  1  60  117  13  21  4  1  1  2  2  5  12  1  4  1  2
38  2  60  117  9  12  2  1  1  1  10  1  1
38  3  60  117  3  2  1  1  1  1  1
38  4  60  117  2  0
38  5  60  117  3  2  1  1  1  1  1
38  6  60  117  2  0
38  7  60  117  6  7  3  1  1  2  3  1  2  1  1
38  8  60  117  2  0
38  9  60  117  2  0
38  10  60  117  2  0
38  11  60  117  2  0
38  12  60  117  3  2  1  1  1  1  1
38  13  60  117  3  2  1  1  1  1  1
38  14  60  117  3  2  1  1  1  1  1
38  15  60  117  2  0
38  16  60  117  3  2  1  1  1  1  1
38  17  60  117  2  0
38  18  60  117  2  0
38  19  60  117  2  0
38  20  60  117  2  0
38  21  60  117  2  0
38  22  60  117  2  0
38  23  60  117  2  0
38  24  60  117  2  0
38  25  60  117  2  0
38  26  60  117  2  0
38  27  60  117  2  0
38  28  60  117  2  0
38  29  60  117  2  0
38  30  60  117  2  0
38  31  60  117  2  0
38  32  60  117  2  0
38  33  60  117  2  0
38  34  60  117  2  0
38  35  60  117  2  0
38  36  60  117  2  0
38  37  60  117  2  0
38  39  60  117  2  0
38  40  60  117  2  0
38  41  60  117  2  0
38  42  60  117  2  0
38  43  60  117  2  0
38  44  60  117  2  0
38  45  60  117  2  0
38  46  60  117  2  0
38  47  60  117  2  0
38  48  60  117  2  0
38  49  60  117  2  0
38  50  60  117  2  0
38  51  60  117  2  0
38  52  60  117  2  0
38  53  60  117  2  0
38  54  60  117  2  0
38  55  60  117  2  0
38  56  60  117  2  0
38  57  60  117  2  0
38  58  60  117  2  0
38  59  60  117  2  0
39  0  60  117  6  7  3  1  1  2  3  1  2  1  1
39  1  60  117  7  9  3  1  1  2  3  1  4  1  1
39  2  60  117  3  2  1  1  1  1  1
39  3  60  117  2  0
39  4  60  117  2  0
39  5  60  117  3  2  1  1  1  1  1
39  6  60  117  2  0
39  7  60  117  2  0
39  8  60  117  2  0
39  9  60  117  2  0
39  10  60  117  2  0
39  11  60  117  2  0
39  12  60  117  2  0
39  13  60  117  2  0
39  14  60  117  2  0
39  15  60  117  2  0
39  16  60  117  2  0
39  17  60  117  2  0
39  18  60  117  2  0
39  19  60  117  2  0
39  20  60  117  2  0
39  21  60  117  2  0
39  22  60  117  2  0
39  23  60  117  2  0
39  24  60  117  2  0
39  25  60  117  2  0
39  26  60  117  2  0
39  27  60  117  2  0
39  28  60  117  2  0
39  29  60  117  2  0
39  30  60  117  2  0
39  31  60  117  2  0
39  32  60  117  2  0
39  33  60  117  2  0
39  34  60  117  2  0
39  35  60  117  2  0
39  36  60  117  2  0
39  37  60  117  2  0
39  38  60  117  2  0
39  40  60  117  2  0
39  41  60  117  2  0
39  42  60  117  2  0
39  43  60  117  2  0
39  44  60  117  2  0
39  45  60  117  2  0
39  46  60  117  2  0
39  47  60  117  2  0
39  48  60  117  2  0
39  49  60  117  2  0
39  50  60  117  2  0
39  51  60  117  2  0
39  52  60  117  2  0
39  53  60  117  2  0
39  54  60  117  2  0
39  55  60  117  2  0
39  56  60  117  2  0
39  57  60  117  2  0
39  58  60  117  2  0
39  59  60  117  2  0
40  0  60  117  3  2  1  1  1  1  1
40  1  60  117  8  11  3  1  1  4  5  1  3  1  2
40  2  60  117  3  2  1  1  1  1  1
40  3  60  117  2  0
40  4  60  117  2  0
40  5  60  117  2  0
40  6  60  117  2  0
40  7  60  117  3  2  1  1  1  1  1
40  8  60  117  2  0
40  9  60  117  2  0
40  10  60  117  2  0
40  11  60  117  2  0
40  12  60  117  3  2  1  1  1  1  1
40  13  60  117  2  0
40  14  60  117  2  0
40  15  60  117  2  0
40  16  60  117  2  0
40  17  60  117  2  0
40  18  60  117  2  0
40  19  60  117  2  0
40  20  60  117  2  0
40  21  60  117  2  0
40  22  60  117  2  0
40  23  60  117  2  0
40  24  60  117  2  0
40  25  60  117  2  0
40  26  60  117  2  0
40  27  60  117  2  0
40  28  60  117  2  0
40  29  60  117  2  0
40  30  60  117  2  0
40  31  60  117  2  0
40  32  60  117  2  0
40  33  60  117  2  0
40  34  60  117  2  0
40  35  60  117  2  0
40  36  60  117  2  0
40  37  60  117  2  0
40  38  60  117  2  0
40  39  60  117  2  0
40  41  60  117  2  0
40  42  60  117  2  0
40  43  60  117  2  0
40  44  60  117  2  0
40  45  60  117  2  0
40  46  60  117  2  0
40  47  60  117  2  0
40  48  60  117  2  0
40  49  60  117  2  0
40  50  60  117  2  0
40  51  60  117  2  0
40  52  60  117  2  0
40  53  60  117  2  0
40  54  60  117  2  0
40  55  60  117  2  0
40  56  60  117  2  0
40  57  60  117  2  0
40  58  60  117  2  0
40  59  60  117  2  0
41  0  60  117  3  2  1  1  1  1  1
41  1  60  117  6  7  3  1  1  2  3  1  2  1  1
41  2  60  117  2  0
41  3  60  117  2  0
41  4  60  117  2  0
41  5  60  117  2  0
41  6  60  117  2  0
41  7  60  117  2  0
41  8  60  117  2  0
41  9  60  117  2  0
41  10  60  117  2  0
41  11  60  117  2  0
41  12  60  117  2  0
41  13  60  117  2  0
41  14  60  117  2  0
41  15  60  117  2  0
41  16  60  117  2  0
41  17  60  117  2  0
41  18  60  117  2  0
41  19  60  117  2  0
41  20  60  117  2  0
41  21  60  117  2  0
41  22  60  117  2  0
41  23  60  117  2  0
41  24  60  117  2  0
41  25  60  117  2  0
41  26  60  117  3  2  1  1  1  1  1
41  27  60  117  2  0
41  28  60  117  2  0
41  29  60  117  2  0
41  30  60  117  2  0
41  31  60  117  2  0
41  32  60  117  2  0
41  33  60  117  2  0
41  34  60  117  2  0
41  35  60  117  2  0
41  36  60  117  2  0
41  37  60  117  2  0
41  38  60  117  2  0
41  39  60  117  2  0
41  40  60  117  2  0
41  42  60  117  2  0
41  43  60  117  2  0
41  44  60  117  2  0
41  45  60  117  2  0
41  46  60  117  2  0
41  47  60  117  2  0
41  48  60  117  2  0
41  49  60  117  2  0
41  50  60  117  2  0
41  51  60  117  2  0
41  52  60  117  2  0
41  53  60  117  2  0
41  54  60  117  2  0
41  55  60  117  2  0
41  56  60  117  2  0
41  57  60  117  2  0
41  58  60  117  2  0
41  59  60  117  2  0
42  0  60  117  6  7  3  1  1  2  3  1  2  1  1
42  1  60  117  12  19  4  1  1  2  2  5  10  1  5  1  1
42  2  60  117  3  2  1  1  1  1  1
42  3  60  117  3  2  1  1  1  1  1
42  4  60  117  2  0
42  5  60  117  3  2  1  1  1  1  1
42  6  60  117  2  0
42  7  60  117  3  2  1  1  1  1  1
42  8  60  117  2  0
42  9  60  117  2  0
42  10  60  117  2  0
42  11  60  117  2  0
42  12  60  117  3  2  1  1  1  1  1
42  13  60  117  3  2  1  1  1  1  1
42  14  60  117  3  2  1  1  1  1  1
42  15  60  117  2  0
42  16  60  117  2  0
42  17  60  117  2  0
42  18  60  117  2  0
42  19  60  117  2  0
42  20  60  117  2  0
42  21  60  117  2  0
42  22  60  117  2  0
42  23  60  117  2  0
42  24  60  117  2  0
42  25  60  117  2  0
42  26  60  117  2  0
42  27  60  117  2  0
42  28  60  117  2  0
42  29  60  117  2  0
42  30  60  117  2  0
42  31  60  117  2  0
42  32  60  117  2  0
42  33  60  117  2  0
42  34  60  117  2  0
42  35  60  117  2  0
42  36  60  117  2  0
42  37  60  117  2  0
42  38  60  117  2  0
42  39  60  117  2  0
42  40  60  117  2  0
42  41  60  117  2  0
42  43  60  117  2  0
42  44  60  117  2  0
42  45  60  117  2  0
42  46  60  117  2  0
42  47  60  117  2  0
42  48  60  117  2  0
42  49  60  117  2  0
42  50  60  117  2  0
42  51  60  117  2  0
42  52  60  117  2  0
42  53  60  117  2  0
42  54  60  117  2  0
42  55  60  117  2  0
42  56  60  117  2  0
42  57  60  117  2  0
42  58  60  117  2  0
42  59  60  117  2  0
43  0  60  117  3  2  1  1  1  1  1
43  1  60  117  9  13  3  1  1  4  7  1  4  1  1
43  2  60  117  3  2  1  1  1  1  1
43  3  60  117  2  0
43  4  60  117  2  0
43  5  60  117  2  0
43  6  60  117  2  0
43  7  60  117  3  2  1  1  1  1  1
43  8  60  117  2  0
43  9  60  117  2  0
43  10  60  117  2  0
43  11  60  117  2  0
43  12  60  117  3  2  1  1  1  1  1
43  13  60  117  2  0
43  14  60  117  2  0
43  15  60  117  2  0
43  16  60  117  2  0
43  17  60  117  2  0
43  18  60  117  3  2  1  1  1  1  1
43  19  60  117  2  0
43  20  60  117  2  0
43  21  60  117  2  0
43  22  60  117  2  0
43  23  60  117  2  0
43  24  60  117  2  0
43  25  60  117  2  0
43  26  60  117  2  0
43  27  60  117  2  0
43  28  60  117  2  0
43  29  60  117  2  0
43  30  60  117  2  0
43  31  60  117  2  0
43  32  60  117  2  0
43  33  60  117  2  0
43  34  60  117  2  0
43  35  60  117  2  0
43  36  60  117  2  0
43  37  60  117  2  0
43  38  60  117  2  0
43  39  60  117  2  0
43  40  60  117  2  0
43  41  60  117  2  0
43  42  60  117  2  0
43  44  60  117  2  0
43  45  60  117  2  0
43  46  60  117  2  0
43  47  60  117  2  0
43  48  60  117  2  0
43  49  60  117  2  0
43  50  60  117  2  0
43  51  60  117  2  0
43  52  60  117  2  0
43  53  60  117  2  0
43  54  60  117  2  0
43  55  60  117  2  0
43  56  60  117  2  0
43  57  60  117  2  0
43  58  60  117  2  0
43  59  60  117  2  0
44  0  60  117  6  7  3  1  1  2  3  1  2  1  1
44  1  60  117  13  21  2  1  1  1  19  1  1
44  2  60  117  3  2  1  1  1  1  1
44  3  60  117  3  2  1  1  1  1  1
44  4  60  117  2  0
44  5  60  117  3  2  1  1  1  1  1
44  6  60  117  2  0
44  7  60  117  3  2  1  1  1  1  1
44  8  60  117  2  0
44  9  60  117  2  0
44  10  60  117  2  0
44  11  60  117  2  0
44  12  60  117  3  2  1  1  1  1  1
44  13  60  117  3  2  1  1  1  1  1
44  14  60  117  3  2  1  1  1  1  1
44  15  60  117  2  0
44  16  60  117  2  0
44  17  60  117  2  0
44  18  60  117  2  0
44  19  60  117  2  0
44  20  60  117  2  0
44  21  60  117  2  0
44  22  60  117  2  0
44  23  60  117  2  0
44  24  60  117  2  0
44  25  60  117  2  0
44  26  60  117  2  0
44  27  60  117  2  0
44  28  60  117  2  0
44  29  60  117  2  0
44  30  60  117  2  0
44  31  60  117  2  0
44  32  60  117  2  0
44  33  60  117  2  0
44  34  60  117  2  0
44  35  60  117  2  0
44  36  60  117  2  0
44  37  60  117  2  0
44  38  60  117  2  0
44  39  60  117  2  0
44  40  60  117  2  0
44  41  60  117  2  0
44  42  60  117  3  2  1  1  1  1  1
44  43  60  117  2  0
44  45  60  117  2  0
44  46  60  117  2  0
44  47  60  117  2  0
44  48  60  117  2  0
44  49  60  117  2  0
44  50  60  117  2  0
44  51  60  117  2  0
44  52  60  117  2  0
44  53  60  117  2  0
44  54  60  117  2  0
44  55  60  117  2  0
44  56  60  117  2  0
44  57  60  117  2  0
44  58  60  117  2  0
44  59  60  117  2  0
45  0  60  117  3  2  1  1  1  1  1
45  1  60  117  9  13  3  1  1  4  7  1  4  1  1
45  2  60  117  3  2  1  1  1  1  1
45  3  60  117  2  0
45  4  60  117  2  0
45  5  60  117  2  0
45  6  60  117  2  0
45  7  60  117  3  2  1  1  1  1  1
45  8  60  117  2  0
45  9  60  117  2  0
45  10  60  117  2  0
45  11  60  117  2  0
45  12  60  117  3  2  1  1  1  1  1
45  13  60  117  2  0
45  14  60  117  2  0
45  15  60  117  2  0
45  16  60  117  2  0
45  17  60  117  2  0
45  18  60  117  2  0
45  19  60  117  2  0
45  20  60  117  2  0
45  21  60  117  2  0
45  22  60  117  2  0
45  23  60  117  2  0
45  24  60  117  2  0
45  25  60  117  2  0
45  26  60  117  2  0
45  27  60  117  2  0
45  28  60  117  2  0
45  29  60  117  2  0
45  30  60  117  2  0
45  31  60  117  2  0
45  32  60  117  2  0
45  33  60  117  2  0
45  34  60  117  2  0
45  35  60  117  2  0
45  36  60  117  2  0
45  37  60  117  2  0
45  38  60  117  2  0
45  39  60  117  2  0
45  40  60  117  3  2  1  1  1  1  1
45  41  60  117  2  0
45  42  60  117  2  0
45  43  60  117  2  0
45  44  60  117  2  0
45  46  60  117  2  0
45  47  60  117  2  0
45  48  60  117  2  0
45  49  60  117  2  0
45  50  60  117  2  0
45  51  60  117  2  0
45  52  60  117  2  0
45  53  60  117  2  0
45  54  60  117  2  0
45  55  60  117  2  0
45  56  60  117  2  0
45  57  60  117  2  0
45  58  60  117  2  0
45  59  60  117  2  0
46  0  60  117  6  7  3  1  1  2  3  1  2  1  1
46  1  60  117  7  9  3  1  1  2  3  1  4  1  1
46  2  60  117  6  7  3  1  1  2  3  1  2  1  1
46  3  60  117  2  0
46  4  60  117  2  0
46  5  60  117  2  0
46  6  60  117  2  0
46  7  60  117  6  7  3  1  1  2  3  1  2  1  1
46  8  60  117  2  0
46  9  60  117  2  0
46  10  60  117  2  0
46  11  60  117  2  0
46  12  60  117  3  2  1  1  1  1  1
46  13  60  117  2  0
46  14  60  117  2  0
46  15  60  117  2  0
46  16  60  117  2  0
46  17  60  117  2  0
46  18  60  117  3  2  1  1  1  1  1
46  19  60  117  2  0
46  20  60  117  2  0
46  21  60  117  2  0
46  22  60  117  2  0
46  23  60  117  2  0
46  24  60  117  2  0
46  25  60  117  2  0
46  26  60  117  2  0
46  27  60  117  2  0
46  28  60  117  2  0
46  29  60  117  2  0
46  30  60  117  2  0
46  31  60  117  2  0
46  32  60  117  2  0
46  33  60  117  2  0
46  34  60  117  2  0
46  35  60  117  2  0
46  36  60  117  2  0
46  37  60  117  2  0
46  38  60  117  2  0
46  39  60  117  2  0
46  40  60  117  2  0
46  41  60  117  2  0
46  42  60  117  2  0
46  43  60  117  2  0
46  44  60  117  2  0
46  45  60  117  2  0
46  47  60  117  2  0
46  48  60  117  2  0
46  49  60  117  2  0
46  50  60  117  2  0
46  51  60  117  2  0
46  52  60  117  2  0
46  53  60  117  2  0
46  54  60  117  2  0
46  55  60  117  2  0
46  56  60  117  2  0
46  57  60  117  2  0
46  58  60  117  2  0
46  59  60  117  2  0
47  0  60  117  3  2  1  1  1  1  1
47  1  60  117  10  15  3  1  1  4  9  1  4  1  1
47  2  60  117  3  2  1  1  1  1  1
47  3  60  117  2  0
47  4  60  117  2  0
47  5  60  117  2  0
47  6  60  117  2  0
47  7  60  117  3  2  1  1  1  1  1
47  8  60  117  2  0
47  9  60  117  2  0
47  10  60  117  2  0
47  11  60  117  2  0
47  12  60  117  3  2  1  1  1  1  1
47  13  60  117  3  2  1  1  1  1  1
47  14  60  117  2  0
47  15  60  117  2  0
47  16  60  117  2  0
47  17  60  117  2  0
47  18  60  117  2  0
47  19  60  117  3  2  1  1  1  1  1
47  20  60  117  2  0
47  21  60  117  2  0
47  22  60  117  2  0
47  23  60  117  2  0
47  24  60  117  2  0
47  25  60  117  2  0
47  26  60  117  2  0
47  27  60  117  2  0
47  28  60  117  2  0
47  29  60  117  2  0
47  30  60  117  2  0
47  31  60  117  2  0
47  32  60  117  2  0
47  33  60  117  2  0
47  34  60  117  2  0
47  35  60  117  2  0
47  36  60  117  2  0
47  37  60  117  2  0
47  38  60  117  2  0
47  39  60  117  2  0
47  40  60  117  2  0
47  41  60  117  2  0
47  42  60  117  2  0
47  43  60  117  2  0
47  44  60  117  2  0
47  45  60  117  2  0
47  46  60  117  2  0
47  48  60  117  2  0
47  49  60  117  2  0
47  50  60  117  2  0
47  51  60  117  2  0
47  52  60  117  2  0
47  53  60  117  2  0
47  54  60  117  2  0
47  55  60  117  2  0
47  56  60  117  2  0
47  57  60  117  2  0
47  58  60  117  2  0
47  59  60  117  2  0
48  0  60  117  7  9  3  1  1  2  5  1  2  1  1
48  1  60  117  11  17  3  1  1  2  2  1  12  1  2
48  2  60  117  3  2  1  1  1  1  1
48  3  60  117  3  2  1  1  1  1  1
48  4  60  117  2  0
48  5  60  117  3  2  1  1  1  1  1
48  6  60  117  3  2  1  1  1  1  1
48  7  60  117  3  2  1  1  1  1  1
48  8  60  117  3  2  1  1  1  1  1
48  9  60  117  2  0
48  10  60  117  2  0
48  11  60  117  2  0
48  12  60  117  2  0
48  13  60  117  2  0
48  14  60  117  2  0
48  15  60  117  2  0
48  16  60  117  2  0
48  17  60  117  2  0
48  18  60  117  2  0
48  19  60  117  2  0
48  20  60  117  2  0
48  21  60  117  2  0
48  22  60  117  2  0
48  23  60  117  2  0
48  24  60  117  2  0
48  25  60  117  2  0
48  26  60  117  2  0
48  27  60  117  2  0
48  28  60  117  2  0
48  29  60  117  2  0
48  30  60  117  2  0
48  31  60  117  2  0
48  32  60  117  2  0
48  33  60  117  2  0
48  34  60  117  2  0
48  35  60  117  2  0
48  36  60  117  2  0
48  37  60  117  2  0
48  38  60  117  2  0
48  39  60  117  2  0
48  40  60  117  2  0
48  41  60  117  2  0
48  42  60  117  2  0
48  43  60  117  2  0
48  44  60  117  2  0
48  45  60  117  2  0
48  46  60  117  2  0
48  47  60  117  2  0
48  49  60  117  2  0
48  50  60  117  2  0
48  51  60  117  2  0
48  52  60  117  2  0
48  53  60  117  2  0
48  54  60  117  2  0
48  55  60  117  2  0
48  56  60  117  2  0
48  57  60  117  2  0
48  58  60  117  2  0
48  59  60  117  2  0
49  0  60  117  8  11  3  1  1  2  2  1  6  1  2
49  1  60  117  9  13  4  1  1  2  2  2  6  1  2  1  2
49  2  60  117  3  2  1  1  1  1  1
49  3  60  117  2  0
49  4  60  117  3  2  1  1  1  1  1
49  5  60  117  3  2  1  1  1  1  1
49  6  60  117  2  0
49  7  60  117  2  0
49  8  60  117  2  0
49  9  60  117  2  0
49  10  60  117  2  0
49  11  60  117  2  0
49  12  60  117  2  0
49  13  60  117  2  0
49  14  60  117  2  0
49  15  60  117  3  2  1  1  1  1  1
49  16  60  117  2  0
49  17  60  117  2  0
49  18  60  117  2  0
49  19  60  117  2  0
49  20  60  117  2  0
49  21  60  117  2  0
49  22  60  117  2  0
49  23  60  117  2  0
49  24  60  117  2  0
49  25  60  117  2  0
49  26  60  117  2  0
49  27  60  117  2  0
49  28  60  117  2  0
49  29  60  117  2  0
49  30  60  117  2  0
49  31  60  117  2  0
49  32  60  117  2  0
49  33  60  117  2  0
49  34  60  117  2  0
49  35  60  117  2  0
49  36  60  117  2  0
49  37  60  117  2  0
49  38  60  117  2  0
49  39  60  117  2  0
49  40  60  117  2  0
49  41  60  117  2  0
49  42  60  117  2  0
49  43  60  117  2  0
49  44  60  117  2  0
49  45  60  117  2  0
49  46  60  117  2  0
49  47  60  117  2  0
49  48  60  117  2  0
49  50  60  117  2  0
49  51  60  117  2  0
49  52  60  117  2  0
49  53  60  117  2  0
49  54  60  117  2  0
49  55  60  117  2  0
49  56  60  117  2  0
49  57  60  117  2  0
49  58  60  117  2  0
49  59  60  117  2  0
50  0  60  117  6  7  3  1  1  2  3  1  2  1  1
50  1  60  117  10  15  3  1  1  4  7  1  5  1  2
50  2  60  117  3  2  1  1  1  1  1
50  3  60  117  2  0
50  4  60  117  2  0
50  5  60  117  2  0
50  6  60  117  2  0
50  7  60  117  3  2  1  1  1  1  1
50  8  60  117  2  0
50  9  60  117  2  0
50  10  60  117  2  0
50  11  60  117  2  0
50  12  60  117  3  2  1  1  1  1  1
50  13  60  117  2  0
50  14  60  117  2  0
50  15  60  117  2  0
50  16  60  117  2  0
50  17  60  117  2  0
50  18  60  117  3  2  1  1  1  1  1
50  19  60  117  2  0
50  20  60  117  2  0
50  21  60  117  2  0
50  22  60  117  2  0
50  23  60  117  2  0
50  24  60  117  2  0
50  25  60  117  2  0
50  26  60  117  2  0
50  27  60  117  2  0
50  28  60  117  2  0
50  29  60  117  2  0
50  30  60  117  2  0
50  31  60  117  2  0
50  32  60  117  2  0
50  33  60  117  2  0
50  34  60  117  2  0
50  35  60  117  2  0
50  36  60  117  2  0
50  37  60  117  2  0
50  38  60  117  2  0
50  39  60  117  2  0
50  40  60  117  2  0
50  41  60  117  2  0
50  42  60  117  2  0
50  43  60  117  3  2  1  1  1  1  1
50  44  60  117  2  0
50  45  60  117  2  0
50  46  60  117  2  0
50  47  60  117  2  0
50  48  60  117  2  0
50  49  60  117  2  0
50  51  60  117  2  0
50  52  60  117  2  0
50  53  60  117  2  0
50  54  60  117  2  0
50  55  60  117  2  0
50  56  60  117  2  0
50  57  60  117  2  0
50  58  60  117  2  0
50  59  60  117  2  0
51  0  60  117  3  2  1  1  1  1  1
51  1  60  117  10  15  3  1  1  4  9  1  4  1  1
51  2  60  117  3  2  1  1  1  1  1
51  3  60  117  2  0
51  4  60  117  2  0
51  5  60  117  2  0
51  6  60  117  2  0
51  7  60  117  3  2  1  1  1  1  1
51  8  60  117  2  0
51  9  60  117  2  0
51  10  60  117  2  0
51  11  60  117  2  0
51  12  60  117  3  2  1  1  1  1  1
51  13  60  117  2  0
51  14  60  117  2  0
51  15  60  117  2  0
51  16  60  117  2  0
51  17  60  117  2  0
51  18  60  117  3  2  1  1  1  1  1
51  19  60  117  2  0
51  20  60  117  2  0
51  21  60  117  2  0
51  22  60  117  2  0
51  23  60  117  2  0
51  24  60  117  2  0
51  25  60  117  2  0
51  26  60  117  2  0
51  27  60  117  2  0
51  28  60  117  2  0
51  29  60  117  2  0
51  30  60  117  2  0
51  31  60  117  2  0
51  32  60  117  2  0
51  33  60  117  2  0
51  34  60  117  2  0
51  35  60  117  2  0
51  36  60  117  2  0
51  37  60  117  2  0
51  38  60  117  2  0
51  39  60  117  2  0
51  40  60  117  2  0
51  41  60  117  2  0
51  42  60  117  2  0
51  43  60  117  3  2  1  1  1  1  1
51  44  60  117  2  0
51  45  60  117  2  0
51  46  60  117  2  0
51  47  60  117  2  0
51  48  60  117  2  0
51  49  60  117  2  0
51  50  60  117  2  0
51  52  60  117  2  0
51  53  60  117  2  0
51  54  60  117  2  0
51  55  60  117  2  0
51  56  60  117  2  0
51  57  60  117  2  0
51  58  60  117  2  0
51  59  60  117  2  0
52  0  60  117  6  7  3  1  1  2  3  1  2  1  1
52  1  60  117  10  15  3  1  1  4  7  1  5  1  2
52  2  60  117  3  2  1  1  1  1  1
52  3  60  117  2  0
52  4  60  117  2  0
52  5  60  117  2  0
52  6  60  117  2  0
52  7  60  117  3  2  1  1  1  1  1
52  8  60  117  2  0
52  9  60  117  2  0
52  10  60  117  2  0
52  11  60  117  2  0
52  12  60  117  3  2  1  1  1  1  1
52  13  60  117  2  0
52  14  60  117  2  0
52  15  60  117  2  0
52  16  60  117  2  0
52  17  60  117  2  0
52  18  60  117  3  2  1  1  1  1  1
52  19  60  117  2  0
52  20  60  117  2  0
52  21  60  117  2  0
52  22  60  117  2  0
52  23  60  117  2  0
52  24  60  117  2  0
52  25  60  117  2  0
52  26  60  117  2  0
52  27  60  117  2  0
52  28  60  117  2  0
52  29  60  117  2  0
52  30  60  117  2  0
52  31  60  117  2  0
52  32  60  117  2  0
52  33  60  117  2  0
52  34  60  117  2  0
52  35  60  117  2  0
52  36  60  117  2  0
52  37  60  117  2  0
52  38  60  117  2  0
52  39  60  117  2  0
52  40  60  117  2  0
52  41  60  117  2  0
52  42  60  117  2  0
52  43  60  117  3  2  1  1  1  1  1
52  44  60  117  2  0
52  45  60  117  2  0
52  46  60  117  2  0
52  47  60  117  2  0
52  48  60  117  2  0
52  49  60  117  2  0
52  50  60  117  2  0
52  51  60  117  2  0
52  53  60  117  2  0
52  54  60  117  2  0
52  55  60  117  2  0
52  56  60  117  2  0
52  57  60  117  2  0
52  58  60  117  2  0
52  59  60  117  2  0
53  0  60  117  8  10  4  1  1  3  4  2  1  1  2  1  2
53  1  60  117  11  17  3  1  1  4  7  1  6  1  3
53  2  60  117  6  7  3  1  1  2  3  1  2  1  1
53  3  60  117  2  0
53  4  60  117  2  0
53  5  60  117  2  0
53  6  60  117  2  0
53  7  60  117  3  2  1  1  1  1  1
53  8  60  117  2  0
53  9  60  117  2  0
53  10  60  117  2  0
53  11  60  117  2  0
53  12  60  117  3  2  1  1  1  1  1
53  13  60  117  2  0
53  14  60  117  2  0
53  15  60  117  2  0
53  16  60  117  2  0
53  17  60  117  2  0
53  18  60  117  3  2  1  1  1  1  1
53  19  60  117  2  0
53  20  60  117  2  0
53  21  60  117  2  0
53  22  60  117  2  0
53  23  60  117  2  0
53  24  60  117  2  0
53  25  60  117  2  0
53  26  60  117  2  0
53  27  60  117  2  0
53  28  60  117  2  0
53  29  60  117  2  0
53  30  60  117  2  0
53  31  60  117  2  0
53  32  60  117  2  0
53  33  60  117  2  0
53  34  60  117  2  0
53  35  60  117  2  0
53  36  60  117  2  0
53  37  60  117  2  0
53  38  60  117  2  0
53  39  60  117  2  0
53  40  60  117  2  0
53  41  60  117  2  0
53  42  60  117  2  0
53  43  60  117  3  2  1  1  1  1  1
53  44  60  117  2  0
53  45  60  117  2  0
53  46  60  117  2  0
53  47  60  117  2  0
53  48  60  117  2  0
53  49  60  117  2  0
53  50  60  117  2  0
53  51  60  117  2  0
53  52  60  117  3  2  1  1  1  1  1
53  54  60  117  2  0
53  55  60  117  2  0
53  56  60  117  2  0
53  57  60  117  2  0
53  58  60  117  2  0
53  59  60  117  2  0
54  0  60  117  9  12  4  1  1  4  5  2  2  1  1  1  3
54  1  60  117  11  17  3  1  1  4  5  1  9  1  2
54  2  60  117  7  9  3  1  1  3  4  1  2  1  2
54  3  60  117  2  0
54  4  60  117  2  0
54  5  60  117  2  0
54  6  60  117  2  0
54  7  60  117  7  9  3  1  1  3  4  1  2  1  2
54  8  60  117  2  0
54  9  60  117  2  0
54  10  60  117  2  0
54  11  60  117  2  0
54  12  60  117  3  2  1  1  1  1  1
54  13  60  117  3  2  1  1  1  1  1
54  14  60  117  2  0
54  15  60  117  2  0
54  16  60  117  2  0
54  17  60  117  2  0
54  18  60  117  2  0
54  19  60  117  3  2  1  1  1  1  1
54  20  60  117  2  0
54  21  60  117  2  0
54  22  60  117  2  0
54  23  60  117  2  0
54  24  60  117  2  0
54  25  60  117  2  0
54  26  60  117  2  0
54  27  60  117  2  0
54  28  60  117  2  0
54  29  60  117  2  0
54  30  60  117  2  0
54  31  60  117  2  0
54  32  60  117  2  0
54  33  60  117  2  0
54  34  60  117  2  0
54  35  60  117  3  2  1  1  1  1  1
54  36  60  117  2  0
54  37  60  117  2  0
54  38  60  117  2  0
54  39  60  117  2  0
54  40  60  117  2  0
54  41  60  117  2  0
54  42  60  117  2  0
54  43  60  117  2  0
54  44  60  117  2  0
54  45  60  117  2  0
54  46  60  117  2  0
54  47  60  117  2  0
54  48  60  117  2  0
54  49  60  117  2  0
54  50  60  117  2  0
54  51  60  117  2  0
54  52  60  117  2  0
54  53  60  117  2  0
54  55  60  117  2  0
54  56  60  117  2  0
54  57  60  117  2  0
54  58  60  117  2  0
54  59  60  117  2  0
55  0  60  117  8  11  3  1  1  2  2  1  6  1  2
55  1  60  117  10  15  4  1  1  2  2  3  7  1  3  1  2
55  2  60  117  6  7  3  1  1  2  3  1  2  1  1
55  3  60  117  2  0
55  4  60  117  2  0
55  5  60  117  3  2  1  1  1  1  1
55  6  60  117  2  0
55  7  60  117  3  2  1  1  1  1  1
55  8  60  117  3  2  1  1  1  1  1
55  9  60  117  2  0
55  10  60  117  2  0
55  11  60  117  2  0
55  12  60  117  2  0
55  13  60  117  2  0
55  14  60  117  2  0
55  15  60  117  2  0
55  16  60  117  2  0
55  17  60  117  2  0
55  18  60  117  2  0
55  19  60  117  2  0
55  20  60  117  2  0
55  21  60  117  2  0
55  22  60  117  2  0
55  23  60  117  2  0
55  24  60  117  2  0
55  25  60  117  2  0
55  26  60  117  2  0
55  27  60  117  3  2  1  1  1  1  1
55  28  60  117  2  0
55  29  60  117  2  0
55  30  60  117  2  0
55  31  60  117  2  0
55  32  60  117  2  0
55  33  60  117  2  0
55  34  60  117  2  0
55  35  60  117  2  0
55  36  60  117  2  0
55  37  60  117  2  0
55  38  60  117  2  0
55  39  60  117  2  0
55  40  60  117  2  0
55  41  60  117  2  0
55  42  60  117  2  0
55  43  60  117  2  0
55  44  60  117  2  0
55  45  60  117  2  0
55  46  60  117  2  0
55  47  60  117  2  0
55  48  60  117  2  0
55  49  60  117  2  0
55  50  60  117  2  0
55  51  60  117  2  0
55  52  60  117  2  0
55  53  60  117  2  0
55  54  60  117  2  0
55  56  60  117  2  0
55  57  60  117  2  0
55  58  60  117  2  0
55  59  60  117  2  0
56  0  60  117  13  21  3  1  1  6  13  1  6  1  1
56  1  60  117  15  25  3  1  1  7  14  1  9  1  1
56  2  60  117  7  9  2  1  1  1  7  1  1
56  3  60  117  2  0
56  4  60  117  3  2  1  1  1  1  1
56  5  60  117  3  2  1  1  1  1  1
56  6  60  117  2  0
56  7  60  117  2  0
56  8  60  117  2  0
56  9  60  117  3  2  1  1  1  1  1
56  10  60  117  2  0
56  11  60  117  2  0
56  12  60  117  2  0
56  13  60  117  2  0
56  14  60  117  2  0
56  15  60  117  3  2  1  1  1  1  1
56  16  60  117  2  0
56  17  60  117  2  0
56  18  60  117  2  0
56  19  60  117  2  0
56  20  60  117  2  0
56  21  60  117  2  0
56  22  60  117  3  2  1  1  1  1  1
56  23  60  117  2  0
56  24  60  117  3  2  1  1  1  1  1
56  25  60  117  2  0
56  26  60  117  2  0
56  27  60  117  3  2  1  1  1  1  1
56  28  60  117  3  2  1  1  1  1  1
56  29  60  117  2  0
56  30  60  117  2  0
56  31  60  117  2  0
56  32  60  117  2  0
56  33  60  117  2  0
56  34  60  117  3  2  1  1  1  1  1
56  35  60  117  2  0
56  36  60  117  2  0
56  37  60  117  2  0
56  38  60  117  2  0
56  39  60  117  2  0
56  40  60  117  2  0
56  41  60  117  2  0
56  42  60  117  2  0
56  43  60  117  2  0
56  44  60  117  2  0
56  45  60  117  2  0
56  46  60  117  2  0
56  47  60  117  2  0
56  48  60  117  2  0
56  49  60  117  2  0
56  50  60  117  2  0
56  51  60  117  2  0
56  52  60  117  2  0
56  53  60  117  2  0
56  54  60  117  2  0
56  55  60  117  2  0
56  57  60  117  2  0
56  58  60  117  2  0
56  59  60  117  2  0
57  0  60  117  15  24  3  1  1  3  4  1  18  1  1
57  1  60  117  17  29  3  1  1  3  4  1  23  1  1
57  2  60  117  8  10  4  1  1  2  3  2  3  1  2  1  1
57  3  60  117  2  0
57  4  60  117  3  2  1  1  1  1  1
57  5  60  117  6  7  3  1  1  2  3  1  2  1  1
57  6  60  117  2  0
57  7  60  117  2  0
57  8  60  117  2  0
57  9  60  117  3  2  1  1  1  1  1
57  10  60  117  2  0
57  11  60  117  2  0
57  12  60  117  2  0
57  13  60  117  2  0
57  14  60  117  2  0
57  15  60  117  3  2  1  1  1  1  1
57  16  60  117  2  0
57  17  60  117  2  0
57  18  60  117  2  0
57  19  60  117  2  0
57  20  60  117  2  0
57  21  60  117  2  0
57  22  60  117  3  2  1  1  1  1  1
57  23  60  117  2  0
57  24  60  117  3  2  1  1  1  1  1
57  25  60  117  2  0
57  26  60  117  3  2  1  1  1  1  1
57  27  60  117  3  2  1  1  1  1  1
57  28  60  117  3  2  1  1  1  1  1
57  29  60  117  2  0
57  30  60  117  2  0
57  31  60  117  2  0
57  32  60  117  2  0
57  33  60  117  2  0
57  34  60  117  3  2  1  1  1  1  1
57  35  60  117  2  0
57  36  60  117  2  0
57  37  60  117  3  2  1  1  1  1  1
57  38  60  117  2  0
57  39  60  117  2  0
57  40  60  117  2  0
57  41  60  117  2  0
57  42  60  117  2  0
57  43  60  117  2  0
57  44  60  117  2  0
57  45  60  117  2  0
57  46  60  117  2  0
57  47  60  117  2  0
57  48  60  117  2  0
57  49  60  117  2  0
57  50  60  117  2  0
57  51  60  117  2  0
57  52  60  117  2  0
57  53  60  117  2  0
57  54  60  117  2  0
57  55  60  117  2  0
57  56  60  117  2  0
57  58  60  117  2  0
57  59  60  117  2  0
58  0  60  117  13  21  3  1  1  6  13  1  6  1  1
58  1  60  117  18  31  4  1  1  2  2  4  5  1  21  1  2
58  2  60  117  7  9  2  1  1  1  7  1  1
58  3  60  117  2  0
58  4  60  117  3  2  1  1  1  1  1
58  5  60  117  3  2  1  1  1  1  1
58  6  60  117  2  0
58  7  60  117  3  2  1  1  1  1  1
58  8  60  117  2  0
58  9  60  117  3  2  1  1  1  1  1
58  10  60  117  2  0
58  11  60  117  2  0
58  12  60  117  3  2  1  1  1  1  1
58  13  60  117  3  2  1  1  1  1  1
58  14  60  117  2  0
58  15  60  117  3  2  1  1  1  1  1
58  16  60  117  2  0
58  17  60  117  2  0
58  18  60  117  2  0
58  19  60  117  2  0
58  20  60  117  2  0
58  21  60  117  2  0
58  22  60  117  3  2  1  1  1  1  1
58  23  60  117  2  0
58  24  60  117  3  2  1  1  1  1  1
58  25  60  117  2  0
58  26  60  117  2  0
58  27  60  117  3  2  1  1  1  1  1
58  28  60  117  3  2  1  1  1  1  1
58  29  60  117  2  0
58  30  60  117  2  0
58  31  60  117  2  0
58  32  60  117  2  0
58  33  60  117  2  0
58  34  60  117  3  2  1  1  1  1  1
58  35  60  117  2  0
58  36  60  117  2  0
58  37  60  117  2  0
58  38  60  117  2  0
58  39  60  117  2  0
58  40  60  117  2  0
58  41  60  117  2  0
58  42  60  117  2  0
58  43  60  117  2  0
58  44  60  117  2  0
58  45  60  117  2  0
58  46  60  117  2  0
58  47  60  117  2  0
58  48  60  117  2  0
58  49  60  117  2  0
58  50  60  117  2  0
58  51  60  117  2  0
58  52  60  117  2  0
58  53  60  117  2  0
58  54  60  117  2  0
58  55  60  117  2  0
58  56  60  117  2  0
58  57  60  117  2  0
58  59  60  117  2  0
59  0  60  117  11  17  3  1  1  5  10  1  5  1  1
59  1  60  117  14  23  3  1  1  2  2  1  18  1  2
59  2  60  117  3  2  1  1  1  1  1
59  3  60  117  2  0
59  4  60  117  3  2  1  1  1  1  1
59  5  60  117  3  2  1  1  1  1  1
59  6  60  117  2  0
59  7  60  117  3  2  1  1  1  1  1
59  8  60  117  2  0
59  9  60  117  3  2  1  1  1  1  1
59  10  60  117  2  0
59  11  60  117  2  0
59  12  60  117  3  2  1  1  1  1  1
59  13  60  117  2  0
59  14  60  117  2  0
59  15  60  117  3  2  1  1  1  1  1
59  16  60  117  2  0
59  17  60  117  2  0
59  18  60  117  2  0
59  19  60  117  2  0
59  20  60  117  2  0
59  21  60  117  2  0
59  22  60  117  3  2  1  1  1  1  1
59  23  60  117  2  0
59  24  60  117  3  2  1  1  1  1  1
59  25  60  117  2  0
59  26  60  117  2  0
59  27  60  117  2  0
59  28  60  117  2  0
59  29  60  117  2  0
59  30  60  117  2  0
59  31  60  117  2  0
59  32  60  117  2  0
59  33  60  117  2  0
59  34  60  117  2  0
59  35  60  117  2  0
59  36  60  117  2  0
59  37  60  117  2  0
59  38  60  117  2  0
59  39  60  117  2  0
59  40  60  117  2  0
59  41  60  117  2  0
59  42  60  117  2  0
59  43  60  117  2  0
59  44  60  117  2  0
59  45  60  117  2  0
59  46  60  117  2  0
59  47  60  117  2  0
59  48  60  117  2  0
59  49  60  117  2  0
59  50  60  117  2  0
59  51  60  117  2  0
59  52  60  117  2  0
59  53  60  117  2  0
59  54  60  117  2  0
59  55  60  117  2  0
59  56  60  117  2  0
59  57  60  117  2  0
59  58  60  117  2  0
