0  1  0.00
2  0  0.00
2  1  0.00
3  0  0.00
3  1  0.00
3  2  0.00
4  0  0.00
4  1  0.00
4  2  0.00
5  0  0.00
5  1  0.00
5  2  0.00
6  0  0.00
6  1  0.00
6  2  0.00
6  3  0.00
7  0  0.00
7  1  0.00
7  2  0.00
8  0  0.00
8  1  0.00
8  2  0.00
8  5  0.00
8  7  0.00
9  0  0.00
9  1  0.00
9  2  0.00
9  5  0.00
10  0  0.00
10  1  0.00
10  2  0.00
11  0  0.00
11  1  0.00
11  2  0.00
12  0  0.00
12  1  0.00
12  2  0.00
12  7  0.00
13  0  0.00
13  1  0.00
13  2  0.00
13  7  0.00
13  12  0.00
14  0  0.00
14  1  0.01
14  2  0.00
14  3  0.00
14  7  0.00
14  12  0.00
14  13  0.00
15  0  0.00
15  1  0.00
15  2  0.00
15  4  0.00
16  0  0.00
16  1  0.02
16  2  0.00
16  3  0.00
16  7  0.00
16  12  0.00
16  13  0.00
16  14  0.00
17  0  0.00
17  1  0.00
17  2  0.00
17  10  0.00
18  0  0.00
18  1  0.00
18  2  0.00
18  7  0.00
18  12  0.00
19  0  0.00
19  1  0.00
19  2  0.00
19  7  0.00
19  12  0.00
19  13  0.00
20  0  0.00
20  1  0.01
20  2  0.00
20  7  0.00
20  11  0.00
20  12  0.00
20  13  0.00
21  0  0.00
21  1  0.00
21  2  0.00
21  7  0.00
21  12  0.00
21  18  0.00
22  0  0.00
22  1  0.00
22  2  0.00
22  5  0.00
22  9  0.00
23  0  0.00
23  1  0.01
23  2  0.00
23  7  0.00
23  12  0.00
23  13  0.00
23  19  0.00
24  0  0.08
24  1  0.09
24  2  0.00
24  4  0.00
24  5  0.00
24  9  0.00
24  15  0.00
24  22  0.00
25  0  0.00
25  1  0.02
25  2  0.00
25  7  0.00
25  12  0.00
25  13  0.00
25  19  0.00
25  23  0.00
26  0  0.00
26  1  0.00
27  0  0.00
27  1  0.00
27  2  0.00
27  5  0.00
28  0  0.08
28  1  2.67
28  2  0.00
28  4  0.00
28  5  0.00
28  9  0.00
28  15  0.00
28  22  0.00
28  24  0.00
29  0  0.00
29  1  0.00
30  0  0.00
30  1  0.00
30  2  0.00
30  3  0.00
30  6  0.00
31  0  0.00
31  1  0.00
31  2  0.00
31  7  0.00
32  0  0.00
32  1  0.03
32  2  0.00
32  5  0.00
32  7  0.00
32  9  0.00
32  22  0.00
33  0  0.00
33  1  0.00
33  2  0.00
33  5  0.00
33  27  0.00
34  0  0.61
34  1  22.09
34  2  0.00
34  4  0.00
34  5  0.00
34  9  0.00
34  15  0.00
34  22  0.00
34  24  0.00
34  27  0.00
34  28  0.00
35  0  0.00
35  1  0.01
35  2  0.00
35  7  0.00
35  12  0.00
35  13  0.00
35  19  0.00
36  0  0.00
36  1  0.00
36  2  0.00
36  5  0.00
37  0  2.75
37  1  51.23
37  2  0.00
37  4  0.00
37  5  0.00
37  9  0.00
37  15  0.00
37  22  0.00
37  24  0.00
37  26  0.00
37  27  0.00
37  28  0.00
37  34  0.00
38  0  0.01
38  1  0.21
38  2  0.01
38  3  0.00
38  5  0.00
38  7  0.00
38  12  0.00
38  13  0.00
38  14  0.00
38  16  0.00
39  0  0.00
39  1  0.00
39  2  0.00
39  5  0.00
40  0  0.00
40  1  0.00
40  2  0.00
40  7  0.00
40  12  0.00
41  0  0.00
41  1  0.00
41  26  0.00
42  0  0.00
42  1  0.06
42  2  0.00
42  3  0.00
42  5  0.00
42  7  0.00
42  12  0.00
42  13  0.00
42  14  0.00
43  0  0.00
43  1  0.00
43  2  0.00
43  7  0.00
43  12  0.00
43  18  0.00
44  0  0.00
44  1  7.14
44  2  0.00
44  3  0.00
44  5  0.00
44  7  0.00
44  12  0.00
44  13  0.00
44  14  0.00
44  42  0.00
45  0  0.00
45  1  0.00
45  2  0.00
45  7  0.00
45  12  0.00
45  40  0.00
46  0  0.00
46  1  0.00
46  2  0.00
46  7  0.00
46  12  0.00
46  18  0.00
47  0  0.00
47  1  0.01
47  2  0.00
47  7  0.00
47  12  0.00
47  13  0.00
47  19  0.00
48  0  0.00
48  1  0.09
48  2  0.00
48  3  0.00
48  5  0.00
48  6  0.00
48  7  0.00
48  8  0.00
49  0  0.00
49  1  0.00
49  2  0.00
49  4  0.00
49  5  0.00
49  15  0.00
50  0  0.00
50  1  0.00
50  2  0.00
50  7  0.00
50  12  0.00
50  18  0.00
50  43  0.00
51  0  0.00
51  1  0.01
51  2  0.00
51  7  0.00
51  12  0.00
51  18  0.00
51  43  0.00
52  0  0.00
52  1  0.00
52  2  0.00
52  7  0.00
52  12  0.00
52  18  0.00
52  43  0.00
53  0  0.00
53  1  0.01
53  2  0.00
53  7  0.00
53  12  0.00
53  18  0.00
53  43  0.00
53  52  0.00
54  0  0.00
54  1  0.02
54  2  0.00
54  7  0.00
54  12  0.00
54  13  0.00
54  19  0.00
54  35  0.00
55  0  0.00
55  1  0.01
55  2  0.00
55  5  0.00
55  7  0.00
55  8  0.00
55  27  0.00
56  0  0.20
56  1  0.61
56  2  0.00
56  4  0.00
56  5  0.00
56  9  0.00
56  15  0.00
56  22  0.00
56  24  0.00
56  27  0.00
56  28  0.00
56  34  0.00
57  0  7.19
57  1  44.03
57  2  0.00
57  4  0.00
57  5  0.00
57  9  0.00
57  15  0.00
57  22  0.00
57  24  0.00
57  26  0.00
57  27  0.00
57  28  0.00
57  34  0.00
57  37  0.00
58  0  0.20
58  1  54.17
58  2  0.00
58  4  0.00
58  5  0.00
58  7  0.00
58  9  0.00
58  12  0.00
58  13  0.00
58  15  0.00
58  22  0.00
58  24  0.00
58  27  0.00
58  28  0.00
58  34  0.00
59  0  0.03
59  1  3.22
59  2  0.00
59  4  0.00
59  5  0.00
59  7  0.00
59  9  0.00
59  12  0.00
59  15  0.00
59  22  0.00
59  24  0.00
