0  1  0.01
0  2  0.04
0  3  0.00
0  5  0.01
0  6  0.01
0  7  0.01
0  10  0.01
0  14  0.01
0  15  0.01
0  19  0.01
0  22  0.01
0  25  0.01
0  26  0.01
0  29  0.01
0  32  0.00
0  33  0.01
0  35  0.01
0  38  0.01
0  39  0.01
0  41  0.01
0  42  0.01
0  46  0.00
0  50  0.01
0  51  0.01
0  52  0.01
0  53  0.00
0  57  0.01
0  59  0.01
1  0  0.01
1  2  0.05
1  3  0.01
1  5  0.00
1  6  0.01
1  7  0.01
1  10  0.00
1  14  0.01
1  15  0.01
1  19  0.00
1  22  0.01
1  25  0.01
1  26  0.00
1  29  0.00
1  32  0.01
1  33  0.01
1  35  0.01
1  38  0.01
1  39  0.01
1  41  0.01
1  42  0.01
1  46  0.01
1  50  0.01
1  51  0.00
1  52  0.01
1  53  0.01
1  57  0.01
1  59  0.01
3  46  0.00
4  0  0.00
4  1  0.00
4  2  0.01
4  3  0.00
4  5  0.00
4  6  0.00
4  7  0.00
4  8  0.00
4  9  0.00
4  10  0.01
4  14  0.00
4  15  0.03
4  16  0.00
4  19  0.00
4  22  0.00
4  25  0.00
4  26  0.00
4  29  0.00
4  32  0.00
4  33  0.03
4  35  0.01
4  38  0.01
4  39  0.00
4  41  0.03
4  42  0.00
4  46  0.00
4  48  0.00
4  50  0.03
4  51  0.01
4  52  0.01
4  53  0.00
4  57  0.00
4  59  0.03
6  0  0.00
6  1  0.00
6  2  0.05
6  3  0.01
6  5  0.00
6  7  0.01
6  10  0.00
6  14  0.01
6  15  0.01
6  19  0.00
6  22  0.01
6  25  0.01
6  26  0.01
6  29  0.01
6  32  0.00
6  33  0.01
6  35  0.01
6  38  0.01
6  39  0.01
6  41  0.01
6  42  0.01
6  46  0.01
6  50  0.01
6  51  0.00
6  52  0.01
6  53  0.01
6  57  0.01
6  59  0.01
7  0  0.01
7  1  0.01
7  2  0.05
7  3  0.01
7  5  0.01
7  6  0.01
7  10  0.01
7  14  0.01
7  15  0.01
7  19  0.01
7  22  0.00
7  25  0.01
7  26  0.01
7  29  0.01
7  32  0.01
7  33  0.01
7  35  0.01
7  38  0.01
7  39  0.01
7  41  0.01
7  42  0.01
7  46  0.01
7  50  0.01
7  51  0.01
7  52  0.01
7  53  0.01
7  57  0.01
7  59  0.01
9  0  0.00
9  1  0.00
9  2  0.02
9  3  0.00
9  5  0.00
9  6  0.00
9  7  0.00
9  8  0.00
9  10  0.01
9  14  0.00
9  15  0.01
9  19  0.01
9  22  0.00
9  25  0.00
9  26  0.00
9  29  0.01
9  32  0.01
9  33  0.01
9  35  0.01
9  38  0.01
9  39  0.00
9  41  0.01
9  42  0.00
9  46  0.00
9  50  0.01
9  51  0.00
9  52  0.01
9  53  0.00
9  57  0.00
9  59  0.01
10  15  0.00
10  33  0.00
10  41  0.00
10  50  0.00
10  59  0.00
11  20  0.00
11  47  0.00
12  0  0.01
12  1  0.01
12  2  0.19
12  3  0.00
12  5  0.00
12  6  0.01
12  7  0.01
12  10  0.00
12  14  0.00
12  15  0.01
12  19  0.00
12  22  0.00
12  24  0.00
12  25  0.01
12  26  0.00
12  29  0.01
12  32  0.01
12  33  0.01
12  35  0.01
12  38  0.01
12  39  0.01
12  41  0.01
12  42  0.00
12  46  0.00
12  50  0.01
12  51  0.00
12  52  0.01
12  53  0.00
12  56  0.00
12  57  0.00
12  59  0.01
14  3  0.00
14  22  0.00
14  46  0.00
14  53  0.00
15  50  0.00
16  0  0.00
16  1  0.00
16  2  0.01
16  3  0.00
16  5  0.00
16  6  0.00
16  7  0.00
16  8  0.00
16  9  0.00
16  10  0.01
16  14  0.00
16  15  0.05
16  19  0.00
16  22  0.00
16  25  0.00
16  26  0.00
16  29  0.00
16  32  0.00
16  33  0.05
16  35  0.01
16  38  0.01
16  39  0.00
16  41  0.05
16  42  0.00
16  46  0.00
16  48  0.00
16  50  0.05
16  51  0.02
16  52  0.01
16  53  0.00
16  57  0.00
16  59  0.05
17  0  0.00
17  1  0.00
17  2  0.04
17  3  0.00
17  5  0.00
17  6  0.00
17  7  0.00
17  10  0.00
17  11  0.00
17  14  0.00
17  15  0.00
17  18  0.00
17  19  0.00
17  20  0.00
17  22  0.00
17  24  0.00
17  25  0.00
17  26  0.00
17  28  0.00
17  29  0.00
17  31  0.00
17  32  0.00
17  33  0.00
17  35  0.01
17  38  0.00
17  39  0.00
17  41  0.00
17  42  0.00
17  45  0.00
17  46  0.00
17  47  0.00
17  50  0.00
17  51  0.00
17  52  0.01
17  53  0.00
17  57  0.00
17  59  0.00
18  0  0.00
18  1  0.00
18  2  0.01
18  3  0.00
18  5  0.00
18  6  0.00
18  7  0.00
18  10  0.00
18  11  0.00
18  14  0.00
18  15  0.00
18  19  0.00
18  20  0.00
18  22  0.00
18  25  0.00
18  26  0.00
18  28  0.00
18  29  0.00
18  32  0.00
18  33  0.00
18  35  0.01
18  38  0.01
18  39  0.00
18  41  0.00
18  42  0.00
18  46  0.00
18  47  0.00
18  50  0.00
18  51  0.00
18  52  0.01
18  53  0.00
18  57  0.00
18  59  0.00
19  0  0.00
19  1  0.00
19  2  0.04
19  3  0.00
19  5  0.01
19  6  0.01
19  7  0.00
19  10  0.01
19  14  0.00
19  15  0.01
19  22  0.01
19  25  0.01
19  26  0.00
19  29  0.00
19  32  0.01
19  33  0.01
19  35  0.02
19  38  0.02
19  39  0.00
19  41  0.01
19  42  0.00
19  46  0.01
19  50  0.01
19  51  0.01
19  52  0.02
19  53  0.01
19  57  0.02
19  59  0.01
21  2  0.00
21  3  0.00
21  24  0.00
21  46  0.00
21  53  0.00
21  56  0.00
22  3  0.00
22  46  0.00
22  53  0.00
23  0  0.00
23  1  0.00
23  2  0.04
23  3  0.00
23  5  0.01
23  6  0.01
23  7  0.01
23  10  0.01
23  11  0.00
23  14  0.01
23  15  0.01
23  18  0.00
23  19  0.01
23  20  0.00
23  22  0.01
23  25  0.01
23  26  0.00
23  28  0.00
23  29  0.00
23  31  0.00
23  32  0.01
23  33  0.01
23  35  0.02
23  38  0.02
23  39  0.00
23  41  0.01
23  42  0.00
23  46  0.00
23  47  0.00
23  48  0.00
23  50  0.01
23  51  0.01
23  52  0.02
23  53  0.00
23  57  0.02
23  59  0.01
24  2  0.00
25  0  0.01
25  1  0.01
25  2  0.02
25  3  0.01
25  5  0.01
25  6  0.01
25  7  0.01
25  10  0.01
25  14  0.01
25  15  0.01
25  19  0.01
25  22  0.01
25  26  0.01
25  29  0.01
25  32  0.01
25  33  0.01
25  35  0.01
25  38  0.01
25  39  0.01
25  41  0.01
25  42  0.01
25  46  0.01
25  50  0.01
25  51  0.00
25  52  0.01
25  53  0.01
25  57  0.01
25  59  0.01
26  39  0.00
28  0  0.00
28  1  0.00
28  2  0.04
28  3  0.00
28  5  0.00
28  6  0.01
28  7  0.00
28  10  0.01
28  11  0.00
28  14  0.00
28  15  0.01
28  19  0.01
28  20  0.00
28  22  0.00
28  25  0.00
28  26  0.00
28  29  0.00
28  32  0.00
28  33  0.01
28  35  0.02
28  38  0.02
28  39  0.00
28  41  0.01
28  42  0.00
28  46  0.00
28  47  0.00
28  50  0.01
28  51  0.01
28  52  0.02
28  53  0.00
28  57  0.00
28  59  0.01
29  0  0.00
29  1  0.00
29  2  0.04
29  3  0.01
29  5  0.01
29  6  0.01
29  7  0.01
29  10  0.01
29  14  0.01
29  15  0.02
29  19  0.01
29  22  0.00
29  25  0.00
29  26  0.00
29  32  0.01
29  33  0.01
29  35  0.02
29  38  0.02
29  39  0.00
29  41  0.01
29  42  0.00
29  46  0.01
29  50  0.02
29  51  0.01
29  52  0.02
29  53  0.01
29  57  0.02
29  59  0.01
30  33  0.00
31  0  0.00
31  1  0.00
31  2  0.01
31  3  0.00
31  5  0.00
31  6  0.00
31  7  0.00
31  10  0.00
31  11  0.00
31  14  0.00
31  15  0.01
31  18  0.00
31  19  0.00
31  20  0.00
31  22  0.00
31  25  0.00
31  26  0.00
31  28  0.00
31  29  0.00
31  32  0.00
31  33  0.00
31  35  0.01
31  38  0.00
31  39  0.00
31  41  0.01
31  42  0.00
31  46  0.00
31  47  0.00
31  50  0.01
31  51  0.00
31  52  0.01
31  53  0.00
31  57  0.00
31  59  0.01
32  0  0.00
32  1  0.00
32  2  0.05
32  3  0.00
32  5  0.00
32  6  0.01
32  7  0.00
32  10  0.00
32  14  0.00
32  15  0.01
32  19  0.00
32  22  0.00
32  25  0.00
32  26  0.00
32  29  0.00
32  33  0.01
32  35  0.03
32  38  0.03
32  39  0.00
32  41  0.01
32  42  0.00
32  46  0.00
32  50  0.01
32  51  0.00
32  52  0.03
32  53  0.00
32  57  0.03
32  59  0.01
34  33  0.00
35  2  0.00
40  0  0.00
40  1  0.00
40  2  0.04
40  3  0.00
40  5  0.00
40  6  0.01
40  7  0.00
40  10  0.01
40  11  0.00
40  14  0.00
40  15  0.02
40  19  0.01
40  20  0.00
40  22  0.00
40  25  0.00
40  26  0.00
40  28  0.00
40  29  0.00
40  32  0.00
40  33  0.04
40  35  0.02
40  38  0.02
40  39  0.00
40  41  0.02
40  42  0.00
40  46  0.00
40  47  0.00
40  48  0.00
40  50  0.02
40  51  0.01
40  52  0.02
40  53  0.00
40  57  0.02
40  59  0.02
41  33  0.00
41  50  0.00
42  0  0.00
42  1  0.00
42  2  0.06
42  3  0.01
42  5  0.01
42  6  0.01
42  7  0.01
42  10  0.01
42  14  0.01
42  15  0.02
42  19  0.01
42  22  0.01
42  25  0.01
42  26  0.03
42  29  0.04
42  32  0.01
42  33  0.02
42  35  0.03
42  38  0.03
42  39  0.02
42  41  0.02
42  46  0.00
42  50  0.02
42  51  0.01
42  52  0.03
42  53  0.01
42  57  0.02
42  59  0.02
43  0  0.00
43  1  0.01
43  2  0.05
43  3  0.01
43  5  0.00
43  6  0.01
43  7  0.01
43  10  0.00
43  14  0.01
43  15  0.01
43  19  0.00
43  22  0.01
43  25  0.01
43  26  0.00
43  29  0.01
43  32  0.01
43  33  0.01
43  35  0.01
43  38  0.01
43  39  0.01
43  41  0.01
43  42  0.01
43  46  0.01
43  50  0.01
43  51  0.00
43  52  0.01
43  53  0.01
43  57  0.00
43  59  0.01
44  0  0.00
44  1  0.00
44  2  0.01
44  3  0.00
44  5  0.00
44  6  0.00
44  7  0.00
44  10  0.00
44  11  0.00
44  14  0.00
44  15  0.00
44  18  0.00
44  19  0.00
44  20  0.00
44  22  0.00
44  25  0.00
44  26  0.00
44  28  0.00
44  29  0.00
44  31  0.00
44  32  0.00
44  33  0.01
44  35  0.01
44  38  0.01
44  39  0.00
44  41  0.01
44  42  0.00
44  46  0.00
44  47  0.00
44  50  0.00
44  51  0.00
44  52  0.01
44  53  0.00
44  57  0.02
44  59  0.01
47  20  0.00
49  46  0.00
51  10  0.00
51  15  0.00
51  33  0.00
51  41  0.00
51  50  0.00
51  59  0.00
52  0  0.01
52  1  0.01
52  2  0.05
52  3  0.01
52  5  0.00
52  6  0.02
52  7  0.01
52  10  0.01
52  14  0.01
52  15  0.01
52  19  0.01
52  22  0.01
52  25  0.01
52  26  0.01
52  29  0.01
52  32  0.01
52  33  0.01
52  35  0.05
52  38  0.05
52  39  0.01
52  41  0.01
52  42  0.01
52  46  0.01
52  50  0.01
52  51  0.01
52  53  0.01
52  57  0.06
52  59  0.01
53  3  0.00
53  46  0.00
54  27  0.00
55  2  0.00
55  3  0.00
55  14  0.00
55  22  0.00
55  24  0.00
55  27  0.00
55  46  0.00
55  53  0.00
56  2  0.00
56  3  0.00
56  24  0.00
56  46  0.00
56  53  0.00
57  0  0.01
57  1  0.01
57  2  0.08
57  3  0.02
57  5  0.01
57  6  0.04
57  7  0.02
57  10  0.01
57  14  0.02
57  15  0.02
57  19  0.01
57  22  0.02
57  25  0.02
57  26  0.01
57  29  0.01
57  32  0.01
57  33  0.01
57  35  0.01
57  38  0.01
57  39  0.01
57  41  0.01
57  42  0.01
57  46  0.02
57  50  0.01
57  51  0.01
57  52  0.01
57  53  0.02
57  59  0.02
59  15  0.00
59  33  0.00
59  41  0.00
59  50  0.00
