0  2  0.00
0  6  0.00
0  22  0.00
0  44  0.00
0  48  0.00
0  51  0.00
0  56  0.00
0  59  0.00
1  0  0.00
1  2  0.00
1  6  0.00
1  7  0.00
1  22  0.00
1  25  0.00
1  37  0.00
1  43  0.00
1  44  0.00
1  48  0.00
1  50  0.00
1  51  0.00
1  56  0.00
1  59  0.00
3  6  0.00
3  7  0.00
3  25  0.00
3  29  0.00
3  37  0.00
3  43  0.00
3  44  0.00
3  48  0.00
3  50  0.00
3  59  0.00
4  27  0.00
4  41  0.00
4  48  0.00
4  58  0.00
5  6  0.00
5  7  0.00
5  25  0.00
5  37  0.00
5  43  0.00
5  44  0.00
5  45  0.00
5  48  0.00
5  50  0.00
5  59  0.00
6  44  0.00
7  6  0.00
7  25  0.00
7  37  0.00
7  43  0.00
7  44  0.00
7  48  0.00
7  50  0.00
7  59  0.00
8  6  0.00
8  7  0.00
8  25  0.00
8  37  0.00
8  43  0.00
8  44  0.00
8  48  0.00
8  50  0.00
8  59  0.00
9  6  0.00
9  7  0.00
9  10  0.00
9  14  0.00
9  18  0.00
9  25  0.00
9  29  0.00
9  35  0.00
9  37  0.00
9  43  0.00
9  44  0.00
9  48  0.00
9  50  0.00
9  52  0.00
9  59  0.00
10  6  0.00
10  7  0.00
10  14  0.00
10  18  0.00
10  25  0.00
10  29  0.00
10  35  0.00
10  37  0.00
10  43  0.00
10  44  0.00
10  48  0.00
10  50  0.00
10  52  0.00
10  59  0.00
11  2  0.00
11  6  0.00
11  7  0.00
11  22  0.00
11  25  0.00
11  33  0.00
11  36  0.00
11  37  0.00
11  43  0.00
11  44  0.00
11  48  0.00
11  50  0.00
11  59  0.00
12  5  0.00
12  6  0.00
12  7  0.00
12  25  0.00
12  29  0.00
12  35  0.00
12  37  0.00
12  43  0.00
12  44  0.00
12  45  0.00
12  48  0.00
12  50  0.00
12  59  0.00
16  38  0.00
16  48  0.00
18  14  0.00
19  2  0.00
19  6  0.00
19  7  0.00
19  15  0.00
19  22  0.00
19  25  0.00
19  32  0.00
19  33  0.00
19  36  0.00
19  37  0.00
19  43  0.00
19  44  0.00
19  48  0.00
19  50  0.00
19  59  0.00
20  6  0.00
20  7  0.00
20  10  0.00
20  14  0.00
20  18  0.00
20  25  0.00
20  29  0.00
20  35  0.00
20  37  0.00
20  43  0.00
20  44  0.00
20  48  0.00
20  50  0.00
20  52  0.00
20  59  0.00
22  48  0.00
23  5  0.00
23  6  0.00
23  7  0.00
23  12  0.00
23  25  0.00
23  29  0.00
23  35  0.00
23  37  0.00
23  41  0.00
23  43  0.00
23  44  0.00
23  45  0.00
23  46  0.00
23  48  0.00
23  50  0.00
23  59  0.00
25  6  0.00
25  7  0.00
25  37  0.00
25  43  0.00
25  44  0.00
25  48  0.00
25  50  0.00
25  59  0.00
26  14  0.00
26  18  0.00
27  41  0.00
27  48  0.00
27  58  0.00
28  5  0.00
28  6  0.00
28  7  0.00
28  25  0.00
28  37  0.00
28  41  0.00
28  43  0.00
28  44  0.00
28  45  0.00
28  48  0.00
28  50  0.00
28  59  0.00
30  6  0.00
30  43  0.00
30  44  0.00
30  59  0.00
31  22  0.00
31  37  0.00
31  48  0.00
32  2  0.00
32  6  0.00
32  7  0.00
32  15  0.00
32  22  0.00
32  25  0.00
32  33  0.00
32  36  0.00
32  37  0.00
32  43  0.00
32  44  0.00
32  48  0.00
32  50  0.00
32  59  0.00
33  2  0.00
33  6  0.00
33  7  0.00
33  22  0.00
33  25  0.00
33  36  0.00
33  37  0.00
33  43  0.00
33  44  0.00
33  48  0.00
33  50  0.00
33  59  0.00
34  29  0.00
34  35  0.00
35  29  0.00
36  37  0.00
38  48  0.00
39  5  0.00
39  6  0.03
39  7  0.00
39  8  0.00
39  9  0.00
39  10  0.00
39  13  0.00
39  14  0.00
39  15  0.00
39  18  0.00
39  25  0.00
39  28  0.00
39  29  0.00
39  35  0.00
39  37  0.00
39  41  0.00
39  43  0.03
39  44  0.06
39  45  0.00
39  48  0.00
39  50  0.00
39  52  0.00
39  53  0.00
39  55  0.00
39  59  0.03
40  37  0.00
42  48  0.00
42  58  0.00
43  6  0.00
43  44  0.00
43  59  0.00
45  6  0.00
45  7  0.00
45  25  0.00
45  37  0.00
45  43  0.00
45  44  0.00
45  48  0.00
45  50  0.00
45  59  0.00
46  5  0.00
46  6  0.00
46  7  0.00
46  12  0.00
46  25  0.00
46  29  0.00
46  35  0.00
46  37  0.00
46  41  0.00
46  43  0.00
46  44  0.00
46  45  0.00
46  48  0.00
46  50  0.00
46  59  0.00
50  6  0.00
50  7  0.00
50  25  0.00
50  37  0.00
50  43  0.00
50  44  0.00
50  48  0.00
50  59  0.00
51  2  0.00
52  29  0.00
52  35  0.00
53  5  0.00
53  6  0.00
53  7  0.00
53  8  0.00
53  9  0.00
53  10  0.00
53  14  0.00
53  18  0.00
53  25  0.00
53  28  0.00
53  29  0.00
53  35  0.00
53  37  0.00
53  41  0.00
53  43  0.00
53  44  0.00
53  45  0.00
53  48  0.00
53  50  0.00
53  52  0.00
53  59  0.00
54  2  0.00
54  51  0.00
55  5  0.00
55  6  0.00
55  7  0.00
55  8  0.00
55  9  0.00
55  10  0.00
55  13  0.00
55  14  0.00
55  18  0.00
55  25  0.00
55  28  0.00
55  29  0.00
55  35  0.00
55  37  0.00
55  41  0.00
55  43  0.00
55  44  0.00
55  45  0.00
55  48  0.00
55  50  0.00
55  52  0.00
55  53  0.00
55  59  0.00
56  2  0.00
56  22  0.00
56  48  0.00
56  51  0.00
58  48  0.00
59  6  0.00
59  44  0.00
0  1  0.00
0  2  0.00
0  4  0.00
0  7  0.00
0  9  0.00
0  14  0.00
0  23  0.00
0  25  0.00
0  28  0.00
0  32  0.00
0  43  0.00
0  45  0.00
0  46  0.00
0  50  0.00
0  51  0.00
0  54  0.00
1  0  0.00
1  2  0.00
1  4  0.00
1  7  0.00
1  9  0.00
1  14  0.00
1  23  0.00
1  25  0.00
1  28  0.00
1  32  0.00
1  43  0.00
1  45  0.00
1  46  0.00
1  50  0.00
1  51  0.00
1  54  0.00
2  0  0.00
2  1  0.00
2  4  0.00
2  7  0.00
2  9  0.00
2  14  0.00
2  23  0.00
2  25  0.00
2  28  0.00
2  32  0.00
2  43  0.00
2  45  0.00
2  46  0.00
2  50  0.00
2  51  0.00
2  54  0.00
3  0  0.00
3  1  0.00
3  2  0.00
3  4  0.00
3  6  0.00
3  7  0.00
3  9  0.00
3  12  0.00
3  14  0.00
3  20  0.00
3  23  0.00
3  24  0.00
3  25  0.00
3  28  0.00
3  32  0.00
3  43  0.00
3  44  0.00
3  45  0.00
3  46  0.00
3  50  0.00
3  51  0.00
3  53  0.00
3  54  0.00
4  0  0.00
4  1  0.00
4  2  0.00
4  7  0.00
4  9  0.00
4  14  0.00
4  23  0.00
4  25  0.00
4  28  0.00
4  32  0.00
4  43  0.00
4  45  0.00
4  46  0.00
4  50  0.00
4  51  0.00
4  54  0.00
5  0  0.00
5  1  0.00
5  2  0.00
5  4  0.00
5  7  0.00
5  9  0.00
5  14  0.00
5  22  0.00
5  23  0.00
5  25  0.00
5  26  0.00
5  28  0.00
5  30  0.00
5  32  0.00
5  40  0.00
5  41  0.00
5  43  0.00
5  45  0.00
5  46  0.00
5  47  0.00
5  50  0.00
5  51  0.00
5  54  0.00
5  55  0.00
6  0  0.00
6  1  0.00
6  2  0.00
6  4  0.00
6  7  0.00
6  9  0.00
6  12  0.00
6  14  0.00
6  23  0.00
6  24  0.00
6  25  0.00
6  28  0.00
6  32  0.00
6  43  0.00
6  45  0.00
6  46  0.00
6  50  0.00
6  51  0.00
6  53  0.00
6  54  0.00
7  28  0.00
7  50  0.00
9  43  0.00
9  45  0.00
9  46  0.00
12  0  0.00
12  1  0.00
12  2  0.00
12  4  0.00
12  7  0.00
12  9  0.00
12  14  0.00
12  23  0.00
12  25  0.00
12  28  0.00
12  32  0.00
12  43  0.00
12  45  0.00
12  46  0.00
12  50  0.00
12  51  0.00
12  54  0.00
13  0  0.00
13  1  0.00
13  2  0.00
13  4  0.00
13  7  0.00
13  9  0.00
13  12  0.00
13  14  0.00
13  23  0.00
13  25  0.00
13  28  0.00
13  32  0.00
13  43  0.00
13  45  0.00
13  46  0.00
13  50  0.00
13  51  0.00
13  52  0.00
13  53  0.00
13  54  0.00
15  0  0.02
15  1  0.01
15  2  0.02
15  3  0.00
15  4  0.02
15  6  0.00
15  7  0.02
15  9  0.01
15  11  0.00
15  12  0.00
15  14  0.02
15  16  0.00
15  17  0.00
15  18  0.00
15  20  0.00
15  22  0.00
15  23  0.01
15  24  0.00
15  25  0.02
15  28  0.02
15  32  0.01
15  43  0.02
15  44  0.00
15  45  0.02
15  46  0.01
15  50  0.02
15  51  0.02
15  53  0.00
15  54  0.01
15  57  0.00
16  0  0.00
16  1  0.00
16  2  0.00
16  4  0.00
16  7  0.00
16  9  0.00
16  11  0.00
16  12  0.00
16  14  0.00
16  17  0.00
16  18  0.00
16  20  0.00
16  22  0.00
16  23  0.00
16  25  0.00
16  28  0.00
16  32  0.00
16  43  0.00
16  44  0.00
16  45  0.00
16  46  0.00
16  50  0.00
16  51  0.00
16  54  0.00
16  57  0.00
17  0  0.00
17  1  0.00
17  2  0.00
17  4  0.00
17  7  0.00
17  9  0.00
17  14  0.00
17  22  0.00
17  23  0.00
17  25  0.00
17  28  0.00
17  32  0.00
17  43  0.00
17  45  0.00
17  46  0.00
17  50  0.00
17  51  0.00
17  54  0.00
18  0  0.00
18  1  0.00
18  2  0.00
18  4  0.00
18  7  0.00
18  9  0.00
18  11  0.00
18  12  0.00
18  14  0.00
18  17  0.00
18  20  0.00
18  22  0.00
18  23  0.00
18  25  0.00
18  28  0.00
18  32  0.00
18  43  0.00
18  44  0.00
18  45  0.00
18  46  0.00
18  50  0.00
18  51  0.00
18  54  0.00
18  57  0.00
19  0  0.00
19  1  0.00
19  2  0.00
19  4  0.00
19  7  0.00
19  9  0.00
19  11  0.00
19  12  0.00
19  14  0.00
19  17  0.00
19  18  0.00
19  20  0.00
19  22  0.00
19  23  0.00
19  25  0.00
19  28  0.00
19  32  0.00
19  43  0.00
19  44  0.00
19  45  0.00
19  46  0.00
19  50  0.00
19  51  0.00
19  54  0.00
19  57  0.00
21  0  0.00
21  1  0.01
21  2  0.00
21  4  0.01
21  7  0.02
21  9  0.00
21  11  0.00
21  12  0.00
21  14  0.01
21  16  0.00
21  17  0.00
21  18  0.00
21  19  0.00
21  20  0.00
21  22  0.00
21  23  0.01
21  25  0.00
21  28  0.01
21  32  0.01
21  39  0.00
21  43  0.00
21  44  0.00
21  45  0.00
21  46  0.01
21  50  0.01
21  51  0.00
21  54  0.01
21  57  0.00
22  0  0.00
22  1  0.00
22  2  0.00
22  4  0.00
22  7  0.00
22  9  0.00
22  14  0.00
22  23  0.00
22  25  0.00
22  28  0.00
22  32  0.00
22  43  0.00
22  45  0.00
22  46  0.00
22  50  0.00
22  51  0.00
22  54  0.00
24  0  0.00
24  1  0.00
24  2  0.00
24  4  0.00
24  7  0.00
24  9  0.00
24  12  0.00
24  14  0.00
24  23  0.00
24  25  0.00
24  28  0.00
24  32  0.00
24  43  0.00
24  45  0.00
24  46  0.00
24  50  0.00
24  51  0.00
24  53  0.00
24  54  0.00
26  47  0.00
30  0  0.00
30  1  0.00
30  2  0.00
30  4  0.00
30  7  0.00
30  9  0.00
30  14  0.00
30  23  0.00
30  25  0.00
30  26  0.00
30  28  0.00
30  32  0.00
30  40  0.00
30  43  0.00
30  45  0.00
30  46  0.00
30  47  0.00
30  50  0.00
30  51  0.00
30  54  0.00
30  55  0.00
31  0  0.00
31  1  0.00
31  2  0.00
31  4  0.00
31  7  0.00
31  9  0.00
31  11  0.00
31  12  0.00
31  14  0.00
31  16  0.00
31  17  0.00
31  18  0.00
31  20  0.00
31  22  0.00
31  23  0.00
31  25  0.00
31  28  0.00
31  32  0.00
31  43  0.00
31  44  0.00
31  45  0.00
31  46  0.00
31  50  0.00
31  51  0.00
31  54  0.00
31  57  0.00
32  23  0.00
33  0  0.01
33  1  0.01
33  2  0.02
33  4  0.01
33  7  0.02
33  9  0.01
33  11  0.00
33  12  0.00
33  14  0.02
33  16  0.00
33  17  0.00
33  18  0.00
33  19  0.00
33  20  0.00
33  21  0.00
33  22  0.00
33  23  0.02
33  25  0.00
33  28  0.02
33  32  0.02
33  39  0.00
33  43  0.01
33  44  0.00
33  45  0.01
33  46  0.01
33  50  0.03
33  51  0.01
33  54  0.02
33  57  0.00
34  0  0.00
34  1  0.00
34  2  0.00
34  4  0.00
34  7  0.00
34  9  0.00
34  11  0.00
34  12  0.00
34  14  0.00
34  16  0.00
34  17  0.00
34  18  0.00
34  20  0.00
34  22  0.00
34  23  0.00
34  25  0.00
34  28  0.00
34  32  0.00
34  43  0.00
34  44  0.00
34  45  0.00
34  46  0.00
34  50  0.00
34  51  0.00
34  54  0.00
34  57  0.00
36  11  0.00
37  0  0.01
37  1  0.04
37  2  0.01
37  4  0.02
37  7  0.04
37  9  0.01
37  11  0.00
37  12  0.00
37  14  0.01
37  16  0.00
37  17  0.00
37  18  0.00
37  19  0.00
37  20  0.00
37  21  0.00
37  22  0.00
37  23  0.04
37  25  0.01
37  28  0.03
37  32  0.04
37  33  0.00
37  39  0.00
37  43  0.01
37  44  0.00
37  45  0.01
37  46  0.02
37  50  0.04
37  51  0.02
37  54  0.03
37  57  0.00
38  29  0.00
39  0  0.00
39  1  0.00
39  2  0.00
39  4  0.00
39  7  0.00
39  9  0.00
39  14  0.00
39  23  0.00
39  25  0.00
39  28  0.00
39  32  0.00
39  43  0.00
39  45  0.00
39  46  0.00
39  50  0.00
39  51  0.00
39  54  0.00
40  0  0.00
40  1  0.00
40  2  0.00
40  4  0.00
40  7  0.00
40  9  0.00
40  14  0.00
40  23  0.00
40  25  0.00
40  28  0.00
40  32  0.00
40  43  0.00
40  45  0.00
40  46  0.00
40  50  0.00
40  51  0.00
40  54  0.00
41  0  0.00
41  1  0.00
41  2  0.00
41  4  0.00
41  7  0.00
41  9  0.00
41  14  0.00
41  23  0.00
41  25  0.00
41  26  0.00
41  28  0.00
41  30  0.00
41  32  0.00
41  40  0.00
41  43  0.00
41  45  0.00
41  46  0.00
41  47  0.00
41  50  0.00
41  51  0.00
41  54  0.00
41  55  0.00
42  25  0.00
43  45  0.00
44  0  0.00
44  1  0.00
44  2  0.00
44  4  0.00
44  7  0.00
44  9  0.00
44  14  0.00
44  20  0.00
44  23  0.00
44  25  0.00
44  28  0.00
44  32  0.00
44  43  0.00
44  45  0.00
44  46  0.00
44  50  0.00
44  51  0.00
44  54  0.00
48  0  0.00
48  1  0.00
48  2  0.00
48  4  0.00
48  7  0.00
48  9  0.00
48  11  0.00
48  12  0.00
48  14  0.00
48  17  0.00
48  18  0.00
48  20  0.00
48  22  0.00
48  23  0.00
48  25  0.00
48  28  0.00
48  32  0.00
48  43  0.00
48  44  0.00
48  45  0.00
48  46  0.00
48  50  0.00
48  51  0.00
48  54  0.00
48  57  0.00
49  0  0.00
49  1  0.00
49  2  0.00
49  4  0.00
49  6  0.00
49  7  0.00
49  9  0.00
49  12  0.00
49  14  0.00
49  23  0.00
49  24  0.00
49  25  0.00
49  28  0.00
49  32  0.00
49  43  0.00
49  45  0.00
49  46  0.00
49  50  0.00
49  51  0.00
49  53  0.00
49  54  0.00
50  28  0.00
53  0  0.00
53  1  0.00
53  2  0.00
53  4  0.00
53  7  0.00
53  9  0.00
53  12  0.00
53  14  0.00
53  23  0.00
53  25  0.00
53  28  0.00
53  32  0.00
53  43  0.00
53  45  0.00
53  46  0.00
53  50  0.00
53  51  0.00
53  54  0.00
55  0  0.00
55  1  0.00
55  2  0.00
55  4  0.00
55  7  0.00
55  9  0.00
55  14  0.00
55  23  0.00
55  25  0.00
55  28  0.00
55  32  0.00
55  40  0.00
55  43  0.00
55  45  0.00
55  46  0.00
55  50  0.00
55  51  0.00
55  54  0.00
56  0  0.00
56  1  0.00
56  2  0.00
56  4  0.00
56  6  0.00
56  7  0.00
56  9  0.00
56  12  0.00
56  14  0.00
56  23  0.00
56  24  0.00
56  25  0.00
56  28  0.00
56  32  0.00
56  43  0.00
56  45  0.00
56  46  0.00
56  49  0.00
56  50  0.00
56  51  0.00
56  53  0.00
56  54  0.00
57  11  0.00
58  23  0.00
58  32  0.00
1  14  0.00
1  54  0.00
3  12  0.00
3  24  0.00
3  31  0.00
3  40  0.00
3  45  0.00
3  50  0.00
4  11  0.00
4  12  0.00
4  13  0.00
4  17  0.00
4  28  0.00
4  31  0.00
4  34  0.00
4  36  0.00
4  37  0.00
4  41  0.00
4  47  0.00
4  50  0.00
4  52  0.00
4  53  0.00
4  54  0.00
4  59  0.00
5  40  0.00
6  0  0.00
6  3  0.00
6  7  0.00
6  10  0.00
6  12  0.00
6  13  0.00
6  15  0.00
6  16  0.00
6  19  0.00
6  24  0.00
6  28  0.00
6  31  0.00
6  32  0.00
6  35  0.00
6  36  0.00
6  37  0.00
6  38  0.00
6  40  0.00
6  41  0.00
6  42  0.00
6  44  0.00
6  45  0.00
6  50  0.00
6  52  0.00
6  53  0.00
6  54  0.00
6  59  0.00
7  15  0.00
7  36  0.00
8  2  0.00
8  7  0.00
8  15  0.00
8  21  0.00
8  22  0.00
8  26  0.00
8  33  0.00
8  36  0.00
8  53  0.00
8  54  0.00
10  0  0.00
10  3  0.00
10  7  0.00
10  12  0.00
10  13  0.00
10  15  0.00
10  16  0.00
10  19  0.00
10  24  0.00
10  28  0.00
10  31  0.00
10  32  0.00
10  35  0.00
10  36  0.00
10  37  0.00
10  38  0.00
10  40  0.00
10  41  0.00
10  42  0.00
10  44  0.00
10  45  0.00
10  50  0.00
10  52  0.00
10  53  0.00
10  54  0.00
10  59  0.00
12  50  0.00
13  12  0.00
13  28  0.00
13  36  0.00
13  37  0.00
13  41  0.00
13  50  0.00
13  52  0.00
13  59  0.00
15  36  0.00
16  3  0.00
16  7  0.00
16  12  0.00
16  15  0.00
16  24  0.00
16  31  0.00
16  35  0.00
16  36  0.00
16  40  0.00
16  44  0.00
16  45  0.00
16  50  0.00
16  53  0.00
16  54  0.00
17  11  0.00
17  12  0.00
17  13  0.00
17  28  0.00
17  31  0.00
17  34  0.00
17  36  0.00
17  37  0.00
17  41  0.00
17  47  0.00
17  50  0.00
17  52  0.00
17  53  0.00
17  54  0.00
17  59  0.00
19  0  0.00
19  3  0.00
19  7  0.00
19  10  0.00
19  12  0.00
19  13  0.00
19  15  0.00
19  16  0.00
19  24  0.00
19  28  0.00
19  31  0.00
19  32  0.00
19  35  0.00
19  36  0.00
19  37  0.00
19  38  0.00
19  40  0.00
19  41  0.00
19  42  0.00
19  44  0.00
19  45  0.00
19  50  0.00
19  52  0.00
19  53  0.00
19  54  0.00
19  59  0.00
20  2  0.00
20  7  0.00
20  8  0.00
20  15  0.00
20  21  0.00
20  22  0.00
20  26  0.00
20  33  0.00
20  36  0.00
20  53  0.00
20  54  0.00
21  2  0.00
21  7  0.00
21  8  0.00
21  15  0.00
21  22  0.00
21  26  0.00
21  33  0.00
21  36  0.00
21  53  0.00
21  54  0.00
25  0  0.00
25  3  0.00
25  6  0.00
25  7  0.00
25  10  0.00
25  12  0.00
25  13  0.00
25  15  0.00
25  16  0.00
25  19  0.00
25  24  0.00
25  28  0.00
25  30  0.00
25  31  0.00
25  32  0.00
25  35  0.00
25  36  0.00
25  37  0.00
25  38  0.00
25  40  0.00
25  41  0.00
25  42  0.00
25  44  0.00
25  45  0.00
25  50  0.00
25  52  0.00
25  53  0.00
25  54  0.00
25  55  0.00
25  57  0.00
25  59  0.00
26  2  0.00
26  7  0.00
26  15  0.00
26  22  0.00
26  33  0.00
26  36  0.00
26  53  0.00
26  54  0.00
27  2  0.00
27  7  0.00
27  15  0.00
27  33  0.00
27  36  0.00
27  53  0.00
27  54  0.00
28  12  0.00
28  36  0.00
28  37  0.00
28  41  0.00
28  50  0.00
28  52  0.00
28  59  0.00
29  12  0.00
29  50  0.00
29  55  0.00
29  57  0.00
30  0  0.00
30  3  0.00
30  7  0.00
30  10  0.00
30  12  0.00
30  13  0.00
30  15  0.00
30  16  0.00
30  19  0.00
30  24  0.00
30  28  0.00
30  31  0.00
30  32  0.00
30  35  0.00
30  36  0.00
30  37  0.00
30  38  0.00
30  40  0.00
30  41  0.00
30  42  0.00
30  44  0.00
30  45  0.00
30  50  0.00
30  52  0.00
30  53  0.00
30  54  0.00
30  59  0.00
32  3  0.00
32  7  0.00
32  12  0.00
32  13  0.00
32  15  0.00
32  16  0.00
32  24  0.00
32  28  0.00
32  31  0.00
32  35  0.00
32  36  0.00
32  37  0.00
32  40  0.00
32  41  0.00
32  44  0.00
32  45  0.00
32  50  0.00
32  52  0.00
32  53  0.00
32  54  0.00
32  59  0.00
33  2  0.00
33  7  0.00
33  15  0.00
33  36  0.00
33  53  0.00
33  54  0.00
34  53  0.00
34  54  0.00
35  3  0.00
35  7  0.00
35  12  0.00
35  15  0.00
35  24  0.00
35  31  0.00
35  36  0.00
35  40  0.00
35  44  0.00
35  45  0.00
35  50  0.00
35  53  0.00
35  54  0.00
37  12  0.00
37  50  0.00
38  0  0.00
39  54  0.00
41  12  0.00
41  37  0.00
41  50  0.00
42  0  0.00
42  3  0.00
42  7  0.00
42  10  0.00
42  12  0.00
42  13  0.00
42  15  0.00
42  16  0.00
42  19  0.00
42  24  0.00
42  28  0.00
42  31  0.00
42  32  0.00
42  35  0.00
42  36  0.00
42  37  0.00
42  38  0.00
42  40  0.00
42  41  0.00
42  44  0.00
42  45  0.00
42  50  0.00
42  52  0.00
42  53  0.00
42  54  0.00
42  59  0.00
43  2  0.00
43  7  0.00
43  8  0.00
43  9  0.00
43  15  0.00
43  21  0.00
43  22  0.00
43  26  0.00
43  31  0.00
43  33  0.00
43  36  0.00
43  49  0.00
43  53  0.00
43  54  0.00
44  3  0.00
44  12  0.00
44  24  0.00
44  31  0.00
44  40  0.00
44  45  0.00
44  50  0.00
45  40  0.00
46  40  0.00
46  45  0.00
47  12  0.00
47  13  0.00
47  28  0.00
47  34  0.00
47  36  0.00
47  37  0.00
47  41  0.00
47  50  0.00
47  52  0.00
47  53  0.00
47  54  0.00
47  59  0.00
48  36  0.00
51  0  0.00
51  3  0.00
51  6  0.00
51  7  0.00
51  9  0.00
51  10  0.00
51  12  0.00
51  13  0.00
51  15  0.00
51  16  0.00
51  19  0.00
51  24  0.00
51  25  0.00
51  28  0.00
51  30  0.00
51  31  0.00
51  32  0.00
51  35  0.00
51  36  0.00
51  37  0.00
51  38  0.00
51  40  0.00
51  41  0.00
51  42  0.00
51  44  0.00
51  45  0.00
51  50  0.00
51  52  0.00
51  53  0.00
51  54  0.00
51  55  0.00
51  57  0.00
51  59  0.00
52  36  0.00
53  54  0.00
56  34  0.00
56  53  0.00
56  54  0.00
57  12  0.00
57  50  0.00
57  55  0.00
58  23  0.00
59  12  0.00
59  37  0.00
59  41  0.00
59  50  0.00
0  56  0.00
1  15  0.00
1  48  0.00
1  52  0.00
1  57  0.00
3  1  0.00
3  8  0.00
3  15  0.00
3  48  0.00
3  52  0.00
3  56  0.00
3  57  0.00
3  58  0.00
4  2  0.00
4  7  0.00
4  14  0.00
4  15  0.00
4  19  0.00
4  26  0.00
4  30  0.00
4  33  0.00
4  40  0.00
4  41  0.00
4  42  0.00
4  44  0.00
4  52  0.00
4  55  0.00
4  57  0.00
5  2  0.00
5  6  0.00
5  13  0.00
5  14  0.00
5  15  0.00
5  17  0.00
5  18  0.00
5  26  0.00
5  35  0.00
5  36  0.00
5  37  0.00
5  40  0.00
5  41  0.00
5  45  0.00
5  50  0.00
5  52  0.00
6  26  0.00
7  14  0.00
7  15  0.00
7  19  0.00
7  26  0.00
7  33  0.00
7  40  0.00
7  41  0.00
7  42  0.00
7  44  0.00
7  52  0.00
7  55  0.00
7  57  0.00
8  48  0.00
10  19  0.00
10  26  0.00
10  33  0.00
10  43  0.00
12  2  0.00
12  5  0.00
12  6  0.00
12  13  0.00
12  14  0.00
12  15  0.00
12  17  0.00
12  18  0.00
12  26  0.00
12  35  0.00
12  36  0.00
12  37  0.00
12  40  0.00
12  41  0.00
12  45  0.00
12  50  0.00
12  52  0.00
12  53  0.00
13  14  0.00
13  41  0.00
15  52  0.00
16  42  0.00
17  2  0.00
17  6  0.00
17  13  0.00
17  14  0.00
17  15  0.00
17  26  0.00
17  36  0.00
17  41  0.00
17  45  0.00
17  50  0.00
17  52  0.00
18  35  0.00
19  26  0.00
19  33  0.00
20  15  0.00
20  19  0.00
20  26  0.00
20  33  0.00
20  44  0.00
20  52  0.00
20  57  0.00
21  2  0.00
21  6  0.00
21  13  0.00
21  14  0.00
21  15  0.00
21  17  0.00
21  26  0.00
21  36  0.00
21  41  0.00
21  45  0.00
21  50  0.00
21  51  0.00
21  52  0.00
23  13  0.00
23  14  0.00
23  15  0.00
23  19  0.00
23  20  0.00
23  26  0.00
23  27  0.00
23  33  0.00
23  36  0.00
23  41  0.00
23  44  0.00
23  52  0.00
23  57  0.00
24  38  0.00
24  42  0.00
24  48  0.00
25  14  0.00
25  41  0.00
27  14  0.00
27  15  0.00
27  19  0.00
27  20  0.00
27  26  0.00
27  33  0.00
27  36  0.00
27  44  0.00
27  52  0.00
27  57  0.00
28  2  0.00
28  4  0.00
28  7  0.00
28  14  0.00
28  15  0.00
28  19  0.00
28  26  0.00
28  30  0.00
28  33  0.00
28  40  0.00
28  41  0.00
28  42  0.00
28  44  0.00
28  52  0.00
28  55  0.00
28  57  0.00
29  8  0.00
29  19  0.00
29  26  0.00
29  33  0.00
29  48  0.00
30  2  0.00
30  7  0.00
30  14  0.00
30  15  0.00
30  19  0.00
30  26  0.00
30  33  0.00
30  40  0.00
30  41  0.00
30  42  0.00
30  44  0.00
30  52  0.00
30  55  0.00
30  57  0.00
32  2  0.00
32  6  0.00
32  13  0.00
32  14  0.00
32  15  0.00
32  17  0.00
32  26  0.00
32  36  0.00
32  41  0.00
32  45  0.00
32  50  0.00
32  51  0.00
32  52  0.00
33  26  0.00
34  52  0.00
37  2  0.00
37  6  0.00
37  13  0.00
37  14  0.00
37  15  0.00
37  17  0.00
37  18  0.00
37  26  0.00
37  35  0.00
37  36  0.00
37  40  0.00
37  41  0.00
37  45  0.00
37  50  0.00
37  52  0.00
38  48  0.00
39  2  0.00
39  5  0.00
39  6  0.00
39  13  0.00
39  14  0.00
39  15  0.00
39  17  0.00
39  18  0.00
39  26  0.00
39  35  0.00
39  36  0.00
39  37  0.00
39  40  0.00
39  41  0.00
39  45  0.00
39  50  0.00
39  52  0.00
41  14  0.00
43  19  0.00
43  26  0.00
43  33  0.00
44  15  0.00
44  19  0.00
44  26  0.00
44  33  0.00
44  52  0.00
44  57  0.00
45  36  0.00
47  1  0.00
47  3  0.00
47  8  0.00
47  15  0.00
47  35  0.00
47  48  0.00
47  52  0.00
47  56  0.00
47  57  0.00
47  58  0.00
50  2  0.00
50  36  0.00
50  45  0.00
51  2  0.00
51  6  0.00
51  13  0.00
51  14  0.00
51  15  0.00
51  17  0.00
51  26  0.00
51  36  0.00
51  41  0.00
51  45  0.00
51  50  0.00
51  52  0.00
54  15  0.00
54  18  0.00
54  19  0.00
54  26  0.00
54  33  0.00
54  35  0.00
54  42  0.00
54  44  0.00
54  52  0.00
54  55  0.00
54  57  0.00
55  15  0.00
55  19  0.00
55  26  0.00
55  33  0.00
55  42  0.00
55  44  0.00
55  52  0.00
55  57  0.00
57  15  0.00
57  52  0.00
58  1  0.00
58  15  0.00
58  48  0.00
58  52  0.00
58  56  0.00
58  57  0.00
59  2  0.00
59  6  0.00
59  13  0.00
59  14  0.00
59  15  0.00
59  17  0.00
59  21  0.00
59  26  0.00
59  36  0.00
59  41  0.00
59  45  0.00
59  50  0.00
59  51  0.00
59  52  0.00
0  4  0.00
0  31  0.00
0  43  0.00
1  51  0.00
2  0  0.00
2  3  0.00
2  4  0.00
2  6  0.00
2  7  0.00
2  8  0.00
2  11  0.00
2  13  0.00
2  15  0.00
2  16  0.00
2  17  0.00
2  19  0.00
2  20  0.00
2  24  0.00
2  27  0.00
2  28  0.00
2  31  0.00
2  36  0.00
2  38  0.00
2  40  0.00
2  43  0.00
2  46  0.00
2  47  0.00
2  49  0.00
2  50  0.00
2  51  0.00
2  56  0.00
2  57  0.00
2  58  0.00
3  0  0.00
3  4  0.00
3  31  0.00
3  43  0.00
5  13  0.00
5  33  0.00
5  49  0.00
6  20  0.00
6  46  0.00
6  47  0.00
6  50  0.00
8  0  0.00
8  3  0.00
8  4  0.00
8  6  0.00
8  7  0.00
8  11  0.00
8  13  0.00
8  15  0.00
8  16  0.00
8  17  0.00
8  19  0.00
8  20  0.00
8  24  0.00
8  27  0.00
8  28  0.00
8  31  0.00
8  36  0.00
8  38  0.00
8  40  0.00
8  43  0.00
8  46  0.00
8  47  0.00
8  49  0.00
8  50  0.00
8  51  0.00
8  56  0.00
8  57  0.00
8  58  0.00
10  0  0.00
10  3  0.00
10  4  0.00
10  6  0.00
10  7  0.00
10  15  0.00
10  16  0.00
10  20  0.00
10  24  0.00
10  28  0.00
10  31  0.00
10  34  0.00
10  36  0.00
10  40  0.00
10  43  0.00
10  46  0.00
10  47  0.00
10  50  0.00
10  58  0.00
11  17  0.00
11  19  0.00
11  27  0.00
12  7  0.00
14  39  0.00
14  44  0.00
14  48  0.00
15  0  0.00
15  3  0.00
15  4  0.00
15  6  0.00
15  7  0.00
15  20  0.00
15  24  0.00
15  28  0.00
15  31  0.00
15  40  0.00
15  43  0.00
15  46  0.00
15  47  0.00
15  50  0.00
15  58  0.00
17  27  0.00
18  13  0.00
18  33  0.00
18  39  0.00
18  44  0.00
18  49  0.00
19  17  0.00
19  27  0.00
21  5  0.00
21  6  0.00
21  7  0.00
21  12  0.00
21  13  0.00
21  20  0.00
21  33  0.00
21  37  0.00
21  43  0.00
21  46  0.00
21  47  0.00
21  49  0.00
21  50  0.00
23  0  0.00
23  2  0.00
23  3  0.00
23  4  0.00
23  6  0.00
23  7  0.00
23  8  0.00
23  11  0.00
23  13  0.00
23  15  0.00
23  16  0.00
23  17  0.00
23  19  0.00
23  20  0.01
23  24  0.00
23  27  0.00
23  28  0.00
23  31  0.00
23  36  0.00
23  38  0.00
23  39  0.00
23  40  0.00
23  43  0.00
23  44  0.00
23  46  0.00
23  47  0.01
23  48  0.00
23  49  0.00
23  50  0.00
23  51  0.00
23  56  0.00
23  57  0.00
23  58  0.00
24  0  0.00
24  3  0.00
24  4  0.00
24  6  0.00
24  7  0.00
24  15  0.00
24  20  0.00
24  28  0.00
24  31  0.00
24  40  0.00
24  43  0.00
24  46  0.00
24  47  0.00
24  50  0.00
24  58  0.00
26  17  0.00
26  27  0.00
28  0  0.00
28  3  0.00
28  4  0.00
28  6  0.00
28  7  0.00
28  15  0.00
28  20  0.00
28  24  0.00
28  31  0.00
28  40  0.00
28  43  0.00
28  46  0.00
28  47  0.00
28  50  0.00
28  58  0.00
29  0  0.00
29  3  0.00
29  4  0.00
29  31  0.00
29  43  0.00
30  14  0.00
30  39  0.00
30  44  0.00
30  48  0.00
30  55  0.00
31  4  0.00
33  13  0.00
33  49  0.00
34  47  0.00
36  0  0.00
36  3  0.00
36  4  0.00
36  6  0.00
36  7  0.00
36  15  0.00
36  16  0.00
36  20  0.00
36  24  0.00
36  28  0.00
36  31  0.00
36  40  0.00
36  43  0.00
36  46  0.00
36  47  0.00
36  50  0.00
36  58  0.00
37  5  0.00
37  7  0.00
37  12  0.00
37  13  0.00
37  33  0.00
37  43  0.00
37  49  0.00
37  50  0.00
38  0  0.00
38  3  0.00
38  4  0.00
38  6  0.00
38  7  0.00
38  11  0.00
38  13  0.00
38  15  0.00
38  16  0.00
38  17  0.00
38  19  0.00
38  20  0.00
38  24  0.00
38  27  0.00
38  28  0.00
38  31  0.00
38  36  0.00
38  40  0.00
38  43  0.00
38  46  0.00
38  47  0.00
38  49  0.00
38  50  0.00
38  51  0.00
38  56  0.00
38  57  0.00
38  58  0.00
39  44  0.00
40  50  0.00
41  40  0.00
41  50  0.00
42  0  0.00
42  3  0.00
42  4  0.00
42  13  0.00
42  31  0.00
42  33  0.00
42  43  0.00
42  49  0.00
46  20  0.00
48  39  0.00
48  44  0.00
49  13  0.00
53  39  0.00
53  44  0.00
53  51  0.00
53  55  0.00
53  57  0.00
54  0  0.00
54  3  0.00
54  4  0.00
54  6  0.00
54  7  0.00
54  14  0.00
54  15  0.00
54  20  0.00
54  24  0.00
54  28  0.00
54  30  0.00
54  31  0.00
54  39  0.00
54  40  0.00
54  43  0.00
54  44  0.00
54  45  0.00
54  46  0.00
54  47  0.00
54  48  0.00
54  50  0.00
54  55  0.00
54  58  0.00
55  39  0.00
55  44  0.00
56  11  0.00
56  13  0.00
56  17  0.00
56  19  0.00
56  20  0.00
56  27  0.00
56  49  0.00
57  51  0.00
59  11  0.00
59  17  0.00
59  19  0.00
59  27  0.00
0  8  0.00
0  9  0.00
0  23  0.00
0  42  0.00
0  47  0.00
1  2  3.36
1  4  6.08
1  5  9.04
1  8  8.20
1  9  8.23
1  10  5.23
1  11  4.20
1  14  3.33
1  17  3.34
1  19  6.38
1  21  8.73
1  23  8.40
1  28  5.16
1  29  3.74
1  31  1.82
1  32  8.83
1  33  10.23
1  39  3.75
1  40  1.91
1  41  2.49
1  42  12.75
1  46  3.27
1  47  8.23
1  48  16.20
1  51  11.54
1  54  3.30
1  55  1.79
1  56  4.52
1  59  8.89
3  1  1.88
3  2  0.82
3  4  3.42
3  5  2.13
3  8  1.94
3  9  0.65
3  10  0.86
3  11  0.31
3  14  0.82
3  17  1.13
3  19  4.94
3  21  1.36
3  23  0.66
3  28  0.86
3  29  0.82
3  31  0.54
3  32  2.17
3  33  2.08
3  39  0.83
3  40  1.03
3  41  0.53
3  42  8.99
3  46  0.00
3  47  2.07
3  48  0.04
3  51  2.54
3  54  0.00
3  55  0.00
3  56  0.63
3  59  2.09
4  1  2.38
4  2  2.13
4  5  2.41
4  8  40.32
4  9  39.65
4  10  1.08
4  11  0.89
4  14  2.26
4  17  2.27
4  19  11.28
4  21  1.76
4  23  42.21
4  28  1.11
4  29  15.63
4  31  3.18
4  32  1.79
4  33  11.03
4  39  14.50
4  40  3.22
4  41  3.12
4  42  30.46
4  46  5.58
4  47  30.85
4  48  2.91
4  51  29.36
4  54  5.61
4  55  3.22
4  56  0.97
4  59  2.04
5  1  2.41
5  2  2.17
5  4  29.58
5  8  36.16
5  9  30.30
5  10  1.18
5  11  0.85
5  14  2.23
5  17  2.23
5  19  11.24
5  21  1.74
5  23  31.08
5  28  1.04
5  29  16.74
5  31  3.10
5  32  60.54
5  33  8.00
5  39  14.55
5  40  3.34
5  41  3.09
5  42  30.14
5  46  6.29
5  47  31.18
5  48  3.04
5  51  31.45
5  54  6.15
5  55  2.94
5  56  0.94
5  59  56.43
7  1  0.43
7  2  7.44
7  4  1.83
7  5  0.32
7  8  2.14
7  9  12.85
7  10  2.18
7  11  1.97
7  14  7.35
7  17  10.46
7  19  3.05
7  21  0.00
7  23  13.66
7  28  2.20
7  29  0.08
7  31  0.80
7  32  0.29
7  33  1.46
7  39  1.01
7  40  0.85
7  41  1.10
7  42  14.20
7  46  1.35
7  47  2.53
7  48  0.62
7  51  2.41
7  54  1.38
7  55  0.71
7  56  0.34
7  59  4.59
8  9  0.00
8  23  0.00
8  42  0.00
9  23  0.00
9  42  0.00
10  1  1.24
10  2  28.49
10  4  14.54
10  5  1.18
10  8  15.16
10  9  15.11
10  11  0.51
10  14  28.51
10  17  28.61
10  19  7.17
10  21  0.91
10  23  18.46
10  28  62.74
10  29  7.43
10  31  2.22
10  32  1.23
10  33  5.82
10  39  7.42
10  40  1.65
10  41  1.62
10  42  58.85
10  46  2.87
10  47  14.85
10  48  1.53
10  51  57.00
10  54  2.99
10  55  1.47
10  56  0.47
10  59  0.90
12  1  0.00
12  2  0.52
12  4  3.77
12  5  2.13
12  8  3.92
12  9  2.63
12  10  0.87
12  11  0.32
12  14  0.53
12  16  0.00
12  17  0.54
12  19  1.52
12  21  1.02
12  23  1.77
12  28  0.86
12  29  2.75
12  31  0.42
12  32  2.18
12  33  0.82
12  39  1.88
12  40  0.51
12  41  0.42
12  42  3.43
12  46  1.09
12  47  4.01
12  48  0.14
12  50  0.00
12  51  4.57
12  54  0.72
12  55  0.39
12  56  0.68
12  59  2.17
13  0  0.00
13  8  0.00
13  9  0.00
13  23  0.00
13  42  0.00
13  47  0.00
14  2  0.00
15  1  19.64
15  2  28.34
15  4  7.86
15  5  15.64
15  8  59.89
15  9  46.61
15  10  41.93
15  11  73.87
15  14  29.21
15  17  14.67
15  19  87.00
15  21  15.06
15  23  46.67
15  28  42.16
15  29  6.40
15  31  25.58
15  32  15.17
15  33  57.26
15  36  0.00
15  39  3.99
15  40  8.30
15  41  26.21
15  42  70.43
15  45  0.00
15  46  41.46
15  47  52.23
15  48  21.34
15  51  49.40
15  54  59.64
15  55  23.81
15  56  5.00
15  59  15.92
17  1  1.85
17  2  41.81
17  4  13.72
17  5  0.89
17  8  14.65
17  9  14.68
17  10  0.52
17  11  0.44
17  14  28.01
17  19  5.48
17  21  0.88
17  23  14.66
17  28  0.53
17  29  7.28
17  31  1.56
17  32  0.91
17  33  3.83
17  39  7.11
17  40  1.61
17  41  1.57
17  42  57.83
17  46  2.87
17  47  14.75
17  48  1.49
17  51  15.02
17  54  2.93
17  55  1.49
17  56  0.47
17  59  0.91
19  1  5.69
19  2  5.35
19  4  6.54
19  5  4.39
19  8  23.78
19  9  24.18
19  10  2.49
19  11  2.21
19  14  6.07
19  17  5.28
19  21  4.14
19  23  24.10
19  28  2.54
19  29  9.80
19  31  7.88
19  32  4.21
19  33  19.25
19  39  15.13
19  40  7.96
19  41  7.72
19  42  24.67
19  46  13.91
19  47  23.91
19  48  7.25
19  51  21.22
19  54  14.46
19  55  7.26
19  56  2.27
19  59  4.33
20  1  1.75
20  2  14.46
20  4  7.73
20  5  1.18
20  8  8.79
20  9  8.64
20  10  16.15
20  11  1.37
20  14  15.21
20  17  14.55
20  19  5.51
20  21  1.13
20  23  8.83
20  28  11.11
20  29  3.83
20  31  1.86
20  32  1.16
20  33  3.23
20  39  3.70
20  40  55.29
20  41  1.86
20  42  31.33
20  46  2.74
20  47  8.88
20  48  1.46
20  51  23.38
20  54  2.90
20  55  1.47
20  56  2.32
20  59  1.17
21  1  18.22
21  2  10.93
21  4  19.90
21  5  30.23
21  8  25.44
21  9  22.32
21  10  15.67
21  11  14.40
21  14  9.32
21  17  9.79
21  19  11.33
21  23  21.97
21  28  15.78
21  29  9.98
21  31  3.22
21  32  29.16
21  33  13.10
21  39  136.35
21  40  3.49
21  41  4.62
21  42  50.56
21  46  5.68
21  47  21.82
21  48  11.67
21  51  33.57
21  54  6.01
21  55  2.95
21  56  14.91
21  59  30.28
22  1  0.59
22  2  1.19
22  4  1.09
22  5  0.52
22  8  2.05
22  9  2.66
22  10  0.28
22  11  0.23
22  14  1.73
22  17  2.09
22  19  2.51
22  21  0.42
22  23  2.06
22  28  0.25
22  29  0.58
22  31  1.82
22  32  0.46
22  33  1.68
22  39  0.58
22  40  3.67
22  41  1.83
22  42  5.43
22  46  1.36
22  47  2.13
22  48  0.86
22  51  0.44
22  54  1.77
22  55  0.88
22  56  0.26
22  59  0.53
26  1  13.68
26  2  11.80
26  4  2.05
26  5  1.50
26  8  681.02
26  9  371.71
26  10  5.50
26  11  3.97
26  14  12.74
26  17  11.92
26  19  57.54
26  21  8.23
26  23  335.12
26  28  5.47
26  29  1.07
26  31  2.87
26  32  1.64
26  33  29.62
26  39  1.10
26  40  20.53
26  41  2.45
26  42  447.86
26  46  25.11
26  47  5.04
26  48  12.92
26  51  6.45
26  54  4.09
26  55  2.59
26  56  4.47
26  59  1.45
27  42  0.00
29  8  0.00
29  9  0.00
29  23  0.00
29  42  0.00
29  47  0.00
29  51  0.00
30  1  1.98
30  2  1.61
30  4  3.62
30  5  1.60
30  8  7.12
30  9  7.09
30  10  0.80
30  11  0.66
30  14  1.62
30  17  1.90
30  19  9.45
30  21  1.54
30  23  7.18
30  28  0.82
30  29  1.87
30  31  1.26
30  32  1.54
30  33  5.79
30  38  0.00
30  39  1.87
30  40  3.46
30  41  1.27
30  42  8.05
30  46  4.26
30  47  7.18
30  48  2.23
30  51  0.84
30  54  4.40
30  55  2.20
30  56  0.77
30  59  1.58
31  1  1.34
31  2  29.34
31  4  15.43
31  5  1.05
31  8  16.23
31  9  16.08
31  10  0.56
31  11  0.49
31  14  28.14
31  17  30.28
31  19  6.09
31  21  1.02
31  23  16.83
31  28  0.57
31  29  11.20
31  32  1.04
31  33  4.10
31  39  7.69
31  40  69.35
31  41  56.32
31  42  61.91
31  46  3.17
31  47  15.66
31  48  1.67
31  51  15.40
31  54  3.34
31  55  2.21
31  56  0.56
31  59  1.16
33  1  3.07
33  2  3.88
33  4  3.53
33  5  2.32
33  8  12.38
33  9  12.56
33  10  1.32
33  11  1.10
33  14  2.84
33  17  2.85
33  19  16.28
33  21  2.25
33  23  12.45
33  28  1.32
33  29  5.11
33  31  4.07
33  32  2.23
33  39  5.10
33  40  4.11
33  41  3.90
33  42  12.91
33  46  7.23
33  47  12.42
33  48  3.82
33  51  10.87
33  54  7.55
33  55  3.86
33  56  1.17
33  59  2.33
34  8  0.00
34  9  0.00
34  23  0.00
34  42  0.00
34  47  0.00
35  1  0.00
35  2  0.56
35  4  3.81
35  5  2.16
35  8  7.08
35  9  6.93
35  10  0.88
35  11  0.32
35  14  0.54
35  17  0.55
35  19  1.38
35  21  1.05
35  23  6.90
35  28  0.88
35  29  2.51
35  31  0.44
35  32  2.21
35  33  0.59
35  39  1.90
35  40  0.49
35  41  0.42
35  42  11.09
35  46  0.76
35  47  7.18
35  48  0.14
35  51  9.48
35  54  0.71
35  55  0.37
35  56  0.62
35  59  2.18
36  1  9.35
36  2  12.35
36  4  4.17
36  5  6.82
36  8  17.31
36  9  15.15
36  10  73.96
36  11  127.00
36  14  12.57
36  15  0.00
36  17  9.53
36  19  27.79
36  21  9.28
36  23  15.19
36  28  92.15
36  29  1.94
36  31  9.92
36  32  6.61
36  33  13.28
36  39  1.91
36  40  2.18
36  41  9.71
36  42  20.55
36  45  0.00
36  46  13.52
36  47  16.20
36  48  6.79
36  51  77.28
36  54  13.36
36  55  6.80
36  56  2.48
36  59  6.79
39  1  4.53
39  2  4.20
39  4  5.19
39  5  3.48
39  8  56.80
39  9  56.86
39  10  2.07
39  11  1.62
39  14  4.15
39  17  4.21
39  19  20.82
39  21  3.74
39  23  57.05
39  28  2.02
39  29  28.68
39  31  5.90
39  32  3.40
39  33  14.40
39  40  6.04
39  41  6.22
39  42  57.24
39  46  10.67
39  47  59.07
39  48  5.52
39  51  59.75
39  54  11.09
39  55  5.60
39  56  1.83
39  59  3.47
40  1  1.34
40  2  28.92
40  4  14.50
40  5  0.93
40  8  15.47
40  9  15.26
40  10  0.60
40  11  0.46
40  14  28.14
40  17  28.74
40  19  5.70
40  21  0.90
40  23  15.25
40  28  0.60
40  29  7.56
40  31  1.80
40  32  0.94
40  33  4.12
40  39  7.22
40  41  1.69
40  42  59.70
40  46  2.96
40  47  14.69
40  48  1.50
40  51  15.42
40  54  2.98
40  55  1.56
40  56  0.50
40  59  0.95
45  1  0.70
45  2  13.89
45  4  6.93
45  5  0.52
45  8  0.97
45  9  0.69
45  10  3.92
45  11  3.64
45  14  13.87
45  17  13.81
45  19  2.31
45  21  0.49
45  23  0.65
45  28  3.77
45  29  0.06
45  31  0.71
45  32  0.52
45  33  1.05
45  39  3.47
45  40  0.80
45  41  0.75
45  42  0.70
45  46  1.21
45  47  0.94
45  48  0.64
45  51  3.87
45  54  1.23
45  55  0.63
45  56  0.00
45  59  0.52
46  1  11.25
46  2  10.53
46  4  13.01
46  5  8.49
46  8  47.77
46  9  47.87
46  10  4.88
46  11  4.11
46  14  10.49
46  17  10.38
46  19  16.57
46  21  8.05
46  23  46.13
46  28  4.97
46  29  20.10
46  31  14.95
46  32  8.53
46  33  13.47
46  39  19.98
46  40  15.46
46  41  16.76
46  42  54.57
46  47  47.89
46  48  14.28
46  51  40.97
46  54  28.73
46  55  14.38
46  56  4.37
46  59  8.53
47  8  0.00
47  9  0.00
47  23  0.00
47  42  0.00
48  1  22.38
48  2  6.05
48  4  11.38
48  5  17.76
48  8  18.23
48  9  15.54
48  10  9.36
48  11  7.95
48  14  6.16
48  17  6.19
48  19  12.06
48  21  15.74
48  23  15.13
48  28  9.75
48  29  7.06
48  31  3.49
48  32  16.60
48  33  20.56
48  39  10.10
48  40  4.23
48  41  3.77
48  42  22.45
48  46  7.58
48  47  15.35
48  51  21.74
48  54  6.31
48  55  3.04
48  56  8.14
48  59  16.76
49  1  1.71
49  2  0.65
49  4  0.28
49  5  0.27
49  7  0.00
49  8  0.61
49  9  0.95
49  10  1.08
49  11  1.87
49  14  0.65
49  17  0.67
49  19  3.67
49  21  1.03
49  23  0.93
49  28  1.08
49  29  0.05
49  31  0.60
49  32  0.27
49  33  0.65
49  39  0.08
49  40  0.92
49  41  0.58
49  42  1.32
49  46  1.84
49  47  0.57
49  48  0.04
49  51  1.26
49  54  0.48
49  55  0.25
49  56  0.14
49  59  17.44
53  1  0.98
53  2  1.01
53  4  1.81
53  5  0.78
53  8  7.10
53  9  3.60
53  10  1.12
53  11  0.41
53  14  1.02
53  17  1.07
53  19  4.25
53  21  0.75
53  23  3.63
53  28  0.87
53  29  2.04
53  30  0.00
53  31  1.28
53  32  0.77
53  33  2.87
53  38  0.00
53  39  0.97
53  40  1.16
53  41  2.52
53  42  4.12
53  46  2.15
53  47  7.15
53  48  1.12
53  51  0.85
53  54  2.23
53  55  1.11
53  56  0.40
53  59  0.78
54  1  1.64
54  2  17.99
54  4  20.77
54  5  1.38
54  8  56.35
54  9  54.79
54  10  0.77
54  11  0.62
54  14  19.36
54  17  17.97
54  19  8.06
54  21  1.29
54  23  56.73
54  28  0.80
54  29  10.59
54  31  29.60
54  32  1.37
54  33  6.97
54  39  10.59
54  40  31.12
54  41  32.42
54  42  57.89
54  46  4.16
54  47  55.81
54  48  3.04
54  51  21.42
54  55  29.35
54  56  0.90
54  59  1.38
55  1  1.54
55  2  17.36
55  4  20.38
55  5  1.31
55  8  21.19
55  9  20.93
55  10  0.73
55  11  0.60
55  14  18.13
55  17  23.24
55  19  7.83
55  21  1.37
55  23  22.00
55  28  0.78
55  29  12.31
55  31  28.60
55  32  1.33
55  33  4.59
55  39  10.15
55  40  30.68
55  41  28.00
55  42  44.89
55  46  4.06
55  47  21.63
55  48  2.14
55  51  21.35
55  54  4.26
55  56  0.67
55  59  1.33
56  1  1.99
56  2  17.90
56  4  9.66
56  5  1.69
56  8  13.65
56  9  13.04
56  10  30.07
56  11  29.12
56  14  17.84
56  17  17.80
56  19  10.17
56  21  1.64
56  23  13.12
56  28  30.10
56  29  5.99
56  31  2.91
56  32  1.69
56  33  18.28
56  39  6.07
56  40  3.09
56  41  2.94
56  42  38.10
56  46  5.36
56  47  14.24
56  48  2.77
56  51  39.04
56  54  5.48
56  55  2.79
56  59  1.69
57  1  0.00
57  2  0.54
57  4  3.84
57  5  2.10
57  8  3.94
57  9  1.78
57  10  0.87
57  11  0.32
57  12  0.00
57  14  0.54
57  16  0.00
57  17  0.54
57  19  1.39
57  21  1.03
57  23  1.77
57  28  0.86
57  29  1.91
57  31  0.43
57  32  2.18
57  33  0.56
57  39  1.88
57  40  0.50
57  41  0.42
57  42  2.50
57  46  0.69
57  47  4.00
57  48  0.14
57  50  0.00
57  51  4.55
57  54  0.73
57  55  0.37
57  56  0.62
57  59  2.17
58  1  5.07
58  2  2.96
58  4  7.10
58  5  3.71
58  8  12.96
58  9  12.93
58  10  2.21
58  11  1.42
58  14  2.96
58  17  2.93
58  19  13.06
58  21  3.50
58  23  12.49
58  28  2.26
58  29  3.51
58  30  0.00
58  31  4.64
58  32  3.69
58  33  8.74
58  38  0.00
58  39  3.83
58  40  3.67
58  41  4.76
58  42  15.37
58  46  6.92
58  47  12.88
58  48  4.33
58  51  2.40
58  54  7.08
58  55  3.54
58  56  2.44
58  59  3.64
1  0  0.00
1  6  0.00
1  7  0.00
1  8  0.00
1  9  0.01
1  10  0.00
1  11  0.00
1  15  0.00
1  20  0.00
1  21  0.00
1  22  0.00
1  28  0.00
1  29  0.00
1  32  0.00
1  34  0.00
1  35  0.00
1  44  0.00
1  49  0.00
1  51  0.00
1  52  0.00
1  53  0.00
1  55  0.00
1  59  0.00
4  14  0.00
4  15  0.00
4  53  0.00
5  0  0.00
5  1  0.00
5  6  0.00
5  7  0.00
5  8  0.00
5  9  0.00
5  10  0.00
5  11  0.00
5  15  0.00
5  20  0.00
5  21  0.00
5  22  0.00
5  28  0.00
5  29  0.00
5  32  0.00
5  34  0.00
5  35  0.00
5  44  0.00
5  49  0.00
5  51  0.00
5  52  0.00
5  53  0.00
5  55  0.00
5  59  0.00
7  0  0.00
7  1  0.00
7  6  0.00
7  8  0.00
7  9  0.01
7  10  0.00
7  11  0.00
7  15  0.00
7  20  0.00
7  21  0.00
7  22  0.00
7  28  0.01
7  29  0.00
7  32  0.00
7  34  0.00
7  35  0.00
7  44  0.00
7  49  0.00
7  51  0.01
7  52  0.00
7  53  0.00
7  55  0.00
7  59  0.00
8  0  0.00
8  1  0.00
8  6  0.00
8  7  0.00
8  9  0.01
8  10  0.00
8  11  0.00
8  15  0.00
8  20  0.00
8  21  0.00
8  22  0.00
8  28  0.01
8  29  0.00
8  32  0.00
8  34  0.00
8  35  0.00
8  44  0.00
8  49  0.00
8  51  0.01
8  52  0.00
8  53  0.00
8  55  0.00
8  59  0.00
11  0  0.00
11  1  0.00
11  6  0.00
11  7  0.00
11  8  0.00
11  9  0.01
11  10  0.00
11  15  0.00
11  20  0.00
11  21  0.00
11  22  0.00
11  28  0.00
11  29  0.00
11  32  0.00
11  34  0.00
11  35  0.00
11  44  0.00
11  49  0.00
11  51  0.00
11  52  0.00
11  53  0.00
11  55  0.00
11  59  0.00
12  0  0.00
12  1  0.00
12  2  0.00
12  6  0.00
12  7  0.00
12  8  0.00
12  9  0.00
12  10  0.02
12  11  0.00
12  15  0.00
12  20  0.00
12  21  0.00
12  22  0.00
12  28  0.00
12  29  0.00
12  32  0.00
12  33  0.00
12  34  0.00
12  35  0.00
12  38  0.00
12  44  0.00
12  48  0.00
12  49  0.00
12  51  0.00
12  52  0.00
12  53  0.00
12  55  0.02
12  57  0.00
12  59  0.00
13  0  0.00
13  1  0.00
13  6  0.00
13  7  0.00
13  8  0.00
13  9  0.03
13  10  0.00
13  11  0.00
13  15  0.00
13  20  0.00
13  21  0.00
13  22  0.00
13  23  0.00
13  27  0.00
13  28  0.00
13  29  0.00
13  32  0.00
13  34  0.00
13  35  0.00
13  44  0.00
13  49  0.00
13  51  0.00
13  52  0.00
13  53  0.00
13  55  0.00
13  59  0.00
14  15  0.00
14  53  0.00
16  0  0.00
16  1  0.00
16  6  0.00
16  7  0.00
16  8  0.00
16  9  0.00
16  10  0.00
16  11  0.00
16  15  0.00
16  19  0.00
16  20  0.00
16  21  0.00
16  22  0.00
16  28  0.00
16  29  0.00
16  32  0.00
16  34  0.00
16  35  0.00
16  40  0.00
16  44  0.00
16  49  0.00
16  51  0.00
16  52  0.00
16  53  0.00
16  55  0.00
16  59  0.00
18  9  0.00
18  28  0.00
18  43  0.00
18  51  0.00
19  0  0.00
19  1  0.00
19  6  0.00
19  7  0.00
19  8  0.00
19  9  0.00
19  10  0.00
19  11  0.00
19  15  0.00
19  20  0.00
19  21  0.00
19  22  0.00
19  28  0.00
19  29  0.00
19  32  0.00
19  34  0.00
19  35  0.00
19  40  0.00
19  44  0.00
19  49  0.00
19  51  0.00
19  52  0.00
19  53  0.00
19  55  0.00
19  59  0.00
20  0  0.00
20  1  0.00
20  6  0.00
20  7  0.00
20  8  0.00
20  9  0.00
20  10  0.00
20  11  0.00
20  15  0.00
20  21  0.00
20  22  0.00
20  28  0.00
20  29  0.00
20  32  0.00
20  34  0.00
20  35  0.00
20  44  0.00
20  49  0.00
20  51  0.00
20  52  0.00
20  53  0.00
20  55  0.00
20  59  0.00
21  32  0.00
21  49  0.00
21  59  0.00
22  0  0.00
22  1  0.00
22  6  0.00
22  7  0.00
22  8  0.00
22  9  0.00
22  10  0.00
22  11  0.00
22  15  0.00
22  20  0.00
22  21  0.00
22  28  0.00
22  29  0.00
22  32  0.00
22  34  0.00
22  35  0.00
22  44  0.00
22  49  0.00
22  51  0.00
22  52  0.00
22  53  0.00
22  55  0.00
22  59  0.00
24  0  0.00
24  9  0.00
24  10  0.00
24  15  0.00
24  17  0.00
24  26  0.00
24  28  0.00
24  30  0.00
24  32  0.00
24  34  0.00
24  49  0.00
24  51  0.00
24  53  0.00
24  59  0.00
25  2  0.00
27  23  0.00
28  9  0.00
28  51  0.00
29  0  0.00
29  1  0.00
29  6  0.00
29  7  0.00
29  8  0.00
29  9  0.00
29  10  0.00
29  11  0.00
29  15  0.00
29  20  0.00
29  21  0.00
29  22  0.00
29  28  0.00
29  32  0.00
29  34  0.00
29  35  0.00
29  44  0.00
29  49  0.00
29  51  0.00
29  52  0.00
29  53  0.00
29  55  0.00
29  59  0.00
31  0  0.01
31  1  0.00
31  2  0.00
31  6  0.01
31  7  0.01
31  8  0.00
31  9  0.05
31  10  0.02
31  11  0.02
31  13  0.00
31  15  0.01
31  20  0.00
31  21  0.01
31  22  0.00
31  23  0.00
31  27  0.00
31  28  0.01
31  29  0.00
31  32  0.01
31  33  0.00
31  34  0.01
31  35  0.01
31  38  0.00
31  41  0.00
31  44  0.01
31  45  0.00
31  49  0.01
31  51  0.01
31  52  0.00
31  53  0.01
31  55  0.01
31  57  0.00
31  59  0.01
33  0  0.00
33  1  0.00
33  2  0.00
33  6  0.00
33  7  0.00
33  8  0.00
33  9  0.00
33  10  0.00
33  11  0.00
33  15  0.00
33  20  0.00
33  21  0.00
33  22  0.00
33  28  0.00
33  29  0.00
33  32  0.00
33  34  0.00
33  35  0.00
33  38  0.00
33  44  0.00
33  49  0.00
33  51  0.00
33  52  0.00
33  53  0.00
33  55  0.00
33  57  0.00
33  59  0.00
34  0  0.00
34  9  0.00
34  10  0.00
34  15  0.00
34  28  0.00
34  51  0.00
34  53  0.00
36  0  0.00
36  1  0.00
36  6  0.00
36  7  0.00
36  8  0.00
36  9  0.07
36  10  0.00
36  11  0.00
36  15  0.00
36  18  0.00
36  20  0.00
36  21  0.00
36  22  0.00
36  28  0.07
36  29  0.00
36  32  0.00
36  34  0.00
36  35  0.00
36  43  0.00
36  44  0.00
36  45  0.00
36  49  0.00
36  51  0.07
36  52  0.00
36  53  0.00
36  55  0.00
36  59  0.00
37  2  0.00
37  6  0.00
37  10  0.00
37  38  0.00
37  55  0.00
37  57  0.00
38  6  0.00
42  0  0.00
42  1  0.00
42  6  0.00
42  7  0.00
42  8  0.00
42  9  0.03
42  10  0.00
42  11  0.00
42  13  0.00
42  15  0.00
42  20  0.00
42  21  0.00
42  22  0.00
42  23  0.00
42  27  0.00
42  28  0.00
42  29  0.00
42  32  0.00
42  34  0.00
42  35  0.00
42  44  0.00
42  49  0.00
42  51  0.00
42  52  0.00
42  53  0.00
42  55  0.00
42  59  0.00
43  9  0.00
43  28  0.00
43  51  0.00
44  0  0.00
44  1  0.00
44  6  0.00
44  7  0.00
44  8  0.00
44  9  0.01
44  10  0.00
44  11  0.00
44  15  0.00
44  20  0.00
44  21  0.00
44  22  0.00
44  28  0.00
44  29  0.00
44  32  0.00
44  34  0.00
44  35  0.00
44  49  0.00
44  51  0.00
44  52  0.00
44  53  0.00
44  55  0.00
44  59  0.00
45  0  0.00
45  1  0.00
45  6  0.00
45  7  0.00
45  8  0.00
45  9  0.00
45  10  0.00
45  11  0.00
45  15  0.00
45  20  0.00
45  21  0.00
45  22  0.00
45  28  0.00
45  29  0.00
45  32  0.00
45  34  0.00
45  35  0.00
45  44  0.00
45  49  0.00
45  51  0.00
45  52  0.00
45  53  0.00
45  55  0.00
45  59  0.00
46  0  0.00
46  1  0.00
46  6  0.00
46  7  0.00
46  8  0.00
46  9  0.00
46  10  0.00
46  11  0.00
46  15  0.00
46  20  0.00
46  21  0.00
46  22  0.00
46  28  0.00
46  29  0.00
46  32  0.00
46  34  0.00
46  35  0.00
46  44  0.00
46  49  0.00
46  51  0.00
46  52  0.00
46  53  0.00
46  55  0.00
46  59  0.00
47  17  0.00
48  0  0.00
48  1  0.00
48  2  0.00
48  6  0.00
48  7  0.00
48  8  0.00
48  9  0.00
48  10  0.00
48  11  0.00
48  15  0.00
48  20  0.00
48  21  0.00
48  22  0.00
48  28  0.00
48  29  0.00
48  32  0.00
48  33  0.00
48  34  0.00
48  35  0.00
48  38  0.00
48  44  0.00
48  49  0.00
48  51  0.00
48  52  0.00
48  53  0.00
48  55  0.00
48  57  0.00
48  59  0.00
49  32  0.00
49  59  0.00
50  9  0.00
50  10  0.00
50  28  0.00
50  51  0.00
51  9  0.00
52  0  0.00
52  1  0.00
52  6  0.00
52  7  0.00
52  8  0.00
52  9  0.01
52  10  0.00
52  11  0.00
52  15  0.00
52  20  0.00
52  21  0.00
52  22  0.00
52  28  0.00
52  29  0.00
52  32  0.00
52  34  0.00
52  35  0.00
52  44  0.00
52  49  0.00
52  51  0.00
52  53  0.00
52  55  0.00
52  59  0.00
53  15  0.00
54  0  0.00
54  1  0.00
54  6  0.00
54  7  0.00
54  8  0.00
54  9  0.00
54  10  0.00
54  11  0.00
54  15  0.00
54  20  0.00
54  21  0.00
54  22  0.00
54  28  0.00
54  29  0.00
54  32  0.00
54  34  0.00
54  35  0.00
54  44  0.00
54  45  0.00
54  49  0.00
54  51  0.00
54  52  0.00
54  53  0.00
54  55  0.00
54  59  0.00
55  6  0.00
56  0  0.00
56  1  0.00
56  6  0.00
56  7  0.00
56  8  0.00
56  9  0.00
56  10  0.00
56  11  0.00
56  15  0.00
56  16  0.00
56  19  0.00
56  20  0.00
56  21  0.00
56  22  0.00
56  28  0.00
56  29  0.00
56  32  0.00
56  34  0.00
56  35  0.00
56  40  0.00
56  44  0.00
56  49  0.00
56  51  0.00
56  52  0.00
56  53  0.00
56  55  0.00
56  59  0.00
57  2  0.00
57  6  0.00
57  10  0.00
57  38  0.00
57  55  0.00
1  33  0.00
2  19  0.00
2  38  0.00
2  59  0.00
4  20  0.00
5  0  0.00
5  7  0.00
5  8  0.00
5  9  0.00
5  10  0.00
5  11  0.00
5  12  0.00
5  23  0.00
5  24  0.00
5  26  0.00
5  28  0.00
5  32  0.00
5  33  0.00
5  35  0.00
5  36  0.00
5  39  0.00
5  42  0.00
5  44  0.00
5  45  0.00
5  46  0.00
5  47  0.00
5  51  0.00
5  54  0.00
5  56  0.00
5  59  0.00
7  0  0.00
7  9  0.00
7  35  0.00
7  46  0.00
7  56  0.00
7  59  0.00
8  45  0.00
9  35  0.00
9  59  0.00
10  11  0.00
10  36  0.00
10  39  0.00
10  42  0.00
10  44  0.00
10  45  0.00
10  47  0.00
11  42  0.00
11  47  0.00
12  8  0.00
12  10  0.00
12  11  0.00
12  36  0.00
12  39  0.00
12  42  0.00
12  44  0.00
12  45  0.00
12  47  0.00
13  2  0.00
13  19  0.00
13  38  0.00
13  59  0.00
14  9  0.00
14  11  0.00
14  16  0.00
14  19  0.00
14  25  0.00
14  26  0.00
14  33  0.00
14  35  0.00
14  42  0.00
14  47  0.00
14  50  0.00
14  59  0.00
16  9  0.00
16  19  0.00
16  35  0.00
16  59  0.00
17  34  0.00
18  32  0.00
18  34  0.00
18  42  0.00
18  47  0.00
21  0  0.00
21  7  0.00
21  9  0.00
21  11  0.00
21  17  0.00
21  34  0.00
21  35  0.00
21  36  0.00
21  39  0.00
21  42  0.00
21  46  0.00
21  47  0.00
21  56  0.00
21  59  0.00
22  0  0.00
22  7  0.00
22  9  0.00
22  11  0.00
22  17  0.00
22  21  0.00
22  34  0.00
22  35  0.00
22  36  0.00
22  39  0.00
22  40  0.00
22  42  0.00
22  46  0.00
22  47  0.00
22  52  0.00
22  56  0.00
22  58  0.00
22  59  0.00
23  0  0.00
23  7  0.00
23  8  0.00
23  9  0.00
23  10  0.00
23  11  0.00
23  12  0.00
23  24  0.00
23  26  0.00
23  28  0.00
23  32  0.00
23  33  0.00
23  35  0.00
23  36  0.00
23  39  0.00
23  42  0.00
23  44  0.00
23  45  0.00
23  46  0.00
23  47  0.00
23  51  0.00
23  54  0.00
23  56  0.00
23  59  0.00
24  0  0.00
24  7  0.00
24  9  0.00
24  26  0.00
24  28  0.00
24  32  0.00
24  33  0.00
24  35  0.00
24  46  0.00
24  51  0.00
24  54  0.00
24  56  0.00
24  59  0.00
25  9  0.00
25  16  0.00
25  19  0.00
25  26  0.00
25  33  0.00
25  35  0.00
25  59  0.00
26  33  0.00
27  0  0.00
27  5  0.00
27  7  0.00
27  8  0.00
27  9  0.00
27  10  0.00
27  11  0.00
27  12  0.00
27  16  0.00
27  19  0.00
27  23  0.00
27  24  0.00
27  25  0.00
27  26  0.00
27  28  0.00
27  32  0.00
27  33  0.00
27  35  0.00
27  36  0.00
27  37  0.00
27  39  0.00
27  42  0.00
27  44  0.00
27  45  0.00
27  46  0.00
27  47  0.00
27  51  0.00
27  54  0.00
27  56  0.00
27  59  0.00
30  2  0.00
30  10  0.00
30  11  0.00
30  13  0.00
30  19  0.00
30  36  0.00
30  38  0.00
30  39  0.00
30  42  0.00
30  44  0.00
30  45  0.00
30  47  0.00
30  59  0.00
35  59  0.00
36  11  0.00
36  39  0.00
36  42  0.00
36  47  0.00
37  0  0.00
37  5  0.00
37  7  0.00
37  8  0.00
37  9  0.00
37  10  0.00
37  11  0.00
37  12  0.00
37  23  0.00
37  24  0.00
37  26  0.00
37  28  0.00
37  32  0.00
37  33  0.00
37  35  0.00
37  36  0.00
37  39  0.00
37  42  0.00
37  44  0.00
37  45  0.00
37  46  0.00
37  47  0.00
37  51  0.00
37  54  0.00
37  56  0.00
37  59  0.00
39  11  0.00
39  42  0.00
39  47  0.00
41  33  0.00
43  0  0.00
43  5  0.00
43  7  0.00
43  8  0.00
43  9  0.00
43  10  0.00
43  11  0.00
43  12  0.00
43  23  0.00
43  24  0.00
43  26  0.00
43  28  0.00
43  32  0.00
43  33  0.00
43  35  0.00
43  36  0.00
43  39  0.00
43  42  0.00
43  44  0.00
43  45  0.00
43  46  0.00
43  47  0.00
43  51  0.00
43  54  0.00
43  55  0.00
43  56  0.00
43  58  0.00
43  59  0.00
44  45  0.00
46  0  0.00
46  35  0.00
46  56  0.00
46  59  0.00
47  42  0.00
48  0  0.00
48  7  0.00
48  9  0.00
48  24  0.00
48  26  0.00
48  28  0.00
48  29  0.00
48  32  0.00
48  33  0.00
48  35  0.00
48  46  0.00
48  51  0.00
48  54  0.00
48  56  0.00
48  59  0.00
49  0  0.00
49  7  0.00
49  9  0.00
49  11  0.00
49  17  0.00
49  18  0.00
49  21  0.00
49  32  0.00
49  34  0.00
49  35  0.00
49  36  0.00
49  39  0.00
49  40  0.00
49  42  0.00
49  44  0.00
49  45  0.00
49  46  0.00
49  47  0.00
49  52  0.00
49  56  0.00
49  59  0.00
50  9  0.00
50  16  0.00
50  19  0.00
50  25  0.00
50  26  0.00
50  33  0.00
50  35  0.00
50  59  0.00
51  26  0.00
51  28  0.00
51  32  0.00
51  33  0.00
51  35  0.00
51  54  0.00
51  59  0.00
52  0  0.00
52  7  0.00
52  9  0.00
52  11  0.00
52  17  0.00
52  21  0.00
52  34  0.00
52  35  0.00
52  36  0.00
52  39  0.00
52  40  0.00
52  42  0.00
52  46  0.00
52  47  0.00
52  56  0.00
52  59  0.00
53  10  0.00
53  11  0.00
53  36  0.00
53  39  0.00
53  42  0.00
53  44  0.00
53  45  0.00
53  47  0.00
54  28  0.00
54  32  0.00
55  0  0.00
55  5  0.00
55  7  0.00
55  8  0.00
55  9  0.00
55  10  0.00
55  11  0.00
55  12  0.00
55  23  0.00
55  24  0.00
55  26  0.00
55  28  0.00
55  32  0.00
55  33  0.00
55  35  0.00
55  36  0.00
55  39  0.00
55  42  0.00
55  44  0.00
55  45  0.00
55  46  0.00
55  47  0.00
55  51  0.00
55  54  0.00
55  56  0.00
55  58  0.00
55  59  0.00
56  0  0.00
56  35  0.00
56  59  0.00
57  0  0.00
57  3  0.00
57  7  0.00
57  9  0.00
57  28  0.00
57  32  0.00
57  35  0.00
57  46  0.00
57  54  0.00
57  56  0.00
57  59  0.00
1  5  0.00
1  6  0.00
1  9  0.00
1  12  0.00
1  14  0.00
1  15  0.00
1  16  0.00
1  18  0.00
1  19  0.00
1  24  0.00
1  26  0.00
1  28  0.00
1  29  0.00
1  32  0.00
1  39  0.00
1  42  0.00
1  43  0.00
1  44  0.00
1  48  0.00
1  49  0.00
1  55  0.00
1  56  0.00
1  57  0.00
4  1  0.00
4  5  0.00
4  6  0.00
4  9  0.00
4  12  0.00
4  14  0.00
4  15  0.00
4  16  0.00
4  18  0.00
4  19  0.00
4  24  0.00
4  26  0.00
4  28  0.00
4  29  0.00
4  32  0.00
4  39  0.00
4  42  0.00
4  43  0.00
4  44  0.00
4  48  0.00
4  49  0.00
4  53  0.00
4  55  0.00
4  56  0.00
4  57  0.00
6  5  0.00
6  24  0.00
6  26  0.00
6  29  0.00
6  49  0.00
7  38  0.00
8  1  0.00
8  5  0.00
8  6  0.00
8  9  0.00
8  12  0.00
8  14  0.00
8  15  0.00
8  16  0.00
8  18  0.00
8  19  0.00
8  24  0.00
8  26  0.00
8  28  0.00
8  29  0.00
8  30  0.00
8  32  0.00
8  36  0.00
8  39  0.00
8  42  0.00
8  43  0.00
8  44  0.00
8  48  0.00
8  49  0.00
8  55  0.00
8  56  0.00
8  57  0.00
8  58  0.00
8  59  0.00
9  55  0.00
13  1  0.00
13  5  0.00
13  6  0.00
13  7  0.00
13  8  0.00
13  9  0.00
13  12  0.00
13  14  0.00
13  15  0.00
13  16  0.00
13  18  0.00
13  19  0.00
13  24  0.00
13  26  0.00
13  28  0.00
13  29  0.00
13  30  0.00
13  32  0.00
13  36  0.00
13  38  0.00
13  39  0.00
13  42  0.00
13  43  0.00
13  44  0.00
13  48  0.00
13  49  0.00
13  55  0.00
13  56  0.00
13  57  0.00
13  58  0.00
13  59  0.00
14  12  0.00
14  19  0.00
14  48  0.00
14  56  0.00
15  1  0.00
15  5  0.00
15  6  0.00
15  9  0.00
15  12  0.00
15  14  0.00
15  16  0.00
15  18  0.00
15  19  0.00
15  24  0.00
15  26  0.00
15  28  0.00
15  29  0.00
15  32  0.00
15  39  0.00
15  42  0.00
15  43  0.00
15  44  0.00
15  48  0.00
15  49  0.00
15  55  0.00
15  56  0.00
15  57  0.00
17  1  0.00
17  5  0.00
17  6  0.00
17  9  0.00
17  12  0.00
17  14  0.00
17  15  0.00
17  16  0.00
17  18  0.00
17  19  0.00
17  24  0.00
17  26  0.00
17  28  0.00
17  29  0.00
17  30  0.00
17  32  0.00
17  39  0.00
17  42  0.00
17  43  0.00
17  44  0.00
17  46  0.00
17  48  0.00
17  49  0.00
17  55  0.00
17  56  0.00
17  57  0.00
18  1  0.00
18  5  0.00
18  6  0.00
18  9  0.00
18  12  0.00
18  14  0.00
18  15  0.00
18  16  0.00
18  19  0.00
18  24  0.00
18  26  0.00
18  28  0.00
18  29  0.00
18  32  0.00
18  39  0.00
18  42  0.00
18  43  0.00
18  44  0.00
18  48  0.00
18  49  0.00
18  55  0.00
18  56  0.00
18  57  0.00
19  48  0.00
20  1  0.00
20  5  0.00
20  6  0.00
20  9  0.00
20  12  0.00
20  14  0.00
20  15  0.00
20  16  0.00
20  18  0.00
20  19  0.00
20  24  0.00
20  26  0.00
20  28  0.00
20  29  0.00
20  32  0.00
20  39  0.00
20  42  0.00
20  43  0.00
20  44  0.00
20  46  0.00
20  48  0.00
20  49  0.00
20  54  0.00
20  55  0.00
20  56  0.00
20  57  0.00
21  1  0.00
21  5  0.00
21  6  0.00
21  9  0.00
21  12  0.00
21  14  0.00
21  15  0.00
21  16  0.00
21  18  0.00
21  19  0.00
21  24  0.00
21  26  0.00
21  28  0.00
21  29  0.00
21  32  0.00
21  39  0.00
21  42  0.00
21  43  0.00
21  44  0.00
21  48  0.00
21  49  0.00
21  50  0.00
21  55  0.00
21  56  0.00
21  57  0.00
22  1  0.00
22  5  0.00
22  6  0.00
22  7  0.00
22  8  0.00
22  9  0.00
22  12  0.00
22  13  0.00
22  14  0.00
22  15  0.00
22  16  0.00
22  18  0.00
22  19  0.00
22  24  0.00
22  25  0.00
22  26  0.00
22  28  0.00
22  29  0.00
22  30  0.00
22  32  0.00
22  36  0.00
22  38  0.00
22  39  0.00
22  42  0.00
22  43  0.00
22  44  0.00
22  48  0.00
22  49  0.00
22  55  0.00
22  56  0.00
22  57  0.00
22  58  0.00
22  59  0.00
23  1  0.01
23  5  0.01
23  6  0.00
23  9  0.00
23  12  0.04
23  14  0.00
23  15  0.00
23  16  0.00
23  18  0.00
23  19  0.01
23  21  0.00
23  24  0.00
23  25  0.00
23  26  0.01
23  28  0.01
23  29  0.01
23  32  0.00
23  34  0.00
23  36  0.00
23  39  0.00
23  42  0.00
23  43  0.00
23  44  0.00
23  48  0.01
23  49  0.00
23  50  0.00
23  55  0.00
23  56  0.01
23  57  0.01
23  58  0.00
23  59  0.00
26  5  0.00
27  1  0.00
27  5  0.00
27  6  0.00
27  8  0.00
27  9  0.00
27  11  0.00
27  12  0.04
27  14  0.00
27  15  0.00
27  16  0.00
27  18  0.00
27  19  0.00
27  24  0.00
27  26  0.00
27  28  0.00
27  29  0.00
27  30  0.00
27  32  0.00
27  36  0.00
27  39  0.00
27  42  0.00
27  43  0.00
27  44  0.00
27  48  0.00
27  49  0.00
27  50  0.00
27  55  0.00
27  56  0.00
27  57  0.00
27  58  0.00
27  59  0.00
28  1  0.00
28  5  0.00
28  6  0.00
28  9  0.00
28  12  0.00
28  14  0.00
28  15  0.00
28  16  0.00
28  18  0.00
28  19  0.00
28  24  0.00
28  26  0.00
28  29  0.00
28  32  0.00
28  39  0.00
28  42  0.00
28  43  0.00
28  44  0.00
28  48  0.00
28  49  0.00
28  55  0.00
28  56  0.00
28  57  0.00
29  5  0.00
29  24  0.00
29  26  0.00
31  1  0.00
31  5  0.00
31  6  0.00
31  9  0.00
31  12  0.00
31  14  0.00
31  15  0.00
31  16  0.00
31  18  0.00
31  19  0.00
31  24  0.00
31  26  0.00
31  28  0.00
31  29  0.00
31  32  0.00
31  39  0.00
31  42  0.00
31  43  0.00
31  44  0.00
31  48  0.00
31  49  0.00
31  50  0.00
31  55  0.00
31  56  0.00
31  57  0.00
32  1  0.00
32  5  0.00
32  6  0.00
32  9  0.00
32  12  0.00
32  14  0.00
32  15  0.00
32  16  0.00
32  18  0.00
32  19  0.00
32  24  0.00
32  26  0.00
32  28  0.00
32  29  0.00
32  39  0.00
32  42  0.00
32  43  0.00
32  44  0.00
32  48  0.00
32  49  0.00
32  55  0.00
32  56  0.00
32  57  0.00
33  5  0.00
33  6  0.00
33  24  0.00
33  26  0.00
33  29  0.00
33  41  0.00
33  49  0.00
33  57  0.00
34  1  0.00
34  5  0.00
34  6  0.00
34  9  0.00
34  12  0.00
34  14  0.00
34  15  0.00
34  16  0.00
34  18  0.00
34  19  0.00
34  21  0.00
34  24  0.00
34  26  0.00
34  28  0.00
34  29  0.00
34  32  0.00
34  39  0.00
34  42  0.00
34  43  0.00
34  44  0.00
34  48  0.00
34  49  0.00
34  50  0.00
34  55  0.00
34  56  0.00
34  57  0.00
36  1  0.00
36  5  0.00
36  6  0.00
36  9  0.00
36  12  0.00
36  14  0.00
36  15  0.00
36  16  0.00
36  18  0.00
36  19  0.00
36  24  0.00
36  26  0.00
36  28  0.00
36  29  0.00
36  32  0.00
36  39  0.00
36  42  0.00
36  43  0.00
36  44  0.00
36  48  0.00
36  49  0.00
36  55  0.00
36  56  0.00
36  57  0.00
36  58  0.00
36  59  0.00
37  1  0.00
37  5  0.00
37  6  0.00
37  9  0.00
37  12  0.00
37  14  0.00
37  15  0.00
37  16  0.00
37  18  0.00
37  19  0.00
37  24  0.00
37  26  0.00
37  28  0.00
37  29  0.00
37  31  0.00
37  32  0.00
37  39  0.00
37  42  0.00
37  43  0.00
37  44  0.00
37  48  0.00
37  49  0.00
37  50  0.00
37  55  0.00
37  56  0.00
37  57  0.00
39  1  0.00
39  5  0.00
39  6  0.00
39  9  0.00
39  12  0.00
39  14  0.00
39  15  0.00
39  16  0.00
39  18  0.00
39  19  0.00
39  24  0.00
39  26  0.00
39  28  0.00
39  29  0.00
39  32  0.00
39  42  0.00
39  43  0.00
39  44  0.00
39  48  0.00
39  49  0.00
39  55  0.00
39  56  0.00
39  57  0.00
40  3  0.00
41  5  0.00
41  6  0.00
41  24  0.00
41  26  0.00
41  29  0.00
41  49  0.00
42  1  0.00
42  5  0.00
42  6  0.00
42  9  0.00
42  12  0.00
42  14  0.00
42  15  0.00
42  16  0.00
42  18  0.00
42  19  0.00
42  24  0.00
42  26  0.00
42  28  0.00
42  29  0.00
42  32  0.00
42  39  0.00
42  43  0.00
42  44  0.00
42  48  0.00
42  49  0.00
42  55  0.00
42  56  0.00
42  57  0.00
43  1  0.00
43  5  0.00
43  6  0.00
43  9  0.00
43  12  0.00
43  14  0.00
43  15  0.00
43  16  0.00
43  18  0.00
43  19  0.00
43  24  0.00
43  26  0.00
43  28  0.00
43  29  0.00
43  32  0.00
43  39  0.00
43  42  0.00
43  44  0.00
43  48  0.00
43  49  0.00
43  55  0.00
43  56  0.00
43  57  0.00
44  1  0.00
44  5  0.00
44  6  0.00
44  9  0.00
44  12  0.00
44  14  0.00
44  15  0.00
44  16  0.00
44  18  0.00
44  19  0.00
44  24  0.00
44  26  0.00
44  28  0.00
44  29  0.00
44  32  0.00
44  39  0.00
44  42  0.00
44  43  0.00
44  48  0.00
44  49  0.00
44  55  0.00
44  56  0.00
44  57  0.00
47  1  0.00
47  5  0.00
47  6  0.00
47  9  0.00
47  12  0.00
47  14  0.00
47  15  0.00
47  16  0.00
47  18  0.00
47  19  0.00
47  24  0.00
47  26  0.00
47  28  0.00
47  29  0.00
47  31  0.00
47  32  0.00
47  37  0.00
47  39  0.00
47  42  0.00
47  43  0.00
47  44  0.00
47  48  0.00
47  49  0.00
47  50  0.00
47  55  0.00
47  56  0.00
47  57  0.00
47  59  0.00
49  5  0.00
49  24  0.00
49  26  0.00
49  29  0.00
50  1  0.00
50  5  0.00
50  6  0.00
50  9  0.00
50  12  0.00
50  14  0.00
50  15  0.00
50  16  0.00
50  18  0.00
50  19  0.00
50  24  0.00
50  26  0.00
50  28  0.00
50  29  0.00
50  32  0.00
50  39  0.00
50  42  0.00
50  43  0.00
50  44  0.00
50  48  0.00
50  49  0.00
50  55  0.00
50  56  0.00
50  57  0.00
53  1  0.00
53  5  0.00
53  6  0.00
53  9  0.00
53  12  0.00
53  14  0.00
53  15  0.00
53  16  0.00
53  18  0.00
53  19  0.00
53  24  0.00
53  26  0.00
53  28  0.00
53  29  0.00
53  32  0.00
53  39  0.00
53  42  0.00
53  43  0.00
53  44  0.00
53  48  0.00
53  49  0.00
53  55  0.00
53  56  0.00
53  57  0.00
54  46  0.00
56  12  0.00
56  19  0.00
56  48  0.00
58  59  0.00
1  7  0.57
1  9  0.28
1  10  1.83
1  11  1.81
1  15  0.32
1  16  0.54
1  17  0.33
1  18  0.58
1  19  0.76
1  20  2.12
1  21  0.23
1  22  1.80
1  23  0.15
1  25  0.86
1  28  0.25
1  30  1.09
1  33  0.36
1  34  0.60
1  35  0.49
1  36  0.58
1  41  0.49
1  43  0.26
1  45  0.50
1  49  0.54
1  50  0.61
1  53  0.54
1  55  0.51
1  58  0.54
1  59  1.81
2  7  0.03
2  9  0.02
2  10  0.02
2  11  0.03
2  15  0.21
2  16  0.02
2  17  0.22
2  18  0.04
2  19  0.02
2  20  0.03
2  21  0.04
2  22  0.02
2  23  0.02
2  25  0.29
2  28  0.02
2  30  0.01
2  33  0.00
2  34  0.11
2  35  0.01
2  36  0.01
2  41  0.02
2  43  0.01
2  45  0.02
2  49  0.02
2  50  0.04
2  53  0.02
2  55  0.06
2  58  0.02
2  59  0.02
3  7  2.68
3  9  0.47
3  10  0.03
3  11  0.03
3  15  1.65
3  16  1.48
3  17  1.72
3  18  0.13
3  19  0.66
3  20  0.02
3  21  1.34
3  22  0.03
3  23  0.46
3  25  1.32
3  28  1.35
3  29  0.00
3  30  0.08
3  33  2.00
3  34  2.62
3  35  1.36
3  36  0.70
3  41  3.09
3  43  1.40
3  45  2.54
3  49  1.52
3  50  0.83
3  53  1.78
3  55  0.08
3  58  1.55
3  59  0.02
5  7  5.51
5  9  0.81
5  10  0.05
5  11  0.04
5  15  2.75
5  16  2.49
5  17  2.86
5  18  0.25
5  19  1.43
5  20  0.05
5  21  0.96
5  22  0.04
5  23  0.69
5  25  2.25
5  28  2.76
5  29  0.00
5  30  0.15
5  33  1.64
5  34  5.44
5  35  2.58
5  36  1.66
5  41  5.30
5  43  2.35
5  45  5.32
5  49  4.74
5  50  2.05
5  53  3.36
5  55  0.13
5  58  2.59
5  59  0.04
6  1  0.00
6  2  0.00
6  7  11.24
6  9  5.70
6  10  0.66
6  11  0.68
6  15  4.51
6  16  7.82
6  17  4.07
6  18  8.04
6  19  6.26
6  20  0.68
6  21  2.34
6  22  0.67
6  23  2.96
6  25  35.17
6  28  5.67
6  30  0.36
6  33  2.54
6  34  12.83
6  35  10.91
6  36  5.97
6  39  0.00
6  41  11.00
6  43  5.59
6  45  10.81
6  49  7.88
6  50  6.14
6  53  7.85
6  55  4.50
6  58  7.83
6  59  0.73
7  9  1.52
7  10  1.11
7  11  1.04
7  15  0.38
7  16  0.40
7  17  0.40
7  18  0.44
7  19  0.47
7  20  1.04
7  21  0.42
7  22  1.02
7  23  1.01
7  25  0.56
7  28  1.81
7  30  1.04
7  33  0.40
7  34  0.49
7  35  0.47
7  36  0.49
7  41  0.48
7  43  1.84
7  45  0.43
7  49  0.41
7  50  0.50
7  53  0.42
7  55  0.56
7  58  0.42
7  59  1.05
8  5  0.00
8  7  4.68
8  9  1.12
8  10  0.05
8  11  0.05
8  15  2.75
8  16  2.40
8  17  2.86
8  18  0.23
8  19  1.34
8  20  0.05
8  21  0.89
8  22  0.05
8  23  0.70
8  25  2.25
8  28  2.36
8  29  0.00
8  30  0.16
8  33  1.69
8  34  4.74
8  35  2.34
8  36  1.30
8  41  4.57
8  43  2.43
8  45  4.73
8  49  3.56
8  50  1.46
8  53  2.61
8  55  0.14
8  58  2.53
8  59  0.05
9  7  1.10
9  10  0.22
9  11  0.23
9  15  0.85
9  16  0.99
9  17  1.03
9  18  1.79
9  19  1.54
9  20  0.24
9  21  0.65
9  22  0.24
9  23  0.34
9  25  1.13
9  28  0.52
9  30  0.32
9  33  0.86
9  34  1.25
9  35  1.02
9  36  1.30
9  41  0.99
9  43  0.54
9  45  0.99
9  49  0.84
9  50  1.44
9  53  0.85
9  55  1.29
9  58  0.83
9  59  0.22
13  11  0.00
13  20  0.00
13  22  0.00
13  31  0.00
13  49  0.00
13  53  0.00
13  57  0.00
13  58  0.00
13  59  0.00
15  7  1.21
15  9  1.22
15  10  0.28
15  11  0.29
15  16  1.03
15  17  1.77
15  18  1.32
15  19  1.08
15  20  0.29
15  21  1.18
15  22  0.29
15  23  0.36
15  25  2.71
15  28  0.63
15  30  0.35
15  33  1.78
15  34  1.44
15  35  1.21
15  36  1.07
15  41  1.20
15  43  0.63
15  45  1.15
15  49  1.03
15  50  1.10
15  53  1.03
15  55  1.44
15  58  1.03
15  59  0.29
16  41  0.00
16  49  0.00
16  53  0.00
16  58  0.00
17  7  1.06
17  9  1.78
17  10  0.23
17  11  0.23
17  15  0.87
17  16  0.87
17  18  1.24
17  19  1.34
17  20  0.23
17  21  0.58
17  22  0.22
17  23  0.32
17  25  1.14
17  28  0.54
17  30  0.30
17  33  0.92
17  34  1.24
17  35  1.04
17  36  1.33
17  41  1.01
17  43  0.54
17  45  1.02
17  49  0.87
17  50  1.48
17  53  0.97
17  55  1.29
17  58  0.96
17  59  0.23
18  7  1.40
18  9  0.30
18  10  0.15
18  11  0.15
18  15  1.05
18  16  1.16
18  17  1.21
18  19  0.52
18  20  0.16
18  21  0.35
18  22  0.15
18  23  0.21
18  25  0.54
18  28  0.71
18  30  0.21
18  33  0.56
18  34  1.80
18  35  0.71
18  36  0.50
18  41  1.36
18  43  0.73
18  45  1.36
18  49  1.15
18  50  0.53
18  53  1.15
18  55  1.81
18  58  1.16
18  59  0.15
20  11  0.00
20  22  0.00
21  7  0.95
21  9  0.20
21  10  0.15
21  11  0.15
21  15  0.70
21  16  0.93
21  17  0.73
21  18  0.24
21  19  0.36
21  20  0.15
21  22  0.15
21  23  0.15
21  25  0.54
21  28  0.49
21  30  0.15
21  33  0.38
21  34  0.93
21  35  0.48
21  36  0.36
21  41  0.92
21  43  0.50
21  45  0.92
21  49  0.94
21  50  0.37
21  53  0.93
21  55  0.24
21  58  0.93
21  59  0.15
22  11  0.00
23  7  1.11
23  9  1.43
23  10  1.80
23  11  1.79
23  15  1.08
23  16  1.06
23  17  1.15
23  18  1.06
23  19  1.42
23  20  1.98
23  21  1.27
23  22  1.81
23  25  1.47
23  28  0.57
23  30  1.79
23  33  1.03
23  34  1.28
23  35  1.10
23  36  1.45
23  41  1.07
23  43  0.61
23  45  1.10
23  49  1.12
23  50  1.50
23  53  1.08
23  55  0.92
23  58  1.07
23  59  1.83
24  1  0.00
24  7  8.89
24  9  7.76
24  10  13.03
24  11  13.07
24  15  3.49
24  16  8.71
24  17  3.54
24  18  16.98
24  19  14.30
24  20  13.11
24  21  5.81
24  22  12.86
24  23  10.53
24  25  44.90
24  27  0.00
24  28  4.51
24  30  13.06
24  33  3.57
24  34  17.57
24  35  8.94
24  36  14.45
24  38  0.00
24  41  11.34
24  43  4.56
24  44  0.00
24  45  8.74
24  49  9.02
24  50  14.93
24  53  8.76
24  55  16.91
24  58  9.23
24  59  13.07
25  7  1.02
25  9  0.22
25  10  0.16
25  11  0.16
25  15  0.82
25  16  1.09
25  17  0.78
25  18  1.88
25  19  0.38
25  20  0.15
25  21  0.25
25  22  0.15
25  23  0.16
25  28  0.51
25  30  0.15
25  33  0.40
25  34  1.89
25  35  0.52
25  36  0.38
25  41  0.98
25  43  0.52
25  45  0.99
25  49  1.09
25  50  0.38
25  53  1.09
25  55  1.91
25  58  1.08
25  59  0.16
27  7  0.98
27  9  0.69
27  10  0.28
27  11  0.08
27  15  0.94
27  16  0.71
27  17  0.98
27  18  0.69
27  19  0.74
27  20  0.29
27  21  0.66
27  22  0.08
27  23  0.30
27  25  0.94
27  28  0.51
27  30  0.29
27  33  0.99
27  34  0.95
27  35  0.98
27  36  0.75
27  41  0.70
27  43  0.52
27  45  0.95
27  49  0.70
27  50  0.78
27  53  0.70
27  55  0.69
27  58  0.69
27  59  0.28
28  7  0.44
28  9  1.41
28  10  1.04
28  11  1.05
28  15  0.39
28  16  0.39
28  17  0.42
28  18  0.43
28  19  0.46
28  20  1.04
28  21  0.41
28  22  1.06
28  23  0.99
28  25  0.54
28  30  1.02
28  33  0.41
28  34  0.47
28  35  0.44
28  36  0.46
28  41  0.42
28  43  1.82
28  45  0.43
28  49  0.40
28  50  0.48
28  53  0.41
28  55  0.43
28  58  0.41
28  59  1.04
29  7  4.70
29  9  0.82
29  10  0.05
29  11  0.05
29  15  2.74
29  16  2.47
29  17  2.88
29  18  0.24
29  19  1.35
29  20  0.04
29  21  0.93
29  22  0.05
29  23  0.71
29  25  2.51
29  28  2.38
29  30  0.15
29  33  1.83
29  34  4.57
29  35  2.35
29  36  1.30
29  41  4.62
29  43  2.43
29  45  4.57
29  49  2.44
29  50  1.43
29  53  2.43
29  55  0.12
29  58  2.56
29  59  0.04
30  7  0.75
30  9  0.76
30  10  3.56
30  11  3.70
30  15  1.06
30  16  0.64
30  17  1.12
30  18  0.78
30  19  2.01
30  20  3.50
30  21  0.71
30  22  3.44
30  23  0.21
30  25  1.69
30  28  0.38
30  33  1.49
30  34  0.87
30  35  0.74
30  36  2.06
30  41  0.78
30  43  0.41
30  45  0.70
30  49  0.63
30  50  2.91
30  53  0.84
30  55  0.77
30  58  0.64
30  59  3.45
31  49  0.00
31  53  0.00
31  58  0.00
32  1  0.00
32  7  15.81
32  9  14.71
32  10  4.60
32  11  6.67
32  15  27.67
32  16  15.30
32  17  25.74
32  18  23.95
32  19  21.36
32  20  4.65
32  21  13.73
32  22  6.65
32  23  4.41
32  25  40.53
32  27  0.00
32  28  7.89
32  30  4.70
32  33  25.81
32  34  23.97
32  35  15.83
32  36  13.21
32  38  0.00
32  41  16.95
32  43  8.03
32  44  0.00
32  45  15.78
32  49  16.34
32  50  14.34
32  53  15.20
32  55  23.36
32  58  15.50
32  59  5.02
33  7  0.97
33  9  0.21
33  10  0.16
33  11  0.16
33  15  0.71
33  16  0.97
33  17  0.87
33  18  0.27
33  19  0.37
33  20  0.17
33  21  1.92
33  22  0.17
33  23  0.15
33  25  0.69
33  28  0.52
33  30  0.15
33  34  1.32
33  35  0.50
33  36  0.37
33  41  0.95
33  43  0.52
33  45  0.96
33  49  0.96
33  50  0.38
33  53  0.97
33  55  0.25
33  58  0.95
33  59  0.16
35  7  0.67
35  9  0.69
35  10  0.16
35  11  0.16
35  15  0.97
35  16  0.55
35  17  1.36
35  18  0.72
35  19  1.81
35  20  0.16
35  21  0.66
35  22  0.16
35  23  0.24
35  25  1.46
35  28  0.43
35  30  0.20
35  33  0.99
35  34  0.79
35  36  1.81
35  41  0.64
35  43  0.35
35  45  0.86
35  49  0.73
35  50  2.58
35  53  0.56
35  55  1.00
35  58  0.56
35  59  0.16
36  7  0.86
36  9  0.67
36  10  0.16
36  11  0.16
36  15  0.95
36  16  0.54
36  17  1.33
36  18  0.72
36  19  1.82
36  20  0.18
36  21  0.87
36  22  0.18
36  23  0.23
36  25  1.93
36  28  0.33
36  30  0.19
36  33  0.95
36  34  0.75
36  35  0.64
36  41  0.63
36  43  0.43
36  45  0.63
36  49  0.53
36  50  1.81
36  53  0.55
36  55  0.70
36  58  0.54
36  59  0.16
38  1  0.00
38  7  1.55
38  9  1.14
38  10  3.09
38  11  2.95
38  15  0.82
38  16  1.33
38  17  0.84
38  18  1.94
38  19  1.48
38  20  4.40
38  21  0.56
38  22  3.08
38  23  0.59
38  25  3.19
38  28  1.03
38  30  1.57
38  33  1.13
38  34  2.31
38  35  1.51
38  36  1.07
38  41  1.49
38  43  0.79
38  45  2.10
38  49  1.85
38  50  1.50
38  53  1.33
38  55  2.39
38  58  1.35
38  59  3.06
39  2  0.00
39  7  1.50
39  9  1.57
39  10  0.08
39  11  0.09
39  15  0.68
39  16  1.20
39  17  0.74
39  18  1.00
39  19  0.62
39  20  0.08
39  21  0.10
39  22  0.08
39  23  0.04
39  25  7.59
39  28  0.74
39  30  0.04
39  33  0.25
39  34  2.41
39  35  2.08
39  36  0.79
39  41  1.98
39  43  0.75
39  45  1.48
39  49  1.20
39  50  0.87
39  53  1.62
39  55  0.60
39  58  1.22
39  59  0.09
40  11  0.00
40  20  0.00
40  22  0.00
40  57  0.00
40  59  0.00
41  49  0.00
41  53  0.00
41  58  0.00
43  7  1.12
43  9  1.91
43  10  0.25
43  11  0.24
43  15  0.90
43  16  0.93
43  17  0.93
43  18  1.33
43  19  1.68
43  20  0.30
43  21  0.78
43  22  0.25
43  23  0.35
43  25  1.27
43  28  0.57
43  30  0.32
43  33  0.97
43  34  1.87
43  35  1.08
43  36  1.41
43  41  1.30
43  45  1.03
43  49  0.90
43  50  1.45
43  53  1.25
43  55  1.33
43  58  0.93
43  59  0.30
44  1  0.00
44  7  18.18
44  9  8.45
44  10  4.31
44  11  9.24
44  15  14.13
44  16  6.75
44  17  12.93
44  18  19.27
44  19  8.58
44  20  4.30
44  21  7.12
44  22  9.79
44  23  3.38
44  25  41.32
44  27  0.00
44  28  6.04
44  30  4.28
44  33  13.82
44  34  20.01
44  35  11.95
44  36  8.52
44  38  0.00
44  41  9.53
44  43  6.14
44  45  11.59
44  49  6.48
44  50  8.87
44  53  6.52
44  55  19.65
44  58  6.46
44  59  4.49
45  7  1.80
45  9  0.38
45  10  0.28
45  11  0.28
45  15  1.34
45  16  1.79
45  17  1.42
45  18  0.57
45  19  0.94
45  20  0.31
45  21  0.42
45  22  0.28
45  23  0.27
45  25  1.04
45  28  0.91
45  30  0.26
45  33  0.72
45  34  1.76
45  35  0.92
45  36  0.66
45  41  1.77
45  43  0.96
45  49  1.78
45  50  0.69
45  53  1.79
45  55  0.49
45  58  1.78
45  59  0.28
46  7  0.65
46  9  0.02
46  10  0.07
46  11  0.55
46  15  0.30
46  16  0.64
46  17  0.33
46  18  0.04
46  19  0.26
46  20  0.07
46  21  0.23
46  22  0.07
46  23  0.22
46  25  0.61
46  26  0.00
46  28  0.34
46  30  0.21
46  33  0.33
46  34  0.67
46  35  0.65
46  36  0.26
46  41  0.94
46  43  0.35
46  45  0.65
46  49  0.94
46  50  0.30
46  53  0.90
46  54  0.00
46  55  0.02
46  58  0.90
46  59  0.07
49  53  0.00
49  58  0.00
50  7  1.25
50  9  1.27
50  10  0.29
50  11  0.29
50  15  1.75
50  16  1.06
50  17  1.87
50  18  1.29
50  19  1.11
50  20  0.29
50  21  1.17
50  22  0.29
50  23  0.37
50  25  2.72
50  28  0.64
50  30  0.36
50  33  1.85
50  34  1.45
50  35  1.23
50  36  1.09
50  41  1.20
50  43  0.66
50  45  1.20
50  49  1.06
50  53  1.07
50  55  1.36
50  58  1.06
50  59  0.29
51  4  0.00
51  7  1.39
51  9  0.29
51  10  0.18
51  11  0.29
51  15  1.24
51  16  1.17
51  17  1.29
51  18  0.39
51  19  0.89
51  20  0.29
51  21  0.38
51  22  0.29
51  23  0.22
51  25  0.64
51  28  0.72
51  30  0.22
51  33  0.65
51  34  1.44
51  35  0.69
51  36  0.87
51  41  1.36
51  43  0.75
51  45  1.39
51  49  1.12
51  50  0.91
51  53  1.13
51  55  1.82
51  58  1.12
51  59  0.40
52  7  0.95
52  9  0.69
52  10  0.16
52  11  0.08
52  15  0.93
52  16  0.69
52  17  0.94
52  18  0.68
52  19  0.76
52  20  0.08
52  21  0.63
52  22  0.08
52  23  0.30
52  25  0.95
52  28  0.50
52  30  0.30
52  33  0.94
52  34  0.97
52  35  0.95
52  36  0.75
52  41  0.96
52  43  0.50
52  45  0.94
52  49  0.69
52  50  0.77
52  53  0.69
52  55  0.70
52  58  0.69
52  59  0.28
53  58  0.00
54  7  0.98
54  9  0.92
54  10  0.23
54  11  0.07
54  15  0.60
54  16  0.78
54  17  0.65
54  18  0.64
54  19  0.79
54  20  0.22
54  21  0.46
54  22  0.07
54  23  0.30
54  25  0.60
54  26  0.00
54  28  0.50
54  30  0.28
54  33  0.64
54  34  0.97
54  35  1.07
54  36  0.87
54  41  0.80
54  43  0.50
54  45  1.03
54  49  0.86
54  50  0.83
54  53  0.99
54  55  0.66
54  58  0.96
54  59  0.22
55  7  2.29
55  9  0.44
55  10  0.40
55  11  0.40
55  15  1.78
55  16  2.65
55  17  1.87
55  18  0.56
55  19  1.02
55  20  0.40
55  21  0.54
55  22  0.41
55  23  0.33
55  25  1.39
55  28  1.17
55  30  0.33
55  33  0.95
55  34  2.28
55  35  1.17
55  36  1.03
55  41  2.28
55  43  1.23
55  45  2.25
55  49  2.62
55  50  1.02
55  53  2.58
55  58  2.66
55  59  0.40
57  11  0.00
57  20  0.00
57  22  0.00
57  59  0.00
59  11  0.00
59  20  0.00
59  22  0.00
