1  23  0.00
2  3  672.25
2  5  858.25
2  6  891.80
2  7  431.88
2  8  797.81
2  12  1096.66
2  13  704.14
2  14  648.92
2  16  605.12
2  17  947.59
2  18  616.36
2  19  382.85
2  20  457.78
2  22  615.44
2  25  593.52
2  26  713.05
2  28  791.44
2  31  783.91
2  32  777.91
2  33  842.80
2  34  795.75
2  35  183.16
2  37  412.12
2  39  1228.34
3  2  216.23
3  5  717.57
3  6  464.21
3  7  265.03
3  8  693.40
3  12  699.79
3  13  261.76
3  14  383.28
3  16  1181.97
3  17  215.90
3  18  846.71
3  19  232.82
3  20  718.70
3  22  1130.88
3  25  1171.40
3  26  654.56
3  28  442.69
3  31  455.23
3  32  1688.45
3  33  760.42
3  34  445.05
3  35  112.48
3  37  223.13
3  39  748.63
4  2  27.08
4  3  14.07
4  5  90.24
4  6  19.66
4  7  18.52
4  8  10.18
4  12  60.38
4  13  5.76
4  14  18.28
4  16  4.94
4  17  27.42
4  18  26.91
4  19  20.03
4  20  90.37
4  22  4.78
4  25  4.84
4  26  58.97
4  28  27.57
4  31  26.93
4  32  0.01
4  33  5.30
4  34  27.49
4  35  10.34
4  37  20.59
4  39  471.78
5  2  764.72
5  3  343.68
5  6  405.24
5  7  403.02
5  8  198.36
5  12  186.00
5  13  609.33
5  14  1124.71
5  16  295.19
5  17  464.47
5  18  256.24
5  19  360.86
5  20  615.18
5  22  288.38
5  25  300.64
5  26  178.78
5  28  731.83
5  31  731.47
5  32  251.20
5  33  202.81
5  34  738.53
5  35  174.99
5  37  387.20
5  39  1181.72
6  2  360.44
6  3  174.59
6  5  1102.44
6  7  378.88
6  8  1114.16
6  12  105.85
6  13  700.78
6  14  537.62
6  16  243.85
6  17  383.57
6  18  127.15
6  19  356.82
6  20  1119.42
6  22  220.40
6  25  227.32
6  26  102.01
6  28  718.31
6  31  727.48
6  32  131.94
6  33  1132.85
6  34  733.46
6  35  185.77
6  37  364.65
6  39  1167.98
7  2  161.67
7  3  81.08
7  5  50.85
7  6  93.85
7  8  49.50
7  12  46.91
7  13  532.92
7  14  259.67
7  16  1108.72
7  17  165.58
7  18  59.43
7  19  124.01
7  20  70.74
7  22  1129.65
7  25  1129.67
7  26  44.92
7  28  177.12
7  31  184.46
7  32  59.93
7  33  49.37
7  34  168.98
7  35  44.09
7  37  88.59
7  39  559.59
8  2  732.86
8  3  357.39
8  5  901.80
8  6  984.96
8  7  779.92
8  12  207.88
8  13  931.79
8  14  605.17
8  16  481.71
8  17  771.77
8  18  253.60
8  19  443.73
8  20  985.76
8  22  475.10
8  25  469.87
8  26  202.01
8  28  679.69
8  31  434.92
8  32  273.11
8  33  939.60
8  34  465.94
8  35  355.67
8  37  753.64
8  39  965.66
9  2  0.70
9  3  0.38
9  5  0.69
9  6  1.34
9  7  7.21
9  8  0.70
9  12  24.82
9  13  6.96
9  14  25.28
9  16  15.77
9  17  0.70
9  18  24.06
9  19  0.01
9  20  0.69
9  22  15.22
9  25  18.41
9  26  22.02
9  28  18.56
9  31  18.11
9  32  41.36
9  33  0.71
9  34  18.54
9  35  0.02
9  37  0.00
9  39  0.16
11  10  0.00
12  2  1030.22
12  3  505.08
12  5  352.78
12  6  706.51
12  7  686.72
12  8  382.14
12  13  493.97
12  14  1018.79
12  16  842.12
12  17  606.75
12  18  397.75
12  19  1150.11
12  20  354.98
12  22  530.94
12  25  953.39
12  26  299.29
12  28  927.52
12  31  1000.95
12  32  345.51
12  33  337.12
12  34  925.23
12  35  560.27
12  37  655.18
12  39  785.30
13  2  671.15
13  3  330.25
13  5  194.66
13  6  388.09
13  7  382.01
13  8  232.61
13  12  177.38
13  14  1101.24
13  16  311.77
13  17  707.70
13  18  228.58
13  19  355.40
13  20  219.46
13  22  284.85
13  25  293.36
13  26  168.64
13  28  710.20
13  31  723.95
13  32  247.21
13  33  193.16
13  34  465.43
13  35  181.91
13  37  363.39
13  39  929.65
14  2  875.66
14  3  434.93
14  5  432.92
14  6  875.54
14  7  806.58
14  8  438.78
14  12  363.06
14  13  432.14
14  16  601.76
14  17  895.79
14  18  462.29
14  19  756.69
14  20  400.65
14  22  620.63
14  25  598.02
14  26  344.18
14  28  937.82
14  31  682.61
14  32  550.69
14  33  410.93
14  34  947.37
14  35  354.45
14  37  456.51
14  39  953.13
15  0  0.00
16  2  697.53
16  3  341.69
16  5  200.37
16  6  396.83
16  7  385.53
16  8  191.33
16  12  181.62
16  13  928.01
16  14  1119.16
16  17  692.63
16  18  234.88
16  19  358.64
16  20  201.86
16  22  277.89
16  25  608.23
16  26  178.62
16  28  750.16
16  31  738.26
16  32  240.83
16  33  197.47
16  34  735.05
16  35  177.61
16  37  357.20
16  39  926.08
18  2  230.03
18  3  114.08
18  5  82.97
18  6  182.22
18  7  367.21
18  8  82.00
18  12  1188.76
18  13  140.65
18  14  414.88
18  16  198.06
18  17  226.73
18  19  261.72
18  20  84.61
18  22  188.69
18  25  196.64
18  26  630.50
18  28  543.35
18  31  542.62
18  32  87.81
18  33  84.21
18  34  541.21
18  35  131.36
18  37  271.99
18  39  857.11
19  2  320.46
19  3  155.55
19  5  94.85
19  6  182.90
19  7  403.36
19  8  91.03
19  12  84.49
19  13  159.64
19  14  982.94
19  16  228.40
19  17  318.82
19  18  109.10
19  20  93.32
19  22  221.44
19  25  224.30
19  26  83.63
19  28  347.20
19  31  349.58
19  32  114.65
19  33  92.80
19  34  348.57
19  35  1090.15
19  37  898.44
19  39  665.05
21  2  10.12
21  3  5.19
21  5  0.01
21  6  8.60
21  7  12.69
21  8  4.49
21  12  97.50
21  13  0.01
21  14  0.01
21  16  66.80
21  17  9.98
21  18  107.80
21  19  15.30
21  20  0.01
21  22  65.04
21  25  66.72
21  26  95.04
21  28  19.51
21  31  20.19
21  32  175.61
21  33  0.00
21  34  19.27
21  35  7.91
21  37  15.75
21  39  641.83
22  2  388.39
22  3  170.66
22  5  97.81
22  6  190.14
22  7  193.68
22  8  94.50
22  12  89.85
22  13  578.01
22  14  558.63
22  16  610.25
22  17  337.90
22  18  115.52
22  19  169.81
22  20  100.06
22  25  420.19
22  26  113.22
22  28  354.34
22  31  346.99
22  32  119.70
22  33  97.57
22  34  335.01
22  35  86.10
22  37  174.87
22  39  1146.73
24  1  0.00
24  23  0.00
25  2  707.77
25  3  346.54
25  5  200.39
25  6  395.62
25  7  392.38
25  8  196.11
25  12  179.60
25  13  948.13
25  14  1124.13
25  16  263.34
25  17  700.60
25  18  235.90
25  19  366.51
25  20  201.89
25  22  303.98
25  26  176.43
25  28  775.64
25  31  720.46
25  32  253.47
25  33  201.10
25  34  732.28
25  35  173.79
25  37  371.27
25  39  1005.85
26  2  462.63
26  3  225.21
26  5  165.48
26  6  337.48
26  7  723.14
26  8  159.72
26  12  443.46
26  13  232.11
26  14  467.69
26  16  404.51
26  17  464.16
26  18  193.22
26  19  534.65
26  20  163.40
26  22  391.59
26  25  404.49
26  28  1148.94
26  31  1145.10
26  32  163.94
26  33  165.23
26  34  1110.29
26  35  262.78
26  37  588.32
26  39  948.05
27  10  0.00
27  11  0.00
28  31  0.00
32  2  421.06
32  3  205.91
32  5  133.54
32  6  262.23
32  7  462.44
32  8  125.81
32  12  1076.42
32  13  540.92
32  14  238.54
32  16  829.18
32  17  440.65
32  18  847.06
32  19  471.05
32  20  129.75
32  22  893.96
32  25  979.08
32  26  1019.44
32  28  879.06
32  31  862.37
32  33  146.14
32  34  894.41
32  35  207.27
32  37  437.27
32  39  464.36
33  2  707.27
33  3  345.38
33  5  617.56
33  6  405.82
33  7  385.19
33  8  191.00
33  12  182.67
33  13  615.76
33  14  661.18
33  16  303.67
33  17  699.53
33  18  237.97
33  19  427.97
33  20  920.17
33  22  280.90
33  25  286.89
33  26  179.73
33  28  736.18
33  31  730.37
33  32  248.94
33  34  729.94
33  35  205.65
33  37  368.76
33  39  622.44
34  2  568.45
34  3  481.19
34  5  363.75
34  6  425.75
34  7  922.29
34  8  335.83
34  12  293.29
34  13  487.87
34  14  913.06
34  16  860.86
34  17  1000.61
34  18  373.68
34  19  1148.14
34  20  342.25
34  22  811.99
34  25  835.25
34  26  284.99
34  28  869.74
34  31  891.18
34  32  335.99
34  33  339.83
34  35  541.47
34  37  627.50
34  39  927.58
35  2  860.45
35  3  705.26
35  5  436.22
35  6  863.96
35  7  457.49
35  8  428.45
35  12  424.83
35  13  538.21
35  14  468.77
35  16  835.17
35  17  500.13
35  18  532.03
35  19  228.11
35  20  435.89
35  22  597.71
35  25  892.82
35  26  380.83
35  28  463.38
35  31  464.61
35  32  546.18
35  33  430.44
35  34  475.26
35  37  231.92
35  39  913.11
36  2  398.42
36  3  486.49
36  5  304.59
36  6  604.09
36  7  43.96
36  8  288.23
36  12  401.45
36  13  522.05
36  14  136.10
36  16  638.83
36  17  1043.00
36  18  1261.18
36  19  44.77
36  20  298.68
36  22  969.69
36  25  982.62
36  26  1720.18
36  28  198.01
36  31  197.78
36  32  981.67
36  33  300.02
36  34  207.71
36  35  22.22
36  37  46.56
36  39  147.33
37  2  502.17
37  3  751.78
37  5  445.31
37  6  887.90
37  7  445.00
37  8  458.53
37  12  411.44
37  13  537.35
37  14  479.67
37  16  855.10
37  17  1194.40
37  18  518.06
37  19  248.13
37  20  552.26
37  22  881.77
37  25  596.40
37  26  391.86
37  28  468.46
37  31  514.58
37  32  557.38
37  33  455.31
37  34  472.68
37  35  936.73
37  39  974.75
38  2  467.71
38  3  395.91
38  5  198.16
38  6  401.91
38  7  394.02
38  8  192.47
38  12  191.23
38  13  644.04
38  14  1114.43
38  16  1034.34
38  17  438.01
38  18  238.29
38  19  372.86
38  20  4.54
38  22  280.58
38  25  945.90
38  26  177.37
38  28  223.02
38  31  809.97
38  32  249.29
38  33  201.40
38  34  731.91
38  35  173.76
38  37  369.31
38  39  970.00
39  2  884.02
39  3  1538.21
39  5  892.57
39  6  945.37
39  7  965.82
39  8  1071.25
39  12  875.10
39  13  1564.34
39  14  469.03
39  16  487.41
39  17  580.41
39  18  1216.31
39  19  962.39
39  20  481.53
39  22  1082.61
39  25  1134.88
39  26  857.12
39  28  962.06
39  31  467.63
39  32  943.78
39  33  881.47
39  34  924.75
39  35  656.25
39  37  979.26
0  11  0.00
1  14  0.00
1  31  0.00
2  9  0.00
2  10  0.00
2  12  0.00
2  13  0.00
2  20  0.00
2  24  0.00
2  25  0.00
2  32  0.00
2  35  0.00
2  38  0.00
3  9  0.00
3  10  0.00
3  13  0.00
3  20  0.00
3  24  0.00
3  38  0.00
5  4  0.00
5  10  0.00
5  20  0.00
5  27  0.00
5  32  0.00
5  34  0.00
5  38  0.00
8  2  0.00
8  9  0.00
8  10  0.00
8  12  0.00
8  13  0.00
8  14  0.00
8  20  0.00
8  24  0.00
8  25  0.00
8  30  0.00
8  31  0.00
8  32  0.00
8  35  0.00
8  38  0.00
9  13  0.00
9  24  0.00
10  20  0.00
10  38  0.00
13  24  0.00
15  4  0.00
15  7  0.00
15  9  0.00
15  10  0.00
15  13  0.00
15  19  0.00
15  20  0.00
15  24  0.00
15  38  0.00
16  11  0.00
17  4  0.00
17  7  0.00
17  10  0.00
17  14  0.00
17  20  0.00
17  31  0.00
17  34  0.00
17  38  0.00
19  4  0.00
19  10  0.00
19  20  0.00
19  38  0.00
20  10  0.00
20  38  0.00
21  13  0.00
21  24  0.00
22  4  0.00
22  10  0.00
22  20  0.00
22  27  0.00
22  34  0.00
22  38  0.00
23  4  0.00
23  6  0.00
23  10  0.00
23  20  0.00
23  28  0.00
23  34  0.00
23  38  0.00
25  32  0.00
27  4  0.00
27  10  0.00
27  20  0.00
27  34  0.00
27  38  0.00
29  9  0.00
29  13  0.00
29  24  0.00
30  2  0.00
30  9  0.00
30  10  0.00
30  12  0.00
30  13  0.00
30  20  0.00
30  24  0.00
30  25  0.00
30  32  0.00
30  35  0.00
30  38  0.00
31  14  0.00
33  11  0.00
33  16  0.00
34  4  0.00
34  10  0.00
34  20  0.00
34  38  0.00
36  9  0.00
36  11  0.00
36  13  0.00
36  24  0.00
36  32  0.00
39  4  0.00
1  0  0.00
1  3  0.00
1  27  0.00
1  32  0.00
1  34  0.00
3  0  0.00
3  1  0.00
3  27  0.00
3  32  0.00
3  34  0.00
5  0  0.00
5  1  0.00
5  3  0.00
5  4  0.00
5  9  0.00
5  16  0.00
5  18  0.00
5  23  0.00
5  27  0.00
5  31  0.00
5  32  0.00
5  33  0.00
5  34  0.00
5  37  0.00
6  0  0.00
6  1  0.00
6  3  0.00
6  15  0.00
6  17  0.00
6  27  0.00
6  29  0.00
6  32  0.00
6  34  0.00
8  9  0.00
8  16  0.00
8  18  0.00
9  16  0.00
9  18  0.00
10  0  0.00
10  1  0.00
10  3  0.00
10  7  0.00
10  9  0.00
10  16  0.00
10  18  0.00
10  25  0.00
10  27  0.00
10  31  0.00
10  32  0.00
10  34  0.00
10  36  0.00
11  0  0.00
11  1  0.00
11  3  0.00
11  9  0.00
11  16  0.00
11  18  0.00
11  27  0.00
11  32  0.00
11  34  0.00
12  0  0.00
12  1  0.00
12  3  0.00
12  7  0.00
12  8  0.00
12  9  0.00
12  15  0.00
12  16  0.00
12  17  0.00
12  18  0.00
12  19  0.00
12  27  0.00
12  28  0.00
12  30  0.00
12  32  0.00
12  34  0.00
13  20  0.00
14  0  0.11
14  1  0.02
14  3  0.11
14  4  0.00
14  5  0.00
14  7  0.00
14  9  0.00
14  10  0.00
14  11  0.00
14  16  0.00
14  18  0.00
14  23  0.00
14  25  0.00
14  27  0.07
14  31  0.00
14  32  0.03
14  33  0.00
14  34  0.02
14  36  0.00
14  37  0.00
14  39  0.00
15  0  0.00
15  1  0.00
15  3  0.00
15  17  0.00
15  27  0.00
15  32  0.00
15  34  0.00
17  0  0.00
17  1  0.00
17  3  0.00
17  27  0.00
17  32  0.00
17  34  0.00
18  16  0.00
19  8  0.00
19  9  0.00
19  16  0.00
19  18  0.00
20  13  0.00
23  4  0.00
23  9  0.00
23  16  0.00
23  18  0.00
23  31  0.00
23  33  0.00
24  0  0.20
24  1  0.02
24  3  0.19
24  4  0.00
24  5  0.00
24  7  0.00
24  9  0.01
24  10  0.00
24  11  0.00
24  16  0.01
24  17  0.00
24  18  0.01
24  23  0.00
24  25  0.00
24  27  0.02
24  31  0.00
24  32  0.04
24  33  0.00
24  34  0.02
24  36  0.00
24  37  0.00
24  39  0.00
25  0  0.00
25  1  0.00
25  3  0.00
25  7  0.00
25  9  0.00
25  10  0.00
25  16  0.00
25  18  0.00
25  27  0.00
25  31  0.00
25  32  0.00
25  34  0.00
25  36  0.00
26  4  0.00
27  0  0.00
27  1  0.00
27  3  0.00
27  32  0.00
27  34  0.00
28  0  0.00
28  1  0.00
28  3  0.00
28  7  0.00
28  9  0.00
28  15  0.00
28  16  0.00
28  17  0.00
28  18  0.00
28  27  0.00
28  32  0.00
28  34  0.00
31  9  0.00
31  16  0.00
31  18  0.00
32  0  0.00
32  1  0.00
32  3  0.00
32  27  0.00
32  34  0.00
33  4  0.00
33  9  0.00
33  16  0.00
33  18  0.00
33  23  0.00
33  31  0.00
34  0  0.00
34  1  0.00
34  3  0.00
34  27  0.00
34  32  0.00
37  0  0.00
37  1  0.00
37  3  0.00
37  27  0.00
37  32  0.00
37  34  0.00
38  8  0.00
38  9  0.00
38  16  0.00
38  18  0.00
39  0  0.06
39  1  0.01
39  3  0.06
39  4  0.00
39  5  0.00
39  7  0.00
39  9  0.01
39  10  0.00
39  11  0.00
39  16  0.01
39  18  0.00
39  23  0.00
39  25  0.00
39  27  0.01
39  31  0.00
39  32  0.01
39  33  0.00
39  34  0.01
39  36  0.00
39  37  0.00
0  17  0.00
0  30  0.00
1  3  0.00
1  7  0.00
1  8  0.00
1  12  0.00
1  15  0.00
1  18  0.00
1  20  0.00
1  21  0.00
1  22  0.00
1  24  0.00
1  25  0.00
1  34  0.00
1  36  0.00
2  1  0.00
2  3  0.00
2  7  0.00
2  8  0.00
2  12  0.00
2  15  0.00
2  18  0.00
2  20  0.00
2  21  0.00
2  22  0.00
2  24  0.00
2  25  0.00
2  34  0.00
2  36  0.00
5  3  0.00
5  17  0.00
5  20  0.00
5  29  0.00
5  30  0.00
5  34  0.00
5  36  0.00
7  1  0.00
7  3  0.00
7  8  0.00
7  12  0.00
7  15  0.00
7  18  0.00
7  20  0.00
7  21  0.00
7  22  0.00
7  24  0.00
7  25  0.00
7  34  0.00
7  36  0.00
8  1  0.00
8  3  0.00
8  7  0.00
8  12  0.00
8  15  0.00
8  18  0.00
8  20  0.00
8  21  0.00
8  22  0.00
8  24  0.00
8  25  0.00
8  34  0.00
8  36  0.00
9  0  0.00
9  1  0.00
9  2  0.00
9  3  0.00
9  6  0.00
9  7  0.00
9  8  0.00
9  11  0.00
9  12  0.00
9  14  0.00
9  15  0.00
9  16  0.00
9  17  0.00
9  18  0.00
9  20  0.00
9  21  0.00
9  22  0.00
9  24  0.00
9  25  0.00
9  28  0.00
9  30  0.00
9  31  0.00
9  33  0.00
9  34  0.01
9  36  0.00
10  6  0.00
10  24  0.00
10  37  0.00
11  1  0.00
11  2  0.00
11  3  0.00
11  6  0.00
11  7  0.00
11  8  0.00
11  12  0.00
11  15  0.00
11  18  0.00
11  20  0.00
11  21  0.00
11  22  0.00
11  24  0.00
11  25  0.00
11  28  0.00
11  31  0.00
11  33  0.00
11  34  0.02
11  36  0.00
12  1  0.00
12  3  0.00
12  7  0.00
12  8  0.00
12  15  0.00
12  18  0.00
12  20  0.00
12  21  0.00
12  22  0.00
12  24  0.00
12  25  0.00
12  34  0.00
12  36  0.00
13  6  0.00
13  17  0.00
13  26  0.00
13  30  0.00
13  31  0.00
13  33  0.00
13  35  0.00
15  1  0.00
15  3  0.00
15  7  0.00
15  8  0.00
15  12  0.00
15  18  0.00
15  20  0.00
15  21  0.00
15  22  0.00
15  24  0.00
15  25  0.00
15  34  0.00
15  36  0.00
16  0  0.00
16  6  0.00
16  17  0.00
16  30  0.00
18  3  0.00
18  20  0.00
19  6  0.00
19  31  0.00
19  33  0.00
20  3  0.00
21  1  0.00
21  3  0.00
21  7  0.00
21  8  0.00
21  12  0.00
21  15  0.00
21  18  0.00
21  20  0.00
21  22  0.00
21  24  0.00
21  25  0.00
21  34  0.00
21  36  0.00
22  1  0.00
22  3  0.00
22  7  0.00
22  8  0.00
22  12  0.00
22  15  0.00
22  18  0.00
22  20  0.00
22  21  0.00
22  24  0.00
22  25  0.00
22  34  0.00
22  36  0.00
25  1  0.00
25  3  0.00
25  7  0.00
25  8  0.00
25  12  0.00
25  15  0.00
25  18  0.00
25  20  0.00
25  21  0.00
25  22  0.00
25  24  0.00
25  34  0.00
25  36  0.00
26  6  0.00
26  31  0.00
26  33  0.00
26  35  0.00
27  0  0.00
27  17  0.00
27  30  0.00
28  1  0.00
28  2  0.00
28  3  0.00
28  6  0.00
28  7  0.00
28  8  0.00
28  12  0.00
28  15  0.00
28  18  0.00
28  20  0.00
28  21  0.00
28  22  0.00
28  24  0.00
28  25  0.00
28  31  0.00
28  33  0.00
28  34  0.00
28  36  0.00
29  17  0.00
29  30  0.00
30  17  0.00
31  6  0.00
32  1  0.00
32  3  0.00
32  7  0.00
32  8  0.00
32  12  0.00
32  15  0.00
32  18  0.00
32  20  0.00
32  21  0.00
32  22  0.00
32  24  0.00
32  25  0.00
32  34  0.00
32  36  0.00
33  6  0.00
33  31  0.00
35  6  0.00
35  31  0.00
35  33  0.00
36  34  0.00
37  6  0.00
38  0  0.00
38  6  0.00
38  16  0.00
38  17  0.00
38  30  0.00
39  1  0.00
39  3  0.00
39  7  0.00
39  8  0.00
39  12  0.00
39  15  0.00
39  18  0.00
39  20  0.00
39  21  0.00
39  22  0.00
39  24  0.00
39  25  0.00
39  34  0.00
39  36  0.00
0  2  0.00
0  5  0.00
0  6  0.00
0  10  0.00
0  12  0.00
0  14  0.00
0  18  0.00
0  19  0.00
0  21  0.00
0  22  0.00
0  23  0.00
0  25  0.00
0  33  0.00
0  35  0.00
0  39  0.00
3  2  0.00
3  5  0.00
3  6  0.00
3  10  0.00
3  12  0.00
3  14  0.00
3  18  0.00
3  19  0.00
3  21  0.00
3  22  0.00
3  23  0.00
3  25  0.00
3  33  0.00
3  35  0.00
3  39  0.00
4  0  0.00
4  1  0.00
4  2  0.00
4  5  0.00
4  6  0.00
4  10  0.00
4  11  0.00
4  12  0.00
4  13  0.00
4  14  0.00
4  18  0.00
4  19  0.00
4  20  0.00
4  21  0.00
4  22  0.00
4  23  0.00
4  25  0.00
4  27  0.00
4  32  0.00
4  33  0.00
4  35  0.00
4  38  0.00
4  39  0.00
5  10  0.00
5  14  0.00
6  2  0.00
6  25  0.00
7  2  0.00
7  5  0.00
7  6  0.00
7  10  0.00
7  12  0.00
7  13  0.00
7  14  0.00
7  18  0.00
7  19  0.00
7  21  0.00
7  22  0.00
7  23  0.00
7  25  0.00
7  32  0.00
7  33  0.00
7  35  0.00
7  39  0.00
8  2  0.00
8  6  0.00
8  23  0.00
8  24  0.00
8  25  0.00
8  34  0.00
9  2  0.00
9  5  0.00
9  6  0.00
9  10  0.00
9  12  0.00
9  14  0.00
9  18  0.00
9  19  0.00
9  21  0.00
9  22  0.00
9  23  0.00
9  25  0.00
9  33  0.00
9  35  0.00
9  39  0.00
11  0  0.00
11  1  0.00
11  2  0.00
11  5  0.00
11  6  0.00
11  10  0.00
11  12  0.00
11  13  0.00
11  14  0.00
11  18  0.00
11  19  0.00
11  20  0.00
11  21  0.00
11  22  0.00
11  23  0.00
11  25  0.00
11  27  0.00
11  32  0.00
11  33  0.00
11  35  0.00
11  39  0.00
12  2  0.00
12  6  0.00
12  14  0.00
12  19  0.00
12  21  0.00
12  22  0.00
12  23  0.00
12  25  0.00
12  33  0.00
12  39  0.00
13  2  0.00
13  5  0.00
13  6  0.00
13  10  0.00
13  12  0.00
13  14  0.00
13  18  0.00
13  19  0.00
13  21  0.00
13  22  0.00
13  23  0.00
13  25  0.00
13  32  0.00
13  33  0.00
13  35  0.00
13  39  0.00
15  1  0.00
16  1  0.00
16  2  0.00
16  3  0.00
16  5  0.00
16  6  0.00
16  10  0.00
16  12  0.00
16  14  0.00
16  18  0.00
16  19  0.00
16  21  0.00
16  22  0.00
16  23  0.00
16  25  0.00
16  33  0.00
16  35  0.00
16  39  0.00
18  2  0.00
18  6  0.00
18  12  0.00
18  14  0.00
18  19  0.00
18  21  0.00
18  22  0.00
18  23  0.00
18  25  0.00
18  33  0.00
18  39  0.00
19  2  0.00
19  6  0.00
19  14  0.00
19  21  0.00
19  23  0.00
19  25  0.00
20  0  0.00
20  1  0.00
20  2  0.00
20  5  0.00
20  6  0.00
20  10  0.00
20  12  0.00
20  14  0.00
20  18  0.00
20  19  0.00
20  21  0.00
20  22  0.00
20  23  0.00
20  25  0.00
20  27  0.00
20  33  0.00
20  35  0.00
20  39  0.00
21  2  0.00
21  6  0.00
21  14  0.00
21  23  0.00
21  25  0.00
22  2  0.00
22  6  0.00
22  14  0.00
22  19  0.00
22  21  0.00
22  23  0.00
22  25  0.00
22  33  0.00
22  39  0.00
23  2  0.00
23  6  0.00
23  25  0.00
24  2  0.00
24  6  0.00
24  23  0.00
24  25  0.00
26  2  0.00
26  6  0.00
26  14  0.00
26  21  0.00
26  23  0.00
26  24  0.00
26  25  0.00
30  0  0.00
30  1  0.00
30  2  0.00
30  5  0.00
30  6  0.00
30  10  0.00
30  11  0.00
30  12  0.00
30  13  0.00
30  14  0.00
30  18  0.00
30  19  0.00
30  20  0.00
30  21  0.00
30  22  0.00
30  23  0.00
30  25  0.00
30  27  0.00
30  32  0.00
30  33  0.00
30  35  0.00
30  39  0.00
32  2  0.00
32  5  0.00
32  6  0.00
32  10  0.00
32  12  0.00
32  14  0.00
32  18  0.00
32  19  0.00
32  21  0.00
32  22  0.00
32  23  0.00
32  25  0.00
32  33  0.00
32  35  0.00
32  39  0.00
35  2  0.00
35  5  0.00
35  6  0.00
35  10  0.00
35  12  0.00
35  14  0.00
35  18  0.00
35  19  0.00
35  21  0.00
35  22  0.00
35  23  0.00
35  25  0.00
35  33  0.00
35  39  0.00
36  0  0.00
36  2  0.00
36  5  0.00
36  6  0.00
36  10  0.00
36  12  0.00
36  14  0.00
36  18  0.00
36  19  0.00
36  21  0.00
36  22  0.00
36  23  0.00
36  25  0.00
36  27  0.00
36  33  0.00
36  35  0.00
36  39  0.00
38  14  0.00
39  2  0.00
39  33  0.00
1  13  0.00
1  16  0.00
1  20  0.00
1  23  0.00
1  35  0.00
2  0  0.00
2  6  0.00
2  9  0.00
2  11  0.00
2  12  0.00
2  13  0.00
2  15  0.00
2  16  0.00
2  20  0.00
2  23  0.00
2  24  0.00
2  25  0.00
2  28  0.00
2  32  0.00
2  35  0.00
2  36  0.00
2  38  0.00
2  39  0.00
3  0  0.00
3  20  0.00
3  23  0.00
3  32  0.00
3  35  0.00
3  36  0.00
3  38  0.00
4  0  0.00
4  6  0.00
4  9  0.00
4  11  0.00
4  13  0.00
4  15  0.00
4  16  0.00
4  20  0.00
4  23  0.00
4  24  0.00
4  25  0.00
4  28  0.00
4  32  0.00
4  35  0.00
4  36  0.00
4  38  0.00
4  39  0.00
5  20  0.00
5  35  0.00
6  0  0.00
6  11  0.00
6  13  0.00
6  15  0.00
6  16  0.00
6  20  0.00
6  23  0.00
6  24  0.00
6  35  0.00
6  36  0.00
6  38  0.00
8  0  0.00
8  6  0.00
8  9  0.00
8  11  0.00
8  13  0.00
8  15  0.00
8  16  0.00
8  20  0.00
8  23  0.00
8  24  0.00
8  25  0.00
8  28  0.00
8  32  0.00
8  35  0.00
8  36  0.00
8  38  0.00
8  39  0.00
9  0  0.00
9  6  0.00
9  11  0.00
9  13  0.00
9  15  0.00
9  16  0.00
9  20  0.00
9  23  0.00
9  24  0.00
9  25  0.00
9  28  0.00
9  32  0.00
9  35  0.00
9  36  0.00
9  38  0.00
9  39  0.00
10  0  0.00
10  6  0.00
10  11  0.00
10  13  0.00
10  14  0.00
10  15  0.00
10  16  0.00
10  20  0.00
10  23  0.00
10  24  0.00
10  25  0.00
10  27  0.00
10  35  0.00
10  36  0.00
10  38  0.00
11  24  0.00
12  0  0.00
12  6  0.00
12  11  0.00
12  13  0.00
12  15  0.00
12  16  0.00
12  20  0.00
12  23  0.00
12  24  0.00
12  35  0.00
12  36  0.00
12  38  0.00
13  20  0.00
13  35  0.00
14  0  0.00
14  6  0.00
14  11  0.00
14  13  0.00
14  15  0.00
14  16  0.00
14  20  0.00
14  23  0.00
14  24  0.00
14  25  0.00
14  27  0.00
14  35  0.00
14  36  0.00
14  38  0.00
15  11  0.00
15  20  0.00
15  23  0.00
15  24  0.00
15  35  0.00
15  36  0.00
15  38  0.00
16  13  0.00
16  20  0.00
16  35  0.00
17  0  0.00
17  6  0.00
17  11  0.00
17  13  0.00
17  15  0.00
17  16  0.00
17  20  0.00
17  23  0.00
17  24  0.00
17  35  0.00
17  36  0.00
17  38  0.00
18  36  0.00
19  33  0.00
20  35  0.00
21  0  0.00
21  6  0.00
21  11  0.00
21  13  0.00
21  15  0.00
21  16  0.00
21  17  0.00
21  20  0.00
21  23  0.00
21  24  0.00
21  35  0.00
21  36  0.00
21  38  0.00
22  0  0.00
22  6  0.00
22  11  0.00
22  13  0.00
22  15  0.00
22  16  0.00
22  20  0.00
22  23  0.00
22  24  0.00
22  25  0.00
22  26  0.00
22  35  0.00
22  36  0.00
22  38  0.00
24  11  0.00
25  0  0.00
25  6  0.00
25  11  0.00
25  13  0.00
25  15  0.00
25  16  0.00
25  20  0.00
25  23  0.00
25  24  0.00
25  35  0.00
25  36  0.00
25  38  0.00
26  0  0.00
26  6  0.00
26  11  0.00
26  13  0.00
26  15  0.00
26  16  0.00
26  20  0.00
26  23  0.00
26  24  0.00
26  25  0.00
26  35  0.00
26  36  0.00
26  38  0.00
27  0  0.00
27  6  0.00
27  11  0.00
27  13  0.00
27  15  0.00
27  16  0.00
27  20  0.00
27  23  0.00
27  24  0.00
27  25  0.00
27  35  0.00
27  36  0.00
27  38  0.00
28  11  0.00
28  15  0.00
28  20  0.00
28  23  0.00
28  24  0.00
28  35  0.00
28  36  0.00
28  38  0.00
29  0  0.00
29  3  0.00
29  6  0.00
29  11  0.00
29  13  0.00
29  15  0.00
29  16  0.00
29  17  0.00
29  20  0.00
29  21  0.00
29  23  0.00
29  24  0.00
29  32  0.00
29  35  0.00
29  36  0.00
29  38  0.00
31  0  0.00
31  3  0.00
31  20  0.00
31  23  0.00
31  32  0.00
31  35  0.00
31  36  0.00
31  38  0.00
32  0  0.00
34  0  0.00
34  6  0.00
34  10  0.00
34  11  0.00
34  13  0.00
34  14  0.00
34  15  0.00
34  16  0.00
34  20  0.00
34  23  0.00
34  24  0.00
34  25  0.00
34  27  0.00
34  35  0.00
34  36  0.00
34  38  0.00
37  0  0.00
37  3  0.00
37  6  0.00
37  11  0.00
37  13  0.00
37  15  0.00
37  16  0.00
37  20  0.00
37  22  0.00
37  23  0.00
37  24  0.00
37  25  0.00
37  26  0.00
37  31  0.00
37  32  0.00
37  35  0.00
37  36  0.00
37  38  0.00
38  20  0.00
38  23  0.00
38  35  0.00
38  36  0.00
0  3  0.00
0  4  0.00
0  6  0.00
0  10  0.00
0  15  0.00
0  17  0.00
0  18  0.00
0  19  0.00
0  20  0.00
0  22  0.00
0  25  0.00
0  28  0.00
0  29  0.00
0  32  0.00
0  33  0.00
0  36  0.00
0  37  0.00
1  4  0.00
1  10  0.00
1  11  0.00
1  12  0.00
1  14  0.00
1  19  0.00
1  24  0.00
1  28  0.00
1  32  0.00
1  33  0.00
4  10  0.00
5  10  0.00
5  18  0.00
5  19  0.00
5  25  0.00
5  28  0.00
5  32  0.00
5  33  0.00
5  35  0.00
6  3  0.00
7  3  0.00
7  6  0.00
7  10  0.00
7  17  0.00
7  37  0.00
7  38  0.00
8  3  0.00
9  3  0.00
9  6  0.00
9  10  0.00
9  17  0.00
9  18  0.00
9  19  0.00
9  22  0.00
9  25  0.00
9  28  0.00
9  30  0.00
9  32  0.00
9  33  0.00
9  34  0.00
9  36  0.00
9  37  0.00
11  12  0.00
11  14  0.00
11  24  0.00
12  24  0.00
13  0  0.00
13  1  0.00
13  3  0.00
13  4  0.00
13  6  0.00
13  10  0.00
13  11  0.00
13  12  0.00
13  14  0.00
13  15  0.00
13  17  0.00
13  18  0.00
13  19  0.00
13  20  0.00
13  22  0.00
13  24  0.00
13  25  0.00
13  28  0.00
13  29  0.00
13  32  0.00
13  33  0.00
13  36  0.00
13  37  0.00
15  3  0.00
15  4  0.00
15  6  0.00
15  10  0.00
15  17  0.00
15  18  0.00
15  19  0.00
15  20  0.00
15  22  0.00
15  25  0.00
15  28  0.00
15  32  0.00
15  33  0.00
15  36  0.00
15  37  0.00
16  3  0.00
16  6  0.00
17  3  0.00
17  6  0.00
17  37  0.00
18  10  0.00
18  19  0.00
18  28  0.00
18  32  0.00
18  33  0.00
19  10  0.00
19  28  0.00
19  32  0.00
19  33  0.00
20  3  0.00
20  4  0.00
20  6  0.00
20  10  0.00
20  17  0.00
20  18  0.00
20  19  0.00
20  22  0.00
20  25  0.00
20  28  0.00
20  32  0.00
20  33  0.00
20  36  0.00
20  37  0.00
21  4  0.00
21  10  0.00
22  3  0.00
22  6  0.00
22  10  0.00
22  17  0.00
22  18  0.00
22  19  0.00
22  25  0.00
22  28  0.00
22  32  0.00
22  33  0.00
22  36  0.00
22  37  0.00
25  10  0.00
25  18  0.00
25  19  0.00
25  28  0.00
25  32  0.00
25  33  0.00
26  4  0.00
26  10  0.00
26  24  0.00
27  3  0.00
27  6  0.00
27  10  0.00
27  12  0.00
27  17  0.00
27  18  0.00
27  19  0.00
27  24  0.00
27  25  0.00
27  28  0.00
27  32  0.00
27  33  0.00
27  35  0.00
27  36  0.00
27  37  0.00
29  3  0.00
29  4  0.00
29  6  0.00
29  10  0.00
29  15  0.00
29  17  0.00
29  18  0.00
29  19  0.00
29  20  0.00
29  22  0.00
29  25  0.00
29  28  0.00
29  32  0.00
29  33  0.00
29  36  0.00
29  37  0.00
31  3  0.00
32  10  0.00
32  19  0.00
32  28  0.00
32  33  0.00
33  10  0.00
33  19  0.00
33  28  0.00
33  32  0.00
35  10  0.00
35  18  0.00
35  19  0.00
35  25  0.00
35  28  0.00
35  32  0.00
35  33  0.00
36  3  0.00
36  6  0.00
36  17  0.00
36  37  0.00
37  3  0.00
37  6  0.00
39  4  0.00
39  10  0.00
39  21  0.00
0  9  0.00
0  10  0.00
0  13  0.00
0  22  0.00
0  26  0.00
0  27  0.00
1  5  0.00
1  8  0.00
1  10  0.00
1  20  0.00
1  21  0.00
1  24  0.00
1  25  0.00
1  27  0.00
1  28  0.00
1  29  0.00
1  34  0.00
1  35  0.00
2  0  0.00
2  1  0.00
2  5  0.00
2  8  0.00
2  9  0.00
2  10  0.00
2  13  0.00
2  17  0.00
2  20  0.00
2  21  0.00
2  22  0.00
2  24  0.00
2  25  0.00
2  26  0.00
2  27  0.00
2  28  0.00
2  29  0.00
2  31  0.00
2  34  0.00
2  35  0.00
2  39  0.00
3  1  0.00
3  5  0.00
3  8  0.00
3  10  0.00
3  17  0.00
3  20  0.00
3  21  0.00
3  24  0.00
3  25  0.00
3  27  0.00
3  28  0.00
3  29  0.00
3  34  0.00
3  35  0.00
3  36  0.00
4  0  0.00
4  9  0.00
4  10  0.00
4  13  0.00
4  22  0.00
4  24  0.00
4  26  0.00
4  27  0.00
4  35  0.00
5  28  0.00
6  14  0.00
7  5  0.00
7  6  0.00
7  12  0.00
7  14  0.00
7  28  0.00
9  0  0.00
9  10  0.00
9  13  0.00
9  22  0.00
9  26  0.00
9  27  0.00
12  5  0.00
12  28  0.00
13  10  0.00
15  0  0.00
15  1  0.00
15  3  0.00
15  5  0.00
15  8  0.00
15  9  0.00
15  10  0.00
15  13  0.00
15  17  0.00
15  20  0.00
15  21  0.00
15  22  0.00
15  24  0.00
15  25  0.00
15  26  0.00
15  27  0.00
15  28  0.00
15  29  0.00
15  34  0.00
15  35  0.00
15  36  0.00
15  38  0.00
16  0  0.00
16  4  0.00
16  5  0.00
16  6  0.00
16  7  0.00
16  9  0.00
16  10  0.00
16  12  0.00
16  13  0.00
16  14  0.00
16  22  0.00
16  24  0.00
16  26  0.00
16  27  0.00
16  28  0.00
16  35  0.00
17  1  0.00
17  5  0.00
17  8  0.00
17  10  0.00
17  20  0.00
17  21  0.00
17  24  0.00
17  25  0.00
17  27  0.00
17  28  0.00
17  29  0.00
17  34  0.00
17  35  0.00
18  5  0.00
18  12  0.00
18  28  0.00
19  0  0.00
19  5  0.00
19  9  0.00
19  10  0.00
19  12  0.00
19  13  0.00
19  18  0.00
19  22  0.00
19  26  0.00
19  27  0.00
19  28  0.00
21  5  0.00
21  10  0.00
21  24  0.00
21  25  0.00
21  27  0.00
21  28  0.00
21  29  0.00
21  35  0.00
22  0  0.00
22  9  0.00
22  10  0.00
22  13  0.00
22  26  0.00
22  27  0.00
23  0  0.00
23  1  0.00
23  5  0.00
23  8  0.00
23  9  0.00
23  10  0.00
23  13  0.00
23  17  0.00
23  20  0.00
23  21  0.00
23  22  0.00
23  24  0.00
23  25  0.00
23  26  0.00
23  27  0.00
23  28  0.00
23  29  0.00
23  31  0.00
23  34  0.00
23  35  0.00
23  39  0.00
24  35  0.00
25  5  0.00
25  28  0.00
26  0  0.00
26  9  0.00
26  10  0.00
26  13  0.00
26  22  0.00
26  27  0.00
29  5  0.00
29  24  0.00
29  25  0.00
29  27  0.00
29  28  0.00
29  35  0.00
30  5  0.00
30  28  0.00
31  0  0.00
31  1  0.00
31  5  0.00
31  8  0.00
31  9  0.00
31  10  0.00
31  13  0.00
31  17  0.00
31  20  0.00
31  21  0.00
31  22  0.00
31  24  0.00
31  25  0.00
31  26  0.00
31  27  0.00
31  28  0.00
31  29  0.00
31  34  0.00
31  35  0.00
31  39  0.00
32  0  0.00
32  9  0.00
32  10  0.00
32  13  0.00
32  22  0.00
32  26  0.00
32  27  0.00
33  20  0.00
34  5  0.00
34  10  0.00
34  20  0.00
34  21  0.00
34  24  0.00
34  25  0.00
34  27  0.00
34  28  0.00
34  29  0.00
34  35  0.00
37  0  0.00
37  9  0.00
37  10  0.00
37  13  0.00
37  22  0.00
37  24  0.00
37  26  0.00
37  27  0.00
37  35  0.00
38  0  0.00
38  9  0.00
38  10  0.00
38  13  0.00
38  22  0.00
38  26  0.00
38  27  0.00
0  5  0.00
0  11  0.00
0  18  0.00
0  35  0.00
0  36  0.00
0  39  0.00
1  3  0.00
1  7  0.00
1  9  0.00
1  10  0.00
1  13  0.00
1  16  0.00
1  18  0.00
1  20  0.00
1  25  0.00
1  27  0.00
1  29  0.00
1  30  0.00
1  32  0.00
1  34  0.00
1  35  0.00
1  36  0.00
1  37  0.00
3  9  0.00
3  10  0.00
3  13  0.00
3  27  0.00
3  32  0.00
3  37  0.00
4  1  0.00
4  3  0.00
4  7  0.00
4  8  0.00
4  9  0.00
4  10  0.00
4  13  0.00
4  14  0.00
4  16  0.00
4  17  0.00
4  18  0.00
4  19  0.00
4  20  0.00
4  25  0.00
4  26  0.00
4  27  0.00
4  29  0.00
4  30  0.00
4  31  0.00
4  32  0.00
4  34  0.00
4  35  0.00
4  36  0.00
4  37  0.00
4  38  0.00
5  18  0.00
5  35  0.00
6  5  0.00
6  18  0.00
6  35  0.00
7  13  0.00
7  18  0.00
7  29  0.00
7  32  0.00
7  34  0.00
7  35  0.00
8  26  0.00
8  31  0.00
9  10  0.00
9  13  0.00
9  27  0.00
9  37  0.00
11  5  0.00
11  18  0.00
11  35  0.00
11  36  0.00
11  39  0.00
14  17  0.00
14  37  0.00
15  5  0.00
15  11  0.00
15  18  0.00
15  35  0.00
15  36  0.00
15  39  0.00
16  3  0.00
16  7  0.00
16  9  0.00
16  10  0.00
16  13  0.00
16  18  0.00
16  20  0.00
16  25  0.00
16  27  0.00
16  29  0.00
16  30  0.00
16  32  0.00
16  34  0.00
16  35  0.00
16  36  0.00
16  37  0.00
17  37  0.00
18  35  0.00
19  1  0.00
19  3  0.00
19  7  0.00
19  9  0.00
19  10  0.00
19  13  0.00
19  16  0.00
19  18  0.00
19  20  0.00
19  25  0.00
19  27  0.00
19  29  0.00
19  30  0.00
19  32  0.00
19  34  0.00
19  35  0.00
19  36  0.00
19  37  0.00
20  3  0.00
20  9  0.00
20  10  0.00
20  13  0.00
20  25  0.00
20  27  0.00
20  30  0.00
20  32  0.00
20  36  0.00
20  37  0.00
21  5  0.00
21  6  0.00
21  18  0.00
21  35  0.00
23  10  0.00
24  3  0.00
24  7  0.00
24  9  0.00
24  10  0.00
24  13  0.00
24  16  0.00
24  18  0.00
24  20  0.00
24  25  0.00
24  27  0.00
24  29  0.00
24  30  0.00
24  32  0.00
24  34  0.00
24  35  0.00
24  36  0.00
24  37  0.00
25  30  0.00
25  36  0.00
25  37  0.00
26  31  0.00
27  10  0.00
27  13  0.00
28  2  0.00
28  10  0.00
28  13  0.00
28  27  0.00
29  7  0.00
29  13  0.00
29  18  0.00
29  32  0.00
29  34  0.00
29  35  0.00
33  36  0.00
38  14  0.00
38  17  0.00
38  37  0.00
39  5  0.00
39  11  0.00
39  18  0.00
39  35  0.00
39  36  0.00
0  5  0.00
0  6  0.00
0  9  0.00
0  16  0.00
0  20  0.00
0  21  0.00
0  28  0.00
0  29  0.00
1  14  0.00
1  29  0.00
4  6  0.00
5  6  0.00
5  9  0.00
5  16  0.00
5  21  0.00
5  28  0.00
5  29  0.00
7  8  0.00
9  5  0.00
9  6  0.00
9  16  0.00
9  21  0.00
9  28  0.00
9  29  0.00
10  0  0.00
10  1  0.00
10  4  0.00
10  5  0.00
10  6  0.01
10  8  0.00
10  9  0.01
10  11  0.00
10  14  0.00
10  15  0.00
10  16  0.01
10  20  0.00
10  21  0.01
10  24  0.00
10  25  0.00
10  28  0.01
10  29  0.01
10  30  0.00
10  32  0.00
10  33  0.00
10  34  0.00
10  36  0.00
11  8  0.00
11  30  0.00
12  14  0.00
13  5  0.00
13  6  0.00
13  9  0.00
13  16  0.00
13  21  0.00
13  28  0.00
13  29  0.00
15  5  0.00
15  6  0.00
15  8  0.00
15  9  0.00
15  11  0.00
15  16  0.00
15  20  0.00
15  21  0.00
15  28  0.00
15  29  0.00
15  30  0.00
16  5  0.00
16  6  0.00
16  9  0.00
16  21  0.00
16  28  0.00
16  29  0.00
17  0  0.00
17  1  0.00
17  4  0.00
17  5  0.00
17  6  0.01
17  8  0.00
17  9  0.00
17  10  0.00
17  11  0.00
17  14  0.00
17  15  0.00
17  16  0.00
17  20  0.00
17  21  0.00
17  24  0.00
17  25  0.00
17  28  0.01
17  29  0.01
17  30  0.00
17  32  0.00
17  33  0.00
17  34  0.00
17  36  0.00
19  2  0.00
19  29  0.00
19  38  0.00
20  5  0.00
20  6  0.00
20  9  0.00
20  16  0.00
20  21  0.00
20  28  0.00
20  29  0.00
22  0  0.00
22  1  0.00
22  4  0.00
22  5  0.00
22  6  0.00
22  9  0.00
22  14  0.00
22  16  0.00
22  20  0.00
22  21  0.00
22  25  0.00
22  28  0.00
22  29  0.00
22  33  0.00
22  34  0.00
22  36  0.00
23  0  0.00
23  1  0.00
23  4  0.00
23  5  0.00
23  6  0.00
23  8  0.00
23  9  0.00
23  14  0.00
23  16  0.00
23  20  0.00
23  21  0.00
23  22  0.00
23  25  0.00
23  28  0.00
23  29  0.00
23  33  0.00
23  34  0.00
23  36  0.00
24  5  0.00
24  6  0.00
24  8  0.00
24  9  0.00
24  11  0.00
24  15  0.00
24  16  0.00
24  20  0.00
24  21  0.00
24  28  0.00
24  29  0.00
24  30  0.00
25  0  0.00
25  1  0.00
25  4  0.00
25  5  0.00
25  6  0.00
25  9  0.00
25  14  0.00
25  16  0.00
25  20  0.00
25  21  0.00
25  28  0.00
25  29  0.00
25  33  0.00
25  34  0.00
25  36  0.00
26  0  0.00
26  1  0.00
26  4  0.00
26  5  0.00
26  6  0.00
26  9  0.00
26  14  0.00
26  16  0.00
26  20  0.00
26  21  0.00
26  25  0.00
26  27  0.00
26  28  0.00
26  29  0.00
26  33  0.00
26  34  0.00
26  36  0.00
30  8  0.00
31  0  0.00
31  1  0.00
31  4  0.00
31  5  0.00
31  6  0.00
31  9  0.00
31  14  0.00
31  16  0.00
31  20  0.00
31  21  0.00
31  25  0.00
31  28  0.00
31  29  0.00
31  33  0.00
31  34  0.00
31  35  0.00
31  36  0.00
32  5  0.00
32  6  0.00
32  8  0.00
32  9  0.00
32  16  0.00
32  21  0.00
32  28  0.00
32  29  0.00
33  0  0.00
33  1  0.00
33  4  0.00
33  5  0.00
33  6  0.00
33  9  0.00
33  14  0.00
33  16  0.00
33  20  0.00
33  21  0.00
33  25  0.00
33  28  0.00
33  29  0.00
33  34  0.00
33  36  0.00
34  0  0.00
34  1  0.00
34  4  0.00
34  5  0.00
34  6  0.00
34  9  0.00
34  14  0.00
34  16  0.00
34  20  0.00
34  21  0.00
34  25  0.00
34  28  0.00
34  29  0.00
34  33  0.00
34  36  0.00
35  0  0.00
35  1  0.00
35  4  0.00
35  5  0.00
35  6  0.00
35  9  0.00
35  14  0.00
35  16  0.00
35  20  0.00
35  21  0.00
35  25  0.00
35  28  0.00
35  29  0.00
35  31  0.00
35  33  0.00
35  34  0.00
35  36  0.00
36  0  0.00
36  5  0.00
36  6  0.00
36  9  0.00
36  16  0.00
36  20  0.00
36  21  0.00
36  28  0.00
36  29  0.00
37  5  0.00
37  6  0.00
37  9  0.00
37  16  0.00
37  18  0.00
37  21  0.00
37  28  0.00
37  29  0.00
