0  1  0.00
0  2  0.00
0  3  0.00
0  4  0.00
0  6  0.00
0  7  0.00
0  11  0.00
0  12  0.00
0  14  0.00
0  15  0.00
0  17  0.00
0  18  0.00
0  19  0.00
1  2  0.00
1  3  0.00
1  4  0.00
1  6  0.00
1  7  0.00
1  11  0.00
1  12  0.00
1  14  0.00
1  15  0.00
1  17  0.00
1  18  0.00
2  15  0.00
3  1  0.00
3  2  0.00
3  4  0.00
3  6  0.00
3  7  0.00
3  11  0.00
3  12  0.00
3  14  0.00
3  15  0.00
3  17  0.00
3  18  0.00
4  1  0.00
4  2  0.00
4  3  0.00
4  6  0.00
4  7  0.00
4  11  0.00
4  12  0.00
4  14  0.00
4  15  0.00
4  17  0.00
4  18  0.00
5  2  0.00
5  15  0.00
5  19  0.00
6  1  0.00
6  2  0.00
6  3  0.00
6  4  0.00
6  7  0.00
6  11  0.00
6  12  0.00
6  14  0.00
6  15  0.00
6  17  0.00
6  18  0.00
8  2  0.00
8  15  0.00
8  17  0.00
9  2  0.00
9  7  0.00
9  8  0.00
9  15  0.00
9  17  0.00
10  19  0.00
11  1  0.00
11  2  0.00
11  3  0.00
11  4  0.00
11  6  0.00
11  7  0.00
11  12  0.00
11  14  0.00
11  15  0.00
11  17  0.00
11  18  0.00
12  1  0.00
12  2  0.00
12  3  0.00
12  4  0.00
12  6  0.00
12  7  0.00
12  11  0.00
12  14  0.00
12  15  0.00
12  17  0.00
12  18  0.00
13  2  0.00
13  5  0.00
13  15  0.00
13  19  0.00
14  1  0.00
14  2  0.00
14  3  0.00
14  4  0.00
14  6  0.00
14  7  0.00
14  11  0.00
14  12  0.00
14  15  0.00
14  17  0.00
14  18  0.00
16  1  0.00
16  2  0.00
16  3  0.00
16  4  0.00
16  6  0.00
16  7  0.00
16  11  0.00
16  12  0.00
16  14  0.00
16  15  0.00
16  17  0.00
16  18  0.00
17  2  0.00
17  15  0.00
18  1  0.00
18  2  0.00
18  3  0.00
18  4  0.00
18  6  0.00
18  7  0.00
18  11  0.00
18  12  0.00
18  14  0.00
18  15  0.00
18  17  0.00
0  8  0.00
1  3  0.00
2  3  0.00
2  7  0.00
2  8  0.00
2  13  0.00
2  15  0.00
2  16  0.00
2  17  0.00
2  18  0.00
2  19  0.00
4  2  0.00
4  3  0.00
4  7  0.00
4  8  0.00
4  13  0.00
4  15  0.00
4  16  0.00
4  17  0.00
4  18  0.00
4  19  0.00
5  16  0.00
7  2  0.00
7  3  0.00
7  8  0.00
7  13  0.00
7  15  0.00
7  16  0.00
7  17  0.00
7  18  0.00
7  19  0.00
10  2  0.00
10  3  0.00
10  5  0.00
10  7  0.00
10  8  0.00
10  9  0.00
10  13  0.00
10  14  0.00
10  15  0.00
10  16  0.02
10  17  0.00
10  18  0.00
10  19  0.00
11  2  0.00
11  3  0.00
11  5  0.00
11  7  0.00
11  8  0.00
11  9  0.00
11  13  0.00
11  14  0.00
11  15  0.00
11  16  0.00
11  17  0.00
11  18  0.00
11  19  0.00
12  2  0.00
12  3  0.00
12  5  0.00
12  7  0.00
12  8  0.00
12  9  0.00
12  10  0.00
12  13  0.01
12  14  0.00
12  15  0.00
12  16  0.01
12  17  0.00
12  18  0.00
12  19  0.00
13  2  0.00
13  3  0.01
13  7  0.00
13  8  0.00
13  15  0.00
13  16  0.00
13  17  0.00
13  18  0.00
13  19  0.00
14  5  0.00
14  9  0.00
14  16  0.00
17  2  0.00
17  3  0.00
17  7  0.00
17  8  0.00
17  13  0.00
17  15  0.00
17  16  0.00
17  18  0.00
17  19  0.00
19  2  0.00
19  3  0.00
19  7  0.00
19  8  0.00
19  13  0.00
19  15  0.00
19  16  0.00
19  17  0.00
19  18  0.00
0  1  0.00
0  2  0.00
0  4  0.01
0  5  0.00
0  6  0.01
0  11  0.00
0  12  0.00
0  13  0.00
0  14  0.00
0  17  0.01
0  18  0.00
0  19  0.00
1  0  0.00
1  2  0.00
1  4  0.01
1  5  0.00
1  6  0.00
1  11  0.00
1  12  0.00
1  13  0.00
1  14  0.00
1  17  0.01
1  18  0.00
1  19  0.00
2  0  0.00
2  1  0.00
2  4  0.01
2  5  0.00
2  6  0.00
2  11  0.00
2  12  0.00
2  13  0.00
2  14  0.00
2  17  0.01
2  18  0.00
2  19  0.00
3  4  0.00
3  17  0.00
4  17  0.00
5  0  0.00
5  1  0.00
5  2  0.00
5  4  0.01
5  6  0.00
5  11  0.00
5  12  0.00
5  13  0.00
5  14  0.00
5  17  0.01
5  18  0.00
5  19  0.00
7  0  0.00
7  1  0.00
7  2  0.00
7  3  0.00
7  4  0.01
7  5  0.00
7  6  0.00
7  11  0.00
7  12  0.00
7  13  0.00
7  14  0.00
7  15  0.00
7  16  0.00
7  17  0.01
7  18  0.00
7  19  0.00
8  0  0.00
8  1  0.00
8  2  0.00
8  4  0.00
8  5  0.00
8  6  0.00
8  11  0.00
8  12  0.00
8  13  0.00
8  14  0.00
8  17  0.00
8  18  0.00
8  19  0.00
10  0  0.00
10  1  0.00
10  2  0.00
10  4  0.00
10  5  0.00
10  6  0.00
10  11  0.00
10  12  0.00
10  13  0.00
10  14  0.00
10  17  0.00
10  18  0.00
10  19  0.00
11  0  0.00
11  1  0.00
11  2  0.00
11  4  0.01
11  5  0.00
11  6  0.00
11  12  0.00
11  13  0.00
11  14  0.00
11  17  0.01
11  18  0.00
11  19  0.00
12  0  0.00
12  1  0.00
12  2  0.00
12  4  0.01
12  5  0.00
12  6  0.00
12  11  0.00
12  13  0.00
12  14  0.00
12  17  0.01
12  18  0.00
12  19  0.00
16  3  0.00
16  4  0.00
16  17  0.00
18  0  0.00
18  1  0.00
18  2  0.00
18  4  0.01
18  5  0.00
18  6  0.01
18  11  0.00
18  12  0.00
18  13  0.00
18  14  0.00
18  17  0.02
18  19  0.00
19  0  0.00
19  1  0.00
19  2  0.00
19  4  0.01
19  5  0.00
19  6  0.00
19  11  0.00
19  12  0.00
19  13  0.00
19  14  0.00
19  17  0.01
19  18  0.00
2  18  0.00
3  2  0.00
3  4  0.00
3  7  0.00
3  11  0.00
3  14  0.00
3  18  0.00
4  2  0.00
4  7  0.00
4  11  0.00
4  18  0.00
5  2  0.00
5  11  0.00
5  18  0.00
6  0  0.00
6  2  0.00
6  4  0.00
6  7  0.00
6  8  0.00
6  9  0.00
6  11  0.00
6  13  0.00
6  14  0.00
6  16  0.00
6  17  0.00
6  18  0.00
6  19  0.00
8  2  0.00
8  11  0.00
8  18  0.00
10  0  0.00
10  2  0.00
10  7  0.00
10  9  0.00
10  15  0.00
10  16  0.00
10  18  0.00
11  2  0.00
11  18  0.00
12  0  0.00
12  1  0.00
12  7  0.00
12  9  0.00
12  15  0.00
12  16  0.00
13  7  0.00
14  2  0.00
14  4  0.00
14  7  0.00
14  11  0.00
14  18  0.00
15  0  0.00
15  7  0.00
15  9  0.00
15  16  0.00
16  0  0.00
16  9  0.00
17  2  0.00
17  7  0.00
17  8  0.00
17  11  0.00
17  13  0.00
17  18  0.00
17  19  0.00
19  2  0.00
19  8  0.00
19  11  0.00
19  18  0.00
1  3  0.00
1  5  0.00
1  6  0.00
1  7  0.00
1  8  0.00
1  9  0.00
1  10  0.00
1  13  0.00
1  16  0.00
1  17  0.00
1  18  0.00
1  19  0.00
2  1  0.00
2  3  0.00
2  5  0.00
2  6  0.00
2  7  0.00
2  8  0.00
2  9  0.00
2  10  0.00
2  13  0.00
2  16  0.00
2  17  0.00
2  18  0.00
2  19  0.00
3  5  0.00
3  6  0.00
3  8  0.00
3  9  0.00
3  10  0.00
3  13  0.00
3  16  0.00
3  17  0.00
3  18  0.00
3  19  0.00
4  16  0.00
5  3  0.00
5  6  0.00
5  8  0.00
5  9  0.00
5  10  0.00
5  13  0.00
5  16  0.00
5  17  0.00
5  18  0.00
5  19  0.00
6  3  0.00
6  5  0.00
6  8  0.00
6  9  0.00
6  10  0.00
6  13  0.01
6  16  0.00
6  17  0.00
6  18  0.00
6  19  0.00
7  3  0.00
7  5  0.00
7  6  0.00
7  8  0.00
7  9  0.00
7  10  0.00
7  13  0.00
7  16  0.00
7  17  0.00
7  18  0.00
7  19  0.00
8  3  0.00
8  5  0.01
8  6  0.01
8  9  0.01
8  10  0.00
8  13  0.00
8  16  0.00
8  17  0.00
8  18  0.01
8  19  0.00
12  3  0.00
12  5  0.00
12  6  0.01
12  8  0.00
12  9  0.00
12  10  0.00
12  11  0.00
12  13  0.04
12  14  0.00
12  16  0.00
12  17  0.00
12  18  0.00
12  19  0.00
14  3  0.00
14  5  0.01
14  6  0.01
14  8  0.00
14  9  0.00
14  10  0.00
14  11  0.00
14  13  0.01
14  16  0.00
14  17  0.00
14  18  0.01
14  19  0.00
15  3  0.00
15  5  0.00
15  6  0.00
15  8  0.00
15  9  0.00
15  10  0.00
15  13  0.00
15  16  0.00
15  17  0.00
15  18  0.00
15  19  0.00
17  3  0.00
17  5  0.00
17  6  0.00
17  8  0.00
17  9  0.00
17  10  0.00
17  13  0.00
17  16  0.00
17  18  0.00
17  19  0.00
19  3  0.00
19  5  0.00
19  6  0.00
19  8  0.00
19  9  0.00
19  10  0.00
19  13  0.00
19  16  0.00
19  17  0.00
19  18  0.00
0  1  0.00
0  4  0.00
0  15  0.00
2  3  0.67
2  5  0.95
2  6  0.36
2  7  0.19
2  8  0.03
2  9  0.03
2  10  0.11
2  12  0.12
2  14  0.06
2  16  0.20
2  18  0.05
2  19  0.60
3  2  0.33
3  5  0.34
3  6  0.48
3  7  0.26
3  8  0.03
3  9  0.03
3  10  0.15
3  12  0.16
3  14  0.08
3  16  0.26
3  18  0.06
3  19  0.18
4  1  0.00
5  2  0.18
5  3  0.51
5  6  0.27
5  7  0.14
5  8  0.02
5  9  0.02
5  10  0.09
5  12  0.09
5  14  0.05
5  16  0.15
5  18  0.04
5  19  0.95
6  2  0.59
6  3  0.21
6  5  0.33
6  7  0.48
6  8  0.04
6  9  0.04
6  10  0.15
6  12  0.15
6  14  0.08
6  16  0.49
6  18  0.06
6  19  0.18
8  2  0.65
8  3  0.47
8  5  0.34
8  6  0.25
8  7  0.14
8  9  0.94
8  10  0.08
8  12  0.08
8  14  0.05
8  16  0.14
8  18  0.03
8  19  0.70
10  2  0.14
10  3  0.10
10  5  0.08
10  6  0.05
10  7  0.04
10  8  0.20
10  9  0.24
10  12  0.93
10  14  0.49
10  16  0.03
10  18  0.38
10  19  0.15
11  2  0.07
11  3  0.04
11  5  0.08
11  6  0.02
11  7  0.01
11  8  0.07
11  9  0.09
11  10  0.11
11  12  0.12
11  14  0.06
11  16  0.03
11  17  0.00
11  18  0.13
11  19  0.05
12  2  0.27
12  3  0.20
12  5  0.15
12  6  0.11
12  7  0.06
12  8  0.38
12  9  0.38
12  10  0.78
12  14  0.95
12  16  0.06
12  18  0.72
12  19  0.28
14  2  0.27
14  3  0.20
14  5  0.14
14  6  0.11
14  7  0.05
14  8  0.37
14  9  0.37
14  10  0.77
14  12  0.78
14  16  0.06
14  18  0.70
14  19  0.28
16  2  0.22
16  3  0.63
16  5  0.22
16  6  0.33
16  7  0.92
16  8  0.12
16  9  0.14
16  10  0.54
16  12  0.55
16  14  0.29
16  18  0.21
16  19  0.15
18  2  0.35
18  3  0.25
18  5  0.18
18  6  0.14
18  7  0.07
18  8  0.49
18  9  0.48
18  10  0.63
18  12  0.62
18  14  0.34
18  16  0.08
18  19  0.36
19  2  0.18
19  3  0.49
19  5  0.18
19  6  0.26
19  7  0.14
19  8  0.02
19  9  0.02
19  10  0.09
19  12  0.09
19  14  0.05
19  16  0.14
19  18  0.04
3  2  0.00
3  18  0.00
4  2  0.00
4  5  0.00
4  6  0.00
4  7  0.00
4  8  0.00
4  9  0.00
4  11  0.00
4  12  0.00
4  14  0.00
4  15  0.00
4  16  0.00
4  17  0.00
4  18  0.00
6  2  0.00
6  5  0.00
6  7  0.00
6  8  0.00
6  9  0.00
6  12  0.00
6  14  0.00
6  15  0.00
6  16  0.00
6  18  0.00
8  2  0.00
8  5  0.00
8  6  0.00
8  7  0.00
8  9  0.00
8  12  0.00
8  14  0.00
8  15  0.00
8  16  0.00
8  18  0.00
9  2  0.00
10  0  0.00
10  12  0.00
10  16  0.00
11  2  0.00
11  5  0.00
11  14  0.00
11  18  0.00
13  5  0.00
14  2  0.00
14  5  0.00
14  18  0.00
15  2  0.00
15  5  0.00
15  6  0.00
15  7  0.00
15  8  0.00
15  9  0.00
15  12  0.00
15  14  0.00
15  16  0.00
15  18  0.00
16  12  0.00
17  2  0.00
17  5  0.00
17  6  0.00
17  7  0.00
17  8  0.00
17  9  0.00
17  11  0.00
17  12  0.00
17  14  0.00
17  15  0.00
17  16  0.00
17  18  0.00
18  2  0.00
1  0  0.00
1  2  0.01
1  5  0.00
1  6  0.00
1  7  0.01
1  8  0.01
1  9  0.01
1  10  0.00
1  11  0.01
1  13  0.01
1  14  0.01
1  15  0.01
1  18  0.01
2  0  0.01
2  1  0.01
2  5  0.01
2  6  0.01
2  7  0.00
2  8  0.00
2  9  0.00
2  10  0.01
2  11  0.01
2  13  0.01
2  14  0.01
2  15  0.01
2  18  0.00
5  0  0.01
5  1  0.01
5  2  0.00
5  6  0.00
5  7  0.01
5  8  0.01
5  9  0.00
5  10  0.00
5  11  0.01
5  13  0.01
5  14  0.01
5  15  0.01
5  18  0.00
7  8  0.00
7  11  0.00
7  14  0.00
7  15  0.00
7  18  0.00
9  0  0.00
9  1  0.00
9  2  0.01
9  5  0.00
9  6  0.00
9  7  0.00
9  8  0.01
9  10  0.00
9  11  0.00
9  13  0.01
9  14  0.00
9  15  0.01
9  18  0.01
10  0  0.01
10  1  0.00
10  2  0.00
10  5  0.01
10  6  0.01
10  7  0.00
10  8  0.00
10  9  0.01
10  11  0.00
10  13  0.00
10  14  0.00
10  15  0.00
10  18  0.00
11  8  0.00
11  14  0.00
11  15  0.00
11  18  0.00
12  3  0.00
13  0  0.00
13  1  0.01
13  2  0.01
13  5  0.00
13  6  0.00
13  7  0.01
13  8  0.01
13  9  0.01
13  10  0.00
13  11  0.01
13  14  0.01
13  15  0.01
13  18  0.01
14  8  0.00
14  11  0.00
14  15  0.00
14  18  0.00
16  0  0.01
16  1  0.00
16  2  0.00
16  3  0.00
16  5  0.00
16  6  0.00
16  7  0.00
16  8  0.00
16  9  0.00
16  10  0.00
16  11  0.00
16  13  0.00
16  14  0.00
16  15  0.00
16  17  0.00
16  18  0.00
16  19  0.00
17  3  0.00
18  8  0.00
18  15  0.00
19  0  0.00
19  1  0.00
19  2  0.00
19  5  0.00
19  6  0.00
19  7  0.00
19  8  0.00
19  9  0.00
19  10  0.00
19  11  0.00
19  13  0.00
19  14  0.00
19  15  0.00
19  18  0.00
0  5  0.00
0  17  0.00
1  0  0.01
1  2  0.01
1  3  0.00
1  5  0.03
1  7  0.00
1  8  0.01
1  9  0.01
1  10  0.01
1  13  0.00
1  17  0.02
1  19  0.01
2  5  0.00
2  17  0.00
3  0  0.01
3  1  0.01
3  2  0.01
3  5  0.02
3  7  0.01
3  8  0.01
3  9  0.01
3  10  0.01
3  13  0.00
3  17  0.02
3  19  0.01
6  12  0.00
6  14  0.00
7  0  0.01
7  1  0.00
7  2  0.01
7  3  0.00
7  5  0.03
7  8  0.01
7  9  0.02
7  10  0.00
7  13  0.00
7  17  0.02
7  19  0.01
8  0  0.01
8  1  0.00
8  2  0.01
8  3  0.00
8  5  0.03
8  7  0.00
8  9  0.01
8  10  0.00
8  13  0.00
8  17  0.02
8  19  0.01
9  0  0.01
9  1  0.00
9  2  0.00
9  3  0.00
9  5  0.03
9  7  0.00
9  8  0.00
9  10  0.00
9  13  0.00
9  17  0.03
9  19  0.01
10  0  0.01
10  1  0.00
10  2  0.01
10  3  0.00
10  5  0.03
10  7  0.01
10  8  0.01
10  9  0.01
10  13  0.00
10  17  0.02
10  19  0.01
11  14  0.00
12  14  0.00
13  0  0.01
13  1  0.01
13  2  0.00
13  3  0.01
13  5  0.02
13  7  0.00
13  8  0.00
13  9  0.00
13  10  0.00
13  17  0.02
13  19  0.01
15  0  0.01
15  1  0.01
15  2  0.00
15  3  0.00
15  5  0.01
15  7  0.01
15  8  0.00
15  9  0.01
15  10  0.01
15  13  0.00
15  17  0.01
15  19  0.01
17  5  0.00
18  0  0.00
18  1  0.00
18  2  0.01
18  3  0.00
18  5  0.02
18  7  0.00
18  8  0.00
18  9  0.00
18  10  0.00
18  13  0.00
18  17  0.01
18  19  0.00
19  0  0.01
19  1  0.00
19  2  0.00
19  3  0.00
19  5  0.02
19  7  0.01
19  8  0.00
19  9  0.00
19  10  0.00
19  13  0.00
19  17  0.02
0  2  0.06
0  3  0.24
0  4  0.07
0  5  0.07
0  6  0.15
0  7  0.24
0  9  0.12
0  10  0.11
0  12  0.10
0  13  0.08
0  15  0.19
0  16  0.07
0  18  0.06
0  19  0.08
1  2  0.01
1  3  0.02
1  4  0.02
1  5  0.01
1  6  0.01
1  7  0.03
1  9  0.03
1  10  0.01
1  12  0.01
1  13  0.01
1  15  0.01
1  16  0.02
1  18  0.01
1  19  0.01
2  3  0.07
2  4  0.03
2  5  0.01
2  6  0.04
2  7  0.10
2  9  0.03
2  10  0.02
2  12  0.04
2  13  0.03
2  15  0.04
2  16  0.01
2  18  0.02
2  19  0.03
3  2  0.05
3  4  0.06
3  5  0.03
3  6  0.08
3  7  0.13
3  9  0.06
3  10  0.06
3  12  0.06
3  13  0.07
3  15  0.11
3  16  0.03
3  18  0.03
3  19  0.08
5  16  0.00
6  2  0.02
6  3  0.02
6  4  0.07
6  5  0.01
6  7  0.03
6  9  0.01
6  10  0.01
6  12  0.07
6  13  0.04
6  15  0.01
6  16  0.01
6  18  0.00
6  19  0.01
7  2  0.03
7  3  0.03
7  4  0.06
7  5  0.02
7  6  0.05
7  9  0.05
7  10  0.04
7  12  0.06
7  13  0.04
7  15  0.07
7  16  0.02
7  18  0.02
7  19  0.05
9  2  0.02
9  3  0.02
9  4  0.07
9  5  0.01
9  6  0.07
9  7  0.02
9  10  0.01
9  12  0.07
9  13  0.04
9  15  0.01
9  16  0.01
9  18  0.01
9  19  0.01
10  2  0.04
10  3  0.03
10  4  0.06
10  5  0.04
10  6  0.06
10  7  0.05
10  9  0.10
10  12  0.05
10  13  0.04
10  15  0.02
10  16  0.04
10  18  0.04
10  19  0.04
11  1  0.00
11  2  0.04
11  3  0.09
11  4  0.12
11  5  0.06
11  6  0.07
11  7  0.38
11  9  0.23
11  10  0.12
11  12  0.08
11  13  0.04
11  15  0.06
11  16  0.06
11  18  0.06
11  19  0.08
12  4  0.00
13  2  0.04
13  3  0.04
13  4  0.02
13  5  0.00
13  6  0.02
13  7  0.05
13  9  0.02
13  10  0.01
13  12  0.01
13  15  0.02
13  16  0.01
13  18  0.01
13  19  0.02
15  2  0.03
15  3  0.03
15  4  0.06
15  5  0.02
15  6  0.06
15  7  0.05
15  9  0.06
15  10  0.04
15  12  0.06
15  13  0.05
15  16  0.02
15  18  0.02
15  19  0.06
18  2  0.05
18  3  0.05
18  4  0.02
18  5  0.07
18  6  0.02
18  7  0.08
18  9  0.02
18  10  0.02
18  12  0.02
18  13  0.04
18  15  0.03
18  16  0.07
18  19  0.06
19  2  0.02
19  3  0.02
19  4  0.02
19  5  0.01
19  6  0.01
19  7  0.03
19  9  0.01
19  10  0.01
19  12  0.01
19  13  0.04
19  15  0.01
19  16  0.01
19  18  0.01
