#s  t   0.05          0.1           0.15          0.2           0.25          0.3           
0   1   -0.005910     0.005532      0.009121      -0.024493     -0.003841     -0.037399     
1   0   -0.000847     0.005305      0.001100      -0.011268     -0.024129     -0.015688     
1   1   0.003604      -0.006079     -0.003215     0.004408      0.001557      -0.032628     
1   3   -0.001963     0.000221      -0.004612     -0.005169     -0.022382     0.011617      
1   4   0.000325      -0.000022     0.001069      -0.001366     -0.002285     -0.000111     
1   5   0.000105      -0.000268     0.000938      -0.001521     -0.004249     0.002335      
1   6   0.000154      0.000276      0.000448      -0.001018     -0.001815     0.001638      
1   7   0.000026      0.000290      0.001207      -0.001427     -0.005044     0.003295      
1   8   0.000521      0.000774      0.000693      0.000490      -0.003610     0.001929      
1   17  0.000340      0.004910      0.001911      -0.014164     -0.015680     -0.003602     
1   22  0.000623      -0.002388     -0.000298     -0.007408     -0.004125     -0.006067     
1   24  -0.000319     -0.001229     -0.002984     0.001305      0.002074      -0.006673     
1   25  -0.002952     0.000275      -0.007595     -0.005947     -0.006263     -0.006441     
1   26  -0.000501     0.000317      -0.005038     -0.005051     -0.009754     -0.004920     
1   27  -0.000491     0.001799      -0.005783     -0.008575     -0.013074     0.000387      
1   42  -0.001470     -0.000617     -0.000739     -0.008756     -0.019507     0.009898      
1   43  0.000421      0.000334      0.003815      -0.013280     -0.008468     0.003008      
1   45  -0.000745     0.002204      -0.002906     -0.019968     -0.008090     0.018073      
1   46  -0.000780     0.002889      0.005136      -0.019705     -0.001875     0.007317      
1   47  -0.000243     -0.002742     -0.004425     -0.005817     0.002068      -0.018024     
1   53  -0.001475     -0.001750     0.010139      -0.017214     -0.019875     -0.043398     
1   54  -0.001162     -0.000489     -0.002618     0.000567      -0.006727     0.005238      
1   55  0.000574      -0.000821     0.001361      -0.008096     -0.004916     0.005302      
1   56  -0.001192     -0.002352     -0.004283     0.002061      0.000835      0.003881      
1   57  -0.000516     0.001665      -0.000337     -0.005246     -0.001593     0.002361      
1   58  -0.000197     -0.000821     -0.002934     -0.011686     -0.003883     0.001251      
1   60  -0.000602     -0.000190     -0.002387     -0.001106     -0.004094     -0.007626     
1   61  -0.000119     0.000283      -0.002959     -0.000712     -0.002370     0.002498      
1   79  -0.002024     0.005473      -0.010723     0.001635      -0.029317     -0.057179     
1   80  -0.002211     0.001747      0.010302      -0.000400     -0.015613     -0.050666     
1   81  -0.002567     0.004837      -0.011075     -0.021182     -0.007079     -0.041142     
1   82  -0.003787     -0.000980     0.005318      -0.026452     -0.048222     0.023645      
1   83  -0.004474     0.003827      0.001235      -0.022654     0.002093      -0.027284     
1   84  0.000108      -0.001910     0.010558      -0.002035     0.028874      -0.003496     
1   85  -0.000017     -0.000365     -0.001137     -0.001275     -0.020211     -0.002116     
1   87  0.000353      -0.000038     0.001168      -0.001212     -0.003570     0.000721      
2   0   -0.001258     0.005065      -0.016109     0.007614      -0.052791     0.050820      
2   1   0.006131      0.007727      0.001376      0.020765      0.019481      -0.030543     
2   3   -0.002126     -0.000536     -0.013206     0.005048      -0.029724     0.034702      
2   4   0.000348      -0.000203     0.000108      0.000025      -0.001628     0.001897      
2   5   0.000111      -0.000362     0.000105      -0.000275     -0.003889     0.003981      
2   6   0.000179      0.000277      -0.000412     0.000389      -0.001333     0.004431      
2   7   0.000042      0.000093      0.000306      -0.000562     -0.004713     0.004819      
2   8   0.000569      0.000588      -0.000121     0.001420      -0.003076     0.004370      
2   17  0.000314      0.004543      -0.009387     0.002183      -0.026215     0.041711      
2   22  0.000591      -0.002493     -0.004662     0.000638      -0.003999     0.009641      
2   24  -0.000407     -0.000838     -0.007165     0.004827      0.000420      0.009011      
2   25  -0.003341     -0.000813     -0.020809     0.008620      -0.017898     0.040052      
2   26  -0.000571     0.000230      -0.012224     0.004249      -0.015154     0.021414      
2   27  -0.000562     0.002138      -0.012182     -0.000799     -0.016072     0.023501      
2   42  -0.001752     -0.001549     -0.008167     0.000535      -0.023596     0.033753      
2   43  0.000376      0.000410      -0.003416     -0.005507     -0.014734     0.023927      
2   45  -0.000960     0.001871      -0.013637     -0.002647     -0.017151     0.052526      
2   46  -0.001092     0.002936      -0.006029     -0.006170     -0.020311     0.043111      
2   47  -0.000350     -0.003012     -0.012255     0.005126      -0.015556     0.021344      
2   53  -0.001727     -0.004395     -0.008622     -0.002977     -0.049557     0.027934      
2   54  -0.001282     0.000024      -0.007050     0.007032      -0.007396     0.022436      
2   55  0.000583      -0.000872     -0.002596     -0.002770     -0.008617     0.024705      
2   56  -0.001288     -0.002356     -0.008748     0.006566      -0.003515     0.018189      
2   57  -0.000657     0.001698      -0.003761     -0.000605     -0.004124     0.015698      
2   58  -0.000182     -0.001716     -0.007587     -0.005528     -0.006059     0.016155      
2   60  -0.000661     0.000148      -0.007907     0.005272      -0.009386     0.010757      
2   61  -0.000171     0.000092      -0.007344     0.004995      -0.004428     0.018308      
2   79  -0.002484     0.001182      -0.032815     0.015841      -0.049572     0.022657      
2   80  -0.002676     -0.002962     -0.010336     0.015604      -0.029386     0.022608      
2   81  -0.003266     0.004094      -0.024706     -0.000586     -0.032304     0.027696      
2   82  -0.004652     -0.002312     -0.010696     -0.010568     -0.069897     0.064184      
2   83  -0.005112     0.005134      -0.015562     -0.008298     -0.015291     0.026250      
2   84  -0.000385     -0.005352     -0.003814     0.013906      0.013972      0.039237      
2   85  -0.000487     -0.002823     -0.015782     0.012275      -0.037914     0.051760      
2   87  0.000395      -0.000102     0.000465      0.000081      -0.003073     0.003101      
3   3   -0.006374     0.012039      -0.003638     -0.009357     0.010560      0.027426      
3   4   -0.002764     0.009714      0.000819      -0.001289     0.002747      0.000321      
3   5   -0.004615     0.004774      0.005986      -0.009973     -0.020693     0.039596      
3   6   -0.004011     0.012115      -0.009350     -0.001002     0.000695      0.038310      
3   7   -0.006511     0.010557      0.004672      -0.024312     -0.026864     0.048284      
3   8   0.000410      0.017771      -0.003915     0.006682      -0.008324     0.041232      
3   17  -0.000640     0.012342      0.017568      0.030242      -0.015790     0.034773      
3   22  -0.003537     0.007496      0.011404      0.001223      0.006058      -0.022454     
3   24  -0.000742     0.003609      0.000249      0.012058      0.025315      0.003956      
3   25  -0.001690     0.014916      -0.006143     0.003223      0.007431      0.035538      
3   26  -0.000714     0.014998      0.001604      0.010474      0.017980      0.034855      
3   27  -0.000568     0.018540      -0.000008     -0.003054     0.007938      0.047967      
3   42  0.000941      0.013863      0.002508      0.000247      0.018992      0.017855      
3   43  0.003129      0.013372      0.006340      -0.003609     0.018759      0.013206      
3   45  0.003526      0.022893      -0.000235     -0.002808     0.040575      0.036430      
3   46  0.001295      0.010684      -0.006369     0.005200      0.016361      0.036846      
3   53  -0.000341     0.005698      0.007857      -0.004703     -0.001153     0.015463      
3   54  -0.003401     0.007764      0.000704      0.018988      0.009544      0.042975      
3   55  0.002219      0.005970      0.013475      -0.007951     0.013398      0.032684      
3   56  -0.003375     0.003379      -0.003854     0.015590      0.021374      0.035739      
3   57  -0.001228     0.012640      0.009736      -0.004742     0.020640      0.023154      
3   58  0.000240      0.005701      0.004767      -0.021564     0.010777      0.037870      
3   60  -0.001050     0.012336      0.000994      0.013865      0.008010      0.025522      
3   61  0.000177      0.012759      0.003148      0.010352      0.020785      0.023504      
3   87  -0.000780     0.006643      0.005150      -0.005388     -0.026535     0.011688      
4   3   -0.004696     0.008206      0.000452      0.001198      0.032540      -0.000429     
4   4   -0.001387     0.007446      0.004583      0.005441      0.016470      -0.021558     
4   5   -0.004306     0.003114      0.009469      -0.007882     -0.014669     0.040874      
4   6   -0.003272     0.011686      -0.009533     0.006631      0.009781      0.032355      
4   7   -0.006469     0.009273      0.008289      -0.024256     -0.020989     0.047028      
4   8   0.002612      0.019663      -0.002770     0.016223      0.000981      0.036882      
4   17  0.003759      0.008059      0.029357      0.052253      0.003416      0.011763      
4   22  -0.000189     0.003937      0.019909      0.006429      0.010624      -0.032344     
4   24  0.000755      0.002449      0.003048      0.021066      0.033728      -0.013991     
4   25  0.001999      0.009873      -0.010762     0.008218      0.008609      0.000284      
4   26  0.002515      0.015001      0.008323      0.024442      0.032360      0.009790      
4   27  0.002404      0.020484      0.005050      0.006489      0.020387      0.032431      
4   42  0.002823      0.016208      0.005382      0.006654      0.028568      0.012744      
4   43  0.005563      0.015836      0.010646      0.001068      0.030501      0.007046      
4   45  0.006787      0.027188      0.003953      0.004098      0.056805      0.028647      
4   46  0.003792      0.010922      -0.004414     0.011809      0.028336      0.028908      
4   53  0.001453      0.004617      0.014129      -0.001615     0.001545      -0.001996     
4   54  -0.002482     0.007234      0.004595      0.029954      0.018202      0.039593      
4   55  0.005316      0.004181      0.020847      -0.000508     0.027168      0.022120      
4   56  -0.002460     0.000991      -0.002610     0.027437      0.035578      0.033055      
4   57  0.000350      0.014351      0.016104      -0.000326     0.031259      0.013319      
4   58  0.002283      0.004163      0.007390      -0.020071     0.021500      0.030071      
4   60  0.000884      0.012160      0.004921      0.026032      0.014232      0.010676      
4   61  0.002361      0.012773      0.006158      0.021454      0.030770      0.010021      
4   87  0.000690      0.005412      0.007959      -0.001859     -0.021501     -0.002461     
5   3   0.001896      0.010214      -0.013791     0.016005      0.012564      -0.020435     
5   4   0.001887      0.001611      0.001767      0.006168      0.015638      -0.018079     
5   5   0.000029      -0.000560     0.003070      0.000432      0.004985      0.019145      
5   6   0.000857      0.003037      -0.003420     0.005509      0.015671      0.010549      
5   7   -0.000395     0.002255      0.002522      -0.003588     0.003539      0.012037      
5   8   0.003209      0.006138      -0.000510     0.009583      0.012574      0.008426      
5   17  0.007979      0.007638      0.017201      0.015788      0.019406      -0.031245     
5   22  0.002932      -0.000440     0.007093      0.004313      0.016332      -0.019657     
5   24  -0.005009     -0.024909     0.017198      0.039960      0.043482      -0.059516     
5   25  0.001369      -0.002112     -0.009750     -0.010294     -0.010821     -0.030683     
5   26  0.002667      -0.012559     0.000166      0.024019      0.007414      -0.026938     
5   27  -0.000086     -0.001188     -0.016302     -0.008268     -0.015219     0.025164      
5   42  0.004539      0.012933      0.000104      0.005849      0.017197      -0.009563     
5   43  0.009984      0.015793      0.008462      -0.006504     0.027464      -0.023803     
5   45  0.011633      0.029730      -0.005620     -0.004173     0.067447      -0.001079     
5   46  0.005594      -0.001079     -0.028518     -0.000452     0.019637      -0.002633     
5   53  0.002010      -0.013052     0.014307      -0.014772     -0.026638     -0.037642     
5   54  -0.005300     -0.008540     -0.000860     0.039325      0.009216      0.051749      
5   55  0.009023      -0.016834     0.026383      -0.014103     0.007568      0.011927      
5   56  -0.005405     -0.023868     -0.019566     0.041505      0.041813      0.013241      
5   57  -0.000544     0.004918      0.013900      -0.020198     0.033552      -0.000270     
5   58  0.003132      -0.015836     -0.002068     -0.050252     0.000040      0.030256      
5   60  0.000650      -0.003699     -0.006337     0.035699      0.002441      -0.019377     
5   61  0.003849      -0.002381     -0.007436     0.026027      0.035139      -0.016781     
5   87  0.002093      0.001376      0.002611      0.003072      0.000043      -0.002442     
6   48  0.008707      0.004291      -0.020678     0.014974      -0.016532     0.021548      
6   49  -0.007460     0.003154      -0.022251     -0.032564     0.038813      0.026608      
6   50  -0.002398     -0.029086     0.002741      -0.050263     0.024394      0.009585      
6   51  -0.001023     -0.010886     -0.002524     0.006495      -0.016527     0.057576      
7   52  -0.009884     0.008036      0.003301      0.022631      -0.035276     -0.062467     
8   0   -0.001372     -0.002830     0.006076      0.024232      -0.048124     0.006273      
8   1   0.004006      -0.005029     0.017975      0.029603      0.032087      -0.034537     
8   3   -0.006269     0.006874      -0.021014     0.020515      -0.058100     -0.003752     
8   4   0.000397      0.001041      -0.000186     0.004552      -0.000229     -0.002841     
8   5   -0.000325     0.000397      0.000410      0.002505      -0.005842     0.011860      
8   6   -0.000073     0.002077      -0.003505     0.004782      0.000513      0.003573      
8   7   -0.000634     0.001828      0.000171      0.000608      -0.007519     0.009079      
8   8   0.001076      0.003519      -0.001870     0.006434      -0.002626     0.008997      
8   17  0.000889      0.007262      0.009493      0.009529      -0.034724     -0.020887     
8   22  0.000695      -0.002406     0.001387      0.003854      -0.003425     -0.004312     
8   24  -0.001496     -0.000557     -0.011028     0.018617      0.009975      -0.033281     
8   25  -0.002128     0.001653      -0.021901     0.016879      -0.011132     -0.012347     
8   26  -0.002469     0.004436      -0.018123     0.023693      -0.019726     -0.032055     
8   27  -0.002281     0.009380      -0.020981     0.014344      -0.025528     -0.013601     
8   28  0.008647      0.007174      -0.000316     -0.012543     0.020287      0.028740      
8   29  0.010416      0.014065      0.034581      -0.005521     0.057534      0.031759      
8   30  0.006659      0.007439      -0.001145     -0.023971     -0.028403     -0.030164     
8   31  0.013918      0.010948      0.005472      -0.017006     -0.005695     0.006811      
8   32  0.005125      0.000780      0.009996      -0.016888     -0.008091     -0.037540     
8   33  0.002532      -0.006672     0.010011      -0.007062     -0.001019     0.014210      
8   34  0.009481      0.004026      0.004245      -0.026038     0.010378      -0.024430     
8   35  0.006565      0.017204      0.020061      -0.000017     0.036183      0.051405      
8   36  0.009354      0.019689      0.027597      -0.001163     0.050676      0.056401      
8   37  0.005117      -0.001466     0.013983      -0.014513     -0.002826     -0.023565     
8   38  0.005036      -0.007830     -0.000713     -0.024076     -0.004127     0.001126      
8   39  0.012787      -0.009664     0.003409      -0.010767     -0.013088     -0.021447     
8   40  0.004802      -0.006201     0.007836      -0.010363     -0.006118     -0.022279     
8   41  0.013782      0.006178      0.006005      -0.041185     0.001390      -0.002753     
8   42  -0.005180     0.003710      -0.004150     0.009167      -0.042957     0.002835      
8   43  0.001562      0.007251      0.007099      -0.007879     -0.016415     -0.018274     
8   45  -0.001778     0.016756      -0.012708     0.001173      -0.001770     0.006956      
8   46  -0.001294     0.004290      -0.009385     0.005890      -0.014557     0.010890      
8   47  -0.000613     -0.006472     -0.003723     0.009880      -0.013785     0.000118      
8   53  -0.002611     -0.007865     0.007360      0.010618      -0.035669     -0.022200     
8   54  -0.004276     0.002231      -0.009225     0.022143      -0.015471     0.008677      
8   55  0.000808      0.000203      0.001837      0.004434      -0.015661     0.004570      
8   56  -0.003995     -0.003886     -0.016505     0.026257      0.002391      0.007226      
8   57  -0.002465     0.006520      -0.002335     -0.001034     0.001482      -0.007850     
8   58  -0.001121     -0.001132     -0.009135     -0.008140     -0.010862     -0.002621     
8   60  -0.002123     0.004117      -0.012582     0.023314      -0.011470     -0.022885     
8   61  -0.001035     0.003340      -0.009929     0.021646      0.003529      -0.006972     
8   62  0.010151      -0.010756     -0.023201     0.011488      -0.032269     0.001780      
8   64  -0.000106     -0.011121     -0.019978     0.025930      0.037956      -0.073119     
8   65  0.000276      0.002195      0.009981      0.014356      0.022166      0.022581      
8   66  0.000202      -0.026662     -0.009859     0.056097      0.031491      -0.015881     
8   67  0.008040      0.011720      0.020653      0.049209      -0.039323     0.026171      
8   68  -0.002078     -0.000522     -0.023999     0.028248      -0.023450     0.083542      
8   69  0.005583      -0.002752     0.023006      0.000001      -0.010722     0.036480      
8   79  -0.002637     -0.006421     -0.007389     0.027945      -0.040100     -0.014187     
8   80  -0.002331     -0.008441     0.011347      0.027320      -0.029939     -0.022171     
8   81  -0.003320     -0.002897     -0.007835     0.010483      -0.024616     -0.008953     
8   82  -0.004343     -0.009413     0.007193      -0.003846     -0.046745     0.044342      
8   83  -0.004877     -0.001869     0.004825      0.005021      -0.005276     -0.006588     
8   84  -0.000197     -0.010576     0.011370      0.023033      0.016763      0.016832      
8   85  -0.000698     -0.010549     0.000497      0.012153      -0.030529     0.010718      
8   87  0.000628      0.001015      -0.000150     0.003238      -0.007884     0.001387      
