#s  t   0.05          0.1           0.15          0.2           0.25          0.3           
0   1   0.004679      -0.008013     0.008804      0.028115      -0.040090     -0.033758     
1   0   0.002070      -0.003413     -0.005232     0.006006      -0.014732     -0.008541     
1   1   -0.000027     0.001270      -0.008584     0.012151      0.008984      0.026860      
1   3   0.000406      -0.000588     -0.002153     0.005312      -0.009571     -0.004009     
1   4   0.000006      -0.000581     -0.000325     0.001920      0.001082      0.002935      
1   5   0.000198      -0.001079     -0.000136     0.002724      0.001929      0.002606      
1   6   0.000077      -0.000522     -0.000284     0.001720      0.001590      0.001275      
1   7   0.000156      -0.000677     -0.000395     0.001672      0.001587      0.001357      
1   8   0.000201      -0.000351     -0.000224     0.002178      0.002297      0.003087      
1   17  0.001730      -0.003195     0.002129      -0.011075     -0.018679     0.007305      
1   22  -0.001379     -0.000849     0.001198      0.002873      0.000598      0.008455      
1   24  0.000322      0.001308      -0.000986     -0.004073     -0.000373     0.015078      
1   25  -0.000115     0.001377      0.005619      -0.000095     -0.012214     0.007518      
1   26  0.001308      0.003330      -0.003410     -0.006640     -0.008525     0.004927      
1   27  -0.000694     0.003557      -0.004807     -0.000456     -0.005690     0.011394      
1   28  0.000639      0.000077      0.000521      0.005643      -0.010348     0.005256      
1   29  0.000938      0.000351      0.005415      0.008632      -0.003270     0.015689      
1   30  0.000602      0.000436      0.003635      0.003680      -0.003532     0.004445      
1   31  0.000784      -0.001079     0.003792      0.007332      -0.008943     0.008923      
1   32  0.000305      -0.001435     -0.000158     0.004854      -0.005287     0.001820      
1   33  0.000308      -0.000242     0.002474      0.001746      -0.006455     0.000749      
1   34  0.000437      -0.000228     0.003422      0.001938      -0.009970     0.000352      
1   35  0.000847      0.001241      0.004913      0.008575      -0.001366     0.009032      
1   36  0.000564      0.001416      0.006663      0.010107      0.000481      0.013659      
1   37  0.000574      -0.001155     0.002135      0.005083      -0.009591     0.003560      
1   38  0.000446      -0.000559     0.000880      0.001429      -0.002322     0.000835      
1   39  0.000691      -0.000304     0.000728      0.001752      -0.008827     -0.002784     
1   40  0.000209      -0.000026     0.003926      0.002726      -0.007567     -0.000067     
1   41  -0.000240     -0.001178     0.004519      0.005141      -0.005806     0.008110      
1   42  0.002243      0.004769      0.003987      0.006578      -0.008437     -0.026776     
1   43  0.000523      0.004365      -0.009143     0.006757      -0.021606     -0.013448     
1   45  -0.001035     0.006103      -0.003044     -0.004198     -0.002496     0.001048      
1   46  0.002183      -0.000861     -0.000604     -0.006745     -0.015852     -0.002264     
1   47  0.001616      0.002902      0.005146      0.000300      -0.015614     0.000583      
1   53  0.002992      0.001386      -0.008471     0.004579      -0.014227     -0.036241     
1   54  0.000010      -0.000097     -0.002536     -0.009470     -0.008738     0.002305      
1   55  0.001869      0.004873      0.000987      -0.004184     -0.001472     0.006966      
1   56  -0.000001     -0.001080     0.000209      -0.003141     -0.004885     0.009041      
1   57  -0.000029     0.003587      -0.000474     -0.005182     -0.003514     -0.000108     
1   58  0.000600      0.000765      -0.000494     0.001761      -0.004930     0.007770      
1   60  0.000460      0.002247      0.003552      -0.006134     -0.006446     0.001106      
1   61  0.000231      0.002592      -0.004168     -0.002873     -0.015869     0.004383      
1   62  0.002605      -0.000613     -0.001299     0.002438      -0.003940     0.006742      
1   64  0.000018      0.006219      0.002309      0.004998      0.007425      -0.001327     
1   65  0.002400      -0.001893     0.002013      0.002144      -0.010650     0.016980      
1   66  -0.001016     0.002401      -0.004643     0.005269      -0.002712     -0.006618     
1   67  0.001451      0.003272      0.000441      0.007654      0.010126      0.017529      
1   68  -0.000429     0.003071      -0.004806     -0.000827     -0.008668     0.001600      
1   69  -0.000140     0.003625      -0.007602     0.000352      0.000919      -0.007915     
1   79  0.001185      -0.005822     -0.008857     0.008371      0.012075      -0.020727     
1   80  0.003713      -0.000428     -0.015785     -0.004207     -0.001935     0.001296      
1   81  0.001209      -0.001524     -0.004762     0.017596      -0.006223     -0.037164     
1   82  0.000349      -0.008727     0.004392      -0.019358     -0.004635     -0.000902     
1   83  -0.000197     -0.002884     0.000237      0.013386      -0.005237     -0.000929     
1   84  -0.000090     -0.000139     0.009053      -0.010737     0.011806      -0.019215     
1   85  0.000790      -0.007290     -0.020078     0.025144      0.000236      -0.001590     
1   87  0.000133      -0.000409     -0.000333     0.001819      0.001887      0.001211      
2   0   -0.000578     -0.002043     0.009943      -0.006103     -0.019883     0.003493      
2   1   -0.001654     0.012907      -0.023043     -0.003789     0.009375      0.021228      
2   3   -0.000245     -0.000051     0.000418      0.005131      -0.012977     0.001514      
2   4   -0.000048     -0.000536     -0.000097     0.001521      0.001321      0.002244      
2   5   0.000160      -0.001079     0.000050      0.002218      0.002085      0.002104      
2   6   0.000031      -0.000491     -0.000287     0.001201      0.001859      0.001138      
2   7   0.000100      -0.000651     -0.000361     0.001138      0.001590      0.001515      
2   8   0.000143      -0.000313     0.000113      0.001761      0.002181      0.002718      
2   17  0.000137      -0.002831     0.008855      -0.011229     -0.021120     0.018461      
2   22  -0.001801     -0.000044     0.002399      0.001525      0.003000      0.007208      
2   24  -0.000008     0.001181      -0.000118     -0.006484     -0.000714     0.014971      
2   25  -0.001450     0.001878      0.009412      -0.004953     -0.012451     0.014412      
2   26  0.000535      0.003459      -0.000509     -0.009202     -0.009383     0.017496      
2   27  -0.001522     0.003847      -0.001897     -0.002649     -0.005903     0.017091      
2   28  0.000313      0.000489      0.001914      0.003990      -0.010959     0.017673      
2   29  0.000666      0.001067      0.008305      0.007933      -0.003791     0.026564      
2   30  0.000354      0.000760      0.005850      0.002427      -0.004321     0.013254      
2   31  0.000463      -0.000596     0.005622      0.007397      -0.010269     0.020530      
2   32  0.000104      -0.001277     0.001803      0.004571      -0.006754     0.009505      
2   33  0.000235      -0.000139     0.003037      0.000869      -0.008221     0.004825      
2   34  0.000195      0.000195      0.006070      0.000714      -0.010169     0.012374      
2   35  0.000682      0.002009      0.007356      0.008082      -0.003523     0.022150      
2   36  0.000220      0.002053      0.009344      0.010504      0.000494      0.025847      
2   37  0.000434      -0.000374     0.003510      0.004579      -0.009962     0.012457      
2   38  0.000327      -0.000310     0.001618      0.000315      -0.004456     0.007321      
2   39  0.000567      0.000360      0.002442      0.000799      -0.011647     0.007558      
2   40  0.000062      -0.000237     0.005133      0.003459      -0.009179     0.006367      
2   41  -0.000590     -0.000889     0.006156      0.003990      -0.008340     0.020784      
2   42  0.001605      0.005961      0.008344      0.002525      -0.006756     -0.012260     
2   43  -0.000564     0.005268      -0.002623     0.006198      -0.025925     -0.001830     
2   45  -0.002557     0.006530      0.002750      -0.003141     -0.001976     0.009049      
2   46  0.000967      -0.001687     0.009183      -0.011353     -0.023759     0.011565      
2   47  0.000680      0.003319      0.014479      -0.006941     -0.026339     -0.001742     
2   53  0.000204      0.002031      -0.003971     -0.012908     -0.021775     -0.018774     
2   54  -0.000244     0.000718      -0.001052     -0.011244     -0.010833     0.010276      
2   55  0.001437      0.004879      0.003020      -0.003416     -0.001145     0.009113      
2   56  -0.000624     -0.000925     0.003051      -0.004766     -0.005030     0.018007      
2   57  -0.000616     0.003757      0.001857      -0.006532     -0.007367     0.006345      
2   58  -0.000082     0.000459      0.001138      -0.000438     -0.008147     0.013631      
2   60  -0.000006     0.002743      0.004984      -0.007235     -0.006417     0.006050      
2   61  -0.000166     0.002722      -0.001023     -0.005106     -0.017093     0.007786      
2   62  0.002340      -0.000555     0.001085      0.000519      -0.007404     0.018392      
2   64  -0.000188     0.007254      0.002452      0.005711      0.006139      0.008947      
2   65  0.001897      -0.001426     0.005938      -0.000264     -0.010631     0.026507      
2   66  -0.001425     0.003015      0.000650      0.005339      -0.006388     0.011838      
2   67  0.000884      0.004940      0.002700      0.006539      0.009808      0.022965      
2   68  -0.000582     0.003552      -0.002945     -0.000265     -0.012721     0.007053      
2   69  -0.000659     0.005104      -0.004936     -0.002260     -0.000902     0.005817      
2   79  -0.001838     -0.006517     0.001898      -0.003132     0.009931      -0.018599     
2   80  0.001195      -0.002254     -0.008961     -0.020980     -0.004975     0.028644      
2   81  -0.001596     -0.003345     0.003300      0.007530      -0.011865     -0.024172     
2   82  -0.001216     -0.010276     0.011067      -0.035570     -0.000203     0.010270      
2   83  -0.001730     -0.003592     0.006608      0.002732      -0.010559     0.020684      
2   84  -0.001938     0.000781      0.013868      -0.016824     0.005902      -0.017540     
2   85  -0.001510     -0.009111     -0.015714     0.015023      -0.008783     0.016133      
2   87  0.000107      -0.000327     -0.000221     0.001330      0.001910      0.001003      
3   3   0.003481      -0.017486     -0.002360     0.016665      -0.023160     -0.008948     
3   4   0.001540      -0.005185     -0.027468     0.006232      -0.031738     0.015525      
3   5   0.006621      -0.016904     -0.016704     0.028081      -0.008137     0.005719      
3   6   0.003138      -0.006321     -0.020281     0.010573      0.007807      -0.018373     
3   7   0.005250      -0.008600     -0.024652     0.015093      0.000197      -0.006654     
3   8   0.006329      0.000564      -0.022549     0.024631      -0.001051     0.027897      
3   17  -0.003333     -0.014427     -0.016662     -0.027044     -0.003952     -0.013347     
3   22  -0.009058     0.002854      -0.006538     0.025841      -0.015717     0.033268      
3   24  0.001413      -0.007643     0.001437      0.002350      -0.009662     0.014821      
3   25  -0.002981     -0.005000     0.013867      0.004247      -0.039668     -0.031950     
3   26  0.004903      -0.015358     0.002128      0.013521      -0.045343     -0.023182     
3   27  -0.001055     -0.011702     -0.001927     0.022130      -0.039376     -0.011819     
3   42  0.003762      -0.007627     0.010610      0.009053      -0.021256     -0.015737     
3   43  0.001886      -0.008304     0.000818      0.010824      -0.041030     -0.008230     
3   45  0.001131      -0.013352     0.008192      0.003780      -0.029326     -0.001459     
3   46  0.001666      -0.013667     0.001518      0.020279      -0.031519     -0.010603     
3   53  0.003427      -0.018448     0.010025      0.013809      -0.028513     -0.017086     
3   54  0.000851      -0.015544     0.001198      -0.002656     -0.044295     -0.014211     
3   55  0.006377      -0.002251     0.014475      0.011736      -0.017491     -0.012288     
3   56  0.000422      -0.020722     0.009311      0.006319      -0.016690     0.013653      
3   57  0.000585      -0.005900     0.007168      0.000671      -0.028382     -0.031176     
3   58  0.002315      -0.013688     0.004166      0.011026      -0.029813     0.005673      
3   60  0.001919      -0.006770     0.016987      -0.000996     -0.034896     -0.009754     
3   61  0.001653      -0.009980     -0.000814     0.017189      -0.056144     -0.023440     
3   87  0.004840      -0.002379     -0.024243     0.018769      -0.009869     -0.015541     
4   3   0.007160      -0.018159     0.003970      0.019511      -0.020207     -0.008830     
4   4   0.003974      -0.003847     -0.032392     0.003656      -0.036894     0.021230      
4   5   0.010893      -0.019282     -0.017454     0.032152      -0.008080     0.013981      
4   6   0.005797      -0.005607     -0.023906     0.010802      0.015560      -0.021311     
4   7   0.008720      -0.008018     -0.026679     0.014193      0.006411      0.001295      
4   8   0.010114      0.003690      -0.026526     0.027320      0.004202      0.039642      
4   17  -0.001045     -0.012229     -0.014443     -0.047841     -0.010128     -0.007108     
4   22  -0.007137     0.002578      -0.002615     0.017503      -0.008073     0.021531      
4   24  0.003097      -0.007617     0.005386      -0.001581     -0.008159     0.021736      
4   25  -0.004740     -0.006028     0.021131      -0.005019     -0.042350     -0.020805     
4   26  0.008870      -0.014889     0.011391      0.015563      -0.051204     -0.024624     
4   27  0.000918      -0.010821     0.005411      0.028488      -0.045606     -0.010324     
4   42  0.005967      -0.007591     0.017309      0.012004      -0.024286     -0.025200     
4   43  0.003602      -0.008501     0.005575      0.015279      -0.050523     -0.013569     
4   45  0.003043      -0.014132     0.016061      0.007637      -0.033645     -0.003695     
4   46  0.003728      -0.015275     0.004786      0.026458      -0.033231     -0.014217     
4   53  0.006418      -0.019823     0.018974      0.017838      -0.035786     -0.016439     
4   54  0.002708      -0.017454     0.005870      -0.005082     -0.052680     -0.020850     
4   55  0.010020      0.000358      0.024487      0.012761      -0.013661     -0.015855     
4   56  0.002123      -0.023055     0.017175      0.006812      -0.021790     0.017827      
4   57  0.002367      -0.003944     0.013347      -0.000291     -0.028933     -0.039602     
4   58  0.004527      -0.014473     0.010384      0.015620      -0.033206     0.009301      
4   60  0.003813      -0.005564     0.025569      -0.002503     -0.035794     -0.015090     
4   61  0.003805      -0.010541     0.004201      0.020346      -0.069568     -0.034832     
4   87  0.007955      -0.000286     -0.027600     0.019751      -0.006492     -0.013559     
5   3   0.003391      -0.015884     0.015159      0.020949      -0.029849     0.006014      
5   4   0.002673      -0.002033     -0.003234     0.002010      -0.016895     0.023192      
5   5   0.005438      -0.008915     0.002463      0.009815      -0.005294     0.015014      
5   6   0.003135      -0.002694     -0.002375     0.004089      0.004051      0.005359      
5   7   0.004192      -0.003900     -0.003257     0.003326      0.000243      0.015656      
5   8   0.004813      0.000635      -0.001610     0.008914      -0.001308     0.026376      
5   17  0.002503      -0.006961     0.011364      -0.026033     -0.006210     0.025347      
5   22  -0.001776     -0.000743     0.008295      0.002911      -0.005588     0.025219      
5   24  0.005194      -0.003216     0.001602      -0.013806     0.029198      0.086087      
5   25  -0.004650     -0.002606     0.023361      0.010016      0.029392      -0.001804     
5   26  0.009676      -0.000115     -0.010971     -0.000959     -0.011530     0.017872      
5   27  -0.007868     0.008970      -0.000983     0.037739      0.004830      0.013477      
5   42  0.006546      -0.001455     0.029295      0.010915      -0.011320     -0.021893     
5   43  0.001610      -0.002861     0.005142      0.015560      -0.064207     0.005486      
5   45  -0.002285     -0.007297     0.022997      -0.002717     -0.011220     0.038514      
5   46  -0.000087     -0.010549     0.005852      0.026768      -0.006956     0.018122      
5   53  0.003126      -0.012727     0.027769      0.002661      0.001834      0.005925      
5   54  -0.002526     -0.013679     0.002360      -0.042099     -0.047898     0.000107      
5   55  0.011097      0.022057      0.034537      -0.002521     0.033447      0.003304      
5   56  -0.004143     -0.026015     0.025708      -0.002430     0.006961      0.059440      
5   57  -0.003509     0.012171      0.022014      -0.014002     -0.001135     -0.028853     
5   58  0.000893      -0.011323     0.012828      0.013056      -0.007558     0.046322      
5   60  0.000407      0.003783      0.044638      -0.025979     -0.008446     -0.032057     
5   61  -0.000914     0.002708      -0.002429     0.002490      -0.073458     -0.007595     
5   87  0.004050      -0.001158     -0.002880     0.008389      -0.006827     0.006966      
6   48  -0.000282     0.023049      0.031376      0.016305      -0.017497     -0.056160     
6   49  -0.002648     0.005730      0.003356      -0.014339     -0.021796     -0.025469     
6   50  -0.005086     0.017569      -0.003197     0.009959      0.048772      0.073696      
6   51  -0.013744     0.001118      0.010761      0.030564      0.030761      -0.051452     
7   52  0.000458      0.000316      0.000342      0.006163      0.011316      -0.034919     
8   0   0.003401      -0.002869     0.013195      0.009679      -0.026088     0.031438      
8   1   -0.003058     -0.014829     0.021028      0.033505      0.026127      0.015290      
8   3   0.001001      -0.011823     0.006623      0.019989      -0.017452     -0.033848     
8   4   0.000973      -0.000836     -0.001315     -0.000236     -0.008358     0.011841      
8   5   0.001978      -0.003461     0.000465      0.002935      -0.003742     0.012105      
8   6   0.001179      -0.001043     -0.000977     0.001081      0.001129      0.006442      
8   7   0.001514      -0.001430     -0.001770     0.000492      -0.001524     0.008993      
8   8   0.001748      -0.000025     -0.000447     0.002221      -0.001509     0.013517      
8   17  0.003512      -0.005190     0.013575      -0.011320     -0.020967     0.010288      
8   22  -0.001393     -0.001501     0.003674      0.001033      -0.003381     0.012384      
8   24  0.000708      -0.000970     0.001853      -0.009913     -0.000410     0.032495      
8   25  -0.002437     -0.004525     0.013761      -0.004217     -0.015325     0.018783      
8   26  0.002912      0.000623      0.002030      -0.015008     -0.020532     0.012717      
8   27  -0.001833     0.001637      -0.001836     0.001253      -0.010179     0.019148      
8   28  -0.000446     -0.009936     0.018769      0.024360      -0.048165     0.042237      
8   29  0.001149      -0.008135     0.046823      0.048082      -0.007128     0.087417      
8   30  0.000074      -0.005875     0.033992      0.009949      -0.025865     0.011776      
8   31  0.000324      -0.017259     0.032636      0.036991      -0.047595     0.067528      
8   32  -0.000634     -0.017373     0.008357      0.018929      -0.026449     -0.000499     
8   33  0.000659      -0.006257     0.023921      0.011655      -0.041020     -0.006932     
8   34  -0.000765     -0.010753     0.031875      -0.000976     -0.059064     0.008877      
8   35  0.001389      -0.001865     0.044530      0.044927      -0.000909     0.055032      
8   36  -0.001385     -0.002192     0.056277      0.061144      0.012907      0.092367      
8   37  0.000420      -0.013027     0.022235      0.020267      -0.042840     0.025523      
8   38  0.000888      -0.009106     0.008829      0.008964      -0.012780     0.000695      
8   39  0.001706      -0.007458     0.011227      0.003999      -0.045496     -0.013062     
8   40  -0.000764     -0.006585     0.026716      0.018891      -0.043244     0.001592      
8   41  -0.005257     -0.017614     0.038089      0.024362      -0.023580     0.054834      
8   42  0.005415      0.001734      0.026199      0.020092      -0.005191     -0.067448     
8   43  0.000556      -0.000992     -0.000230     0.025645      -0.047132     -0.029813     
8   45  -0.003298     -0.003393     0.017385      0.005382      0.016101      -0.012080     
8   46  0.002766      -0.003569     0.010294      -0.002668     -0.024431     0.027682      
8   47  0.002253      0.003198      0.012322      0.001631      -0.023678     0.014816      
8   53  0.004826      -0.003797     0.006928      -0.004958     -0.025552     0.018222      
8   54  0.000003      -0.004653     0.000110      -0.020889     -0.020809     0.006064      
8   55  0.004448      0.007512      0.010266      -0.007367     0.002690      0.009280      
8   56  -0.000266     -0.007706     0.007744      -0.007500     -0.006486     0.027098      
8   57  -0.000196     0.004087      0.004747      -0.011596     -0.012632     -0.003190     
8   58  0.000878      -0.003233     0.002823      0.002938      -0.008156     0.018702      
8   60  0.000960      0.001744      0.012676      -0.013465     -0.012573     -0.006819     
8   61  0.000570      0.001459      -0.001831     -0.007775     -0.031158     0.006356      
8   62  0.009647      -0.022065     0.009614      0.011182      -0.031353     0.017387      
8   64  -0.003821     0.032802      0.013107      0.021598      0.066090      -0.039998     
8   65  0.007962      -0.025463     0.022978      0.003572      -0.054548     0.055584      
8   66  -0.012310     0.001464      -0.001265     0.024800      -0.024578     -0.015015     
8   67  0.002490      0.012351      0.015128      0.045320      0.058619      0.078083      
8   68  -0.006165     0.009429      -0.012319     0.014340      -0.030458     -0.008100     
8   69  -0.007609     0.014132      -0.033595     -0.019099     -0.006977     -0.062988     
8   79  0.002480      -0.006264     0.008112      0.008633      0.003419      0.025091      
8   80  0.005213      -0.001825     0.002184      -0.000236     -0.026466     0.047555      
8   81  0.001924      -0.002814     0.007732      0.021282      -0.017975     0.003566      
8   82  0.001275      -0.009298     0.012968      -0.020205     -0.011489     0.033480      
8   83  0.000720      -0.000672     0.011185      0.015555      -0.012105     0.034085      
8   84  0.000903      -0.000517     0.011455      -0.007359     -0.000466     0.008215      
8   85  0.001983      -0.007078     -0.007429     0.026968      -0.006572     0.040627      
8   87  0.001464      -0.000527     -0.001340     0.003037      -0.004260     0.006443      
