#s  t   0.05          0.1           0.15          0.2           0.25          0.3           
0   1   0.000475      0.004049      -0.018995     0.026783      0.011221      -0.004465     
1   0   -0.001122     -0.008089     0.014345      0.033275      -0.008216     0.052596      
1   1   0.000548      -0.004380     0.002767      0.002439      -0.005976     0.036991      
1   3   -0.001717     -0.005852     0.009024      0.016287      0.005984      0.034675      
1   4   0.000933      -0.001215     0.001756      0.002013      -0.005707     0.002034      
1   5   0.000861      -0.000398     0.002318      0.003087      -0.003899     0.001157      
1   6   0.000997      -0.000736     0.001951      0.001710      -0.005097     0.002788      
1   7   0.000993      -0.000428     0.002134      0.001946      -0.006167     0.003159      
1   8   0.001103      -0.000613     0.001765      0.001108      -0.004757     0.002413      
1   17  0.003772      -0.010129     0.008537      0.011673      0.006884      0.031391      
1   22  0.001175      -0.005245     0.005269      -0.002746     -0.021643     0.000086      
1   24  -0.001265     0.000056      0.002550      0.007268      0.003749      0.009792      
1   25  -0.003164     -0.006707     0.012916      0.021488      -0.001501     0.023820      
1   26  -0.000417     -0.001950     0.005008      0.008976      -0.010769     0.012691      
1   27  0.000265      -0.000795     0.003687      0.010625      -0.001886     0.021749      
1   28  -0.002661     0.004297      0.004738      0.010456      0.007377      0.030627      
1   29  -0.000018     0.004432      0.008900      0.012889      0.008095      0.033174      
1   30  -0.001728     -0.000094     0.001002      0.002707      0.004735      0.018423      
1   31  -0.001247     0.002553      0.006932      0.008840      -0.006696     0.016537      
1   32  -0.001681     0.001829      -0.000506     0.006554      0.004956      0.010194      
1   33  -0.000652     0.001570      0.001748      0.004884      0.000203      0.007812      
1   34  -0.001560     0.002231      0.008440      0.008217      -0.003509     0.016075      
1   35  -0.001355     0.004790      0.004590      0.013681      0.002932      0.033222      
1   36  -0.001275     0.007064      0.010892      0.013924      0.008146      0.032515      
1   37  -0.001508     0.002802      0.005947      0.010091      -0.013023     0.020818      
1   38  -0.001407     0.002234      0.002436      0.009624      -0.002035     0.014633      
1   39  -0.000835     0.003108      0.007216      0.006940      -0.006915     0.012918      
1   40  -0.001169     0.002991      -0.001010     0.006454      0.000636      0.012093      
1   41  -0.000557     0.002789      0.001165      0.008773      0.004395      0.026359      
1   42  0.001699      -0.002832     -0.000648     0.011228      -0.014734     0.016339      
1   43  0.001215      -0.006434     -0.003459     0.012422      -0.006053     0.026647      
1   45  -0.000280     0.001476      0.009026      0.007615      -0.006554     0.053528      
1   46  -0.003675     0.000069      0.007641      0.000323      -0.001819     0.028168      
1   47  -0.005504     -0.004635     0.011587      0.003732      -0.004813     0.019629      
1   53  0.000464      -0.007034     0.020543      0.014863      -0.005838     0.012330      
1   54  0.000411      -0.001498     0.007802      0.000115      0.003569      -0.002911     
1   55  -0.001010     -0.001876     0.004420      0.011261      -0.008870     0.000928      
1   56  -0.000176     -0.001984     0.001659      0.007837      -0.011291     0.014737      
1   57  -0.000215     -0.006111     0.002880      0.000199      -0.004022     0.010849      
1   58  0.000252      -0.003099     0.009415      0.009634      -0.004720     0.021426      
1   60  0.001455      -0.000968     0.004716      0.013846      -0.005375     0.000138      
1   61  -0.000382     -0.004314     0.002778      0.004715      -0.005403     0.005336      
1   62  0.000759      0.000168      0.015149      0.003031      -0.000157     0.023495      
1   64  0.003177      0.001037      0.005552      0.003289      0.003387      0.011374      
1   65  -0.000401     0.000552      0.013478      -0.003642     -0.019283     0.021771      
1   66  0.001106      -0.000613     0.002258      0.001229      -0.012195     0.008786      
1   67  -0.000790     0.000768      0.014254      -0.004698     -0.012615     0.011660      
1   68  0.000347      0.000760      0.008399      0.006224      0.005504      0.010780      
1   69  0.001982      -0.000123     0.008450      0.001672      0.004510      0.016270      
1   79  -0.007854     -0.019259     0.012272      0.022470      -0.014271     0.068875      
1   80  -0.002383     0.004247      -0.013446     -0.003532     -0.001889     0.018315      
1   81  -0.002725     -0.003635     0.012872      0.001995      -0.025260     0.018691      
1   82  -0.007818     -0.012325     0.006056      0.020006      0.024858      0.044683      
1   83  0.006951      -0.015356     0.021156      0.004001      0.006260      0.011605      
1   84  -0.002996     0.004740      0.022615      -0.003965     -0.005937     0.042130      
1   85  -0.002459     -0.002202     0.005179      0.011177      -0.008906     0.004199      
1   87  0.001079      -0.000160     0.000394      0.001382      -0.001968     0.002766      
2   0   -0.002576     -0.003034     0.005341      0.014945      0.017742      -0.015628     
2   1   0.006719      -0.018153     -0.019717     0.015174      0.008434      0.004292      
2   3   -0.002537     -0.004082     0.004917      0.011296      0.017377      -0.003565     
2   4   0.000858      -0.001014     0.000905      0.001736      -0.001874     -0.001824     
2   5   0.000810      -0.000206     0.001878      0.002558      -0.002286     -0.001583     
2   6   0.000939      -0.000563     0.001193      0.001699      -0.001957     0.000034      
2   7   0.000917      -0.000179     0.001570      0.001738      -0.003267     0.001169      
2   8   0.001020      -0.000380     0.000955      0.001239      -0.001637     -0.000913     
2   17  0.002656      -0.006435     0.000369      -0.000282     0.022769      -0.025180     
2   22  0.000880      -0.004043     0.003039      -0.006676     -0.012383     -0.017819     
2   24  -0.001730     0.000457      0.001837      0.003713      0.007158      -0.004768     
2   25  -0.004141     -0.004421     0.005839      0.009683      0.008557      -0.027021     
2   26  -0.001097     -0.001241     0.001373      0.001504      -0.000339     -0.020209     
2   27  -0.000437     -0.000082     0.000608      0.003188      0.005553      -0.003994     
2   28  -0.003050     0.004998      0.001619      0.004473      0.013694      0.004197      
2   29  -0.000496     0.005632      0.005223      0.006255      0.015183      0.004849      
2   30  -0.001985     0.000305      -0.001836     -0.003528     0.008013      -0.004378     
2   31  -0.001514     0.003517      0.003861      0.005075      -0.000653     -0.006692     
2   32  -0.001811     0.002236      -0.002796     0.002679      0.008148      -0.007043     
2   33  -0.000745     0.002194      -0.000098     0.002142      0.002314      -0.005220     
2   34  -0.001973     0.002874      0.005581      0.002287      0.004056      -0.005607     
2   35  -0.001783     0.005885      0.000613      0.007147      0.010874      0.008101      
2   36  -0.001721     0.008075      0.006827      0.007521      0.015799      0.004206      
2   37  -0.001841     0.003585      0.004088      0.004278      -0.007005     0.001064      
2   38  -0.001604     0.002823      0.000355      0.005683      0.004954      0.001697      
2   39  -0.001088     0.003725      0.004691      -0.000132     -0.001057     -0.012091     
2   40  -0.001324     0.003453      -0.002846     0.002604      0.004347      -0.003737     
2   41  -0.000811     0.003319      -0.000917     0.003809      0.009957      0.004246      
2   42  0.000705      -0.001779     -0.004736     0.005027      -0.006300     -0.028649     
2   43  0.000419      -0.005670     -0.005932     0.009317      0.004612      -0.005792     
2   45  -0.001653     0.002679      0.002925      0.000989      0.004044      0.011874      
2   46  -0.004379     0.002849      -0.000178     -0.007065     0.009563      -0.009724     
2   47  -0.006336     -0.003173     0.006697      -0.003239     0.006817      -0.024002     
2   53  -0.001014     -0.002908     0.011803      0.000809      0.016827      -0.057348     
2   54  -0.000103     -0.000944     0.005943      -0.002838     0.009459      -0.019032     
2   55  -0.001486     -0.001195     0.001088      0.006021      0.000406      -0.027010     
2   56  -0.000575     -0.001032     -0.001387     0.002362      -0.003735     0.003774      
2   57  -0.000707     -0.005704     0.000578      -0.004469     0.002406      -0.002744     
2   58  -0.000156     -0.003211     0.005600      0.007120      0.003199      0.008127      
2   60  0.001148      -0.000320     0.002409      0.009317      0.001854      -0.020591     
2   61  -0.000766     -0.003926     0.000607      0.002385      0.000299      -0.005274     
2   62  0.000083      0.002146      0.010396      -0.004634     0.006432      -0.012874     
2   64  0.002659      0.003144      0.001040      -0.002908     0.009299      -0.020832     
2   65  -0.001208     0.002664      0.007044      -0.007862     -0.009855     -0.014284     
2   66  0.000541      0.000219      -0.004148     -0.004362     -0.001443     -0.028193     
2   67  -0.001372     0.002378      0.008186      -0.008894     -0.004393     -0.026062     
2   68  -0.000456     0.001330      0.003144      0.000240      0.013203      -0.017373     
2   69  0.001109      0.001641      0.004039      -0.005227     0.009448      -0.025434     
2   79  -0.009711     -0.013284     -0.000163     0.005291      0.012903      -0.000620     
2   80  -0.003667     0.007469      -0.023352     -0.014590     0.018540      -0.032465     
2   81  -0.004391     -0.001250     0.003296      -0.007136     -0.004367     -0.059859     
2   82  -0.008750     -0.008828     0.000300      0.010477      0.049342      -0.023318     
2   83  0.005753      -0.011763     0.012871      -0.003994     0.015899      -0.046490     
2   84  -0.003971     0.007787      0.014471      -0.011633     0.014943      0.002517      
2   85  -0.003913     0.001421      -0.004399     -0.001206     0.011609      -0.049836     
2   87  0.001018      0.000044      -0.000502     0.001240      0.000631      0.000045      
3   3   0.005718      0.000808      -0.019758     0.014779      -0.000573     0.043187      
3   4   0.004285      -0.006546     -0.014263     0.004041      -0.019886     0.037320      
3   5   0.005165      0.002695      0.000075      0.018475      -0.022829     0.024230      
3   6   0.005580      -0.002028     -0.004883     0.006263      