#s  t   0.05          0.1           0.15          0.2           0.25          0.3           
0   1   -0.003774     -0.026956     -0.025345     0.007712      0.037087      -0.028611     
1   0   -0.001639     -0.019729     0.021300      0.017906      0.010221      -0.015378     
1   1   -0.002820     -0.018606     0.016158      0.011443      0.014276      0.007270      
1   3   -0.001661     -0.014939     0.009995      0.012631      0.008897      0.032530      
1   4   0.000041      -0.001654     -0.000863     0.001508      -0.001402     0.002292      
1   5   -0.000427     -0.000436     -0.001828     0.001742      -0.001806     0.002737      
1   6   -0.000298     -0.000873     -0.000571     0.002777      -0.000777     0.003731      
1   7   -0.000130     -0.000739     -0.001019     0.001198      -0.001830     0.003010      
1   8   -0.000003     -0.001103     -0.000619     0.002504      0.001558      0.002765      
1   17  -0.002438     -0.016855     0.008570      0.012652      0.017153      0.004004      
1   22  -0.000052     -0.006770     0.003595      0.001897      0.005611      0.001466      
1   24  -0.001375     -0.002611     0.002773      0.004244      -0.006294     -0.000072     
1   25  -0.003393     -0.013597     0.009859      0.001559      -0.005631     0.024868      
1   26  -0.000847     -0.009420     0.000965      0.001240      -0.009788     0.009041      
1   27  -0.002366     -0.009299     0.001830      -0.000396     -0.008485     0.010927      
1   28  -0.001314     0.001391      0.003397      -0.001079     -0.002863     0.020664      
1   29  -0.002544     0.003730      0.006806      0.005929      -0.002460     0.027896      
1   30  -0.002368     0.001346      0.004962      -0.002201     -0.012128     0.009192      
1   31  -0.003386     0.001937      0.001481      -0.000950     -0.004455     0.015722      
1   32  -0.001837     0.002142      0.001942      0.001969      -0.004361     0.008979      
1   33  -0.002133     0.003147      0.005892      0.002587      -0.007159     0.006853      
1   34  -0.002081     0.003411      0.005656      -0.000423     -0.000307     0.011167      
1   35  -0.002493     0.000799      0.009770      0.001528      -0.006860     0.021392      
1   36  -0.002712     0.006303      0.009081      0.010577      -0.002639     0.026517      
1   37  -0.002238     0.002590      0.005949      0.005337      -0.006644     0.016445      
1   38  -0.002243     -0.001565     0.002278      -0.001744     -0.005790     0.004238      
1   39  -0.002351     0.002960      0.001823      -0.000282     -0.011233     0.014018      
1   40  -0.002743     0.001151      0.004612      0.000140      -0.005908     0.008699      
1   41  -0.002390     0.002929      0.009404      0.003453      -0.013264     0.014015      
1   42  -0.002248     -0.013091     0.005885      0.010607      0.003584      0.013326      
1   43  -0.000619     -0.010584     -0.003442     0.011119      0.015607      0.011866      
1   45  -0.003682     -0.012821     0.008630      0.005792      0.001702      0.026816      
1   46  -0.000119     -0.007257     0.002034      0.021822      0.008243      -0.006640     
1   47  -0.000878     -0.010734     0.011534      0.021233      -0.004448     -0.001981     
1   53  -0.001549     -0.020797     0.003890      0.022000      -0.000370     -0.011196     
1   54  -0.001450     -0.005397     -0.001178     -0.004321     -0.011186     0.001381      
1   55  0.001739      -0.007404     -0.006268     0.006310      -0.001111     0.014159      
1   56  -0.000157     -0.005236     0.002356      -0.007378     -0.010250     0.001165      
1   57  -0.001230     -0.004973     -0.000778     -0.000727     -0.014398     0.005283      
1   58  -0.002411     -0.009509     -0.000468     0.006826      0.000315      0.016444      
1   60  -0.000931     -0.002508     0.001785      -0.001192     -0.012313     0.013945      
1   61  -0.001397     -0.008984     -0.003137     0.002822      -0.015460     0.013906      
1   62  -0.003165     -0.005231     0.002878      -0.005850     -0.004150     0.013262      
1   64  -0.001514     -0.000422     0.004845      -0.000794     -0.008329     0.017323      
1   65  -0.004767     -0.003656     0.009049      -0.002083     0.003925      0.005445      
1   66  -0.003323     -0.005345     0.004943      0.000267      -0.003048     -0.012471     
1   67  -0.004198     -0.000533     0.001512      -0.011968     0.000585      -0.011444     
1   68  -0.003964     -0.007284     0.003785      -0.002751     0.007917      0.014948      
1   69  -0.002880     -0.002434     0.010412      -0.001717     -0.003779     0.016410      
1   79  -0.002502     -0.012641     0.011609      0.023051      -0.015360     -0.006541     
1   80  -0.001350     -0.006088     0.000867      0.001349      -0.008900     -0.001438     
1   81  0.002146      -0.010680     -0.013315     0.019573      0.001891      -0.037377     
1   82  -0.002535     -0.005616     0.010749      0.020862      -0.010351     -0.016746     
1   83  0.000454      -0.014051     0.025977      0.012561      -0.014578     0.012680      
1   84  0.002391      -0.018984     0.013277      0.001461      -0.011554     -0.068487     
1   85  -0.002454     -0.013293     0.001379      0.012146      0.029228      -0.003062     
1   87  -0.000072     -0.000894     -0.000406     0.001478      0.000552      0.002076      
2   0   0.002363      -0.005241     0.002822      -0.009939     0.029553      -0.024273     
2   1   -0.001885     -0.009113     0.004649      -0.009016     -0.001575     -0.005600     
2   3   0.000681      -0.007119     0.002361      0.002111      0.014074      0.027715      
2   4   0.000244      -0.000748     -0.001687     0.000191      -0.000244     0.003322      
2   5   -0.000301     0.000168      -0.002648     0.000700      -0.001729     0.003061      
2   6   -0.000104     -0.000032     -0.001435     0.002155      -0.000846     0.004456      
2   7   0.000077      0.000109      -0.001862     0.000134      -0.002012     0.003872      
2   8   0.000195      -0.000210     -0.001211     0.001447      0.002295      0.003794      
2   17  0.000775      -0.005685     -0.003500     -0.012027     0.026683      -0.009134     
2   22  0.001049      -0.003218     0.000193      -0.003465     0.006894      -0.000724     
2   24  -0.000375     0.000508      -0.000395     0.001663      -0.006182     -0.003380     
2   25  -0.000242     -0.003334     -0.000647     -0.012247     0.003023      0.011698      
2   26  0.001177      -0.004194     -0.005155     -0.005521     -0.006512     -0.001681     
2   27  -0.000513     -0.004185     -0.004011     -0.008346     -0.005996     -0.002806     
2   28  0.000048      0.006025      -0.000900     -0.009708     0.001201      0.003195      
2   29  -0.001125     0.008728      0.000314      -0.001669     0.003769      0.011840      
2   30  -0.001335     0.004791      -0.000835     -0.012000     -0.008453     -0.004801     
2   31  -0.002321     0.006266      -0.002666     -0.005381     -0.002831     -0.003305     
2   32  -0.000980     0.005076      -0.002283     -0.002982     -0.003057     0.002000      
2   33  -0.001429     0.005890      0.002428      -0.001535     -0.008078     -0.003801     
2   34  -0.000878     0.006902      0.000282      -0.006019     0.004725      -0.007330     
2   35  -0.000988     0.006047      0.004991      -0.008499     -0.001145     0.004139      
2   36  -0.001184     0.011768      0.003275      0.001861      0.005272      0.010735      
2   37  -0.001226     0.006402      0.001417      -0.001385     -0.000584     0.006220      
2   38  -0.001543     0.000748      -0.001430     -0.007952     -0.006179     -0.002141     
2   39  -0.001442     0.006337      -0.003161     -0.004054     -0.007748     0.002871      
2   40  -0.002135     0.003537      0.002024      -0.002738     -0.001151     -0.003314     
2   41  -0.001143     0.007055      0.004817      -0.003406     -0.009785     0.001749      
2   42  -0.000024     -0.006843     -0.004615     0.003902      0.009926      0.009258      
2   43  0.001433      -0.005606     -0.011636     0.002397      0.023161      0.006003      
2   45  -0.000874     -0.004514     -0.002339     -0.005746     0.012684      0.016859      
2   46  0.002554      0.002185      -0.009531     0.006962      0.017663      -0.025008     
2   47  0.001364      -0.002974     -0.000189     0.014117      -0.000954     0.002400      
2   53  0.002652      -0.006231     -0.013412     0.003003      0.014253      -0.028718     
2   54  -0.000325     -0.001657     -0.003528     -0.009487     -0.007210     -0.010502     
2   55  0.003239      -0.002390     -0.011358     -0.000794     -0.000771     0.006521      
2   56  0.000991      -0.001371     -0.001097     -0.013985     -0.008993     -0.010629     
2   57  0.000039      -0.001444     -0.003506     -0.003292     -0.008619     -0.004066     
2   58  -0.001332     -0.006348     -0.003729     -0.000965     0.003523      0.013948      
2   60  0.000454      0.000738      -0.003200     -0.007048     -0.011714     0.004035      
2   61  -0.000240     -0.005484     -0.005755     -0.003102     -0.010935     0.014363      
2   62  -0.001197     0.001284      -0.005597     -0.020283     -0.000062     -0.008958     
2   64  -0.000044     0.004256      -0.000434     -0.008095     -0.004599     0.000027      
2   65  -0.002946     0.002984      0.002385      -0.014583     0.004077      -0.020108     
2   66  -0.001563     0.000195      -0.000810     -0.011317     0.001333      -0.023508     
2   67  -0.002623     0.004563      -0.005080     -0.024774     0.004003      -0.036043     
2   68  -0.002529     -0.002912     -0.002611     -0.010814     0.008653      -0.010126     
2   69  -0.000817     0.002726      0.003842      -0.008260     0.009280      -0.002679     
2   79  0.001755      -0.000146     -0.010555     -0.000479     -0.016414     0.000780      
2   80  0.002099      0.005928      -0.011572     -0.021031     -0.006059     -0.000579     
2   81  0.005304      -0.002544     -0.027135     0.004805      0.014105      -0.040593     
2   82  0.000389      0.006222      -0.002312     -0.003754     0.008547      -0.043366     
2   83  0.004164      -0.002519     0.016313      -0.003461     -0.000830     -0.011174     
2   84  0.005502      -0.008009     0.000982      -0.009829     -0.001403     -0.070564     
2   85  0.000732      -0.001662     -0.008689     -0.013083     0.040639      0.000031      
2   87  0.000094      -0.000136     -0.001066     0.000116      0.000467      0.002660      
3   3   -0.003036     -0.004479     -0.009488     -0.018094     -0.029308     0.058895      
3   4   -0.001889     -0.007895     -0.013866     -0.008991     -0.038902     0.010919      
3   5   -0.007246     0.003759      -0.032964     0.002400      -0.039417     0.019712      
3   6   -0.006060     -0.000261     -0.018594     0.007193      -0.024822     0.032197      
3   7   -0.003725     0.001931      -0.019552     -0.010211     -0.028228     0.023254      
3   8   -0.001874     -0.002098     -0.014098     0.011687      0.004254      0.026923      
3   17  0.004185      -0.018311     -0.015926     -0.024263     -0.003816     0.063410      
3   22  0.004345      -0.014183     0.002238      -0.008019     0.023019      -0.003254     
3   24  0.000355      0.007296      -0.006171     0.002781      -0.016262     0.001788      
3   25  -0.001138     -0.006115     -0.005055     -0.007201     0.002551      0.019628      
3   26  0.004798      0.003168      -0.017433     -0.009669     -0.018836     0.004221      
3   27  0.000725      0.002813      -0.014172     -0.017621     -0.019973     0.007127      
3   42  0.000048      -0.002005     -0.006369     -0.002178     -0.009515     -0.004059     
3   43  0.001402      -0.000717     -0.013841     -0.001903     0.005103      0.000150      
3   45  -0.000861     0.000990      -0.006138     -0.013019     -0.009992     -0.001820     
3   46  0.000943      -0.004243     -0.006746     -0.016453     -0.014472     0.005122      
3   53  0.003372      -0.006772     -0.010603     -0.007784     0.000718      -0.000536     
3   54  0.000633      0.002063      -0.010760     -0.018264     -0.029598     -0.024012     
3   55  0.009137      0.001326      -0.030706     0.001053      0.004052      0.008427      
3   56  0.003757      0.003005      -0.004837     -0.027353     -0.017382     -0.005019     
3   57  0.001562      0.004388      -0.013489     -0.007755     -0.038018     0.001115      
3   58  -0.001450     -0.006638     -0.010104     0.001790      0.003104      0.019772      
3   60  0.002608      0.010476      -0.013490     -0.009400     -0.028011     0.012818      
3   61  0.000704      -0.005223     -0.019393     -0.002204     -0.023546     0.025015      
3   87  -0.002393     -0.001549     -0.009859     -0.009812     -0.006903     0.016194      
4   3   -0.007777     -0.009571     -0.006857     -0.031128     -0.052339     0.048804      
4   4   -0.004715     -0.013178     -0.014661     -0.015212     -0.059963     -0.013059     
4   5   -0.011345     0.003311      -0.041621     0.000837      -0.054822     0.007253      
4   6   -0.010057     -0.002354     -0.021306     0.008023      -0.043502     0.025091      
4   7   -0.007149     -0.000059     -0.022677     -0.015117     -0.050514     0.001976      
4   8   -0.004580     -0.005152     -0.014854     0.011693      -0.003840     0.012028      
4   17  0.001520      -0.027943     -0.015772     -0.044773     -0.019149     0.054840      
4   22  0.005026      -0.015042     0.001977      -0.009976     0.027622      -0.025156     
4   24  -0.001196     0.007595      -0.006250     0.000272      -0.027026     -0.013826     
4   25  -0.002383     -0.000267     -0.001779     -0.012599     -0.006230     0.001158      
4   26  0.003219      -0.000264     -0.019486     -0.022977     -0.040456     -0.022221     
4   27  -0.002117     0.000245      -0.015487     -0.030715     -0.037094     -0.018111     
4   42  -0.001435     -0.004215     -0.005770     -0.007346     -0.018428     -0.017116     
4   43  0.000446      -0.003107     -0.015912     -0.007758     0.002201      -0.013341     
4   45  -0.003171     -0.000719     -0.004315     -0.022191     -0.019634     -0.016540     
4   46  -0.000837     -0.008095     -0.006718     -0.028022     -0.025283     -0.005205     
4   53  0.002620      -0.011187     -0.011943     -0.015990     -0.008840     -0.016681     
4   54  -0.001008     0.001319      -0.013032     -0.029790     -0.046921     -0.050165     
4   55  0.009928      -0.000871     -0.038959     -0.003378     -0.005323     -0.007677     
4   56  0.003126      0.002319      -0.003824     -0.043981     -0.029867     -0.028060     
4   57  0.000161      0.002937      -0.015852     -0.013770     -0.057632     -0.013242     
4   58  -0.003976     -0.010998     -0.011445     -0.001973     -0.000249     0.009547      
4   60  0.001212      0.012023      -0.014521     -0.019595     -0.047845     0.001743      
4   61  -0.001129     -0.009005     -0.022365     -0.007213     -0.041309     0.019222      
4   87  -0.004939     -0.003311     -0.009877     -0.015424     -0.018756     0.001196      
5   3   -0.001884     -0.016947     0.014606      -0.003507     -0.003050     0.038607      
5   4   -0.001638     -0.008638     -0.001915     -0.008183     -0.030083     -0.007444     
5   5   -0.004570     -0.000622     -0.012863     -0.001540     -0.027658     0.002854      
5   6   -0.003895     -0.003635     -0.004637     0.002847      -0.020972     0.012943      
5   7   -0.002678     -0.002821     -0.004009     -0.007450     -0.024764     -0.004626     
5   8   -0.001702     -0.004481     -0.001913     0.004104      -0.002745     0.000983      
5   17  0.002235      -0.016176     -0.003668     -0.027616     -0.015233     0.011990      
5   22  0.002637      -0.009912     0.005415      -0.001569     0.007672      -0.004265     
5   24  -0.002289     0.009450      0.005887      0.038203      -0.019061     0.005114      
5   25  -0.006517     -0.001176     -0.012974     -0.015294     -0.011145     -0.003918     
5   26  0.007489      -0.001731     -0.009553     0.007881      -0.013023     0.002786      
5   27  -0.001800     -0.004955     -0.006117     -0.011371     0.003775      -0.013120     
5   42  -0.001925     -0.010791     0.001653      0.001383      -0.001500     -0.013161     
5   43  0.001146      -0.009072     -0.016545     0.000330      0.028693      -0.003412     
5   45  -0.004439     -0.006156     0.009755      -0.018831     0.000170      0.003350      
5   46  0.000908      -0.021340     -0.000399     -0.022155     -0.005273     0.011874      
5   53  0.005609      -0.022823     0.001304      -0.006103     0.020537      -0.000357     
5   54  -0.000458     -0.002868     -0.008361     -0.033859     -0.028071     -0.062476     
5   55  0.018860      -0.008780     -0.039369     0.025443      0.017640      0.022568      
5   56  0.006756      -0.001703     0.010274      -0.060077     -0.026316     -0.009342     
5   57  0.001303      -0.001487     -0.010371     -0.008423     -0.052581     -0.004778     
5   58  -0.005865     -0.025312     -0.005189     0.019805      0.022863      0.021043      
5   60  0.003863      0.016777      -0.002540     -0.011517     -0.030165     0.019677      
5   61  -0.000345     -0.018929     -0.016719     0.000033      -0.050813     0.048746      
5   87  -0.001846     -0.003158     -0.000943     -0.007277     -0.008816     0.002231      
6   48  0.011283      -0.016448     0.020920      -0.006425     0.065612      0.002488      
6   49  0.008260      -0.002569     -0.023076     -0.010125     -0.002772     0.005895      
6   50  -0.002140     -0.003345     -0.014733     0.060903      0.058343      0.025694      
6   51  0.006824      0.011722      0.009198      -0.014827     -0.011946     -0.013540     
7   52  0.002523      0.000810      0.020162      -0.011241     -0.041364     -0.039226     
8   0   0.004948      0.000763      -0.009402     0.002080      0.013378      0.033375      
8   1   0.005881      -0.011218     0.015473      0.049688      0.063674      0.041126      
8   3   0.001702      -0.015248     0.005291      0.008949      0.012497      0.078368      
8   4   -0.000577     -0.004424     -0.004979     -0.005097     -0.014447     0.002976      
8   5   -0.002138     -0.000498     -0.008697     -0.002489     -0.014722     0.004281      
8   6   -0.001825     -0.001918     -0.005506     0.000660      -0.013594     0.012062      
8   7   -0.001232     -0.001423     -0.005656     -0.005166     -0.015048     0.002914      
8   8   -0.000624     -0.002405     -0.004128     0.000328      -0.002842     0.005930      
8   17  0.003525      -0.006249     -0.020552     -0.020189     0.002848      0.037353      
8   22  0.001634      -0.004976     -0.002175     -0.005740     -0.000547     0.019436      
8   24  -0.001149     0.001362      -0.002212     0.001094      -0.029016     0.008763      
8   25  -0.001744     0.000882      -0.008455     -0.017233     -0.017243     0.033359      
8   26  0.001890      -0.007593     -0.015113     -0.016119     -0.040774     0.022803      
8   27  -0.001866     -0.007584     -0.011606     -0.020955     -0.036702     0.026515      
8   28  0.006796      0.024127      0.000213      0.012211      0.000098      0.062123      
8   29  0.002208      0.034954      0.009665      0.046845      0.006296      0.084380      
8   30  -0.000710     0.019938      0.005220      -0.000810     -0.034383     -0.001698     
8   31  -0.004648     0.024648      -0.008717     0.015400      -0.013208     0.038666      
8   32  0.000269      0.019958      -0.004546     0.023379      -0.017315     0.022713      
8   33  -0.002948     0.023504      0.013407      0.015241      -0.020695     0.005539      
8   34  0.001548      0.031787      0.007717      0.019019      0.011703      0.021834      
8   35  0.002352      0.022429      0.025101      0.020185      -0.005680     0.058477      
8   36  0.002476      0.049028      0.021979      0.062453      0.017368      0.082288      
8   37  -0.000283     0.027956      0.012832      0.037594      -0.007942     0.042790      
8   38  -0.003733     0.002460      -0.003386     0.004301      -0.017727     -0.001042     
8   39  -0.001262     0.026109      -0.008430     0.025180      -0.038870     0.020639      
8   40  -0.006041     0.014030      0.009380      0.012292      -0.014827     0.022081      
8   41  0.001107      0.028602      0.028508      0.029608      -0.037214     0.037179      
8   42  0.000219      -0.011931     -0.009488     0.006437      -0.002003     0.033514      
8   43  0.003889      -0.008026     -0.031049     0.005083      0.027516      0.040778      
8   45  -0.001716     -0.006205     -0.007254     -0.012791     0.001746      0.065763      
8   46  0.002858      -0.003997     -0.018472     0.001288      -0.014796     0.024688      
8   47  0.002642      -0.000679     -0.004883     0.014865      -0.007724     0.025101      
8   53  0.004635      -0.007691     -0.024470     0.001430      -0.015874     0.018445      
8   54  -0.000949     -0.003852     -0.012258     -0.020664     -0.034498     -0.007715     
8   55  0.006666      -0.005672     -0.027678     -0.000175     -0.020025     0.030098      
8   56  0.001599      -0.002679     -0.003572     -0.029847     -0.034356     0.004222      
8   57  -0.000606     -0.002399     -0.013731     -0.011460     -0.037931     0.013542      
8   58  -0.003413     -0.013370     -0.011829     -0.003762     -0.007807     0.036891      
8   60  0.000533      0.003867      -0.009666     -0.016354     -0.039309     0.021796      
8   61  -0.000892     -0.010507     -0.017459     -0.009143     -0.044851     0.038963      
8   62  0.004382      -0.003015     -0.021316     -0.037278     0.015720      0.025725      
8   64  0.007976      0.016391      0.001880      0.007415      -0.009000     0.057616      
8   65  -0.003112     0.005843      0.013095      -0.005690     0.033300      0.010370      
8   66  0.001723      -0.007555     0.001200      0.000785      -0.001044     -0.076708     
8   67  -0.003510     0.015579      -0.018579     -0.052068     0.025221      -0.068052     
8   68  -0.003082     -0.021321     -0.008620     -0.004578     0.015700      0.042856      
8   69  0.005799      0.004118      0.014755      0.009170      0.013832      0.049574      
8   79  0.004277      0.007903      -0.019534     0.012536      -0.030946     0.041129      
8   80  0.004044      0.010786      -0.022051     -0.015623     -0.020311     0.031139      
8   81  0.006830      0.001629      -0.034963     0.015158      -0.003977     -0.002672     
8   82  0.002204      0.010028      -0.011512     0.004576      -0.006196     0.015151      
8   83  0.005809      0.001424      0.003260      0.003747      -0.013929     0.045452      
8   84  0.007100      -0.002765     -0.006639     -0.003437     -0.016032     -0.019168     
8   85  0.002540      0.003251      -0.019727     -0.000717     0.023289      0.024000      
8   87  -0.000800     -0.001801     -0.003354     -0.003887     -0.006654     0.003335      
