#s  t   0.05          0.1           0.15          0.2           0.25          0.3           
0   1   0.001409      0.025371      0.007440      0.006693      0.022187      0.008742      
1   0   0.008801      -0.002355     -0.026402     0.022948      0.020151      -0.060932     
1   1   0.003843      0.002390      -0.016822     -0.007248     -0.009211     -0.036542     
1   3   0.003612      0.003158      -0.010928     0.000559      0.002147      -0.011185     
1   4   -0.000224     0.000638      0.000594      0.002089      -0.001462     -0.003586     
1   5   0.000054      0.000364      -0.000367     0.000789      -0.002787     -0.003745     
1   6   -0.000313     0.000449      -0.000307     0.000563      -0.001995     -0.004609     
1   7   -0.000271     0.000749      -0.000401     0.000611      -0.002742     -0.004541     
1   8   -0.000316     0.001021      0.000500      0.000672      -0.002685     -0.005673     
1   17  0.008787      0.000253      -0.024485     0.007178      0.008594      -0.015935     
1   22  0.000139      -0.002567     -0.008067     -0.004866     0.000312      -0.009843     
1   24  0.000117      0.001842      -0.002318     -0.001801     0.003293      -0.009897     
1   25  0.001952      0.000013      -0.014260     0.003142      0.008237      -0.020618     
1   26  -0.000261     0.001005      -0.005892     -0.001319     0.008328      -0.028999     
1   27  0.000670      0.002251      -0.006351     -0.001477     0.006289      -0.011354     
1   42  0.001779      0.004140      -0.009938     0.006075      -0.001449     -0.024250     
1   43  0.001005      0.000458      -0.004237     -0.001769     0.002832      -0.005981     
1   45  0.002785      0.004963      -0.008092     0.004243      0.015470      -0.000774     
1   46  0.004882      0.004046      -0.009489     0.006614      0.005427      -0.022911     
1   47  0.001124      -0.000900     -0.000314     0.011912      -0.005693     -0.051720     
1   53  0.002945      -0.004123     -0.018072     -0.016531     0.019268      -0.041150     
1   54  -0.000382     -0.001752     -0.001502     -0.002224     -0.002950     -0.010507     
1   55  -0.000464     0.001630      -0.006543     0.000173      0.008818      -0.009703     
1   56  0.001306      0.000769      -0.004641     -0.002949     0.004342      -0.021076     
1   57  -0.000052     0.004263      0.001951      -0.002109     -0.000251     -0.015987     
1   58  0.000689      0.001491      -0.000272     0.001885      0.004409      -0.011313     
1   60  0.000897      0.001479      -0.005722     -0.001998     0.002846      -0.023472     
1   61  0.000643      0.003213      0.000033      0.003258      0.003654      -0.016436     
1   79  0.003636      0.006121      -0.029551     -0.005626     0.022655      -0.023827     
1   80  0.009019      0.007422      -0.024014     0.005800      0.003721      0.034991      
1   81  0.006236      0.007902      -0.005148     0.034499      -0.006756     -0.010747     
1   82  0.002097      0.007028      -0.020530     0.012224      0.031869      -0.000939     
1   83  0.000449      -0.008281     -0.018571     0.004146      -0.005530     0.001740      
1   84  -0.000679     -0.006521     -0.028276     -0.004403     -0.038057     -0.026891     
1   85  0.000463      -0.003215     -0.026532     0.003324      -0.023873     -0.019462     
1   87  -0.000282     0.000580      0.000026      0.000474      -0.000067     -0.000787     
2   0   0.004400      -0.002563     -0.007177     0.021244      0.021189      -0.024559     
2   1   -0.001028     0.006878      -0.005135     -0.010436     -0.027682     0.001121      
2   3   0.001882      0.002667      -0.003636     0.001615      0.002585      -0.000977     
2   4   -0.000501     0.000671      0.001646      0.002368      -0.002114     -0.002126     
2   5   -0.000141     0.000365      0.000481      0.001112      -0.002434     -0.001337     
2   6   -0.000593     0.000492      0.000557      0.000696      -0.002627     -0.002204     
2   7   -0.000554     0.000778      0.000495      0.001334      -0.003755     -0.002040     
2   8   -0.000614     0.001039      0.001407      0.001264      -0.002409     -0.000953     
2   17  0.005873      0.000524      -0.011765     0.011507      0.009192      -0.002032     
2   22  -0.000918     -0.001896     -0.004271     -0.001509     -0.002695     -0.004099     
2   24  -0.000617     0.001967      0.000771      0.000556      0.000215      -0.003661     
2   25  -0.000932     0.001324      -0.003178     0.008847      0.010318      0.001262      
2   26  -0.001793     0.001308      -0.000796     0.002189      0.005033      -0.016149     
2   27  -0.000689     0.002574      -0.001135     0.001358      0.003069      0.000714      
2   42  0.000004      0.004012      -0.004301     0.007075      0.003192      -0.014859     
2   43  -0.000585     0.000705      0.001050      0.003558      -0.002401     0.001546      
2   45  0.000435      0.004338      -0.000387     0.003975      0.008244      0.008749      
2   46  0.001941      0.004486      0.002805      0.008903      0.001561      -0.009362     
2   47  -0.001391     -0.000663     0.010808      0.013460      -0.014798     -0.028962     
2   53  -0.001430     -0.002835     0.000834      -0.008403     0.021936      -0.013586     
2   54  -0.001152     -0.001426     0.001429      0.000598      -0.006075     -0.004691     
2   55  -0.001519     0.001630      -0.002756     0.002542      0.005878      -0.001789     
2   56  0.000490      0.001156      -0.002115     -0.001334     0.005433      -0.014083     
2   57  -0.000876     0.004679      0.004786      0.000920      -0.000901     -0.004812     
2   58  -0.000169     0.001739      0.001691      0.003032      0.004112      -0.003195     
2   60  0.000001      0.002301      -0.001476     0.001764      -0.000900     -0.015139     
2   61  -0.000221     0.003394      0.003293      0.005469      0.002735      -0.009864     
2   79  -0.001205     0.006784      -0.009706     0.001114      0.034010      0.001116      
2   80  0.005206      0.009623      -0.006505     -0.001846     0.015433      0.040022      
2   81  0.002617      0.008739      0.008421      0.032794      -0.008379     0.011502      
2   82  -0.001651     0.006812      -0.005919     0.012212      0.029313      0.000069      
2   83  -0.003756     -0.007296     -0.000813     0.001079      -0.015622     0.025809      
2   84  -0.004406     -0.005447     -0.012596     -0.007532     -0.027361     -0.021972     
2   85  -0.003569     -0.002428     -0.011704     0.006261      -0.010576     0.009050      
2   87  -0.000531     0.000604      0.000700      0.000824      -0.000969     0.000544      
3   3   0.006149      0.021112      0.008928      0.005115      -0.007522     -0.027891     
3   4   0.000107      0.006377      0.015186      0.022183      0.001807      -0.025089     
3   5   0.004214      0.001515      -0.001881     0.009981      -0.002235     -0.025050     
3   6   -0.001169     0.003951      0.002455      0.003271      0.001282      -0.026461     
3   7   -0.000479     0.008713      0.002095      0.007314      -0.012449     -0.031855     
3   8   -0.001080     0.010192      0.012328      0.009507      -0.000659     -0.034248     
3   17  -0.000433     0.004627      -0.008605     -0.016010     0.020775      -0.008631     
3   22  0.003447      -0.022896     -0.016854     -0.022826     -0.030424     -0.019253     
3   24  0.004585      0.005762      0.014978      0.000121      -0.027985     -0.004430     
3   25  0.006711      0.010033      0.009676      -0.000672     -0.017111     -0.012075     
3   26  0.007861      0.005878      0.026764      -0.002461     -0.035495     -0.046659     
3   27  0.010086      0.008053      0.023058      -0.002893     -0.039917     -0.012168     
3   42  0.005758      0.011039      0.003100      -0.005513     -0.015398     -0.009134     
3   43  0.003989      0.006267      0.008627      -0.004853     -0.014839     0.001383      
3   45  0.007950      0.013234      0.010738      -0.010715     -0.013977     0.006041      
3   46  0.004727      0.002471      0.011595      0.004652      -0.005389     -0.025687     
3   53  0.004963      0.001636      0.002710      -0.017094     -0.034429     -0.019893     
3   54  0.003670      -0.003846     0.019907      -0.000571     -0.036615     -0.018677     
3   55  0.004803      0.005644      0.012708      0.000117      -0.027659     -0.000493     
3   56  0.008453      0.003341      0.011793      -0.005285     -0.013532     -0.042903     
3   57  0.004635      0.014536      0.030487      -0.001973     -0.028826     -0.016982     
3   58  0.007170      0.004649      0.022763      0.003120      -0.011804     -0.007117     
3   60  0.008528      0.006844      0.015279      0.004055      -0.033207     -0.057065     
3   61  0.007537      0.011126      0.030761      0.016582      -0.023953     -0.024385     
3   87  -0.000985     0.005326      0.002932      0.005431      0.008466      -0.007261     
4   3   0.010787      0.013742      -0.002084     0.005155      -0.015948     -0.010920     
4   4   0.001895      -0.002089     0.013008      0.030941      0.000127      -0.017966     
4   5   0.006891      -0.006441     -0.007656     0.012568      -0.008838     -0.019979     
4   6   -0.000068     -0.004089     -0.003661     0.005076      -0.006088     -0.018260     
4   7   0.000869      0.002803      -0.005313     0.010924      -0.025124     -0.025303     
4   8   -0.000030     0.004626      0.010177      0.012155      -0.006761     -0.026517     
4   17  0.002914      -0.013206     -0.029622     -0.020522     0.023113      0.024474      
4   22  0.004618      -0.030705     -0.023967     -0.013993     -0.014744     -0.004505     
4   24  0.007201      0.000711      0.015020      -0.003169     -0.036075     0.007569      
4   25  0.009410      -0.004376     -0.010521     -0.001879     -0.024876     -0.012829     
4   26  0.012737      -0.006667     0.024446      -0.007867     -0.049849     -0.027098     
4   27  0.015581      -0.002658     0.021431      -0.006691     -0.057765     0.013628      
4   42  0.008599      0.009594      -0.001110     -0.007145     -0.023562     0.002005      
4   43  0.006162      0.003196      0.006747      -0.008285     -0.018116     0.013543      
4   45  0.011893      0.010731      0.007940      -0.016681     -0.017184     0.026787      
4   46  0.007766      -0.005336     0.008269      0.003575      -0.011044     -0.014653     
4   53  0.007921      -0.006780     -0.002841     -0.028010     -0.047186     -0.007470     
4   54  0.006206      -0.013290     0.021247      -0.005066     -0.054237     -0.007331     
4   55  0.007998      -0.001825     0.008945      -0.001171     -0.038078     0.017840      
4   56  0.012481      -0.003519     0.009149      -0.011058     -0.023012     -0.035820     
4   57  0.007389      0.012140      0.036547      -0.006878     -0.041977     -0.005227     
4   58  0.010981      -0.001963     0.024635      0.002430      -0.020622     0.008516      
4   60  0.012791      -0.000743     0.012141      0.002588      -0.044795     -0.047994     
4   61  0.011649      0.005970      0.034071      0.017613      -0.036260     -0.017518     
4   87  -0.000076     -0.001333     -0.002468     0.006916      0.008878      0.004567      
5   3   0.012881      0.011622      -0.026092     -0.018314     0.014329      0.040370      
5   4   0.001044      0.000627      0.002106      0.012689      -0.000125     0.002550      
5   5   0.003047      -0.000799     -0.005336     0.003020      -0.003104     -0.003137     
5   6   0.000301      -0.000085     -0.003828     -0.001468     -0.003096     0.006490      
5   7   0.000555      0.002901      -0.006150     0.005046      -0.015587     -0.006607     
5   8   0.000479      0.003697      0.002112      0.003986      0.001641      -0.007104     
5   17  0.002546      -0.000410     -0.024410     -0.020818     0.008571      0.040688      
5   22  0.002261      -0.009770     -0.015297     -0.010530     -0.007076     0.009535      
5   24  -0.000297     0.003584      0.009915      -0.002483     0.001004      0.059333      
5   25  -0.002448     -0.006988     0.005498      -0.002146     0.012300      0.016867      
5   26  -0.002632     -0.008171     0.001478      -0.010953     0.006579      -0.024480     
5   27  0.004631      -0.000580     -0.009876     -0.013100     -0.012733     0.056767      
5   42  0.006893      0.018136      -0.024558     -0.002555     -0.007514     0.020230      
5   43  0.003622      0.006728      -0.008515     -0.010036     0.011327      0.041707      
5   45  0.010116      0.020762      -0.018094     -0.017164     0.022120      0.072301      
5   46  0.000193      -0.010035     -0.022131     0.015679      0.044332      0.006957      
5   53  0.002174      -0.012519     -0.034206     -0.029326     -0.013194     0.013652      
5   54  -0.001127     -0.024951     0.011922      0.012375      -0.025764     0.022054      
5   55  -0.001189     -0.002077     -0.019358     0.009003      0.014182      0.042859      
5   56  0.012029      -0.004664     -0.011267     -0.011568     0.012181      -0.050202     
5   57  0.001261      0.022851      0.039859      0.008747      -0.018112     -0.002844     
5   58  0.007188      0.000200      0.018168      0.013241      0.026517      0.030821      
5   60  0.009989      -0.002907     -0.013838     0.010969      -0.002933     -0.060684     
5   61  0.007115      0.012487      0.027857      0.038948      0.006992      -0.021394     
5   87  0.000277      0.001007      -0.004310     0.003242      0.002530      0.013083      
6   48  0.004595      -0.002065     -0.025053     0.038654      -0.040789     -0.001929     
6   49  -0.006261     -0.001453     -0.014347     -0.008021     -0.016195     0.047947      
6   50  0.012625      -0.024536     -0.017189     0.010554      0.028659      0.010634      
6   51  0.012816      -0.016229     -0.053181     -0.032768     -0.024093     0.031171      
7   52  -0.008907     -0.005214     0.004527      -0.000799     0.028272      0.029294      
8   0   -0.000571     0.003664      -0.004630     0.019658      -0.003993     -0.021314     
8   1   -0.002857     -0.004415     0.013458      0.018391      -0.009809     0.040319      
8   3   0.002203      -0.007237     -0.020371     -0.009192     0.013166      0.022672      
8   4   -0.001562     0.000398      -0.000222     0.004913      0.001669      -0.007162     
8   5   -0.000305     -0.000223     -0.004157     0.001230      0.002150      -0.007505     
8   6   -0.001746     -0.000022     -0.003110     -0.000538     0.001402      -0.003293     
8   7   -0.001662     0.001310      -0.004109     0.000392      -0.003064     -0.010558     
8   8   -0.001763     0.001457      -0.000181     0.000967      0.003981      -0.009482     
8   17  -0.001811     -0.004253     -0.019023     -0.003244     0.004409      0.009727      
8   22  -0.002351     -0.004718     -0.008920     -0.006653     -0.002785     -0.005513     
8   24  -0.004489     -0.000162     -0.005915     -0.006601     0.009952      -0.001629     
8   25  -0.006475     -0.003550     -0.011973     0.000799      0.010508      -0.007051     
8   26  -0.009940     -0.007319     -0.013705     -0.007641     0.028995      -0.028014     
8   27  -0.006524     -0.002907     -0.013529     -0.009861     0.021107      0.007398      
8   28  0.005378      -0.009983     -0.019605     0.003702      0.025851      0.010371      
8   29  0.005355      -0.012612     0.015518      0.048117      0.048958      0.021917      
8   30  0.000112      -0.020240     -0.008746     -0.001171     0.002135      -0.027212     
8   31  -0.003829     -0.011471     -0.013808     -0.012051     0.005419      -0.064691     
8   32  0.004530      -0.010392     -0.011730     -0.000532     0.002452      -0.003661     
8   33  -0.002075     -0.016989     -0.020540     0.004036      0.006865      -0.066834     
8   34  0.004285      -0.013701     -0.006795     -0.005784     0.032773      -0.002528     
8   35  -0.000839     -0.026412     0.016845      0.024498      0.066586      -0.037646     
8   36  0.003770      -0.004256     0.016079      0.040175      0.048764      0.024291      
8   37  0.003670      -0.012529     0.001618      -0.002107     -0.019801     -0.003389     
8   38  0.002250      0.002090      0.002775      -0.013422     -0.002019     -0.003480     
8   39  0.005484      -0.016092     -0.024527     -0.012162     0.012181      -0.039860     
8   40  -0.000104     -0.012441     -0.008482     -0.013555     0.001491      -0.023199     
8   41  -0.000248     -0.009542     -0.007565     0.018933      0.056809      -0.045154     
8   42  -0.005059     -0.001561     -0.017621     0.005565      -0.006395     -0.009512     
8   43  -0.007451     -0.012750     -0.004278     -0.005567     0.011712      0.019035      
8   45  -0.005672     -0.005812     -0.011023     -0.005161     0.037919      0.049111      
8   46  -0.005422     0.000726      -0.006014     0.004444      0.004728      -0.009984     
8   47  -0.003515     0.001898      0.009348      0.016764      -0.021378     -0.031737     
8   53  -0.008460     -0.002846     -0.012964     -0.019326     0.004745      -0.028459     
8   54  -0.006320     -0.010684     -0.000757     -0.004395     0.000945      0.003994      
8   55  -0.007737     -0.001973     -0.016521     -0.000921     0.024608      0.003702      
8   56  -0.001086     -0.003080     -0.011800     -0.008930     0.020448      -0.034866     
8   57  -0.005390     0.007171      0.008326      -0.002807     0.007471      -0.010835     
8   58  -0.003510     -0.001960     0.002258      -0.000903     0.019593      -0.009156     
8   60  -0.003208     -0.002132     -0.013585     -0.000221     0.014723      -0.038380     
8   61  -0.004168     0.003167      0.004066      0.010883      0.011217      -0.022168     
8   62  0.004554      0.025078      -0.001932     -0.029698     -0.012931     0.016625      
8   64  -0.007631     -0.004382     -0.000115     -0.022547     0.017401      -0.017893     
8   65  0.003063      0.011889      -0.020012     0.002381      -0.001493     -0.023539     
8   66  -0.001228     -0.013189     0.011181      -0.025125     -0.033248     0.061769      
8   67  0.008917      0.020678      -0.022675     0.013940      0.058677      -0.022673     
8   68  -0.001294     0.002163      0.015867      0.026984      -0.050083     0.006849      
8   69  0.009265      -0.005515     0.015286      0.048513      -0.010535     0.026175      
8   79  -0.005964     0.011403      -0.005905     -0.004810     -0.001585     0.004323      
8   80  0.000423      0.011853      -0.004504     0.001645      -0.011264     0.045510      
8   81  -0.001391     0.010652      0.007984      0.026857      -0.027144     0.022918      
8   82  -0.005180     0.010595      -0.003941     0.012960      0.012692      0.008236      
8   83  -0.006757     -0.002608     0.000303      -0.002385     -0.029562     0.032052      
8   84  -0.007002     -0.000066     -0.012418     0.000802      -0.041955     0.002135      
8   85  -0.006445     0.000522      -0.008301     0.007895      -0.035707     0.010166      
8   87  -0.001527     0.000380      -0.003374     0.000385      0.003506      0.000109      
