#s  t   0.05          0.1           0.15          0.2           0.25          0.3           
0   1   -0.012536     -0.003881     0.018873      -0.002453     -0.006575     -0.004516     
1   0   -0.001567     -0.008009     -0.026618     0.004401      0.003012      0.010980      
1   1   -0.001018     -0.008804     -0.005526     0.008448      0.011343      -0.001307     
1   3   0.000096      -0.001157     -0.002916     -0.003072     0.010941      0.005950      
1   4   0.000106      -0.001969     0.001294      0.001358      0.003228      0.002456      
1   5   0.000038      -0.001181     0.000429      0.001435      -0.001079     0.000354      
1   6   0.000094      -0.001975     0.001693      0.002731      0.000995      -0.000031     
1   7   0.000221      -0.002243     0.000948      0.000926      -0.000149     -0.000076     
1   8   -0.000041     -0.002285     0.001761      0.002098      0.001248      0.001938      
1   17  0.001037      -0.010833     -0.014987     0.011360      -0.006669     0.009268      
1   22  -0.002045     -0.005442     -0.005706     -0.000040     0.011939      -0.008784     
1   24  -0.001418     -0.000151     0.001749      0.005467      -0.000489     0.005941      
1   25  -0.002956     -0.006177     -0.010449     -0.001929     0.011104      0.017111      
1   26  -0.000311     -0.004008     0.001792      -0.004034     -0.001430     0.009751      
1   27  -0.001612     -0.005570     0.002462      -0.001577     0.001036      0.009494      
1   28  -0.001541     -0.000395     0.001991      0.000277      0.009115      0.018317      
1   29  -0.002452     0.003294      0.002128      0.004646      0.017294      0.025325      
1   30  -0.000502     0.001489      0.000179      0.000736      0.007526      0.010273      
1   31  -0.001238     0.000539      -0.000814     0.000742      0.004606      -0.005264     
1   32  -0.001153     -0.001204     0.000819      -0.002455     0.007098      0.008827      
1   33  -0.000749     -0.000497     0.000396      -0.004443     0.009966      0.009319      
1   34  -0.002185     -0.000111     0.003406      -0.002050     0.006399      0.014149      
1   35  -0.001311     -0.000634     0.001221      0.003659      0.014426      0.019845      
1   36  0.000324      0.001320      0.006096      0.008325      0.018701      0.026343      
1   37  -0.000714     -0.000332     -0.002798     0.000467      0.003074      0.008065      
1   38  -0.001104     -0.001204     0.002680      -0.002225     0.007021      0.000685      
1   39  -0.001213     0.002464      0.000739      -0.000722     0.001024      -0.000053     
1   40  -0.000868     -0.001341     0.001143      0.001455      0.009011      0.005309      
1   41  -0.002339     -0.000390     -0.003033     -0.002189     0.007507      0.008034      
1   42  -0.000331     -0.006955     0.003464      0.018845      0.020724      0.023460      
1   43  -0.002924     -0.003989     -0.006783     0.015350      0.018524      -0.009561     
1   45  -0.002950     -0.006375     -0.005969     0.007156      0.012441      0.021726      
1   46  -0.001832     -0.004649     0.001224      0.008869      0.001676      0.000535      
1   47  0.001128      -0.011705     0.001789      -0.011216     0.020141      0.007177      
1   53  -0.000998     -0.011377     -0.009623     0.006554      0.027381      0.017109      
1   54  0.000598      0.000573      0.000188      0.002209      0.003563      0.006744      
1   55  0.000241      -0.004210     0.001962      -0.003840     0.001741      0.001070      
1   56  -0.000527     -0.004997     0.004557      -0.002473     -0.001560     0.010330      
1   57  -0.001173     -0.005845     -0.004115     -0.002499     0.005914      0.023186      
1   58  -0.000727     -0.004572     -0.001416     -0.003379     0.004581      0.013612      
1   60  -0.001509     -0.001244     -0.004186     0.003206      0.004531      0.012783      
1   61  -0.000682     -0.001449     0.000725      -0.001282     0.012888      0.010774      
1   62  -0.001199     -0.004537     0.006928      -0.004577     0.011746      0.000619      
1   64  -0.002963     -0.000772     0.000769      -0.015010     0.018932      0.002286      
1   65  -0.003650     -0.002217     0.003068      -0.007233     0.028682      0.002336      
1   66  -0.002009     -0.003020     0.006328      0.005298      0.027192      -0.020280     
1   67  -0.002241     -0.008047     0.004696      0.003446      0.023668      0.004562      
1   68  -0.001244     -0.007548     -0.001937     -0.010136     0.021381      -0.010642     
1   69  -0.000076     -0.004659     0.003918      0.005409      0.035633      0.001693      
1   79  0.000758      -0.003753     -0.016699     -0.008119     0.011098      0.008595      
1   80  -0.001951     0.002954      -0.011079     -0.019016     0.010032      0.023584      
1   81  0.002214      0.001638      -0.027521     0.013566      0.014536      -0.018474     
1   82  -0.001155     0.001911      -0.022055     -0.009500     0.020554      -0.003288     
1   83  -0.006222     -0.007621     -0.013372     -0.010458     -0.013033     0.012030      
1   84  0.002883      -0.004186     -0.028514     -0.009607     0.017956      0.027456      
1   85  -0.000814     0.002702      -0.014392     -0.008937     0.013423      -0.020704     
1   87  0.000161      -0.001662     0.000867      0.001784      0.000742      0.003020      
2   0   -0.005863     0.001302      -0.016878     -0.007202     -0.010658     0.006418      
2   1   -0.003985     -0.012070     -0.002602     0.011433      -0.041191     0.013162      
2   3   -0.001974     0.002492      0.000822      -0.004880     0.008533      -0.001913     
2   4   -0.000062     -0.001628     0.001582      0.000012      0.002624      0.003267      
2   5   -0.000082     -0.000953     0.000651      0.000846      -0.001204     0.001749      
2   6   -0.000079     -0.001539     0.001836      0.001266      0.000498      0.001819      
2   7   0.000050      -0.001910     0.001092      -0.000566     -0.000751     0.001229      
2   8   -0.000197     -0.001929     0.002073      0.000596      -0.000085     0.003026      
2   17  -0.002441     -0.003757     -0.009166     0.002564      -0.015100     -0.002410     
2   22  -0.002913     -0.004403     -0.004326     -0.003427     0.010771      -0.006588     
2   24  -0.002275     0.001670      0.003516      0.004018      -0.001873     0.002449      
2   25  -0.006030     0.000324      -0.003907     -0.015650     0.000978      0.006022      
2   26  -0.001865     -0.000474     0.004766      -0.007161     -0.002674     0.001435      
2   27  -0.003144     -0.002155     0.005585      -0.003613     -0.001154     0.001864      
2   28  -0.002855     0.002990      0.003960      -0.004258     0.008769      0.009268      
2   29  -0.003998     0.007334      0.005853      0.003178      0.018040      0.017858      
2   30  -0.001579     0.003802      0.002005      -0.001435     0.007646      0.005642      
2   31  -0.002376     0.003972      0.000631      -0.003497     0.003523      -0.012971     
2   32  -0.001955     0.001141      0.002635      -0.005057     0.007045      0.003349      
2   33  -0.001426     0.001777      0.001326      -0.006904     0.009598      0.009015      
2   34  -0.003445     0.003392      0.005479      -0.006429     0.003226      0.011605      
2   35  -0.002771     0.003883      0.003762      0.001557      0.013169      0.010485      
2   36  -0.001160     0.005228      0.008322      0.005008      0.018348      0.017443      
2   37  -0.001636     0.002839      -0.000889     -0.003016     0.003881      0.005218      
2   38  -0.001872     0.000679      0.002604      -0.004514     0.007595      -0.007108     
2   39  -0.002273     0.005185      0.002773      -0.003545     0.000342      -0.010711     
2   40  -0.001602     0.000866      0.002156      -0.000147     0.005935      0.000931      
2   41  -0.003596     0.002975      -0.001399     -0.005429     0.004678      0.006642      
2   42  -0.002454     -0.002481     0.011185      0.014052      0.012120      0.024155      
2   43  -0.004794     0.000363      -0.003506     0.008702      0.017802      -0.007439     
2   45  -0.005765     -0.000929     0.000668      -0.001716     0.005016      0.010506      
2   46  -0.004390     0.000328      0.003941      -0.000384     0.000280      -0.004731     
2   47  -0.000816     -0.007162     0.006383      -0.019659     0.019880      -0.002461     
2   53  -0.004543     -0.005146     -0.002581     0.001306      0.016037      0.013284      
2   54  -0.000323     0.002313      0.003096      -0.000993     0.001849      0.002424      
2   55  -0.000879     -0.001453     0.003961      -0.006768     -0.000627     -0.006174     
2   56  -0.001706     -0.002807     0.005977      -0.001228     0.003183      0.007480      
2   57  -0.002123     -0.003436     -0.002209     -0.004011     0.005185      0.013235      
2   58  -0.001779     -0.002671     -0.000759     -0.004959     0.004190      0.009052      
2   60  -0.002795     0.002050      -0.001982     0.001879      0.005610      0.006882      
2   61  -0.001711     0.000427      0.001969      -0.005023     0.011383      0.008775      
2   62  -0.003309     -0.000468     0.009002      -0.008978     0.012085      0.011164      
2   64  -0.004336     0.002209      0.002191      -0.016156     0.015709      0.013844      
2   65  -0.005564     0.001232      0.005512      -0.012701     0.026753      -0.005269     
2   66  -0.003823     0.000601      0.008333      -0.003500     0.026831      -0.012843     
2   67  -0.004100     -0.003511     0.007579      -0.003423     0.024612      0.003350      
2   68  -0.002912     -0.004808     0.000060      -0.012547     0.022751      -0.004993     
2   69  -0.001769     -0.000960     0.004407      0.001778      0.034920      0.011291      
2   79  -0.003386     0.005546      -0.006053     -0.017441     0.006153      0.005470      
2   80  -0.005594     0.011020      -0.002344     -0.034859     -0.002216     0.010610      
2   81  -0.000855     0.006290      -0.014416     -0.001151     0.007854      -0.012165     
2   82  -0.004185     0.009122      -0.013507     -0.023401     0.001372      -0.007207     
2   83  -0.009760     -0.002865     -0.008909     -0.018598     -0.031254     0.013000      
2   84  -0.000118     0.002273      -0.022035     -0.024620     0.009818      0.019867      
2   85  -0.003783     0.008545      -0.007789     -0.020039     -0.000217     -0.015400     
2   87  0.000042      -0.001340     0.000944      0.001132      -0.000225     0.004327      
3   3   0.005798      0.006134      0.017865      -0.035657     -0.026017     -0.005247     
3   4   0.003599      0.002803      0.016014      -0.012047     0.009291      0.017895      
3   5   0.001845      0.002826      0.006365      -0.000098     -0.036198     -0.005989     
3   6   0.002918      0.001943      0.020577      0.010760      -0.012246     -0.025683     
3   7   0.004829      -0.002660     0.008423      -0.015563     -0.032681     -0.022875     
3   8   0.001411      -0.002797     0.022104      0.002300      -0.019662     0.024138      
3   17  0.004978      0.005576      0.001408      -0.029733     -0.055658     0.090173      
3   22  -0.005096     -0.001359     -0.033880     -0.021989     0.022509      -0.027432     
3   24  0.000619      0.004014      -0.001265     0.010242      -0.026353     0.006376      
3   25  0.003178      -0.004426     -0.022799     -0.024802     -0.001553     -0.008242     
3   26  0.005808      -0.000747     -0.006070     -0.010386     -0.046525     0.000875      
3   27  0.002637      -0.004593     -0.002598     -0.005462     -0.040323     -0.001756     
3   42  -0.000214     -0.002484     0.003693      -0.003929     -0.006338     0.020151      
3   43  -0.002308     0.001307      -0.004192     -0.003411     0.008620      0.005784      
3   45  -0.002376     0.000048      -0.007223     -0.016687     -0.014400     0.034854      
3   46  0.004277      0.000545      -0.019498     0.012185      -0.013542     0.035736      
3   53  0.005816      -0.003814     -0.005974     0.005766      -0.003552     0.020181      
3   54  0.005607      0.004377      -0.003609     0.004633      -0.007037     -0.005185     
3   55  0.005512      -0.003073     -0.001254     -0.010642     -0.016182     -0.024759     
3   56  0.002868      -0.006636     0.006760      -0.004004     -0.018899     0.007703      
3   57  0.001073      -0.006121     -0.015941     -0.007428     -0.014736     0.046524      
3   58  0.002473      -0.005253     -0.009983     -0.004548     -0.019998     0.010113      
3   60  0.001338      0.004765      -0.014345     0.007901      -0.015071     0.002892      
3   61  0.002758      0.002312      -0.004369     -0.005667     -0.004666     0.007088      
3   87  0.004073      -0.000478     0.008071      0.010134      -0.006626     0.029717      
4   3   0.008213      0.007985      0.021053      -0.029523     -0.015103     -0.016665     
4   4   0.005194      0.004167      0.019068      -0.006953     0.024797      0.020339      
4   5   0.002877      0.003877      0.007761      0.007376      -0.041796     -0.014477     
4   6   0.004412      0.001400      0.025092      0.020962      -0.004172     -0.038598     
4   7   0.006743      -0.003946     0.008518      -0.010590     -0.033012     -0.035459     
4   8   0.002431      -0.003680     0.028655      0.011394      -0.016855     0.024799      
4   17  0.006984      0.008035      -0.001383     -0.022817     -0.051218     0.111768      
4   22  -0.006394     -0.002046     -0.031175     -0.003392     0.028879      -0.051735     
4   24  0.000929      0.004496      -0.003285     0.021748      -0.026276     0.009256      
4   25  0.001661      -0.006343     -0.020512     -0.005947     0.011343      -0.013732     
4   26  0.008075      -0.001604     -0.010214     0.003306      -0.043423     0.000349      
4   27  0.003683      -0.006466     -0.006389     0.008108      -0.036862     -0.004002     
4   42  -0.000287     -0.003621     0.004225      0.002482      -0.002606     0.028182      
4   43  -0.003182     0.001325      -0.006580     0.002486      0.018493      0.007591      
4   45  -0.003255     -0.000221     -0.010597     -0.011511     -0.009047     0.045488      
4   46  0.005976      0.000078      -0.028052     0.027656      -0.006963     0.044570      
4   53  0.007902      -0.005542     -0.009947     0.017108      0.003484      0.026205      
4   54  0.007672      0.005710      -0.004542     0.015321      -0.001891     -0.005596     
4   55  0.007577      -0.005314     -0.002819     -0.001174     -0.010584     -0.029731     
4   56  0.004177      -0.009891     0.007890      0.004393      -0.013131     0.012001      
4   57  0.001725      -0.009037     -0.020373     0.000247      -0.008216     0.059597      
4   58  0.003350      -0.007341     -0.015427     0.004063      -0.015510     0.014050      
4   60  0.001981      0.005440      -0.021769     0.022415      -0.009358     0.000279      
4   61  0.003777      0.003116      -0.006376     0.003372      0.002806      0.008523      
4   87  0.005577      -0.000560     0.011435      0.020669      -0.000146     0.033077      
5   3   -0.001781     0.009109      0.003462      -0.029255     -0.011716     0.015363      
5   4   0.000676      -0.000315     0.005945      -0.007880     0.010540      0.017661      
5   5   0.000144      -0.000668     0.002225      0.002564      -0.020343     0.002222      
5   6   0.000512      -0.001751     0.010326      0.006481      -0.004291     -0.004792     
5   7   0.001375      -0.003908     0.001503      -0.007262     -0.011208     -0.008168     
5   8   -0.000315     -0.004060     0.011324      0.001633      -0.009850     0.016595      
5   17  -0.000712     -0.002084     0.001505      -0.021112     -0.041913     0.023343      
5   22  -0.004819     -0.003526     -0.015251     -0.010209     0.008881      -0.019929     
5   24  -0.004246     0.016129      -0.022756     0.026716      -0.014840     -0.016477     
5   25  -0.003442     -0.004444     -0.001804     -0.012467     -0.011313     0.039960      
5   26  0.006898      -0.002711     -0.005407     -0.013990     -0.020022     -0.008651     
5   27  0.001194      -0.011416     0.001018      -0.019336     -0.006467     -0.010876     
5   42  -0.004945     -0.004973     0.016279      0.000297      0.016230      0.065223      
5   43  -0.009667     0.003751      -0.005050     -0.004969     0.044408      0.012430      
5   45  -0.011568     -0.000269     -0.004473     -0.033155     0.001370      0.067824      
5   46  0.003717      0.000831      -0.038980     0.031231      0.011607      0.085319      
5   53  0.008956      -0.009816     -0.008693     0.023207      -0.006108     0.068808      
5   54  0.007311      0.012327      -0.001580     0.015817      0.006752      0.005201      
5   55  0.006365      -0.007601     0.011051      -0.010696     -0.016106     -0.014675     
5   56  0.001040      -0.014002     0.023671      0.005202      -0.004666     0.024751      
5   57  -0.002843     -0.017608     -0.025278     -0.009023     -0.006595     0.104154      
5   58  0.000027      -0.010464     -0.015949     0.003308      -0.006513     0.040804      
5   60  -0.003674     0.011879      -0.028568     0.031825      0.004605      0.043068      
5   61  0.000425      0.007181      -0.000151     -0.004500     0.031025      0.016396      
5   87  0.001214      -0.001764     0.002977      0.004122      0.002757      0.016282      
6   48  0.000678      0.011994      0.023938      -0.039551     0.042436      0.050766      
6   49  0.000034      -0.009494     0.023862      0.014668      -0.015477     0.036017      
6   50  0.001220      -0.032163     -0.038288     -0.005824     -0.036299     0.007534      
6   51  0.001840      -0.017377     0.037117      0.004910      0.033021      0.017677      
7   52  0.002257      0.005020      -0.013864     0.025147      -0.009595     -0.086163     
8   0   0.004502      -0.003482     -0.017252     0.032726      -0.013472     0.020629      
8   1   0.002848      0.005227      0.017551      0.034167      -0.014818     0.016411      
8   3   -0.000689     0.007918      0.000851      0.005794      0.010549      0.017055      
8   4   0.000026      -0.001205     0.005503      -0.002103     0.009313      0.006489      
8   5   -0.000190     -0.000672     0.002634      0.002615      -0.007092     0.004601      
8   6   -0.000051     -0.001501     0.007430      0.003530      0.001653      -0.000134     
8   7   0.000423      -0.002717     0.003356      -0.003417     -0.003022     -0.001283     
8   8   -0.000510     -0.002622     0.007499      0.002333      0.000521      0.009198      
8   17  0.003422      -0.007584     -0.002612     0.028053      -0.024833     0.004848      
8   22  -0.002637     -0.004318     -0.006964     0.001463      0.012967      -0.003645     
8   24  -0.003413     0.004177      0.008927      0.012425      -0.000938     0.008483      
8   25  -0.002373     -0.003456     0.005354      0.003591      0.002929      0.024507      
8   26  -0.001276     0.000065      0.012230      -0.007762     -0.005761     0.018045      
8   27  -0.004217     -0.003362     0.013466      -0.003176     -0.000818     0.016972      
8   28  -0.001291     0.013431      -0.001581     0.012688      -0.019941     0.059588      
8   29  -0.005319     0.033008      0.003585      0.045796      0.017063      0.096739      
8   30  0.002609      0.017240      -0.005145     0.019952      -0.015216     0.020154      
8   31  -0.001874     0.016725      -0.011171     0.018778      -0.044993     -0.045216     
8   32  -0.001733     0.004016      -0.000950     0.000719      -0.003861     0.012675      
8   33  0.000309      0.007660      -0.000374     -0.003920     0.005778      0.032092      
8   34  -0.005085     0.014661      0.008109      0.011520      -0.034357     0.041879      
8   35  0.000376      0.016529      -0.001654     0.042014      -0.006450     0.058295      
8   36  0.007741      0.023855      0.017232      0.060155      0.008386      0.086259      
8   37  0.001542      0.012483      -0.018008     0.010396      -0.036252     0.003542      
8   38  -0.001843     0.004176      0.003744      0.008844      -0.009664     -0.007782     
8   39  -0.000894     0.022655      -0.002324     0.009912      -0.067851     -0.018539     
8   40  -0.000886     0.004225      0.000683      0.024949      0.014000      0.006032      
8   41  -0.005305     0.012725      -0.023586     0.006511      -0.042272     0.023314      
8   42  -0.001393     -0.006358     0.022333      0.045773      0.028159      0.067371      
8   43  -0.007238     -0.000263     -0.007799     0.035655      0.046554      -0.007417     
8   45  -0.008057     -0.004302     -0.000935     0.019825      0.020294      0.043381      
8   46  0.000830      -0.000707     -0.000781     0.024667      0.006301      0.028835      
8   47  0.004118      -0.008606     0.007782      0.001549      0.020556      0.000989      
8   53  0.003938      -0.008417     -0.001180     0.026468      0.008304      0.050789      
8   54  0.001125      0.006783      0.006987      0.002826      0.005667      0.014224      
8   55  0.000286      -0.002177     0.010204      -0.007512     -0.005117     0.002927      
8   56  -0.001698     -0.005103     0.016278      0.003183      0.004140      0.023475      
8   57  -0.002993     -0.007201     -0.004903     -0.004103     0.001536      0.040534      
8   58  -0.001801     -0.004789     0.000576      -0.005679     0.008794      0.026530      
8   60  -0.003521     0.004587      -0.002353     0.009172      0.005778      0.028721      
8   61  -0.001655     0.002357      0.005564      -0.004608     0.024044      0.021174      
8   62  0.001914      -0.002115     0.022506      -0.004428     -0.046806     -0.008299     
8   64  -0.007144     0.010596      -0.014887     -0.050533     -0.006005     0.037592      
8   65  -0.009773     0.005198      0.002207      -0.010918     0.030106      0.020211      
8   66  -0.003150     0.002961      0.014436      0.018702      0.038800      -0.074761     
8   67  -0.004243     -0.016936     0.013977      0.018573      0.009693      -0.006673     
8   68  -0.000622     -0.018770     -0.016655     -0.032126     0.045981      -0.039993     
8   69  0.006567      -0.002062     0.003987      0.028800      0.069675      0.036222      
8   79  0.006443      0.000936      -0.004911     0.028315      0.009760      0.006436      
8   80  0.003703      0.006791      -0.005026     0.014750      -0.006674     0.022648      
8   81  0.006614      0.004128      -0.018492     0.034961      -0.002864     -0.009339     
8   82  0.003526      0.006255      -0.015665     0.009883      -0.004468     0.001352      
8   83  -0.001304     -0.004179     -0.010310     0.015256      -0.034421     0.011312      
8   84  0.007393      -0.000378     -0.024415     0.008920      0.005976      0.031774      
8   85  0.003589      0.005581      -0.005906     0.008686      0.000753      -0.013947     
8   87  0.000408      -0.001435     0.002799      0.002228      0.001178      0.010023      
