#s  t   0.05          0.1           0.15          0.2           0.25          0.3           
0   1   -0.000621     0.000114      0.000080      0.027212      -0.008113     0.024722      
1   0   0.005268      0.009404      0.002619      0.031041      0.022030      0.055285      
1   1   0.002308      0.007722      0.004105      0.037171      -0.009243     0.045296      
1   3   0.006112      0.000826      0.000551      0.014013      0.014789      0.029149      
1   4   0.000077      0.000593      0.001142      0.000733      -0.005866     0.004421      
1   5   0.000338      0.000220      0.000794      0.000363      -0.002791     0.003968      
1   6   0.000214      0.000240      0.000457      0.000578      -0.003561     0.003041      
1   7   0.000225      -0.000049     0.000353      0.000944      -0.004299     0.005242      
1   8   -0.000053     0.000110      0.000527      -0.000309     -0.005199     0.005206      
1   17  0.004986      0.005279      0.000623      0.019875      0.006515      0.024863      
1   22  0.000829      0.005034      -0.000853     0.007192      -0.003870     0.016155      
1   24  0.002439      0.004089      0.000954      0.006408      0.004863      0.012074      
1   25  0.005505      0.008741      0.005551      0.027921      0.009837      0.033779      
1   26  0.002848      0.007723      0.003159      0.010115      -0.000745     0.026203      
1   27  0.002528      0.009112      -0.000695     0.011761      -0.000123     0.020907      
1   28  0.002237      0.004520      0.000180      0.015231      0.002707      0.025459      
1   29  0.002208      0.005454      0.004678      0.019920      0.015157      0.035344      
1   30  0.000246      0.002577      0.000456      0.009556      0.010574      0.012732      
1   31  0.000571      -0.000059     0.001555      0.009680      0.002922      0.015265      
1   32  0.001413      0.001924      0.002031      0.009864      0.001782      0.013576      
1   33  0.001695      0.002289      -0.003607     0.006580      -0.000057     0.006202      
1   34  0.000272      0.004711      0.004842      0.012161      0.002229      0.015795      
1   35  0.002097      0.004357      0.008380      0.015508      0.011213      0.030837      
1   36  0.002522      0.004697      0.007882      0.020789      0.018307      0.032537      
1   37  0.002052      0.004768      0.004438      0.008009      0.007274      0.016135      
1   38  0.001044      0.001531      0.003772      0.003748      -0.001978     0.011376      
1   39  0.000715      0.001235      0.003080      0.009613      0.006999      0.022339      
1   40  0.000668      0.001535      -0.001292     0.004454      0.002834      0.008658      
1   41  0.000737      0.002434      0.005630      0.010934      0.003789      0.021820      
1   42  0.004924      0.003892      -0.000910     0.013870      -0.000213     0.027668      
1   43  0.003722      0.007892      -0.000802     0.020383      0.012083      0.034586      
1   45  0.007185      0.004819      -0.003470     0.026079      0.007186      0.048484      
1   46  0.003281      0.006241      -0.009728     0.018440      -0.002119     0.039690      
1   47  0.004314      0.005701      -0.000724     0.024414      0.011354      0.019129      
1   53  0.006106      0.007378      0.005902      0.029713      -0.003710     0.058494      
1   54  0.002129      0.001907      0.001089      0.002631      0.009838      0.006665      
1   55  0.003006      0.007979      -0.001671     0.014136      -0.006230     0.019373      
1   56  0.003223      0.001598      0.002221      0.009990      0.004800      0.021264      
1   57  0.003188      0.007091      -0.006244     0.009495      0.006437      0.006692      
1   58  0.002014      0.003943      0.003582      0.009081      0.000060      0.019851      
1   60  0.002196      0.004935      0.003931      0.003641      -0.005120     0.014421      
1   61  0.002763      0.004361      -0.001712     0.008027      0.001712      0.012627      
1   62  0.003698      0.006040      -0.004797     0.016898      -0.007142     0.021057      
1   64  0.001173      0.005620      0.000144      0.017248      0.005016      0.004639      
1   65  0.001562      0.003669      0.001604      0.010837      0.004710      0.031155      
1   66  0.002038      0.006522      -0.004684     0.019367      0.017648      0.036433      
1   67  0.001376      0.002943      -0.000525     0.013726      -0.010740     0.017649      
1   68  0.000715      0.005580      -0.002941     0.012848      -0.010387     0.021036      
1   69  0.001805      0.001946      -0.002785     0.013709      0.009359      0.021590      
1   79  -0.001158     0.004571      0.002221      0.021870      0.021040      0.041427      
1   80  0.010192      -0.001259     0.008169      0.042954      -0.023224     0.056020      
1   81  0.006648      0.000312      0.003920      0.023935      -0.010432     0.023513      
1   82  0.003637      0.006916      -0.009632     -0.012174     -0.013244     0.061640      
1   83  0.004980      0.001163      -0.003803     0.036220      -0.006129     0.052833      
1   84  0.004677      0.006612      -0.006810     0.020650      -0.004768     0.032689      
1   85  0.005676      0.007968      0.001171      0.011299      0.009072      0.045846      
1   87  0.000093      0.000153      0.000587      0.000033      -0.004822     0.004432      
2   0   -0.001982     0.004209      -0.006767     0.022140      0.025196      0.034231      
2   1   -0.010386     -0.012616     -0.001731     0.008149      -0.033786     0.019010      
2   3   0.002826      -0.002375     -0.003874     0.007958      0.017874      0.017259      
2   4   -0.000328     0.000372      0.000716      0.000525      -0.005443     0.002053      
2   5   0.000078      0.000009      0.000746      0.000272      -0.002786     0.003580      
2   6   -0.000108     -0.000029     0.000224      -0.000140     -0.002619     0.000254      
2   7   -0.000123     -0.000353     0.000043      0.001096      -0.004207     0.003282      
2   8   -0.000409     -0.000204     0.000346      -0.000823     -0.004815     0.003857      
2   17  -0.000307     0.000796      -0.006387     0.006956      0.012620      0.004389      
2   22  -0.000875     0.004309      -0.002638     0.004445      0.000027      0.010735      
2   24  0.001095      0.002709      -0.001932     0.001242      0.005147      0.009334      
2   25  0.000259      0.005528      -0.003231     0.016587      0.010361      0.017641      
2   26  -0.000197     0.005502      -0.002066     0.003615      0.001611      0.012893      
2   27  -0.000323     0.007032      -0.006672     0.004699      0.000069      0.010795      
2   28  -0.000005     0.002814      -0.001698     0.012251      0.000528      0.024185      
2   29  -0.000363     0.002721      0.002062      0.016441      0.012623      0.033838      
2   30  -0.001591     0.000418      -0.000979     0.009667      0.007734      0.011852      
2   31  -0.001536     -0.002276     -0.000663     0.005939      0.000679      0.016085      
2   32  -0.000164     0.000485      0.000961      0.007047      -0.000865     0.009723      
2   33  0.000628      0.000833      -0.004958     0.004952      -0.000533     0.006422      
2   34  -0.001874     0.002949      0.003430      0.009980      -0.003147     0.011336      
2   35  -0.000328     0.001895      0.005617      0.013493      0.009850      0.028525      
2   36  0.000000      0.002031      0.005480      0.017201      0.017178      0.029255      
2   37  0.000290      0.003275      0.002152      0.005245      0.004561      0.014322      
2   38  -0.000099     -0.000112     0.002733      0.002594      -0.003133     0.009762      
2   39  -0.001160     -0.000688     0.000640      0.006770      0.004000      0.022162      
2   40  -0.000581     0.000200      -0.002764     0.003714      -0.000751     0.005197      
2   41  -0.001481     0.000580      0.003083      0.008591      0.000898      0.018451      
2   42  0.001624      0.001713      -0.006356     0.012720      -0.002798     0.013738      
2   43  0.000789      0.004973      -0.007064     0.017171      0.007950      0.026996      
2   45  0.002951      0.001033      -0.012611     0.012111      0.010449      0.037182      
2   46  -0.001023     0.002462      -0.016941     0.012237      -0.002598     0.023001      
2   47  0.000981      0.003788      -0.005165     0.020934      0.012226      0.011576      
2   53  -0.001250     0.002418      0.000847      0.020414      -0.013549     0.030079      
2   54  0.000271      0.000785      -0.003070     -0.002006     0.012775      -0.004632     
2   55  0.000926      0.006550      -0.004267     0.005879      -0.006842     0.012605      
2   56  0.001703      0.000227      0.000016      0.004114      0.005078      0.015654      
2   57  0.001469      0.005823      -0.010809     0.005761      0.006297      -0.000379     
2   58  0.000198      0.002293      0.001271      0.006736      0.000416      0.013372      
2   60  0.000158      0.003419      0.000834      -0.001760     -0.002290     0.003454      
2   61  0.001109      0.003119      -0.004799     0.002960      0.002069      0.000828      
2   62  0.000633      0.003395      -0.006629     0.009258      -0.012042     0.006707      
2   64  -0.001292     0.002705      -0.001922     0.011991      0.000779      -0.013421     
2   65  -0.001716     0.000487      -0.000549     0.007150      0.000284      0.019840      
2   66  -0.001228     0.003402      -0.004208     0.013824      0.019960      0.027613      
2   67  -0.001255     0.000826      -0.004253     0.009628      -0.021153     0.005538      
2   68  -0.001730     0.003538      -0.004386     0.007976      -0.012581     0.007911      
2   69  -0.001396     -0.001358     -0.004764     0.008686      0.011688      0.008673      
2   79  -0.009143     -0.001424     -0.007513     0.014934      0.022789      0.015469      
2   80  0.004556      -0.007218     -0.001674     0.033256      -0.023476     0.051122      
2   81  0.001344      -0.005590     0.000754      0.013315      -0.014178     0.013594      
2   82  -0.002076     0.002042      -0.019347     -0.019271     -0.007616     0.043786      
2   83  -0.000964     -0.002282     -0.009873     0.032456      -0.006858     0.034637      
2   84  -0.000867     0.001610      -0.009973     0.014604      -0.004066     0.016020      
2   85  -0.000078     0.005589      -0.007335     0.001562      0.019633      0.033336      
2   87  -0.000225     -0.000054     0.000507      -0.000390     -0.004605     0.001602      
3   3   -0.002748     -0.003621     -0.006431     0.005017      -0.002216     0.034125      
3   4   -0.002619     0.000952      -0.002787     -0.000199     -0.035333     0.032731      
3   5   0.002241      -0.002519     -0.000965     -0.002888     -0.010397     0.038507      
3   6   -0.000400     -0.002977     -0.007568     -0.007122     -0.009082     0.013943      
3   7   -0.000214     -0.007592     -0.008337     0.008728      -0.017666     0.037647      
3   8   -0.004493     -0.004819     -0.011184     -0.017560     -0.018477     0.034910      
3   17  -0.006035     -0.011343     0.004821      -0.007840     -0.024744     -0.016192     
3   22  -0.007185     0.015123      0.003991      0.026039      0.017691      0.009226      
3   24  -0.002670     -0.002693     -0.001643     0.005155      0.012394      0.009555      
3   25  -0.008591     -0.007612     -0.002463     0.008580      0.008741      -0.024959     
3   26  -0.010667     -0.006483     0.002865      0.001477      -0.007026     -0.013440     
3   27  -0.010105     -0.001244     -0.007474     0.003678      -0.007702     -0.019073     
3   42  -0.004631     -0.002708     0.001545      0.006441      -0.010552     -0.012220     
3   43  -0.005007     0.000973      0.000707      0.017202      -0.002695     0.004083      
3   45  -0.005837     -0.003477     0.000323      0.016761      -0.009273     0.004755      
3   46  -0.004073     -0.009245     0.001284      0.007954      0.006999      -0.000420     
3   53  -0.005769     -0.013170     -0.009355     0.010702      -0.007007     -0.020199     
3   54  -0.005028     -0.009211     -0.002308     -0.012536     0.020003      -0.034939     
3   55  -0.005006     0.001965      -0.005643     0.013432      -0.018428     -0.006706     
3   56  -0.001700     -0.011130     0.003581      0.006873      0.013561      0.011547      
3   57  -0.002366     0.002776      -0.016635     0.002625      0.011534      -0.023683     
3   58  -0.005527     -0.006812     0.006614      0.006651      0.000986      -0.000680     
3   60  -0.006535     -0.005219     0.007236      -0.004553     -0.013366     -0.027529     
3   61  -0.003565     -0.005388     -0.005307     0.003647      -0.001493     -0.020842     
3   87  -0.001819     -0.002803     -0.000432     -0.008697     -0.036296     0.037463      
4   3   0.000533      -0.013572     -0.011136     -0.001555     0.003417      0.051834      
4   4   -0.000894     -0.003600     -0.005690     -0.006467     -0.041246     0.048808      
4   5   0.004875      -0.007444     -0.002561     -0.009069     -0.011104     0.060096      
4   6   0.001849      -0.008737     -0.012749     -0.014655     -0.005772     0.022092      
4   7   0.002182      -0.015751     -0.013411     0.008067      -0.019807     0.051398      
4   8   -0.003543     -0.012023     -0.016647     -0.029465     -0.018148     0.051216      
4   17  -0.003023     -0.025390     0.001606      -0.026563     -0.026274     0.012654      
4   22  -0.005520     0.016145      0.000558      0.022035      0.022723      0.032812      
4   24  -0.001491     -0.007397     -0.004848     0.000603      0.019278      0.016413      
4   25  -0.005589     -0.007245     -0.002731     -0.014203     0.043815      0.007080      
4   26  -0.010244     -0.016990     -0.000690     -0.013120     -0.000591     -0.009963     
4   27  -0.009721     -0.009071     -0.015477     -0.007876     -0.003982     -0.014743     
4   42  -0.004343     -0.007081     0.001181      0.003155      -0.012896     -0.016332     
4   43  -0.005018     -0.001377     -0.000612     0.018346      0.002914      0.004713      
4   45  -0.005334     -0.009219     -0.001277     0.013836      -0.005931     0.009440      
4   46  -0.002632     -0.018148     -0.000226     0.004526      0.009392      0.009073      
4   53  -0.005393     -0.022960     -0.015327     0.007324      -0.002751     -0.021597     
4   54  -0.004476     -0.017894     -0.005402     -0.024599     0.031887      -0.046963     
4   55  -0.003931     -0.002870     -0.009934     0.010078      -0.019464     -0.005299     
4   56  -0.000123     -0.019874     0.003002      0.002476      0.024847      0.019972      
4   57  -0.000754     -0.001085     -0.025788     -0.002528     0.018166      -0.018588     
4   58  -0.004929     -0.013671     0.006203      0.001347      0.005274      0.009881      
4   60  -0.006056     -0.013169     0.007625      -0.018029     -0.014214     -0.032873     
4   61  -0.002423     -0.012770     -0.010884     -0.002032     0.005527      -0.023931     
4   87  -0.000404     -0.008921     -0.002520     -0.017222     -0.045839     0.054094      
5   3   0.001273      -0.005475     -0.004595     0.002632      0.024781      0.025727      
5   4   -0.000230     -0.001294     -0.006202     -0.004295     -0.011180     0.024011      
5   5   0.002079      -0.002912     -0.003678     -0.005274     0.000216      0.030645      
5   6   0.000871      -0.003019     -0.009325     -0.007313     -0.001897     0.008004      
5   7   0.001012      -0.006461     -0.010258     0.004111      -0.003002     0.024867      
5   8   -0.001159     -0.004863     -0.010284     -0.010814     -0.003943     0.026820      
5   17  -0.003526     -0.007655     -0.008178     -0.014986     0.000507      0.007754      
5   22  -0.002269     0.006797      -0.004942     0.006562      0.018914      0.030090      
5   24  0.006282      0.006578      -0.008574     0.022553      0.012158      0.012161      
5   25  -0.005334     0.008420      -0.015884     -0.003280     0.014107      -0.015235     
5   26  -0.006685     0.009302      0.019575      -0.003757     -0.024886     0.022400      
5   27  -0.005933     0.020130      -0.007984     -0.004769     -0.012142     -0.008310     
5   42  -0.003177     0.005855      0.001796      0.003728      -0.021012     0.000853      
5   43  -0.004638     0.013792      -0.001370     0.025683      0.006630      0.016941      
5   45  -0.003104     0.008547      -0.000425     0.019509      -0.010110     0.044467      
5   46  0.002579      -0.000555     0.005137      0.010173      0.003211      0.039946      
5   53  -0.003056     -0.013113     -0.023341     0.001754      -0.005498     0.010271      
5   54  -0.001647     -0.005220     -0.001471     -0.043230     0.054492      -0.033418     
5   55  0.000611      0.023266      -0.011973     0.019464      -0.047323     0.023824      
5   56  0.006467      -0.011174     0.003566      0.004293      0.033082      0.076363      
5   57  0.005458      0.021637      -0.040881     -0.002998     0.036932      -0.003207     
5   58  -0.002758     0.002068      0.013453      0.004409      0.004432      0.068039      
5   60  -0.003477     0.006360      0.017953      -0.037049     -0.025224     0.014631      
5   61  0.002288      0.004603      -0.018113     -0.012280     0.015169      0.005902      
5   87  -0.000092     -0.003652     -0.003995     -0.009448     -0.012630     0.020573      
6   48  -0.002897     -0.007048     0.013123      -0.002677     0.022479      -0.042836     
6   49  -0.010461     0.014341      0.024657      0.011427      0.005967      -0.074802     
6   50  0.000135      0.016405      -0.007941     -0.006253     0.018438      0.003382      
6   51  -0.003607     0.015578      -0.025796     -0.044897     0.023394      0.007249      
7   52  -0.002269     -0.005531     -0.012484     0.009295      0.064695      -0.005656     
8   0   0.001502      -0.000299     0.000515      -0.013815     0.008191      -0.025898     
8   1   -0.001836     -0.008244     0.006291      0.001266      0.034298      -0.033723     
8   3   0.005200      -0.004668     -0.001239     -0.010547     0.018010      0.033049      
8   4   0.000146      0.001342      -0.002483     -0.002212     -0.008416     0.011190      
8   5   0.001184      0.000187      -0.001870     -0.003396     -0.003217     0.014012      
8   6   0.000712      0.000262      -0.004836     -0.003813     -0.003180     0.004922      
8   7   0.000745      -0.000928     -0.004726     0.001930      -0.005197     0.012667      
8   8   -0.000315     -0.000430     -0.004569     -0.005435     -0.005638     0.013014      
8   17  0.000263      -0.000954     -0.002465     -0.025447     -0.003308     -0.025577     
8   22  -0.000608     0.006085      -0.003002     0.002448      -0.004781     0.002392      
8   24  0.002062      0.006831      -0.001437     -0.007537     0.003876      0.015648      
8   25  0.000163      0.008070      -0.002793     -0.017054     0.012783      0.005241      
8   26  -0.000866     0.014437      0.002476      -0.013910     -0.012523     0.019728      
8   27  -0.000977     0.017746      -0.004927     -0.010537     -0.008709     0.009359      
8   28  0.005538      0.004584      -0.001336     0.021213      0.013171      0.048487      
8   29  0.004684      0.003637      0.017464      0.045998      0.072530      0.097479      
8   30  -0.003014     -0.003909     0.001944      0.022041      0.049922      -0.008877     
8   31  -0.001782     -0.017852     0.003273      0.004170      0.014673      0.014469      
8   32  0.003597      -0.005629     0.007806      0.017100      0.009261      0.013034      
8   33  0.005424      0.001282      -0.018540     0.011945      0.003356      -0.004597     
8   34  -0.003457     0.005426      0.020736      0.024037      0.027656      0.000223      
8   35  0.004777      -0.000590     0.031168      0.029159      0.053879      0.065930      
8   36  0.006635      0.000841      0.031411      0.048983      0.092218      0.071477      
8   37  0.005721      0.006945      0.013683      0.007017      0.032096      0.012771      
8   38  0.002794      -0.002789     0.016000      -0.006622     0.004528      0.004277      
8   39  -0.000968     -0.011201     0.009796      0.005211      0.036266      0.044155      
8   40  0.000559      -0.004336     -0.011159     -0.004212     0.006164      -0.008297     
8   41  -0.001398     -0.005088     0.022088      0.005239      0.021626      0.024986      
8   42  0.002014      0.005125      -0.004803     -0.012611     -0.031946     0.029761      
8   43  -0.000038     0.013758      -0.004428     0.010921      0.011910      0.046881      
8   45  0.004228      0.005915      -0.010597     -0.011308     -0.003855     0.071336      
8   46  0.002170      0.004350      -0.011401     -0.005139     -0.005387     -0.004374     
8   47  0.002485      0.001509      -0.003348     0.005119      0.004200      -0.031315     
8   53  0.001215      -0.000351     0.001946      -0.007366     -0.028699     -0.013123     
8   54  0.000556      0.003583      -0.000671     -0.018487     0.019419      -0.009899     
8   55  0.001857      0.016273      -0.006874     0.005353      -0.027830     0.013749      
8   56  0.003619      0.001923      0.001940      -0.003395     0.006323      0.033518      
8   57  0.003104      0.014163      -0.015238     -0.003476     0.010444      -0.006376     
8   58  0.000223      0.006488      0.003165      0.002911      -0.007014     0.027294      
8   60  0.000105      0.009797      0.007957      -0.022068     -0.016585     0.002539      
8   61  0.002113      0.008173      -0.005659     -0.009103     0.000050      0.005567      
8   62  0.010356      0.004355      -0.021417     -0.019644     -0.033952     0.006811      
8   64  0.000005      0.009099      -0.004309     0.027455      0.013724      -0.065240     
8   65  0.000814      -0.010160     0.006219      -0.019784     0.004083      0.046933      
8   66  0.002890      0.006051      -0.013636     0.000196      0.068902      0.058475      
8   67  0.001493      -0.009489     -0.011301     0.009441      -0.043275     -0.022609     
8   68  -0.001745     0.006373      -0.017121     -0.012305     -0.053995     0.002993      
8   69  0.001802      -0.016482     -0.012384     -0.014338     0.018986      -0.006564     
8   79  -0.005002     -0.006325     0.000319      -0.018607     -0.009279     -0.050147     
8   80  0.006929      -0.011534     0.005450      0.007103      -0.040371     0.005904      
8   81  0.003714      -0.008352     0.004105      -0.011710     -0.031561     -0.035672     
8   82  0.000660      -0.000393     -0.008295     -0.046463     -0.030328     0.012945      
8   83  0.001590      -0.005136     -0.004221     0.004695      -0.032237     -0.015329     
8   84  0.001699      -0.002073     -0.009098     -0.010676     -0.030613     -0.016655     
8   85  0.002291      0.002746      -0.002618     -0.033510     -0.000487     -0.015739     
8   87  0.000225      0.000052      -0.002524     -0.005354     -0.009498     0.010794      
