#s  t   0.05          0.1           0.15          0.2           0.25          0.3           
0   1   0.003029      -0.018947     -0.017079     0.019305      -0.040805     -0.042496     
1   0   -0.000685     0.004739      -0.013991     0.006499      0.022333      0.033958      
1   1   0.001120      0.005578      0.004147      0.004950      0.024605      0.056097      
1   3   0.000585      0.003184      -0.002397     -0.003057     0.003756      0.016634      
1   4   0.000309      0.000857      -0.000138     -0.002288     0.001484      0.006093      
1   5   0.000117      0.000732      -0.000629     -0.001484     0.002780      0.004296      
1   6   0.000339      0.000782      0.000027      -0.002612     0.002145      0.004620      
1   7   0.000252      0.000275      0.000750      -0.001402     0.001285      0.004322      
1   8   0.000390      0.000431      0.000819      -0.003500     0.001036      0.004256      
1   17  0.000748      0.005942      -0.014508     -0.000048     0.018535      0.022556      
1   22  0.001530      0.003446      -0.000395     0.004154      0.008632      0.018615      
1   24  0.001429      0.000269      0.000834      -0.007741     0.001713      0.006216      
1   25  -0.000247     0.003252      0.002598      0.003539      0.028802      0.033113      
1   26  0.001475      0.000375      0.002437      -0.001149     0.009154      0.009502      
1   27  0.001549      -0.000295     0.001713      -0.004912     0.002479      0.011606      
1   42  0.000816      -0.000508     -0.003246     -0.000174     0.010064      0.009765      
1   43  0.000566      0.001744      -0.002341     -0.005634     0.001173      0.012602      
1   45  -0.000346     -0.001213     -0.002931     0.000320      0.019459      0.018958      
1   46  -0.000826     0.000126      -0.002379     0.009696      0.000014      0.022095      
1   47  0.002940      0.006009      -0.014283     0.006316      0.001443      0.032876      
1   53  0.001514      -0.001316     0.005075      -0.001520     0.027026      0.038303      
1   54  0.000522      0.000349      -0.000508     0.002374      0.003666      0.005540      
1   55  0.000647      -0.001060     0.002730      -0.004947     0.001165      0.010720      
1   56  -0.000184     0.001928      -0.000604     -0.004389     0.005629      0.007408      
1   57  0.000561      0.001261      -0.000977     -0.000490     0.006909      0.005755      
1   58  -0.000475     0.002461      0.004244      -0.001421     0.011416      0.004904      
1   60  0.000091      0.000198      0.004944      0.002059      -0.000452     0.013834      
1   61  -0.000594     -0.001494     0.002728      -0.006660     0.005107      0.019155      
1   79  0.003304      0.003979      -0.009255     0.002012      0.033819      0.043795      
1   80  0.000896      0.005920      -0.000952     -0.006503     0.020249      0.058193      
1   81  0.001632      0.000818      -0.023871     0.012570      0.013126      0.036245      
1   82  0.004971      0.005391      -0.003289     -0.019282     0.038162      0.037460      
1   83  -0.003451     -0.002149     -0.020337     -0.008473     -0.000332     0.050867      
1   84  -0.003116     0.005758      -0.008830     0.008782      0.002783      0.026224      
1   85  0.002085      -0.005936     0.016191      -0.011997     0.003816      0.058514      
1   87  0.000336      0.000302      -0.000303     -0.003261     0.002907      0.003996      
2   0   -0.003314     0.001700      -0.004475     0.016825      -0.020347     -0.010955     
2   1   -0.007647     0.012401      0.000883      -0.009644     -0.016639     0.026117      
2   3   -0.000203     0.003083      0.001296      0.002099      -0.015085     0.010004      
2   4   0.000247      0.000719      0.000625      -0.001504     -0.001612     0.005731      
2   5   0.000058      0.000623      -0.000091     -0.001423     0.001021      0.002325      
2   6   0.000288      0.000702      0.000863      -0.002063     0.000183      0.002159      
2   7   0.000200      0.000100      0.001388      -0.001001     -0.001690     0.004115      
2   8   0.000342      0.000270      0.001484      -0.003716     -0.001352     0.001640      
2   17  -0.000735     0.003766      -0.007311     0.007130      -0.024509     -0.005614     
2   22  0.001141      0.002862      0.001894      0.009216      0.002845      0.006681      
2   24  0.001203      0.000483      0.002626      -0.007611     -0.004553     0.001357      
2   25  -0.002038     0.000994      0.008890      0.010336      -0.003440     0.000938      
2   26  0.000777      0.000056      0.005421      0.001963      -0.007712     -0.003713     
2   27  0.000917      -0.000834     0.004110      -0.001626     -0.015674     -0.003734     
2   42  0.000251      -0.001486     0.000143      0.000842      -0.001602     -0.003487     
2   43  0.000022      0.000903      0.001439      -0.002796     -0.016367     -0.000739     
2   45  -0.001240     -0.001860     0.002842      0.005502      0.003148      -0.005738     
2   46  -0.002297     -0.001870     0.002450      0.016040      -0.025598     0.013507      
2   47  0.002037      0.005093      -0.009226     0.013274      -0.014497     0.031258      
2   53  -0.000305     -0.003440     0.019552      -0.000794     -0.025276     -0.007757     
2   54  0.000023      -0.000165     0.000428      0.005638      -0.006393     0.001843      
2   55  0.000170      -0.001838     0.004847      -0.002689     -0.010822     0.003675      
2   56  -0.000593     0.001380      0.000046      -0.004118     -0.005659     0.001705      
2   57  0.000253      0.001804      0.000575      0.002964      -0.002577     -0.006155     
2   58  -0.000920     0.002009      0.005609      0.001186      0.003475      -0.010554     
2   60  -0.000343     0.000240      0.006924      0.005166      -0.016198     0.004149      
2   61  -0.001152     -0.002068     0.005249      -0.007446     -0.003946     0.011933      
2   79  0.001181      0.001409      0.002276      0.017080      -0.020031     -0.001669     
2   80  -0.001000     0.003485      0.006614      0.001305      -0.023822     0.035471      
2   81  0.000138      -0.002184     -0.019921     0.019669      -0.024779     0.016711      
2   82  0.003659      0.004202      0.005802      -0.014531     0.005512      0.009982      
2   83  -0.005978     -0.005498     -0.008447     -0.003780     -0.037176     0.039928      
2   84  -0.005593     0.004362      0.000786      0.015331      -0.025937     0.026469      
2   85  0.000722      -0.009790     0.023028      -0.002896     -0.028847     0.046166      
2   87  0.000297      0.000197      0.000480      -0.003284     0.000703      0.003394      
3   3   0.006618      0.006601      0.011140      -0.004954     -0.026533     0.012509      
3   4   0.004001      0.005699      -0.000944     0.005355      -0.024564     0.031462      
3   5   0.001561      0.005072      -0.005383     -0.000717     0.005733      0.018623      
3   6   0.003770      0.005714      0.004247      0.001722      -0.016406     0.005491      
3   7   0.003554      -0.000498     0.010292      0.003589      -0.029796     0.012320      
3   8   0.004838      0.002795      0.011134      -0.006796     -0.026965     0.007034      
3   17  0.002329      0.005007      0.000163      0.002809      -0.010080     -0.018355     
3   22  0.009559      0.001208      -0.008662     0.053638      0.017979      0.002934      
3   24  0.005198      -0.000439     0.004085      -0.014165     -0.001846     0.006915      
3   25  0.002018      0.005515      0.012803      0.011226      0.030467      -0.004088     
3   26  0.006472      -0.004089     0.014257      0.009428      -0.000424     -0.017102     
3   27  0.006717      -0.006938     0.012160      0.001329      -0.015621     -0.006563     
3   42  0.004317      -0.004363     0.004939      -0.000369     0.007568      -0.005133     
3   43  0.004111      -0.001749     0.005103      -0.004892     -0.011798     -0.000083     
3   45  0.004862      -0.006492     0.004490      0.003396      0.012589      -0.006329     
3   46  -0.000698     -0.005528     0.004683      0.006174      -0.009266     -0.015168     
3   53  0.005800      -0.004214     0.007772      0.013921      -0.029696     -0.027756     
3   54  0.002091      -0.002351     0.000871      0.014399      -0.006580     -0.010993     
3   55  0.003271      -0.008231     0.016509      0.002258      -0.012526     0.004450      
3   56  0.000912      0.001401      0.001775      -0.009434     -0.002905     0.009710      
3   57  0.002932      0.003126      0.000513      0.005791      0.016453      -0.007025     
3   58  -0.000359     0.003385      0.015374      0.007707      0.012461      -0.017420     
3   60  0.001825      -0.002799     0.017747      0.016712      -0.018576     0.017085      
3   61  -0.000382     -0.008639     0.011522      -0.017898     -0.003706     0.023753      
3   87  0.004536      -0.001275     -0.003570     -0.009108     -0.002262     0.011351      
4   3   0.004373      0.009530      0.012398      -0.010444     -0.052753     0.020634      
4   4   0.002553      0.008754      -0.001778     0.005117      -0.043727     0.049984      
4   5   -0.000384     0.007958      -0.007490     -0.001414     0.001185      0.020395      
4   6   0.002394      0.007504      0.004411      -0.002187     -0.032984     0.004345      
4   7   0.002150      0.000099      0.014102      0.003391      -0.052634     0.019865      
4   8   0.003678      0.005090      0.012806      -0.012643     -0.049849     0.005864      
4   17  -0.002701     0.006849      0.000750      -0.000480     -0.020474     -0.022381     
4   22  0.011370      -0.000106     -0.002495     0.057152      0.015836      -0.004610     
4   24  0.004896      0.000025      0.003773      -0.024804     -0.008431     0.010598      
4   25  0.001315      0.010344      0.009567      0.004720      0.017062      -0.027235     
4   26  0.004500      -0.004962     0.015060      0.002407      -0.009662     -0.018970     
4   27  0.005050      -0.008451     0.013011      -0.006560     -0.028859     -0.009892     
4   42  0.004168      -0.005704     0.004915      -0.004178     0.005928      -0.002828     
4   43  0.003910      -0.002353     0.005044      -0.010964     -0.023951     0.002888      
4   45  0.004133      -0.008600     0.003085      0.000122      0.009973      -0.005061     
4   46  -0.003548     -0.007226     0.005661      0.002145      -0.020929     -0.010303     
4   53  0.005507      -0.005759     0.007904      0.010922      -0.046139     -0.030118     
4   54  0.000495      -0.002794     -0.000160     0.012501      -0.015091     -0.008183     
4   55  0.001604      -0.010661     0.020223      -0.006158     -0.021981     0.009450      
4   56  -0.001136     0.002348      0.001533      -0.016107     -0.008635     0.018381      
4   57  0.001687      0.004931      -0.002035     0.000737      0.015780      -0.006187     
4   58  -0.002978     0.005000      0.019751      0.005298      0.011673      -0.020628     
4   60  -0.000308     -0.003782     0.022285      0.016761      -0.031834     0.025639      
4   61  -0.003418     -0.011520     0.013329      -0.031005     -0.015585     0.033374      
4   87  0.003558      -0.000568     -0.005615     -0.014865     -0.011531     0.021770      
5   3   0.003112      0.009394      0.001898      -0.012906     -0.016513     0.043083      
5   4   0.000760      0.006818      0.009144      -0.008477     -0.021192     0.030415      
5   5   -0.000177     0.006112      0.005531      -0.009578     -0.000369     0.021146      
5   6   0.000509      0.006302      0.010520      -0.008322     -0.012764     0.014075      
5   7   0.000733      0.003575      0.014288      -0.006205     -0.023362     0.026585      
5   8   0.001156      0.005983      0.014315      -0.012084     -0.020159     0.016924      
5   17  0.000841      0.000825      0.006199      -0.025561     -0.005739     0.009432      
5   22  0.004462      0.004987      0.011074      0.019348      0.005097      0.023046      
5   24  0.006442      -0.001849     0.013310      -0.033568     -0.011884     0.030587      
5   25  -0.004605     0.004874      0.013134      -0.015389     0.012328      -0.018805     
5   26  0.001296      -0.002227     0.009696      0.021576      0.054905      -0.014666     
5   27  0.004656      -0.007098     0.002061      -0.010705     -0.009307     0.011523      
5   42  0.005192      -0.006021     -0.008446     -0.009649     0.037276      0.009086      
5   43  0.004678      -0.000379     -0.005236     -0.015600     -0.010269     0.018520      
5   45  0.004039      -0.009016     -0.011824     -0.001075     0.061540      0.023113      
5   46  -0.010578     -0.008101     -0.011255     0.005622      0.007919      -0.011232     
5   53  0.007639      -0.004593     -0.005275     0.024288      -0.040440     -0.021830     
5   54  -0.001985     0.002509      -0.026300     0.035320      0.002968      -0.006084     
5   55  -0.001241     -0.014967     0.011391      -0.014369     -0.002220     0.037640      
5   56  -0.006019     0.007695      -0.015083     -0.029410     0.021677      0.030596      
5   57  -0.000594     0.013385      -0.022817     0.013523      0.052678      -0.011343     
5   58  -0.009156     0.015484      0.022481      0.008813      0.061078      -0.018413     
5   60  -0.005094     -0.000491     0.020748      0.025779      -0.006050     0.037694      
5   61  -0.011066     -0.013131     0.004723      -0.045793     0.019536      0.084843      
5   87  0.001265      0.002549      0.007291      -0.014526     -0.007329     0.021645      
6   48  0.005596      0.021479      0.003596      0.014155      0.013054      -0.020811     
6   49  0.006072      -0.010009     -0.000941     -0.023933     -0.011348     -0.040003     
6   50  0.002952      0.019985      -0.001869     0.005991      0.022014      -0.026145     
6   51  0.008659      -0.019877     -0.000371     -0.019650     -0.024865     0.006573      
7   52  0.002110      -0.007709     -0.033525     -0.020431     -0.005713     0.019294      
8   0   0.001027      0.006388      -0.012902     0.023865      0.028893      -0.011614     
8   1   0.003771      0.007462      -0.006084     -0.005345     0.008796      0.043826      
8   3   -0.002524     0.008372      0.014761      0.020043      -0.011203     -0.007329     
8   4   0.000491      0.003271      0.007579      -0.001465     -0.009503     0.014048      
8   5   0.000043      0.002867      0.004740      -0.002265     -0.001090     0.006057      
8   6   0.000426      0.003063      0.007156      -0.001649     -0.005982     0.003375      
8   7   0.000417      0.001597      0.008981      0.000127      -0.008965     0.010162      
8   8   0.000682      0.002777      0.008999      -0.003126     -0.007604     0.003871      
8   17  0.000383      0.001004      -0.003594     0.003621      0.012702      -0.022349     
8   22  0.002341      0.004475      0.007435      0.014830      0.007229      0.006045      
8   24  0.002385      0.002254      0.010831      -0.011838     -0.005376     -0.000126     
8   25  -0.000431     0.007951      0.016114      0.003053      0.012250      -0.015508     
8   26  0.000603      0.002532      0.024227      0.018282      0.004511      -0.023741     
8   27  0.001154      -0.000801     0.021002      0.005729      -0.014839     -0.016888     
8   28  -0.007824     -0.001147     0.012721      0.012320      0.012556      0.008717      
8   29  -0.006474     0.013657      0.037290      0.028389      0.053770      0.027443      
8   30  -0.009269     0.011105      0.010189      -0.019835     -0.000118     0.004668      
8   31  -0.007982     0.006144      0.013043      -0.012128     0.015543      -0.032315     
8   32  -0.006219     0.005869      0.015308      0.001080      0.005785      -0.043730     
8   33  -0.005763     0.001761      0.002092      0.014078      0.017556      -0.016835     
8   34  -0.007613     0.000796      0.016434      -0.004296     0.008795      -0.042622     
8   35  -0.010068     0.000390      0.020502      0.048325      0.047328      0.007100      
8   36  -0.008013     0.019389      0.050380      0.044599      0.054019      0.039353      
8   37  -0.003939     0.012613      0.000287      -0.008023     -0.003766     -0.038788     
8   38  0.000958      -0.007718     0.003929      0.001299      -0.020647     -0.026474     
8   39  -0.005620     -0.005798     -0.014302     0.022280      0.008352      -0.014023     
8   40  -0.000001     -0.006951     0.013923      -0.009809     -0.010744     0.014360      
8   41  -0.009722     0.012911      0.013147      0.010090      0.007952      -0.033065     
8   42  -0.001296     -0.004802     0.012418      0.017554      0.022367      -0.020795     
8   43  -0.001847     0.003011      0.017061      0.003851      -0.017721     -0.026654     
8   45  -0.005928     -0.007441     0.018476      0.026661      0.042924      -0.041969     
8   46  -0.003047     -0.000690     0.006759      0.027249      -0.006341     -0.000541     
8   47  0.003717      0.006479      -0.011654     0.014596      0.003446      0.019043      
8   53  0.003834      -0.000757     0.022094      0.021237      0.000349      -0.016261     
8   54  -0.000593     0.002029      0.007518      0.019821      -0.010883     -0.013489     
8   55  -0.000471     -0.003909     0.020118      0.002008      -0.018021     -0.001874     
8   56  -0.002629     0.003610      0.009496      -0.004284     -0.001766     0.001098      
8   57  -0.000289     0.006464      0.005876      0.014618      0.013602      -0.018023     
8   58  -0.003423     0.007000      0.022204      0.011764      0.013757      -0.025945     
8   60  -0.001986     0.001314      0.024108      0.016375      -0.016441     0.007770      
8   61  -0.004224     -0.003980     0.018593      -0.003007     -0.004281     0.025363      
8   62  -0.000261     0.009878      -0.007464     0.043859      0.037456      -0.054327     
8   64  -0.007665     -0.010323     0.010653      -0.026964     -0.051798     0.056060      
8   65  0.003383      0.001896      0.004183      -0.001330     -0.030306     0.051421      
8   66  0.001347      -0.015680     -0.022011     -0.003957     -0.016890     0.001988      
8   67  -0.006056     0.019655      0.051370      0.039764      0.028719      -0.004399     
8   68  -0.011386     0.003811      -0.020967     -0.014335     0.014118      -0.074821     
8   69  0.001181      0.012233      0.009003      -0.043065     -0.014227     -0.070771     
8   79  0.004753      0.004721      -0.008362     0.019010      0.035093      -0.014106     
8   80  0.002220      0.006768      0.003475      0.005399      0.005728      0.019331      
8   81  0.002502      -0.000862     -0.023390     0.023965      0.017311      0.003726      
8   82  0.005995      0.005685      -0.003020     -0.000462     0.034990      0.002230      
8   83  -0.002203     -0.001076     -0.014876     0.003978      0.008664      0.006061      
8   84  -0.001778     0.007036      -0.003648     0.019189      0.011437      0.011070      
8   85  0.003208      -0.003180     0.016163      0.007867      -0.005907     0.018184      
8   87  0.000708      0.001248      0.005377      -0.004256     -0.003628     0.008583      
