#s  t   0.05          0.1           0.15          0.2           0.25          0.3           
0   1   -0.004331     -0.011131     0.045979      0.007857      -0.036255     -0.064461     
1   0   -0.005263     0.009987      -0.004255     -0.011386     -0.000778     -0.010936     
1   1   -0.002333     0.011408      -0.012699     -0.007301     -0.001129     -0.012984     
1   3   -0.003141     0.009752      -0.007681     0.002682      0.002757      0.002606      
1   4   -0.000825     0.000063      0.000706      -0.000512     0.001003      -0.002103     
1   5   -0.000687     0.000033      0.000916      -0.001255     -0.001318     0.000695      
1   6   -0.001014     -0.000377     0.001052      -0.001396     -0.000412     -0.001362     
1   7   -0.000736     0.000477      0.000459      -0.000433     -0.000247     -0.003900     
1   8   -0.000948     -0.000157     0.000971      -0.000554     0.001304      -0.004378     
1   17  -0.003485     0.008117      -0.014284     -0.002265     -0.004309     -0.016307     
1   22  -0.002133     0.001378      -0.005205     -0.003544     -0.015694     0.004533      
1   24  -0.000863     0.008522      -0.004564     0.002956      0.004331      0.000719      
1   25  -0.005181     0.010796      -0.023020     -0.000156     0.007319      0.013089      
1   26  -0.002205     0.008327      -0.012295     0.004721      -0.000325     -0.004817     
1   27  -0.002602     0.007329      -0.009748     0.008414      -0.001291     0.009722      
1   28  0.001291      0.002009      -0.002445     0.001650      0.009725      0.021954      
1   29  0.000745      0.002730      -0.001839     0.006069      0.010540      0.024285      
1   30  0.001648      0.000796      -0.003543     0.001831      -0.000674     0.020762      
1   31  0.000221      0.001554      -0.003860     -0.000604     -0.000582     0.016600      
1   32  -0.000062     0.001362      -0.004825     -0.000949     -0.000922     0.013718      
1   33  -0.000503     0.001791      0.001535      -0.005651     0.006306      0.016638      
1   34  0.000373      0.004109      -0.004290     -0.005472     0.004091      0.015269      
1   35  0.001043      0.002131      -0.000740     0.002499      0.003921      0.026005      
1   36  -0.000313     0.003651      0.000495      0.001109      0.007943      0.027827      
1   37  0.000003      0.000900      -0.001615     -0.000221     -0.000414     0.019654      
1   38  0.001049      0.000993      -0.002668     -0.002608     0.003936      0.016192      
1   39  0.002165      0.002149      -0.003236     0.000522      -0.000178     0.007743      
1   40  0.000648      0.001130      -0.000737     -0.001548     0.004278      0.011004      
1   41  -0.000044     0.001584      -0.001044     -0.000989     0.006740      0.018528      
1   42  -0.003175     0.015412      -0.016084     0.004982      0.003670      -0.011121     
1   43  -0.000134     0.003640      -0.007550     0.012417      0.012069      0.012137      
1   45  -0.001529     0.008138      -0.008869     0.007837      0.011745      0.016504      
1   46  -0.000238     0.012220      -0.000930     -0.008052     0.003741      -0.033585     
1   47  -0.001935     0.013058      -0.008726     0.006226      0.010080      0.004110      
1   53  0.000759      0.014292      -0.026404     -0.000167     0.011975      0.018298      
1   54  -0.001340     0.006405      -0.010129     0.001281      -0.005188     -0.006459     
1   55  -0.002030     0.007559      -0.006279     -0.003827     0.006855      -0.010813     
1   56  0.001192      0.007023      -0.009079     0.002535      0.007225      0.000823      
1   57  0.000201      0.004892      -0.010030     0.003366      0.006273      -0.001182     
1   58  -0.001489     0.003360      -0.007460     0.010734      -0.005512     -0.005536     
1   60  -0.001649     0.005174      -0.016652     0.003249      0.004335      0.000395      
1   61  -0.001990     0.006406      -0.009049     0.001207      -0.003564     -0.002453     
1   62  -0.000087     0.010614      -0.006758     0.006961      0.006228      0.016058      
1   64  -0.001642     0.002719      -0.004045     0.011307      0.007697      0.005152      
1   65  -0.000848     0.010877      -0.009644     0.008814      0.001601      0.010138      
1   66  -0.000579     0.000921      -0.004398     0.002315      0.000208      0.022976      
1   67  0.001299      0.005133      -0.006405     0.008707      -0.003119     0.022156      
1   68  -0.001313     -0.001244     0.000396      0.011978      0.002118      0.005694      
1   69  -0.001866     0.005106      -0.014028     0.006730      0.000653      0.008425      
1   79  -0.000224     0.019040      -0.011170     0.004764      0.008473      -0.004559     
1   80  -0.000580     0.015203      -0.017874     0.015309      0.018534      -0.035822     
1   81  -0.003150     0.013230      -0.000748     0.009669      -0.014282     0.014838      
1   82  0.000255      0.010736      -0.018162     0.022758      -0.022767     -0.001981     
1   83  -0.000103     0.013524      -0.017098     -0.014055     -0.006774     0.008377      
1   84  -0.002624     0.024191      -0.004270     0.015773      0.013464      -0.022984     
1   85  -0.000290     0.013001      -0.017951     -0.031685     -0.001673     -0.016482     
1   87  -0.000638     -0.000069     -0.000189     -0.001865     0.000799      -0.003168     
2   0   -0.002654     0.001763      0.025349      -0.007327     -0.047786     0.013809      
2   1   -0.000550     0.006867      0.007803      -0.022781     -0.034209     -0.046992     
2   3   -0.001971     0.005392      0.007196      0.006741      -0.022957     0.017363      
2   4   -0.000715     -0.000315     0.002041      0.000456      -0.000965     0.000947      
2   5   -0.000609     -0.000161     0.002009      -0.000475     -0.003225     0.002126      
2   6   -0.000882     -0.000804     0.002107      -0.000977     -0.002440     0.001297      
2   7   -0.000612     0.000183      0.001767      0.000493      -0.001579     -0.000847     
2   8   -0.000812     -0.000499     0.002303      0.000190      -0.000841     -0.000958     
2   17  -0.001430     0.001594      0.008651      0.001655      -0.042535     -0.003491     
2   22  -0.001492     -0.000182     0.001609      -0.001699     -0.027796     0.014573      
2   24  -0.000304     0.006983      0.001237      0.003751      -0.000739     0.005038      
2   25  -0.003436     0.004568      -0.000512     0.007082      -0.027903     0.022736      
2   26  -0.001186     0.004507      0.000097      0.009656      -0.019709     0.000517      
2   27  -0.001637     0.004150      0.001175      0.010230      -0.017276     0.014711      
2   28  0.002282      -0.001677     0.008430      -0.000385     -0.006105     0.022616      
2   29  0.001750      -0.001127     0.010126      0.003222      -0.006472     0.025286      
2   30  0.002482      -0.002811     0.005355      0.000011      -0.013581     0.024463      
2   31  0.000992      -0.001530     0.005819      -0.003104     -0.012930     0.020883      
2   32  0.000539      -0.000937     0.002954      -0.002971     -0.011013     0.017109      
2   33  -0.000025     -0.000808     0.007164      -0.007328     -0.002922     0.019487      
2   34  0.001306      0.000718      0.005886      -0.006953     -0.008484     0.016041      
2   35  0.002017      -0.002469     0.010587      -0.000160     -0.013444     0.028221      
2   36  0.000787      -0.000531     0.012939      0.000156      -0.008827     0.028901      
2   37  0.000783      -0.002198     0.005751      -0.002321     -0.011723     0.024346      
2   38  0.001616      -0.000902     0.003287      -0.004877     -0.005331     0.017051      
2   39  0.003013      -0.000441     0.005618      0.000114      -0.011118     0.006656      
2   40  0.001214      -0.000991     0.004327      -0.002613     -0.006811     0.013219      
2   41  0.000787      -0.002065     0.008415      -0.003066     -0.009932     0.020459      
2   42  -0.002065     0.010731      -0.000265     0.008949      -0.022058     -0.003496     
2   43  0.000885      -0.000599     0.007493      0.018417      -0.013499     0.022713      
2   45  0.000469      0.001955      0.012685      0.010181      -0.024819     0.025212      
2   46  0.001509      0.006521      0.018582      -0.006314     -0.028710     -0.008248     
2   47  -0.000819     0.009929      0.008259      0.008813      -0.017767     0.011932      
2   53  0.003342      0.006242      0.003521      0.002310      -0.041021     0.023979      
2   54  -0.000784     0.004253      -0.003372     0.003905      -0.020699     0.003536      
2   55  -0.001395     0.005556      0.002174      -0.002087     -0.007524     -0.001893     
2   56  0.001845      0.005486      -0.000480     0.005229      -0.002988     0.005422      
2   57  0.000824      0.002739      -0.001952     0.004948      -0.004909     0.003447      
2   58  -0.000804     0.001466      0.000038      0.010406      -0.020203     0.003049      
2   60  -0.000900     0.002288      -0.005898     0.005014      -0.010611     0.002078      
2   61  -0.001366     0.003971      -0.000918     0.002011      -0.014599     0.003652      
2   62  0.001185      0.006090      0.005888      0.004754      -0.014165     0.018016      
2   64  -0.000578     -0.002473     0.004682      0.015441      -0.008075     0.007357      
2   65  0.000376      0.006821      0.000880      0.009140      -0.015093     0.014997      
2   66  0.000574      -0.005490     0.008442      0.000668      -0.016816     0.024453      
2   67  0.002283      0.001230      0.004225      0.009281      -0.013721     0.022733      
2   68  -0.000453     -0.005782     0.009084      0.011199      -0.009463     0.002983      
2   69  -0.000831     0.000065      -0.002714     0.008546      -0.020034     0.012920      
2   79  0.002230      0.012497      0.017204      0.005621      -0.042174     0.015880      
2   80  0.001599      0.009465      0.011761      0.024479      -0.021358     -0.018999     
2   81  -0.001327     0.008380      0.022305      0.015124      -0.049406     0.038644      
2   82  0.002253      0.003050      0.003712      0.027261      -0.055586     0.022141      
2   83  0.002114      0.006964      0.009389      -0.012338     -0.041795     0.018681      
2   84  -0.000733     0.019174      0.021651      0.015013      -0.015749     0.007152      
2   85  0.001940      0.007291      0.005585      -0.033599     -0.038645     -0.010390     
2   87  -0.000523     -0.000369     0.000613      -0.001115     -0.000649     -0.001515     
3   3   -0.002288     -0.009170     0.001585      -0.004869     0.018580      0.003465      
3   4   -0.000262     -0.002924     0.003537      0.004669      0.015995      -0.000240     
3   5   -0.000820     -0.000642     0.003030      0.002592      -0.014074     0.019399      
3   6   -0.002697     -0.008747     0.004392      0.001603      -0.004370     0.000322      
3   7   0.000897      0.004867      -0.002857     0.009875      0.019300      -0.014630     
3   8   -0.002066     -0.005086     0.007256      0.017738      0.020952      -0.015017     
3   17  -0.012062     -0.017427     0.017333      0.015745      0.002391      0.012629      
3   22  -0.000555     -0.001305     -0.019099     -0.004732     -0.060462     0.051438      
3   24  -0.000114     0.009266      -0.008505     0.000036      0.024670      0.024689      
3   25  -0.004634     -0.011433     -0.043594     -0.017724     0.033447      0.017548      
3   26  -0.001314     -0.002207     -0.022298     0.009706      0.033623      0.024179      
3   27  -0.002384     -0.003050     -0.015925     0.013923      0.028787      0.055334      
3   42  -0.001588     0.004877      -0.014001     -0.005188     0.019648      -0.002931     
3   43  0.000982      -0.004717     -0.007931     0.007457      0.012966      0.015066      
3   45  0.000342      -0.004961     -0.008451     -0.002736     0.014825      0.012349      
3   46  -0.001717     -0.005549     0.004545      0.017814      0.020782      0.025775      
3   53  0.003038      0.001951      -0.017446     0.000313      0.011534      0.018199      
3   54  -0.001156     0.004553      -0.019239     -0.000002     -0.008081     0.014725      
3   55  -0.002248     0.002461      -0.012264     -0.015366     0.033299      0.006270      
3   56  0.005378      0.002974      -0.017222     0.000887      0.030148      0.020618      
3   57  0.002242      -0.002084     -0.015530     0.002564      0.027499      0.025864      
3   58  -0.001194     -0.004761     -0.013839     0.022233      -0.002021     0.009921      
3   60  -0.001274     -0.003076     -0.028465     0.005888      0.030270      0.023468      
3   61  -0.002606     -0.000867     -0.017638     0.001894      0.016408      0.013240      
3   87  0.000464      -0.004503     -0.013378     -0.006968     0.016454      -0.003645     
4   3   -0.001597     -0.009390     0.003903      -0.013403     0.027112      -0.005243     
4   4   0.000554      -0.003155     0.006018      0.000785      0.022052      -0.011579     
4   5   -0.000605     0.000199      0.004734      -0.001050     -0.017752     0.018964      
4   6   -0.002725     -0.010469     0.004784      -0.003876     -0.001358     -0.004903     
4   7   0.001950      0.007536      -0.004614     0.005913      0.024998      -0.030527     
4   8   -0.001888     -0.005723     0.011382      0.014579      0.028017      -0.022598     
4   17  -0.014435     -0.021454     0.026719      0.003404      0.008574      0.009057      
4   22  0.000850      -0.005448     -0.019627     -0.002206     -0.055277     0.039532      
4   24  0.000577      0.013262      -0.011833     -0.000889     0.038499      0.028560      
4   25  -0.002921     -0.007624     -0.040717     -0.009645     0.050223      0.004204      
4   26  -0.000564     -0.000710     -0.028343     0.006885      0.049400      0.027018      
4   27  -0.002105     -0.002012     -0.019573     0.015624      0.043079      0.067120      
4   42  -0.001566     0.007355      -0.018016     -0.009289     0.028324      -0.009499     
4   43  0.001868      -0.005165     -0.009637     0.008052      0.020639      0.020458      
4   45  0.001313      -0.005098     -0.010087     -0.006319     0.023920      0.012584      
4   46  -0.001478     -0.005907     0.006616      0.020085      0.031169      0.034169      
4   53  0.004790      0.003386      -0.024158     -0.003749     0.018357      0.021010      
4   54  -0.000868     0.007313      -0.024722     -0.002626     -0.003529     0.011705      
4   55  -0.002058     0.004850      -0.013707     -0.024055     0.046988      0.010117      
4   56  0.007873      0.004726      -0.023341     -0.000145     0.042526      0.018335      
4   57  0.003815      -0.001771     -0.018859     -0.001725     0.040215      0.034523      
4   58  -0.000876     -0.004684     -0.015863     0.027861      0.001031      0.010614      
4   60  -0.000786     -0.002374     -0.036947     0.004724      0.042323      0.025920      
4   61  -0.002903     -0.000584     -0.021782     0.001315      0.023994      0.014227      
4   87  0.001364      -0.004777     -0.017461     -0.014602     0.021220      -0.019857     
5   3   -0.001383     0.005188      0.003089      -0.002393     -0.001818     -0.013650     
5   4   -0.000400     0.000856      0.003021      0.007134      0.007492      -0.000444     
5   5   -0.000738     0.001209      0.002481      0.005230      -0.004822     0.010899      
5   6   -0.001567     -0.002740     0.001435      0.005822      0.001907      -0.002430     
5   7   0.000199      0.005177      -0.001838     0.008738      0.012691      -0.008147     
5   8   -0.001366     -0.000564     0.003719      0.012506      0.013796      -0.007259     
5   17  -0.006335     -0.003157     0.014552      0.021510      -0.009920     -0.018781     
5   22  -0.000226     0.000531      -0.007299     0.012010      -0.022012     0.025076      
5   24  0.001409      0.026048      0.014145      0.011366      0.041303      -0.039831     
5   25  0.000862      -0.003236     -0.010967     0.014829      -0.035827     -0.001189     
5   26  -0.000944     0.000471      0.005324      -0.002069     0.024170      -0.038435     
5   27  -0.004645     -0.003651     0.008250      0.027622      0.008903      0.025078      
5   42  -0.002144     0.015640      -0.011333     -0.012335     0.013144      -0.056961     
5   43  0.004289      -0.005169     0.000020      0.017317      0.008643      -0.001433     
5   45  0.003456      -0.003470     0.009197      -0.007287     -0.000778     -0.020611     
5   46  -0.001556     -0.005307     0.045213      0.027729      0.010225      -0.011329     
5   53  0.009289      0.007393      -0.018245     -0.002353     -0.015837     -0.014269     
5   54  -0.000075     0.014017      -0.015401     -0.000338     -0.051538     -0.052101     
5   55  -0.001846     0.012292      0.009320      -0.029354     0.031361      -0.082024     
5   56  0.015529      0.013239      -0.009989     0.009490      0.043041      -0.013960     
5   57  0.008072      0.001678      -0.002447     -0.002198     0.027275      -0.000460     
5   58  -0.000883     -0.002865     0.005068      0.046821      -0.043651     -0.049997     
5   60  0.000573      0.000697      -0.030164     0.013990      0.025841      -0.003384     
5   61  -0.003514     0.004189      -0.004027     0.010097      0.000971      -0.036481     
5   87  0.000128      -0.000240     -0.007909     0.000748      0.007005      -0.002317     
6   48  0.006948      0.003933      0.025499      0.028680      0.051769      0.046312      
6   49  -0.005476     0.011547      0.006653      -0.020572     -0.058010     0.005814      
6   50  -0.003811     -0.026383     0.003614      0.016852      -0.009826     0.002416      
6   51  0.005946      -0.030602     -0.012515     0.026212      0.028618      -0.001554     
7   52  0.001934      -0.004322     -0.008015     0.004294      0.035789      0.008694      
8   0   -0.005407     -0.011182     -0.003700     -0.007939     -0.024887     -0.015664     
8   1   0.000912      -0.014768     0.013552      -0.013036     -0.002084     -0.011521     
8   3   -0.005831     0.017048      -0.010397     0.004059      -0.008737     0.020103      
8   4   -0.001272     0.001663      -0.001548     0.002385      0.001379      0.001096      
8   5   -0.001163     0.001177      -0.000436     0.000375      -0.004548     0.004873      
8   6   -0.001847     -0.000405     -0.001785     0.000297      -0.002904     -0.000714     
8   7   -0.000922     0.003264      -0.003967     0.003185      0.001243      -0.005896     
8   8   -0.001700     0.000649      -0.000394     0.004144      0.004804      -0.004929     
8   17  -0.006342     0.000191      -0.013036     0.009399      -0.024518     -0.034273     
8   22  -0.002465     -0.000491     -0.010871     0.000217      -0.027596     0.017825      
8   24  -0.000835     0.016992      -0.009539     0.005162      0.008091      0.000090      
8   25  -0.004178     0.005899      -0.030998     0.010555      -0.011143     0.010321      
8   26  -0.003221     0.014921      -0.023682     0.014264      -0.006625     -0.013509     
8   27  -0.004223     0.013551      -0.016012     0.023569      -0.008062     0.013680      
8   28  0.010444      -0.004785     0.005164      -0.006201     0.022114      0.018672      
8   29  0.008027      -0.005892     0.008307      0.014012      0.033148      0.018514      
8   30  0.011314      -0.006053     -0.002366     0.000761      -0.003500     0.030763      
8   31  0.004686      -0.004821     -0.006291     -0.017595     -0.011646     0.001943      
8   32  0.002400      -0.004296     -0.008089     -0.008460     -0.007194     0.017302      
8   33  -0.000184     -0.000005     0.015933      -0.033839     0.027569      0.045940      
8   34  0.005826      0.004783      -0.003762     -0.037304     0.008182      0.002174      
8   35  0.009438      -0.006781     0.014933      -0.001926     0.007391      0.040370      
8   36  0.003614      -0.001624     0.020491      -0.003067     0.019233      0.052040      
8   37  0.003629      -0.008622     0.003854      -0.016325     -0.013650     0.029660      
8   38  0.007438      -0.003043     -0.001345     -0.021743     0.002075      0.036971      
8   39  0.013713      -0.002697     -0.000050     -0.011661     -0.005604     -0.048257     
8   40  0.005440      -0.003347     -0.000399     -0.010193     0.007043      -0.000359     
8   41  0.004107      -0.006045     0.009435      -0.009043     0.001257      0.010577      
8   42  -0.006644     0.028640      -0.027047     0.000134      0.006586      -0.014808     
8   43  0.000726      0.002893      -0.010506     0.031086      0.007623      0.033974      
8   45  -0.002075     0.009267      -0.008622     0.020166      -0.004968     0.038802      
8   46  -0.001951     0.006205      0.006169      0.009242      -0.020590     -0.019083     
8   47  -0.001911     0.003621      -0.006759     0.003894      -0.004745     0.003261      
8   53  0.001372      0.001773      -0.038737     0.007859      -0.028066     0.005579      
8   54  -0.002154     0.013017      -0.019092     0.004186      -0.028895     -0.011091     
8   55  -0.003312     0.015132      -0.012682     -0.007240     0.006091      -0.012188     
8   56  0.003912      0.014133      -0.017834     0.007541      0.008019      -0.003424     
8   57  0.001368      0.008074      -0.014319     0.008054      0.005758      0.002391      
8   58  -0.002388     0.005573      -0.013248     0.025469      -0.025353     -0.013414     
8   60  -0.002545     0.008969      -0.029265     0.011227      0.003025      0.002016      
8   61  -0.003566     0.011155      -0.015207     0.008120      -0.005395     -0.005723     
8   62  0.006004      0.031816      -0.010461     0.009402      0.014785      -0.036948     
8   64  -0.002661     -0.003001     0.004782      0.037574      0.041294      -0.063952     
8   65  0.001820      0.035914      -0.023115     0.014014      0.020550      -0.045080     
8   66  0.002497      -0.015842     0.004910      -0.014905     0.020970      0.003472      
8   67  0.010650      0.007547      -0.014585     0.025943      0.015421      0.023814      
8   68  -0.002468     -0.022262     0.017460      0.036634      0.016456      -0.047210     
8   69  -0.005065     0.002017      -0.035107     0.007776      0.000830      -0.035958     
8   79  -0.000834     0.000246      -0.020008     0.002989      -0.021502     -0.002473     
8   80  -0.001101     -0.001714     -0.016669     0.017258      -0.012054     -0.026907     
8   81  -0.003764     -0.002306     -0.001996     0.012090      -0.044174     0.010224      
8   82  0.000016      -0.006338     -0.020728     0.025691      -0.044742     -0.006564     
8   83  -0.000694     -0.002760     -0.019286     -0.015245     -0.030526     0.002336      
8   84  -0.003301     0.008498      -0.006944     0.009420      -0.010402     -0.021152     
8   85  -0.000490     -0.002918     -0.019281     -0.030150     -0.028905     -0.036712     
8   87  -0.000838     0.000468      -0.006706     -0.000541     0.001666      -0.002136     
