#s  t   0.05          0.1           0.15          0.2           0.25          0.3           
0   1   0.000687      -0.008687     -0.015870     -0.011506     0.030524      0.019883      
1   0   0.002698      -0.007607     -0.007724     -0.015578     -0.040717     0.066041      
1   1   0.001823      0.003598      -0.006622     -0.005426     -0.018616     0.027525      
1   3   -0.000052     -0.000899     -0.006749     0.004912      -0.022487     0.025134      
1   4   0.000302      0.001092      -0.000588     0.000293      0.000080      0.002228      
1   5   0.000451      0.000900      -0.000850     -0.000927     0.000300      0.002255      
1   6   0.000470      0.000859      -0.000453     -0.000812     -0.000132     0.002914      
1   7   0.000305      0.001014      -0.000293     -0.001454     0.000971      0.002205      
1   8   0.000409      0.000815      -0.000673     -0.000728     0.000427      0.001371      
1   17  -0.000996     -0.004785     -0.008265     -0.007680     -0.006572     0.039130      
1   22  -0.000910     0.005331      -0.005484     0.005120      -0.007485     0.003631      
1   24  -0.000899     0.000356      0.002932      -0.001721     -0.006797     0.016768      
1   25  -0.001546     0.000241      -0.000669     -0.005159     -0.009497     0.033371      
1   26  -0.001970     0.001368      0.001282      0.001384      -0.009515     0.021833      
1   27  -0.002059     -0.000854     0.001278      -0.001259     -0.009966     0.018390      
1   28  0.001313      0.001070      0.002129      -0.007524     -0.006895     0.013660      
1   29  0.002013      0.003711      0.002485      -0.005029     -0.000426     0.026707      
1   30  0.000445      0.000840      0.000432      0.000321      -0.010710     0.013716      
1   31  0.001029      0.000635      0.003680      -0.006546     -0.010945     0.015871      
1   32  -0.000122     0.001039      -0.003047     -0.005308     -0.007913     0.007369      
1   33  0.000839      0.001121      -0.001444     -0.007476     -0.001440     -0.001787     
1   34  0.000847      0.001179      -0.000900     -0.007856     -0.010695     0.012682      
1   35  0.001835      0.000947      -0.000105     -0.003438     -0.007441     0.017740      
1   36  0.001166      0.002189      0.005502      -0.000722     -0.002701     0.020404      
1   37  0.000948      0.002950      0.003442      -0.004479     -0.014130     0.016098      
1   38  0.000426      0.000737      -0.001743     -0.002538     -0.007844     0.007303      
1   39  0.002035      0.001341      0.000284      -0.003559     -0.010423     0.011672      
1   40  0.001158      -0.001416     0.000675      -0.003524     -0.001353     0.002749      
1   41  0.000707      0.003431      -0.000776     -0.011786     -0.014380     0.017153      
1   42  0.001340      0.002001      -0.007169     -0.002690     -0.026335     0.027436      
1   43  -0.001849     0.003162      -0.003619     0.003209      -0.029897     0.023540      
1   45  -0.001639     0.004743      -0.011855     -0.008727     -0.011767     0.045337      
1   46  0.001365      -0.005855     -0.000800     -0.007258     -0.031168     0.026553      
1   47  -0.000051     -0.000722     0.001627      -0.007120     0.004582      0.044964      
1   53  0.000072      -0.006397     -0.018627     -0.020117     -0.025645     0.039135      
1   54  -0.000734     0.000951      0.002623      -0.001354     -0.005223     0.009767      
1   55  -0.001107     0.002929      -0.001307     -0.002479     -0.007974     0.014642      
1   56  -0.000699     0.002283      0.002760      -0.002577     -0.007049     0.013778      
1   57  -0.001441     -0.002224     0.000103      0.000591      -0.002557     0.017143      
1   58  -0.001767     0.003501      0.006482      -0.008772     -0.006909     0.013092      
1   60  -0.003401     0.000840      0.004458      0.004495      -0.003289     0.015630      
1   61  -0.000553     0.000600      0.001592      0.000477      0.002337      0.010512      
1   62  0.001311      0.006417      -0.005958     -0.009253     -0.013857     0.027216      
1   64  0.002464      0.003214      0.000510      -0.001820     -0.010225     0.009023      
1   65  0.000490      0.005858      -0.000325     -0.005243     -0.020543     0.012304      
1   66  0.000848      0.001341      -0.001012     -0.007098     -0.005508     0.019838      
1   67  -0.000497     0.000892      0.000154      -0.001213     0.002639      0.012476      
1   68  -0.000127     0.001521      0.003661      -0.007766     -0.004890     0.010574      
1   69  -0.001866     0.005491      -0.001791     -0.009132     -0.009961     0.001506      
1   79  -0.000266     -0.007738     -0.007629     -0.023126     -0.055932     0.015369      
1   80  0.005357      -0.006034     -0.016485     -0.024170     0.006342      0.051432      
1   81  0.004679      0.005078      0.000983      0.005349      -0.009589     0.052644      
1   82  0.002052      -0.002590     -0.005994     0.009462      -0.053340     0.013583      
1   83  0.003639      -0.006035     -0.000547     0.010351      -0.023663     0.025801      
1   84  -0.001509     0.004767      0.003329      -0.026142     -0.021699     0.030373      
1   85  0.000070      -0.002834     0.004668      -0.018912     -0.013399     -0.011986     
1   87  0.000341      0.001037      0.000040      -0.000474     -0.001043     0.001859      
2   0   0.003225      -0.010831     0.000658      -0.011879     -0.024936     0.020718      
2   1   -0.003924     0.014909      -0.017165     -0.006180     -0.014519     -0.016368     
2   3   0.000074      -0.001669     -0.004282     0.005460      -0.019104     0.004300      
2   4   0.000381      0.001131      -0.000832     0.000437      0.000619      -0.000573     
2   5   0.000531      0.000901      -0.000980     -0.000743     0.001279      -0.000031     
2   6   0.000567      0.000920      -0.000528     -0.000867     0.000131      0.000543      
2   7   0.000376      0.001076      -0.000534     -0.001556     0.001649      0.000324      
2   8   0.000491      0.000874      -0.001028     -0.000708     0.000875      -0.000995     
2   17  -0.000640     -0.005862     -0.001330     -0.007171     0.005557      0.008749      
2   22  -0.000771     0.005322      -0.004224     0.006353      -0.008603     -0.005234     
2   24  -0.000851     -0.000127     0.003477      -0.001235     -0.003860     0.013443      
2   25  -0.001283     -0.001602     0.007062      -0.002658     -0.003975     0.007705      
2   26  -0.001812     0.000752      0.003756      0.002303      -0.003807     0.012704      
2   27  -0.001990     -0.001310     0.003047      -0.000877     -0.004728     0.004551      
2   28  0.001602      0.001025      0.005246      -0.007762     -0.000673     -0.006149     
2   29  0.002277      0.003981      0.006490      -0.005240     0.007575      0.008689      
2   30  0.000662      0.001267      0.003487      0.000510      -0.003271     -0.000520     
2   31  0.001200      0.000516      0.006652      -0.007164     -0.005834     -0.002311     
2   32  -0.000056     0.001198      -0.001092     -0.004452     -0.005520     -0.007871     
2   33  0.000954      0.001537      0.000319      -0.008052     -0.002116     -0.014435     
2   34  0.001066      0.001348      0.001572      -0.006979     -0.004095     -0.005303     
2   35  0.002073      0.000931      0.002592      -0.003701     0.000298      -0.002668     
2   36  0.001471      0.002384      0.008606      -0.000966     0.004808      0.001071      
2   37  0.001133      0.002839      0.006295      -0.005065     -0.007294     0.005790      
2   38  0.000495      0.000730      -0.001048     -0.002928     -0.005218     -0.006753     
2   39  0.002283      0.001747      0.002172      -0.004259     -0.003493     -0.002335     
2   40  0.001292      -0.001117     0.002802      -0.004544     0.001205      -0.011657     
2   41  0.000883      0.003575      0.002063      -0.012367     -0.005775     0.003879      
2   42  0.001404      0.000771      -0.002541     -0.000471     -0.020668     0.015084      
2   43  -0.001640     0.002069      -0.000857     0.006992      -0.024085     0.010878      
2   45  -0.001469     0.003165      -0.008080     -0.004827     -0.000281     0.020367      
2   46  0.001610      -0.007603     0.005615      -0.000334     -0.019571     -0.006105     
2   47  0.000265      -0.001616     0.007159      -0.001748     0.005415      0.032187      
2   53  0.000447      -0.007228     -0.011725     -0.015291     -0.012935     -0.007064     
2   54  -0.000527     0.000421      0.004771      -0.002707     -0.003039     0.003164      
2   55  -0.001058     0.001944      0.001253      -0.001723     -0.002465     0.004121      
2   56  -0.000540     0.001641      0.006037      -0.002332     -0.001826     0.005069      
2   57  -0.001459     -0.003032     0.000728      0.002269      0.002963      0.005905      
2   58  -0.001882     0.003277      0.008568      -0.008937     -0.005486     0.006057      
2   60  -0.003325     -0.000537     0.005987      0.005790      0.001312      0.006579      
2   61  -0.000552     0.000142      0.003463      0.001711      0.002885      0.001877      
2   62  0.001677      0.005365      0.002821      -0.006178     -0.014063     0.006058      
2   64  0.002449      0.003353      0.004135      0.002233      -0.008388     -0.002214     
2   65  0.000743      0.005821      0.003093      -0.002242     -0.016338     -0.016996     
2   66  0.001068      0.001074      0.002975      -0.006568     -0.007071     -0.001649     
2   67  -0.000308     0.000183      0.004400      -0.000534     0.005345      -0.009088     
2   68  0.000077      0.001404      0.006360      -0.007551     -0.003544     -0.005484     
2   69  -0.001773     0.005363      0.003579      -0.008116     -0.008268     -0.011574     
2   79  -0.000056     -0.008149     0.005903      -0.016647     -0.039128     -0.057319     
2   80  0.006130      -0.005397     -0.007970     -0.019165     0.020122      -0.003286     
2   81  0.005671      0.004181      0.007351      0.009443      0.000263      0.015653      
2   82  0.002681      -0.004601     0.001761      0.013112      -0.045896     -0.032902     
2   83  0.004286      -0.009013     0.005927      0.012749      -0.017695     -0.016015     
2   84  -0.000856     0.004035      0.010493      -0.024818     -0.021653     -0.014865     
2   85  0.000614      -0.003017     0.012780      -0.015243     -0.006934     -0.063850     
2   87  0.000400      0.001014      0.000018      -0.000595     -0.000728     0.001058      
3   3   0.004973      -0.001216     -0.009691     -0.006070     0.000800      -0.014899     
3   4   0.001269      -0.003258     -0.002288     -0.000187     0.016416      -0.012546     
3   5   0.004405      -0.004972     -0.010976     -0.009084     0.014430      -0.005506     
3   6   0.005139      -0.004184     -0.002094     -0.012663     0.009557      0.010401      
3   7   0.001553      -0.002087     0.003577      -0.023206     0.018892      -0.000007     
3   8   0.003593      -0.005730     -0.002893     -0.009882     0.014527      -0.026628     
3   17  -0.003982     0.004283      -0.002138     -0.018028     0.028601      0.022120      
3   22  -0.006290     -0.000083     0.000825      0.020622      -0.029642     -0.009646     
3   24  -0.000723     -0.000961     0.003995      -0.009227     -0.017785     0.004954      
3   25  0.000601      0.000730      -0.000036     -0.001206     -0.002949     -0.020493     
3   26  -0.001359     0.000450      -0.002937     -0.006960     -0.011973     -0.006698     
3   27  -0.002000     -0.005142     -0.001885     -0.010633     -0.012534     -0.018209     
3   42  0.000663      0.000251      -0.001647     -0.015216     -0.011570     0.007707      
3   43  -0.001643     0.001425      0.000953      -0.006982     -0.018883     -0.005307     
3   45  -0.002039     0.002785      -0.006288     -0.024695     -0.004403     0.008748      
3   46  0.002221      0.002918      -0.013291     -0.017746     -0.017822     -0.012713     
3   53  -0.001153     -0.005599     -0.002456     -0.009966     -0.014211     0.001997      
3   54  0.000153      0.000088      0.008338      -0.005329     -0.006006     -0.014546     
3   55  -0.000567     0.005372      -0.004171     -0.007472     0.002291      -0.025102     
3   56  0.000246      0.002504      0.005572      -0.013550     -0.008674     -0.006306     
3   57  -0.001790     -0.008028     -0.005667     -0.003428     0.004312      -0.000068     
3   58  -0.002747     0.008448      0.014613      -0.026290     -0.007928     -0.016942     
3   60  -0.006245     -0.000396     0.005011      0.004978      0.001940      0.004197      
3   61  0.000488      -0.000242     -0.001810     -0.005726     0.000220      -0.004200     
3   87  0.002662      0.002408      0.009391      -0.001852     -0.007239     0.012082      
4   3   0.005356      -0.004718     -0.015218     -0.009410     -0.005986     -0.015446     
4   4   0.000920      -0.005714     -0.004307     -0.000648     0.013598      -0.005953     
4   5   0.005217      -0.008412     -0.017192     -0.013450     0.015248      -0.005356     
4   6   0.006376      -0.007498     -0.004009     -0.020363     0.009661      0.016918      
4   7   0.001473      -0.004557     0.003105      -0.032658     0.017357      0.008532      
4   8   0.004106      -0.010017     -0.004926     -0.016574     0.017140      -0.029747     
4   17  -0.007376     0.002482      -0.004840     -0.024876     0.034108      0.036735      
4   22  -0.009722     -0.005651     -0.003842     0.018880      -0.036369     -0.008809     
4   24  -0.001597     -0.002655     0.006173      -0.011862     -0.023153     0.013505      
4   25  0.000153      0.000518      0.000449      0.004097      -0.025215     0.005744      
4   26  -0.003192     -0.002336     -0.003693     -0.008748     -0.018514     0.002657      
4   27  -0.003841     -0.010327     -0.001782     -0.016635     -0.015635     -0.012444     
4   42  0.000320      -0.000782     -0.002198     -0.019095     -0.015366     0.014491      
4   43  -0.002788     0.000920      0.001506      -0.008402     -0.025038     -0.003518     
4   45  -0.003559     0.002282      -0.008367     -0.031770     -0.005093     0.016013      
4   46  0.002357      0.002622      -0.017997     -0.022442     -0.020039     -0.012182     
4   53  -0.002129     -0.010189     -0.003622     -0.014730     -0.014570     0.006562      
4   54  -0.000500     -0.000894     0.010980      -0.009328     -0.005675     -0.009424     
4   55  -0.001427     0.005651      -0.006711     -0.010857     0.006652      -0.028895     
4   56  -0.000336     0.001976      0.008443      -0.018654     -0.011184     -0.000603     
4   57  -0.003017     -0.013296     -0.008774     -0.004997     0.004516      0.005629      
4   58  -0.004442     0.009522      0.020264      -0.034095     -0.010850     -0.011992     
4   60  -0.009491     -0.002106     0.006713      0.005196      0.002408      0.005697      
4   61  -0.000172     -0.002512     -0.001391     -0.007256     0.002082      0.002284      
4   87  0.003210      0.001897      0.012285      -0.005848     -0.015259     0.021243      
5   3   0.000792      -0.006209     -0.016546     -0.000385     -0.019096     0.018282      
5   4   -0.000449     0.000003      -0.006921     0.001084      0.022623      0.013346      
5   5   0.001021      -0.000972     -0.011086     -0.003171     0.021572      0.009690      
5   6   0.001627      -0.000847     -0.006260     -0.004325     0.019392      0.017450      
5   7   -0.000233     -0.000005     -0.003181     -0.007113     0.021797      0.013177      
5   8   0.000650      -0.001873     -0.006707     -0.004070     0.020334      0.003614      
5   17  -0.005827     0.009028      -0.008145     -0.017228     0.040196      0.020501      
5   22  -0.004726     0.001892      -0.007703     0.011151      0.012158      0.011069      
5   24  0.000087      -0.011446     0.008649      -0.000669     -0.014575     0.039182      
5   25  -0.005428     -0.001638     0.008385      0.004702      0.014227      0.000753      
5   26  -0.003647     -0.011930     -0.016337     0.021782      -0.020753     0.029032      
5   27  -0.006794     -0.018430     -0.018083     -0.010844     0.010536      -0.035199     
5   42  0.003485      0.000079      -0.008742     -0.025573     -0.027431     0.043252      
5   43  -0.003130     0.001719      -0.002250     -0.007960     -0.039731     0.016337      
5   45  -0.003117     0.003798      -0.023221     -0.047234     -0.003324     0.050589      
5   46  0.008443      0.006504      -0.034710     -0.034708     -0.026104     0.015428      
5   53  -0.000354     -0.016572     -0.016686     -0.013223     -0.003331     0.012100      
5   54  0.003036      -0.001665     0.011159      -0.000723     0.007187      0.003186      
5   55  0.001306      0.009742      -0.026695     -0.005294     0.007714      0.009356      
5   56  0.002970      0.004972      0.011278      -0.017616     -0.001207     0.001435      
5   57  -0.002643     -0.023967     -0.018729     0.002419      0.005901      0.033403      
5   58  -0.004771     0.016886      0.035540      -0.050585     -0.019032     0.009549      
5   60  -0.014225     -0.004708     0.016840      0.021191      0.006757      0.026969      
5   61  0.003456      -0.004688     -0.006023     -0.005494     0.016044      0.025677      
5   87  0.000576      0.002303      0.000647      -0.000837     0.010205      0.012613      
6   48  -0.008458     -0.012243     0.023409      -0.001269     0.007109      -0.042912     
6   49  -0.002544     -0.019408     0.006445      0.026256      -0.023234     0.005677      
6   50  -0.003623     -0.007334     -0.035257     -0.014038     -0.033162     -0.016968     
6   51  0.006619      0.027304      -0.011623     0.001299      -0.024845     -0.008269     
7   52  0.000239      0.009213      0.003392      0.033927      0.043248      -0.047602     
8   0   0.000159      -0.005779     -0.014338     -0.027054     0.005014      0.030022      
8   1   -0.008200     -0.015548     0.005071      -0.010042     -0.001801     0.014999      
8   3   -0.003252     0.005983      -0.017723     0.007336      -0.009726     0.017607      
8   4   -0.000937     0.002123      -0.002091     -0.000800     0.010582      0.005931      
8   5   -0.000224     0.001621      -0.003978     -0.003744     0.010031      0.004820      
8   6   0.000083      0.001575      -0.001889     -0.003243     0.009001      0.006038      
8   7   -0.000724     0.001904      -0.000640     -0.003771     0.010655      0.003856      
8   8   -0.000367     0.001308      -0.002627     -0.003194     0.010073      0.001077      
8   17  -0.006319     0.007796      -0.010936     -0.022698     0.028166      0.018601      
8   22  -0.002952     0.006156      -0.005915     0.003821      0.005561      -0.000631     
8   24  -0.003512     0.003142      0.008021      -0.008710     0.000606      0.026787      
8   25  -0.005583     0.007612      0.003643      -0.010745     0.012581      0.006410      
8   26  -0.007313     0.008366      0.006149      -0.002897     0.016635      0.017223      
8   27  -0.007452     0.002471      0.005556      -0.008277     0.012468      0.009912      
8   28  0.004141      -0.002200     0.007877      -0.021949     0.006566      0.029501      
8   29  0.007212      0.010369      0.011816      -0.003114     0.050566      0.093679      
8   30  -0.000027     -0.000598     0.000147      0.010022      -0.008909     0.027388      
8   31  0.002485      -0.003127     0.021413      -0.011990     -0.011165     0.014395      
8   32  -0.003329     -0.000340     -0.019607     -0.014844     -0.008260     -0.006196     
8   33  0.002600      0.002545      -0.000662     -0.029638     -0.003594     -0.031262     
8   34  0.001802      -0.002615     -0.010445     -0.020443     -0.008745     0.012918      
8   35  0.005815      -0.004191     -0.002986     -0.001231     0.015875      0.050999      
8   36  0.002441      0.001510      0.026795      0.020817      0.038971      0.062325      
8   37  0.002512      0.008166      0.018110      -0.005827     -0.019563     0.051547      
8   38  0.000671      -0.001205     -0.009782     -0.005511     -0.019235     0.011429      
8   39  0.008554      0.000880      -0.000419     -0.006163     -0.019661     0.000160      
8   40  0.004632      -0.011890     0.003157      -0.011810     0.009440      -0.007810     
8   41  0.000257      0.011257      -0.005623     -0.039855     -0.031493     0.034595      
8   42  0.001197      0.013648      -0.016238     -0.008615     -0.021076     0.031956      
8   43  -0.006972     0.017118      -0.008066     0.004065      -0.028712     0.017786      
8   45  -0.007711     0.025383      -0.031014     -0.029054     0.024022      0.059047      
8   46  -0.001532     0.001637      -0.004664     -0.023449     0.005707      0.009641      
8   47  -0.001121     -0.000380     -0.001738     -0.010264     0.018953      0.031002      
8   53  -0.005004     -0.003710     -0.019130     -0.031012     0.021966      0.003228      
8   54  -0.003149     0.004837      0.008666      -0.005121     0.008845      0.008805      
8   55  -0.004538     0.009466      -0.001180     -0.007206     0.009366      0.009282      
8   56  -0.003055     0.008212      0.009895      -0.010440     0.010284      0.003427      
8   57  -0.005147     -0.002629     0.000079      -0.001115     0.013350      0.016217      
8   58  -0.005960     0.011471      0.018105      -0.024611     0.006122      0.002602      
8   60  -0.009684     0.004435      0.012437      0.005848      0.016713      0.012606      
8   61  -0.003053     0.004237      0.006214      -0.001819     0.023732      0.003252      
8   62  0.002758      0.022989      -0.024954     -0.021425     -0.037691     0.054589      
8   64  0.008876      0.011572      -0.002527     0.007399      -0.018387     -0.024974     
8   65  -0.002710     0.021602      -0.004062     -0.004969     -0.044688     -0.046217     
8   66  -0.000084     -0.004714     -0.006841     -0.025861     0.006681      0.028767      
8   67  -0.007014     -0.006969     0.003544      0.007304      0.055101      0.012903      
8   68  -0.004410     0.000721      0.011517      -0.030569     0.008796      -0.031713     
8   69  -0.015140     0.021486      -0.003894     -0.028658     0.004254      -0.010620     
8   79  -0.002509     -0.005637     -0.009625     -0.037469     -0.007151     -0.037885     
8   80  0.002371      -0.001691     -0.020973     -0.030480     0.036561      0.003599      
8   81  0.002656      0.005198      -0.002962     -0.005299     0.020268      0.022988      
8   82  0.000406      -0.001597     -0.007286     0.000059      -0.004500     -0.022577     
8   83  0.001963      -0.005209     -0.007215     -0.000655     0.015988      -0.001304     
8   84  -0.002766     0.005178      0.000731      -0.034820     0.023397      0.001378      
8   85  -0.001401     -0.001261     0.001962      -0.028497     0.020316      -0.014615     
8   87  -0.000318     0.002604      0.000966      -0.003023     0.005737      0.004780      
