#s  t   0.05          0.1           0.15          0.2           0.25          0.3           
0   1   -0.001236     0.015244      0.028382      0.015437      -0.035406     0.011919      
1   0   0.001035      0.009284      0.010803      0.010182      -0.003494     0.011995      
1   1   0.002424      -0.005864     0.007470      0.019922      -0.027399     -0.006532     
1   3   0.001320      0.006667      0.008113      0.015006      0.007851      -0.028680     
1   4   0.000138      -0.000154     -0.001256     -0.000196     -0.000214     -0.001083     
1   5   0.000410      0.000004      -0.000319     -0.002092     0.000348      0.000026      
1   6   0.000226      -0.000313     -0.000521     -0.001763     0.001209      -0.000972     
1   7   0.000141      -0.000344     -0.000415     -0.000446     0.000538      -0.001105     
1   8   0.000370      0.000697      -0.000576     -0.001460     -0.000863     -0.001332     
1   17  0.001204      0.006087      0.012373      0.016566      0.006692      0.004739      
1   22  0.001520      -0.001850     0.000738      0.011749      0.001968      -0.012762     
1   24  0.002224      0.000062      0.006337      0.008321      -0.006071     -0.005621     
1   25  0.003768      0.007860      0.010660      -0.002723     -0.027856     -0.007172     
1   26  0.003274      0.006525      0.010260      0.007854      -0.010819     -0.002252     
1   27  0.004308      0.004442      0.008016      0.007777      -0.017117     -0.006826     
1   28  0.004116      0.001267      -0.005024     0.007421      -0.006049     0.003248      
1   29  0.004238      -0.001347     0.000721      0.022758      0.005370      0.000603      
1   30  0.003935      -0.001736     -0.006008     0.011170      -0.000308     -0.014995     
1   31  0.003278      0.001360      -0.000934     0.008570      -0.004356     -0.018595     
1   32  0.002992      -0.000447     -0.005295     0.007910      -0.004969     -0.013379     
1   33  0.002227      0.000203      -0.000806     0.005112      -0.009280     -0.001969     
1   34  0.004444      -0.000417     -0.000818     0.014338      -0.003163     -0.010556     
1   35  0.005467      0.001956      0.001027      0.021403      0.002084      -0.004674     
1   36  0.005590      0.001083      0.001663      0.019655      0.000979      -0.000386     
1   37  0.004257      0.000625      -0.005660     0.011901      0.000290      -0.006662     
1   38  0.001863      -0.002005     -0.001648     0.008191      0.003462      -0.003844     
1   39  0.003693      -0.001398     -0.000735     0.012725      -0.006893     -0.010734     
1   40  0.002742      -0.001585     -0.004224     0.006548      -0.000942     -0.010814     
1   41  0.004483      -0.000518     0.002512      0.009313      -0.007080     -0.007742     
1   42  0.003611      0.008673      0.006991      0.011771      0.008984      -0.009277     
1   43  0.002674      0.004418      0.006718      0.012102      0.004809      -0.017751     
1   45  0.002979      0.007442      0.005729      0.013434      0.009896      0.003363      
1   46  -0.001302     0.009238      0.009390      0.020837      0.003802      0.002520      
1   47  0.000403      0.000672      0.005538      0.020049      0.036949      0.015600      
1   53  0.001536      -0.006555     0.014322      0.018819      -0.018192     -0.014336     
1   54  0.001539      0.000538      0.008298      -0.001178     -0.009973     0.002550      
1   55  0.001151      0.003367      0.001295      0.008693      -0.012850     -0.006529     
1   56  0.003754      0.001366      0.005403      0.005189      -0.004315     -0.011412     
1   57  0.003175      0.003078      0.004156      0.000236      -0.006857     -0.015666     
1   58  0.003016      0.000363      0.005960      0.004288      -0.006513     -0.005412     
1   60  0.002612      0.002080      0.001261      0.006272      -0.015021     -0.013283     
1   61  0.002888      0.001469      0.000733      0.004989      -0.001955     -0.009098     
1   62  0.004475      0.002148      0.009065      0.015122      -0.011579     0.006438      
1   64  0.003182      -0.003280     0.005795      0.009408      -0.019620     -0.002449     
1   65  0.004248      0.000970      0.008824      0.017436      -0.021742     -0.008974     
1   66  0.003020      0.003166      0.004612      0.018132      -0.026395     -0.029006     
1   67  0.005194      0.001937      0.000095      0.011193      -0.015642     -0.006849     
1   68  0.005539      0.003463      0.008254      0.015402      -0.007719     -0.024656     
1   69  0.004673      0.007468      0.006095      0.016889      -0.009905     -0.012391     
1   79  0.008161      -0.002014     0.005087      -0.013488     -0.028158     0.014968      
1   80  0.001729      0.003454      0.012394      0.001261      -0.028641     0.012966      
1   81  -0.003238     -0.005155     0.001668      0.008752      -0.029482     -0.021163     
1   82  0.003166      0.004015      0.001461      0.004211      -0.017312     0.040171      
1   83  0.005050      -0.001027     0.012469      0.002159      -0.017117     0.004252      
1   84  -0.005759     0.014296      0.006001      -0.001508     -0.031946     0.041349      
1   85  0.004736      0.010602      0.008791      0.006849      0.009865      -0.014050     
1   87  0.000255      -0.000159     -0.001052     0.001089      0.000027      -0.000896     
2   0   -0.006104     -0.000156     0.005302      -0.025078     0.002574      -0.004903     
2   1   -0.000697     -0.032835     0.002516      -0.025404     -0.003591     -0.009002     
2   3   -0.002120     0.001616      0.004035      0.001548      0.011086      -0.030598     
2   4   -0.000224     -0.000880     -0.001877     -0.001553     0.001543      -0.002042     
2   5   0.000174      -0.000582     -0.000745     -0.003092     0.001672      -0.001145     
2   6   -0.000103     -0.001058     -0.001052     -0.003437     0.001324      -0.003163     
2   7   -0.000210     -0.001105     -0.000670     -0.001473     0.001127      -0.001767     
2   8   0.000035      0.000103      -0.000982     -0.002534     -0.000043     -0.001772     
2   17  -0.004335     -0.001576     0.008265      -0.006377     0.002589      -0.011213     
2   22  0.000129      -0.004587     -0.000758     0.008121      0.007624      -0.013394     
2   24  0.000744      -0.001543     0.005107      0.003657      -0.007525     -0.011278     
2   25  -0.001123     -0.000309     0.006745      -0.029574     -0.017212     -0.017160     
2   26  0.000392      0.001832      0.008512      -0.004317     -0.005825     -0.006822     
2   27  0.001709      0.000496      0.005986      -0.001946     -0.010937     -0.009386     
2   28  0.001866      -0.002075     -0.005539     -0.001424     0.003618      0.001017      
2   29  0.001647      -0.005381     0.000222      0.014097      0.013447      -0.002078     
2   30  0.002163      -0.004677     -0.007032     0.003691      0.006287      -0.018279     
2   31  0.001382      -0.001375     -0.001202     0.002541      0.002380      -0.022344     
2   32  0.001423      -0.002521     -0.005974     0.001902      0.001213      -0.014540     
2   33  0.001016      -0.001865     -0.001345     0.000483      -0.004775     -0.003420     
2   34  0.002541      -0.003819     -0.001691     0.009497      0.005115      -0.012577     
2   35  0.003195      -0.001842     0.000200      0.014368      0.010182      -0.005066     
2   36  0.003129      -0.003167     0.001085      0.010872      0.010430      -0.003283     
2   37  0.002564      -0.002019     -0.006847     0.004706      0.006236      -0.007405     
2   38  0.000713      -0.004120     -0.002012     0.003282      0.006598      -0.003852     
2   39  0.001887      -0.004412     -0.000682     0.005090      -0.001634     -0.012120     
2   40  0.001555      -0.003596     -0.004873     0.002250      0.003666      -0.013664     
2   41  0.002495      -0.003407     0.001573      0.003844      0.001506      -0.012775     
2   42  0.000267      0.004559      0.002710      -0.003312     0.001462      -0.018036     
2   43  -0.000246     0.000297      0.004512      -0.002547     0.006016      -0.023190     
2   45  -0.001701     0.001489      0.002273      -0.007975     0.004764      -0.005161     
2   46  -0.005719     0.002362      0.005409      0.000738      0.012083      -0.001080     
2   47  -0.003316     -0.004506     0.003111      0.002586      0.034079      0.013048      
2   53  -0.005122     -0.018689     0.011370      -0.009768     -0.014627     -0.027920     
2   54  -0.000225     -0.001659     0.007459      -0.008538     -0.006993     -0.003258     
2   55  -0.000927     0.000530      -0.000434     0.002380      -0.009801     -0.005610     
2   56  0.002115      -0.001092     0.004012      0.000861      -0.001957     -0.012429     
2   57  0.001435      0.000468      0.001731      -0.004945     -0.005628     -0.020970     
2   58  0.001326      -0.001806     0.004460      -0.003830     -0.002520     -0.008587     
2   60  0.000787      -0.000364     0.000292      -0.001804     -0.011965     -0.017822     
2   61  0.001107      -0.001416     -0.001416     -0.003408     0.002036      -0.012212     
2   62  0.001449      -0.002991     0.007889      0.000745      -0.008746     0.001529      
2   64  0.000898      -0.007962     0.004972      -0.001279     -0.013813     -0.010636     
2   65  0.001227      -0.003766     0.007542      0.004656      -0.009809     -0.016299     
2   66  0.000213      -0.000940     0.003431      0.008159      -0.020082     -0.032671     
2   67  0.002562      -0.001606     -0.000463     -0.002641     -0.010208     -0.011610     
2   68  0.003464      -0.000489     0.008929      0.004581      0.000520      -0.030968     
2   69  0.001825      0.002449      0.006277      0.002938      -0.006743     -0.022635     
2   79  0.001628      -0.012060     -0.002582     -0.047581     -0.022454     0.005172      
2   80  -0.004043     -0.005827     0.009038      -0.027964     -0.035622     -0.002077     
2   81  -0.009320     -0.013179     -0.000740     -0.015681     -0.018050     -0.032559     
2   82  -0.002410     -0.000993     -0.000337     -0.018875     -0.004339     0.021750      
2   83  -0.000066     -0.009167     0.008432      -0.025472     -0.014226     0.006137      
2   84  -0.011555     0.006901      -0.000132     -0.021413     -0.035967     0.042532      
2   85  -0.000229     0.003495      0.003803      -0.016639     0.011721      -0.016585     
2   87  -0.000044     -0.000885     -0.001511     0.000530      0.000652      -0.002530     
3   3   -0.000206     0.004998      0.009505      -0.028710     0.028860      -0.019480     
3   4   -0.001754     -0.000767     -0.008079     -0.022672     0.007821      0.004061      
3   5   0.003136      0.000254      -0.001534     -0.040355     0.016691      0.015247      
3   6   -0.000224     -0.004453     -0.000245     -0.041675     0.014555      0.003353      
3   7   -0.001436     -0.004158     0.000656      -0.020657     0.009000      -0.009469     
3   8   0.001897      0.009356      -0.001244     -0.028682     -0.004247     -0.010223     
3   17  -0.003804     0.001487      0.031366      -0.011327     -0.036573     -0.021886     
3   22  0.007212      -0.007511     -0.004458     0.019904      -0.002817     -0.027326     
3   24  0.001189      -0.004799     0.018627      -0.000756     -0.010779     -0.006424     
3   25  0.002149      0.000197      0.032203      -0.030215     -0.012863     0.037835      
3   26  -0.000362     0.005981      0.034595      -0.020750     0.002417      0.033705      
3   27  0.002818      0.002003      0.027164      -0.015161     -0.019113     0.005729      
3   42  0.001926      0.003453      0.008451      -0.021012     0.001986      0.002701      
3   43  0.001266      0.000280      0.009916      -0.018710     0.012684      0.000327      
3   45  0.001160      0.000557      0.009604      -0.034258     0.017433      0.009495      
3   46  0.001855      0.000965      0.022085      -0.004603     -0.011382     0.008173      
3   53  -0.002878     -0.005272     0.027897      -0.037409     -0.016932     0.005155      
3   54  -0.000989     -0.006083     0.022510      -0.024489     -0.009850     0.025665      
3   55  -0.002644     0.001499      0.010011      0.001422      -0.005506     0.012815      
3   56  0.004320      -0.002380     0.019440      -0.003244     -0.009551     0.008329      
3   57  0.002894      0.001408      0.012959      -0.016781     0.002007      -0.021075     
3   58  0.002409      -0.004869     0.018002      -0.017003     0.013854      0.004212      
3   60  0.000918      -0.001431     0.012134      -0.009807     -0.017790     -0.004578     
3   61  0.001863      -0.002802     0.009065      -0.010734     0.012081      0.011418      
3   87  0.000355      -0.003206     -0.006393     -0.002653     0.000129      -0.016041     
4   3   -0.002962     0.007016      0.009352      -0.015657     0.042077      -0.021868     
4   4   -0.004003     -0.000657     -0.013229     -0.016736     0.015732      0.006587      
4   5   0.003149      0.001162      -0.003911     -0.040883     0.023308      0.017561      
4   6   -0.001814     -0.005590     -0.002368     -0.041098     0.020254      0.003953      
4   7   -0.003675     -0.005093     -0.000496     -0.014122     0.018903      -0.007429     
4   8   0.001111      0.013113      -0.004517     -0.024489     -0.002245     -0.007992     
4   17  -0.008627     0.003752      0.035137      0.007601      -0.046461     -0.020433     
4   22  0.005620      -0.008945     -0.006315     0.014355      -0.011227     -0.023252     
4   24  0.000374      -0.005767     0.022919      0.008134      -0.011007     -0.003656     
4   25  0.003614      0.001952      0.030898      -0.012868     -0.017861     0.020129      
4   26  -0.003294     0.008492      0.042055      -0.010692     0.008177      0.045559      
4   27  0.001264      0.003180      0.031851      -0.003104     -0.021209     0.014577      
4   42  0.001305      0.004592      0.009805      -0.019790     0.006649      0.004931      
4   43  0.000589      0.000207      0.011679      -0.016834     0.020252      -0.001652     
4   45  -0.000070     0.000628      0.010899      -0.034954     0.025127      0.013563      
4   46  0.000641      0.001660      0.027218      0.003517      -0.008684     0.014072      
4   53  -0.005696     -0.006889     0.036380      -0.036921     -0.023019     0.008579      
4   54  -0.002890     -0.007158     0.028035      -0.020612     -0.012178     0.039184      
4   55  -0.005600     0.002427      0.009175      0.014197      -0.005189     0.020308      
4   56  0.004066      -0.003318     0.022388      0.007233      -0.007902     0.018048      
4   57  0.002433      0.002196      0.015091      -0.010522     0.006261      -0.026621     
4   58  0.001533      -0.005587     0.020277      -0.010814     0.014076      0.016437      
4   60  -0.000536     -0.001635     0.012135      -0.000613     -0.018527     -0.002079     
4   61  0.001011      -0.004042     0.008857      -0.002951     0.015482      0.011504      
4   87  -0.000932     -0.004123     -0.010196     0.006716      0.005755      -0.017062     
5   3   -0.003586     0.007162      -0.005523     -0.006654     0.036068      -0.031130     
5   4   -0.005439     -0.000834     -0.010147     -0.000354     0.013363      -0.007929     
5   5   -0.001392     -0.000426     -0.005630     -0.012430     0.015460      0.001702      
5   6   -0.004009     -0.003367     -0.005161     -0.010697     0.014351      -0.007200     
5   7   -0.005033     -0.002691     -0.004625     -0.002436     0.011435      -0.015856     
5   8   -0.002820     0.004645      -0.006714     -0.004336     0.002995      -0.015560     
5   17  -0.009923     0.006531      -0.001820     0.002417      0.012012      -0.010212     
5   22  -0.002317     -0.005157     -0.005132     0.014384      0.005147      -0.027117     
5   24  0.006747      -0.016571     0.013874      0.030681      -0.019507     -0.021967     
5   25  0.001398      0.007330      0.004353      0.002312      0.003523      -0.017958     
5   26  -0.000467     0.016143      0.009190      0.004218      0.023443      0.058994      
5   27  0.006620      0.006601      -0.003231     0.011677      -0.022968     0.035990      
5   42  0.005096      0.010998      -0.011940     -0.024554     -0.004517     0.010013      
5   43  0.003414      0.000593      -0.006816     -0.022232     0.025411      -0.015924     
5   45  0.002963      0.004389      -0.021138     -0.043272     0.034114      0.020638      
5   46  0.003366      0.004089      0.011776      0.008687      -0.018117     0.008767      
5   53  -0.007197     -0.009404     0.033941      -0.057031     -0.037254     -0.012327     
5   54  -0.002982     -0.005837     0.016254      -0.025024     -0.015904     0.046205      
5   55  -0.007076     0.010873      -0.029596     0.035258      -0.018509     0.027901      
5   56  0.009528      -0.004425     0.004756      0.019614      -0.008178     0.007661      
5   57  0.006740      0.004338      -0.011081     -0.006721     -0.003128     -0.038394     
5   58  0.005765      -0.005636     0.001117      -0.005424     0.029549      0.018866      
5   60  0.002069      0.001071      -0.020773     0.002312      -0.043030     -0.036044     
5   61  0.004445      -0.002214     -0.024813     0.002536      0.035895      -0.006001     
5   87  -0.003236     -0.002275     -0.008457     0.006960      0.004960      -0.015890     
6   48  -0.001928     -0.004505     -0.004785     0.005022      -0.029512     0.029089      
6   49  -0.014124     -0.001931     -0.007502     -0.016738     0.014894      -0.010525     
6   50  0.001979      -0.009810     0.007916      0.016808      -0.035722     0.074902      
6   51  -0.000174     0.020526      -0.003837     -0.012158     0.029892      -0.046103     
7   52  0.015235      0.021469      0.028540      0.066063      0.004412      0.004797      
8   0   0.001502      0.010955      -0.005517     -0.036044     0.039323      0.017451      
8   1   0.000969      -0.020025     -0.021173     -0.028955     0.001880      -0.023633     
8   3   -0.000375     0.011191      0.007539      0.013003      0.042977      -0.033164     
8   4   -0.001048     -0.000391     -0.004265     -0.004285     0.007989      -0.002213     
8   5   0.000465      -0.000063     -0.001933     -0.009003     0.007641      -0.000378     
8   6   -0.000471     -0.001434     -0.001732     -0.008844     0.006205      -0.005467     
8   7   -0.000965     -0.001196     -0.001217     -0.004105     0.007568      -0.006778     
8   8   0.000084      0.002447      -0.001968     -0.005540     0.002931      -0.007789     
8   17  -0.001190     0.011674      0.002825      -0.007617     0.039607      0.010114      
8   22  0.001603      -0.002864     -0.002600     0.005681      0.017601      -0.017858     
8   24  0.004299      -0.001265     0.009485      0.006832      -0.008879     -0.006726     
8   25  0.005581      0.009055      0.006947      -0.024396     0.012566      -0.014898     
8   26  0.005531      0.009717      0.015307      -0.008654     0.008495      0.013420      
8   27  0.008028      0.005902      0.009410      -0.006427     -0.003286     0.001949      
8   28  0.004350      0.000348      -0.043835     -0.022613     0.026193      0.045573      
8   29  0.003325      -0.011797     -0.021823     0.054770      0.063373      0.047645      
8   30  0.006331      -0.012493     -0.045052     0.003430      0.032629      -0.003342     
8   31  0.002684      0.000809      -0.021318     0.001991      0.006112      -0.031040     
8   32  0.004378      -0.005619     -0.039838     -0.009128     0.009697      -0.007043     
8   33  0.002072      -0.002266     -0.016009     0.000374      -0.016649     0.009375      
8   34  0.008124      -0.008610     -0.023664     0.025038      0.024441      0.006403      
8   35  0.009810      -0.000056     -0.022431     0.045006      0.048902      0.039419      
8   36  0.009567      -0.004314     -0.015661     0.032283      0.057132      0.043183      
8   37  0.008646      -0.004244     -0.046584     0.009520      0.027794      -0.004176     
8   38  0.001099      -0.015032     -0.022527     0.015370      0.018519      0.014007      
8   39  0.005929      -0.010904     -0.018774     0.025202      0.007129      0.014295      
8   40  0.005193      -0.010392     -0.031687     0.008185      0.021122      0.004930      
8   41  0.007515      -0.007273     -0.013053     0.007459      0.008977      0.001321      
8   42  0.005881      0.014697      0.004586      0.003679      0.018750      0.003988      
8   43  0.003756      0.006341      0.009839      0.007822      0.027883      -0.020305     
8   45  0.003336      0.010064      -0.002636     0.004988      0.035174      0.017685      
8   46  0.002230      0.010327      0.004716      -0.010745     0.031012      0.006511      
8   47  0.000696      0.001284      -0.003184     -0.003921     0.045202      0.020362      
8   53  0.002037      -0.006925     0.013381      -0.031761     0.011457      -0.013019     
8   54  0.002454      -0.000620     0.013301      -0.016305     -0.000555     0.014063      
8   55  0.001365      0.005250      -0.003689     0.005659      -0.004410     0.005284      
8   56  0.007355      -0.000227     0.007902      -0.000766     0.006371      -0.005606     
8   57  0.006205      0.003033      0.002906      -0.005944     0.003377      -0.021754     
8   58  0.005907      -0.001419     0.008829      -0.008316     0.009696      -0.001776     
8   60  0.004773      0.001392      -0.001882     -0.004332     -0.011331     -0.014395     
8   61  0.005438      0.000049      -0.004256     -0.005304     0.016479      -0.014016     
8   62  -0.000136     0.005748      0.006351      0.005984      0.014143      0.064839      
8   64  -0.001130     -0.018221     0.003135      -0.014865     -0.006091     0.013200      
8   65  -0.000414     -0.004631     0.010071      0.025158      -0.019423     0.000729      
8   66  -0.005062     0.007894      -0.015848     0.025467      -0.031871     -0.076761     
8   67  0.008450      0.006077      -0.017735     0.000237      -0.000384     -0.003359     
8   68  0.009793      0.014092      0.025122      0.018705      0.016324      -0.055395     
8   69  0.002967      0.024770      -0.001817     0.013331      0.008803      -0.009244     
8   79  0.008711      0.001574      -0.012556     -0.059658     0.019430      0.031877      
8   80  0.001983      0.003829      0.004078      -0.036898     0.006047      0.023824      
8   81  -0.002640     -0.000985     -0.005356     -0.023028     0.021302      -0.016886     
8   82  0.003325      0.008314      -0.006164     -0.028430     0.024408      0.032936      
8   83  0.005665      0.000359      -0.000696     -0.030146     0.018067      0.003409      
8   84  -0.004927     0.014034      -0.001900     -0.032795     0.000386      0.036565      
8   85  0.005211      0.012436      -0.005416     -0.022901     0.034339      -0.007430     
8   87  -0.000357     -0.000794     -0.003720     0.001273      0.004482      -0.008994     
