1  2  28.96
1  6  27.68
1  13  32.71
1  17  41.43
1  18  40.92
1  20  37.80
1  21  25.21
1  24  28.13
1  26  29.10
1  27  39.58
1  28  44.12
1  30  30.92
1  35  40.51
1  37  28.85
1  38  28.39
1  39  0.00
1  40  40.41
1  43  27.39
1  48  40.65
1  49  40.88
1  51  34.97
1  54  27.81
1  58  34.19
1  59  37.59
1  61  31.33
1  64  37.03
1  67  28.34
1  74  31.31
1  75  43.12
1  77  0.00
1  81  0.01
1  85  43.20
1  86  35.11
1  87  26.07
1  88  40.75
1  89  30.32
1  90  0.00
1  95  32.74
1  96  25.31
1  98  29.85
2  6  22.31
2  13  27.64
2  17  32.73
2  18  23.23
2  20  23.41
2  21  32.43
2  24  28.18
2  26  27.03
2  27  23.07
2  28  23.86
2  30  27.34
2  35  32.54
2  37  22.41
2  38  24.80
2  40  23.61
2  43  26.85
2  48  25.14
2  49  29.57
2  51  23.67
2  54  27.95
2  58  26.46
2  59  27.04
2  61  26.85
2  64  23.37
2  67  26.28
2  74  25.43
2  75  23.93
2  85  23.73
2  86  26.57
2  87  31.95
2  88  28.80
2  89  26.48
2  95  23.16
2  96  28.80
2  98  26.29
5  2  25.34
5  6  25.99
5  13  26.29
5  17  34.37
5  18  0.04
5  20  0.34
5  21  23.00
5  24  31.61
5  26  0.01
5  27  0.07
5  28  0.52
5  30  31.79
5  35  33.99
5  37  0.01
5  38  31.43
5  40  0.26
5  43  28.90
5  48  52.23
5  49  33.21
5  51  0.04
5  54  31.35
5  58  31.05
5  59  29.50
5  61  25.20
5  64  0.04
5  67  27.33
5  74  31.95
5  75  0.53
5  85  0.34
5  86  0.34
5  87  23.31
5  88  33.27
5  89  0.17
5  95  0.03
5  96  11.49
5  98  0.17
7  2  49.68
7  6  50.01
7  13  23.16
7  15  0.01
7  17  43.99
7  18  26.89
7  20  45.64
7  21  36.82
7  24  20.10
7  26  39.08
7  27  26.24
7  28  46.70
7  30  38.07
7  35  43.16
7  37  23.00
7  38  43.48
7  40  60.75
7  43  10.87
7  46  0.00
7  48  46.66
7  49  45.76
7  51  59.98
7  54  20.12
7  58  34.81
7  59  17.97
7  61  23.05
7  64  0.01
7  67  45.38
7  74  42.60
7  75  46.23
7  85  39.09
7  86  34.32
7  87  37.37
7  88  45.21
7  89  40.45
7  95  45.74
7  96  35.95
7  98  33.84
8  2  29.80
8  6  30.45
8  13  25.82
8  17  52.92
8  18  41.88
8  20  69.51
8  21  27.32
8  24  37.60
8  26  68.06
8  27  41.73
8  28  74.44
8  30  24.13
8  35  50.04
8  37  33.79
8  38  26.79
8  40  36.17
8  43  66.66
8  48  33.12
8  49  27.72
8  51  35.04
8  54  38.27
8  56  0.00
8  58  24.29
8  59  27.38
8  61  26.63
8  64  34.36
8  67  26.65
8  74  36.77
8  75  73.96
8  85  58.53
8  86  47.97
8  87  27.86
8  88  27.07
8  89  25.26
8  95  68.68
8  96  27.44
8  98  25.92
8  99  0.00
9  2  25.05
9  6  25.25
9  13  26.00
9  17  33.86
9  18  0.03
9  20  0.30
9  21  22.06
9  24  30.91
9  26  0.01
9  27  0.04
9  28  0.98
9  30  31.39
9  35  33.52
9  37  0.01
9  38  29.94
9  40  0.26
9  43  28.70
9  48  50.49
9  49  33.44
9  51  0.04
9  54  31.89
9  58  30.36
9  59  29.61
9  61  25.01
9  64  0.04
9  67  27.19
9  74  32.27
9  75  0.50
9  85  22.29
9  86  0.33
9  87  22.14
9  88  33.04
9  89  0.08
9  95  0.02
9  96  11.35
9  97  0.00
9  98  0.19
12  2  33.45
12  6  33.74
12  13  42.09
12  17  29.85
12  18  31.05
12  20  27.98
12  21  36.37
12  24  7.42
12  26  7.78
12  27  30.79
12  28  28.78
12  30  29.25
12  35  29.66
12  37  27.49
12  38  32.62
12  40  29.76
12  43  7.24
12  48  29.96
12  49  0.01
12  51  29.21
12  54  7.33
12  58  27.75
12  59  0.46
12  61  43.35
12  64  29.96
12  67  51.07
12  74  29.58
12  75  28.14
12  85  32.23
12  86  29.59
12  87  37.59
12  88  0.01
12  89  25.29
12  95  28.04
12  96  33.67
12  98  27.44
14  2  33.60
14  6  33.24
14  8  0.00
14  13  29.60
14  17  26.61
14  18  27.23
14  20  26.13
14  21  30.55
14  24  47.08
14  26  59.65
14  27  26.90
14  28  27.84
14  30  36.61
14  35  24.82
14  37  40.03
14  38  29.75
14  40  27.38
14  43  57.39
14  48  26.53
14  49  29.49
14  51  26.06
14  54  48.03
14  56  0.01
14  58  22.83
14  59  41.76
14  61  30.41
14  64  26.06
14  67  30.60
14  74  31.99
14  75  27.48
14  85  26.97
14  86  24.97
14  87  31.58
14  88  29.07
14  89  24.75
14  95  25.40
14  96  29.82
14  98  25.22
14  99  0.00
18  2  53.37
18  6  52.03
18  13  23.05
18  17  39.59
18  20  37.24
18  21  23.15
18  24  35.04
18  26  31.42
18  27  26.20
18  28  40.12
18  30  30.06
18  35  38.73
18  37  23.13
18  38  39.03
18  40  27.25
18  43  30.81
18  48  23.40
18  49  37.32
18  51  27.03
18  54  35.67
18  58  24.58
18  59  30.29
18  61  23.49
18  64  23.09
18  67  42.80
18  74  39.02
18  75  37.62
18  85  34.22
18  86  33.78
18  87  22.80
18  88  37.32
18  89  33.62
18  95  37.66
18  96  37.34
18  98  24.11
20  2  38.60
20  6  39.04
20  13  34.44
20  17  27.07
20  18  31.34
20  21  49.09
20  24  36.21
20  26  47.10
20  27  30.64
20  28  23.50
20  30  32.69
20  35  26.34
20  37  36.38
20  38  33.53
20  40  33.52
20  43  50.06
20  48  30.55
20  49  41.01
20  51  32.30
20  54  35.24
20  58  28.95
20  59  33.55
20  61  35.89
20  64  29.28
20  67  33.64
20  74  33.28
20  75  23.09
20  85  22.42
20  86  26.81
20  87  47.61
20  88  40.50
20  89  30.24
20  95  30.99
20  96  40.36
20  98  33.27
21  2  25.03
21  6  25.32
21  13  26.56
21  17  25.07
21  18  26.72
21  20  25.89
21  24  27.16
21  26  27.50
21  27  26.57
21  28  26.60
21  30  26.88
21  35  24.68
21  37  27.14
21  38  30.28
21  40  27.52
21  43  26.77
21  48  23.85
21  49  23.12
21  51  26.20
21  54  27.57
21  58  22.91
21  59  23.05
21  61  26.63
21  64  26.49
21  67  34.32
21  74  30.28
21  75  26.71
21  85  25.61
21  86  24.89
21  87  22.92
21  88  23.04
21  89  22.66
21  95  26.17
21  96  22.75
21  98  22.95
23  2  42.71
23  6  43.10
23  13  38.64
23  17  49.92
23  18  36.69
23  20  49.73
23  21  33.06
23  24  26.20
23  26  27.69
23  27  26.32
23  28  27.14
23  30  26.31
23  35  39.40
23  37  25.64
23  38  34.66
23  40  42.97
23  43  27.31
23  48  26.44
23  49  25.44
23  51  36.83
23  54  27.31
23  58  28.75
23  59  34.08
23  61  25.45
23  64  49.97
23  67  36.98
23  74  34.28
23  75  49.11
23  85  40.58
23  86  35.81
23  87  33.49
23  88  25.25
23  89  28.29
23  95  43.54
23  96  58.77
23  98  25.32
26  2  25.17
26  6  24.81
26  13  28.76
26  17  34.90
26  18  23.24
26  20  24.19
26  21  37.56
26  24  30.21
26  27  23.08
26  28  24.59
26  30  27.48
26  35  34.25
26  37  23.15
26  38  23.22
26  40  23.68
26  43  28.87
26  48  25.77
26  49  32.11
26  51  23.80
26  54  30.21
26  58  26.89
26  59  28.96
26  61  26.97
26  64  23.41
26  67  26.37
26  74  26.68
26  75  24.07
26  85  23.47
26  86  27.39
26  87  37.37
26  88  32.10
26  89  26.47
26  95  24.61
26  96  32.06
26  98  26.64
27  2  24.67
27  6  25.67
27  13  27.92
27  17  38.23
27  18  22.83
27  20  23.48
27  21  26.02
27  24  34.19
27  26  32.16
27  28  23.92
27  30  28.36
27  35  36.92
27  37  25.96
27  38  23.76
27  40  23.52
27  43  31.32
27  48  25.65
27  49  36.57
27  51  22.85
27  54  34.48
27  58  26.38
27  59  32.14
27  61  26.37
27  64  22.78
27  67  26.58
27  74  26.19
27  75  23.78
27  85  23.86
27  86  26.34
27  87  26.64
27  88  36.97
27  89  25.71
27  95  23.17
27  96  36.84
27  98  26.18
28  2  26.61
28  6  27.23
28  13  26.45
28  17  25.83
28  18  25.60
28  20  26.56
28  21  42.45
28  24  38.66
28  26  36.01
28  27  26.26
28  30  30.40
28  35  24.96
28  37  28.01
28  38  32.58
28  40  27.41
28  43  36.31
28  48  34.14
28  49  34.77
28  51  26.20
28  54  38.91
28  58  23.00
28  59  36.64
28  61  27.94
28  64  27.68
28  67  33.03
28  74  33.18
28  75  26.68
28  85  26.20
28  86  25.25
28  87  42.73
28  88  34.82
28  89  30.25
28  95  25.95
28  96  34.99
28  98  32.85
29  2  32.96
29  6  32.77
29  13  27.85
29  17  29.15
29  18  26.67
29  20  49.34
29  21  28.85
29  24  30.84
29  26  32.70
29  27  26.66
29  28  57.66
29  30  29.03
29  35  41.23
29  37  26.26
29  38  31.18
29  40  33.09
29  43  31.04
29  48  45.92
29  49  31.50
29  51  25.91
29  54  30.73
29  58  28.63
29  59  27.73
29  61  29.62
29  64  25.79
29  67  30.56
29  74  33.37
29  75  56.09
29  85  43.53
29  86  35.79
29  87  30.37
29  88  31.36
29  89  30.31
29  95  39.84
29  96  27.77
29  98  30.36
29  99  0.00
30  2  31.64
30  6  31.64
30  13  28.15
30  17  23.27
30  18  30.95
30  20  28.32
30  21  29.23
30  24  44.72
30  26  37.64
30  27  30.46
30  28  28.79
30  35  23.16
30  37  30.56
30  38  29.04
30  40  30.01
30  43  36.61
30  48  33.67
30  49  48.90
30  51  29.47
30  54  45.37
30  58  27.36
30  59  42.60
30  61  29.83
30  64  28.98
30  67  29.52
30  74  29.00
30  75  28.01
30  85  27.25
30  86  23.50
30  87  29.15
30  88  47.88
30  89  26.77
30  95  28.10
30  96  49.06
30  98  27.53
31  2  25.53
31  6  25.57
31  13  29.06
31  17  35.35
31  18  35.61
31  20  32.32
31  21  25.56
31  24  25.64
31  26  28.25
31  27  35.13
31  28  34.55
31  30  39.05
31  35  34.45
31  37  28.64
31  38  26.74
31  40  45.10
31  43  26.40
31  48  29.05
31  49  38.68
31  51  32.78
31  54  26.32
31  58  31.77
31  59  37.53
31  61  28.96
31  64  33.48
31  67  28.83
31  74  27.12
31  75  33.87
31  85  32.11
31  86  34.54
31  87  26.06
31  88  39.40
31  89  32.82
31  95  40.18
31  96  43.45
31  98  30.74
32  13  0.01
33  71  0.01
34  2  24.27
34  6  24.62
34  9  0.00
34  13  23.36
34  17  31.64
34  18  32.14
34  20  34.94
34  21  24.74
34  24  25.00
34  26  31.34
34  27  31.46
34  28  38.31
34  30  37.42
34  35  31.68
34  37  29.06
34  38  24.18
34  39  0.00
34  40  34.57
34  43  47.44
34  48  26.95
34  49  25.06
34  51  31.21
34  54  24.96
34  58  33.30
34  59  24.94
34  61  23.19
34  64  32.02
34  67  24.59
34  74  24.23
34  75  38.66
34  77  0.00
34  81  0.00
34  84  0.01
34  85  26.04
34  86  27.35
34  87  25.05
34  88  25.20
34  89  27.35
34  90  0.00
34  95  23.95
34  96  25.29
34  97  0.00
34  98  27.23
35  2  31.13
35  6  31.75
35  13  27.40
35  17  22.76
35  18  30.61
35  20  28.04
35  21  29.45
35  24  44.38
35  26  36.69
35  27  30.24
35  28  28.99
35  30  33.13
35  37  30.25
35  38  29.10
35  40  29.54
35  43  36.10
35  48  32.92
35  49  48.84
35  51  28.62
35  54  44.76
35  58  27.31
35  59  42.58
35  61  29.20
35  64  28.66
35  67  28.66
35  74  29.23
35  75  28.42
35  85  27.43
35  86  23.14
35  87  29.22
35  88  46.67
35  89  26.27
35  95  27.35
35  96  48.60
35  98  27.89
36  2  34.26
36  6  37.40
36  13  27.58
36  17  29.69
36  18  26.69
36  20  29.09
36  21  29.03
36  23  0.00
36  24  38.89
36  26  28.91
36  27  27.18
36  28  53.54
36  30  29.90
36  35  28.70
36  37  25.66
36  38  25.27
36  40  29.50
36  43  28.51
36  48  29.11
36  49  28.63
36  51  26.54
36  54  29.12
36  58  26.45
36  59  28.49
36  61  28.01
36  64  28.69
36  67  28.97
36  74  28.59
36  75  29.15
36  85  28.98
36  86  29.26
36  87  28.72
36  88  28.80
36  89  28.18
36  95  26.75
36  96  35.31
36  98  28.33
37  2  25.08
37  6  24.73
37  13  28.28
37  17  35.47
37  18  23.06
37  20  23.46
37  21  36.88
37  24  30.01
37  26  28.67
37  27  22.86
37  28  23.61
37  30  27.46
37  35  34.91
37  38  23.08
37  40  23.48
37  43  28.04
37  48  25.67
37  49  32.62
37  51  23.38
37  54  30.06
37  58  26.89
37  59  28.56
37  61  26.42
37  64  23.00
37  67  26.12
37  74  25.62
37  75  23.56
37  85  23.22
37  86  26.22
37  87  37.40
37  88  32.03
37  89  25.93
37  95  24.18
37  96  31.88
37  98  26.02
38  2  23.34
38  6  22.87
38  13  27.51
38  17  32.53
38  18  24.31
38  20  23.59
38  21  28.84
38  24  26.50
38  26  26.44
38  27  23.70
38  28  24.89
38  30  26.87
38  35  31.83
38  37  23.20
38  40  24.01
38  43  25.95
38  48  25.01
38  49  27.68
38  51  23.66
38  54  26.93
38  58  26.37
38  59  26.58
38  61  26.87
38  64  23.83
38  67  26.37
38  74  25.74
38  75  23.92
38  85  23.82
38  86  26.90
38  87  29.39
38  88  27.69
38  89  26.64
38  95  23.59
38  96  27.64
38  98  26.70
39  2  24.59
39  6  24.68
39  13  28.15
39  17  36.44
39  18  23.08
39  20  23.51
39  21  36.45
39  24  34.67
39  26  28.39
39  27  22.87
39  28  23.98
39  30  28.26
39  35  34.08
39  37  26.00
39  38  23.03
39  40  23.68
39  43  27.86
39  48  50.41
39  49  32.95
39  51  23.12
39  54  34.49
39  58  26.89
39  59  28.40
39  61  26.26
39  64  22.73
39  67  25.76
39  74  25.38
39  75  24.03
39  77  0.02
39  81  0.01
39  85  23.75
39  86  26.76
39  87  36.13
39  88  32.30
39  89  26.00
39  90  0.00
39  95  23.74
39  96  31.70
39  98  26.07
40  2  23.86
40  6  24.70
40  13  23.66
40  17  39.40
40  18  27.23
40  20  40.90
40  21  24.31
40  24  38.83
40  26  49.05
40  27  26.71
40  28  41.93
40  30  30.22
40  35  39.10
40  37  23.44
40  38  23.89
40  43  48.39
40  48  27.58
40  49  38.79
40  51  26.80
40  54  39.13
40  58  25.22
40  59  34.49
40  61  23.37
40  64  26.82
40  67  23.15
40  74  23.88
40  75  41.50
40  85  34.27
40  86  51.64
40  87  23.52
40  88  38.30
40  89  35.25
40  95  23.66
40  96  38.72
40  98  24.79
41  2  35.83
41  6  36.89
41  8  0.01
41  13  25.83
41  14  0.00
41  17  32.52
41  18  26.15
41  20  27.26
41  21  25.99
41  23  0.00
41  24  31.10
41  26  31.42
41  27  26.02
41  28  29.39
41  30  27.37
41  35  31.34
41  37  26.08
41  38  36.13
41  40  26.59
41  42  0.00
41  43  30.54
41  48  26.79
41  49  31.30
41  51  26.62
41  54  30.14
41  56  0.00
41  58  32.43
41  59  30.89
41  61  26.55
41  64  26.48
41  67  25.60
41  74  29.12
41  75  26.79
41  85  26.03
41  86  49.23
41  87  26.01
41  88  31.29
41  89  34.63
41  95  29.25
41  96  26.83
41  98  36.98
41  99  0.01
42  2  27.18
42  6  28.01
42  8  0.01
42  13  25.28
42  14  0.01
42  17  34.81
42  18  33.54
42  20  58.90
42  21  26.39
42  24  40.11
42  26  32.86
42  27  33.17
42  28  64.96
42  30  26.05
42  35  68.48
42  37  31.48
42  38  24.99
42  40  52.62
42  43  31.84
42  48  30.47
42  49  25.35
42  51  44.65
42  54  35.38
42  56  0.00
42  58  31.54
42  59  32.60
42  61  24.89
42  64  44.62
42  67  25.20
42  74  24.76
42  75  47.07
42  85  46.46
42  86  71.52
42  87  25.14
42  88  33.99
42  89  32.10
42  95  52.07
42  96  25.29
42  98  32.69
42  99  0.00
43  2  35.51
43  6  35.61
43  13  25.16
43  17  40.34
43  18  31.28
43  20  29.45
43  21  25.44
43  24  44.05
43  26  23.36
43  27  30.63
43  28  30.50
43  30  41.35
43  35  40.29
43  37  28.07
43  38  27.94
43  40  31.28
43  48  29.71
43  49  35.65
43  51  30.74
43  54  44.17
43  58  38.95
43  59  41.31
43  61  24.96
43  64  30.54
43  67  24.52
43  74  28.58
43  75  29.69
43  85  27.88
43  86  33.64
43  87  25.11
43  88  36.02
43  89  44.60
43  95  29.40
43  96  34.94
43  98  37.71
44  25  0.01
45  2  30.96
45  6  31.11
45  13  28.03
45  17  28.74
45  18  36.96
45  20  30.73
45  21  49.33
45  24  46.46
45  26  41.40
45  27  36.65
45  28  31.53
45  30  29.04
45  35  14.54
45  37  30.64
45  38  30.92
45  40  33.93
45  43  40.19
45  48  43.29
45  49  41.62
45  51  33.49
45  54  45.23
45  58  35.83
45  59  45.71
45  61  30.76
45  62  0.00
45  64  34.61
45  67  30.89
45  74  31.04
45  75  30.85
45  85  28.68
45  86  7.30
45  87  48.48
45  88  38.56
45  89  38.16
45  95  30.77
45  96  41.09
45  98  50.42
46  2  50.15
46  6  50.00
46  13  23.32
46  17  43.24
46  18  27.20
46  20  45.97
46  21  36.78
46  24  20.16
46  26  39.72
46  27  26.59
46  28  46.72
46  30  37.82
46  35  43.86
46  37  23.29
46  38  43.68
46  40  61.34
46  43  10.95
46  48  46.87
46  49  45.31
46  51  60.35
46  54  20.25
46  58  34.82
46  59  18.31
46  61  23.21
46  64  0.01
46  67  44.98
46  74  42.50
46  75  46.98
46  85  39.14
46  86  34.58
46  87  37.23
46  88  45.00
46  89  40.33
46  95  45.47
46  96  35.87
46  98  34.39
49  2  32.96
49  6  31.89
49  13  30.28
49  17  30.26
49  18  28.98
49  20  25.77
49  21  29.16
49  24  30.42
49  26  27.38
49  27  28.63
49  28  26.76
49  30  29.92
49  35  29.41
49  37  37.44
49  38  34.39
49  40  27.56
49  43  30.44
49  48  22.67
49  51  27.09
49  54  30.70
49  58  28.00
49  59  23.35
49  61  32.87
49  64  27.07
49  67  30.57
49  74  29.37
49  75  26.37
49  85  29.38
49  86  28.84
49  87  29.21
49  88  22.48
49  89  24.15
49  95  26.04
49  96  26.82
49  98  27.62
51  2  25.12
51  6  25.64
51  13  23.46
51  17  31.11
51  18  33.65
51  20  23.93
51  21  26.78
51  24  49.98
51  26  49.01
51  27  32.84
51  28  24.91
51  30  29.96
51  35  30.02
51  37  26.82
51  38  23.36
51  40  24.27
51  43  48.47
51  48  32.74
51  49  37.04
51  54  49.89
51  58  26.20
51  59  47.75
51  61  26.76
51  64  31.95
51  67  26.97
51  74  26.52
51  75  25.21
51  85  23.63
51  86  29.76
51  87  26.76
51  88  36.72
51  89  27.39
51  95  25.11
51  96  36.17
51  98  30.37
52  87  0.00
53  2  32.00
53  6  23.00
53  13  34.79
53  17  20.02
53  18  38.13
53  20  50.34
53  21  65.29
53  24  32.54
53  26  42.77
53  27  38.53
53  28  50.31
53  30  20.66
53  35  9.64
53  37  33.08
53  38  30.75
53  40  56.79
53  43  41.47
53  48  42.08
53  49  57.35
53  51  38.27
53  54  48.12
53  55  0.00
53  58  14.46
53  59  47.62
53  61  38.58
53  64  32.93
53  67  31.89
53  74  30.78
53  75  47.72
53  85  45.05
53  86  5.03
53  87  66.91
53  88  37.49
53  89  35.97
53  95  31.43
53  96  62.25
53  98  37.66
54  2  25.21
54  6  25.18
54  13  27.66
54  17  25.76
54  18  28.16
54  20  26.49
54  21  24.61
54  24  22.56
54  26  28.26
54  27  27.81
54  28  27.66
54  30  29.35
54  35  25.66
54  37  27.69
54  38  30.04
54  40  27.65
54  43  28.23
54  48  24.81
54  49  24.93
54  51  27.18
54  58  24.44
54  59  25.03
54  61  27.30
54  64  27.41
54  67  37.04
54  74  29.53
54  75  27.39
54  85  26.94
54  86  25.59
54  87  26.29
54  88  24.48
54  89  23.86
54  95  26.72
54  96  24.45
54  98  24.33
55  6  0.03
55  24  0.00
56  2  24.95
56  6  24.86
56  13  41.32
56  17  1.16
56  18  11.76
56  20  5.76
56  21  57.42
56  24  15.38
56  26  36.47
56  27  11.41
56  28  6.45
56  30  7.04
56  35  0.57
56  37  47.97
56  38  30.02
56  40  11.66
56  43  8.46
56  48  38.28
56  49  36.31
56  51  11.06
56  54  16.26
56  58  0.01
56  59  14.47
56  61  39.36
56  64  10.66
56  67  30.45
56  74  31.81
56  75  6.30
56  85  4.10
56  86  0.35
56  87  57.06
56  88  36.30
56  89  35.82
56  95  5.49
56  96  28.68
56  98  31.09
57  2  27.17
57  6  28.16
57  13  26.56
57  17  28.81
57  18  25.09
57  20  23.58
57  21  36.70
57  24  45.95
57  26  47.57
57  27  24.68
57  28  23.04
57  30  27.15
57  35  28.46
57  37  26.76
57  38  36.25
57  40  26.62
57  43  46.65
57  48  32.43
57  49  43.82
57  51  26.27
57  54  41.24
57  58  22.86
57  59  49.06
57  61  26.47
57  64  25.30
57  67  39.63
57  73  0.01
57  74  35.22
57  75  24.20
57  85  22.83
57  86  28.67
57  87  37.00
57  88  43.89
57  89  22.75
57  95  26.26
57  96  43.22
57  98  22.79
58  2  26.10
58  6  26.24
58  13  25.15
58  17  25.24
58  18  25.27
58  20  25.75
58  21  41.16
58  24  37.66
58  26  35.89
58  27  24.99
58  28  27.18
58  30  29.42
58  35  25.40
58  37  27.09
58  38  32.79
58  40  26.35
58  43  35.15
58  48  31.36
58  49  34.07
58  51  25.71
58  54  37.14
58  59  35.79
58  61  27.19
58  64  24.83
58  67  32.67
58  74  31.85
58  75  26.76
58  85  25.73
58  86  24.90
58  87  41.67
58  88  33.00
58  89  29.14
58  95  26.00
58  96  33.90
58  98  31.78
59  2  33.51
59  6  33.44
59  13  32.94
59  17  30.80
59  18  31.62
59  20  27.31
59  21  29.40
59  24  37.01
59  26  30.17
59  27  30.65
59  28  28.06
59  30  32.73
59  35  30.57
59  37  43.35
59  38  36.28
59  40  29.30
59  43  36.31
59  48  31.50
59  49  28.10
59  51  28.55
59  54  37.50
59  58  29.28
59  61  36.62
59  64  28.33
59  67  34.52
59  74  30.57
59  75  27.91
59  85  30.48
59  86  29.94
59  87  29.22
59  88  27.90
59  89  23.70
59  95  26.83
59  96  28.22
59  98  29.13
60  2  29.43
60  6  29.59
60  13  61.45
60  17  41.92
60  18  28.49
60  20  7.41
60  21  54.10
60  24  29.91
60  26  8.30
60  27  28.75
60  28  7.53
60  30  29.88
60  35  41.13
60  37  36.50
60  38  25.08
60  40  14.44
60  43  8.19
60  48  63.00
60  49  37.13
60  51  14.20
60  54  22.83
60  58  29.29
60  59  13.46
60  61  68.07
60  64  13.87
60  66  0.00
60  67  30.97
60  74  37.17
60  75  7.48
60  77  0.00
60  81  0.00
60  85  7.91
60  86  2.94
60  87  53.62
60  88  36.97
60  89  2.70
60  91  0.00
60  95  7.31
60  96  26.93
60  98  2.74
61  2  54.30
61  6  48.67
61  13  22.90
61  17  38.77
61  18  26.24
61  20  37.70
61  21  22.55
61  24  34.10
61  26  31.67
61  27  26.34
61  28  37.59
61  30  29.34
61  35  38.86
61  37  22.89
61  38  38.61
61  40  26.90
61  43  30.79
61  48  26.51
61  49  36.75
61  51  26.19
61  54  34.15
61  58  24.89
61  59  30.30
61  64  26.39
61  67  42.68
61  74  39.07
61  75  37.65
61  85  32.36
61  86  33.63
61  87  22.49
61  88  37.05
61  89  34.25
61  95  37.41
61  96  36.57
61  98  23.86
63  19  0.01
64  2  64.30
64  6  64.52
64  13  23.22
64  17  39.96
64  18  26.89
64  20  48.45
64  21  22.79
64  24  49.08
64  26  38.47
64  27  26.86
64  28  49.55
64  30  29.89
64  35  39.03
64  37  23.27
64  38  39.56
64  40  27.38
64  43  37.77
64  48  23.02
64  49  37.82
64  51  26.81
64  54  49.16
64  58  24.75
64  59  44.40
64  61  22.88
64  67  42.51
64  74  39.87
64  75  49.62
64  85  38.39
64  86  45.32
64  87  22.89
64  88  38.10
64  89  33.64
64  95  48.21
64  96  37.82
64  98  24.34
65  2  35.37
65  6  34.96
65  13  28.43
65  17  37.67
65  18  26.16
65  20  25.89
65  21  28.45
65  24  45.88
65  26  24.05
65  27  25.85
65  28  26.14
65  30  32.73
65  35  36.71
65  37  30.41
65  38  31.59
65  40  26.49
65  43  23.65
65  48  27.49
65  49  40.32
65  51  26.10
65  54  38.77
65  57  0.00
65  58  26.96
65  59  34.08
65  61  28.31
65  64  25.80
65  67  27.64
65  73  0.01
65  74  31.70
65  75  25.26
65  85  23.63
65  86  33.33
65  87  28.51
65  88  39.86
65  89  23.22
65  95  26.06
65  96  39.41
65  98  27.78
67  2  60.15
67  6  60.98
67  13  23.49
67  17  39.15
67  18  26.42
67  20  48.72
67  21  23.45
67  24  48.84
67  26  38.37
67  27  26.36
67  28  49.20
67  30  30.25
67  35  38.36
67  37  23.04
67  38  38.75
67  40  27.52
67  43  37.79
67  48  26.16
67  49  37.47
67  51  27.22
67  54  49.05
67  58  24.74
67  59  44.74
67  61  22.91
67  64  26.68
67  74  38.92
67  75  48.50
67  85  38.26
67  86  44.46
67  87  23.00
67  88  37.80
67  89  33.91
67  95  48.31
67  96  37.13
67  98  23.97
68  15  0.00
68  52  0.01
68  87  0.01
69  2  24.37
69  6  25.03
69  13  24.48
69  17  38.22
69  18  22.80
69  20  30.95
69  21  24.25
69  24  39.68
69  26  32.92
69  27  25.81
69  28  32.26
69  30  30.54
69  32  0.01
69  35  37.19
69  37  26.68
69  38  22.75
69  40  32.31
69  43  32.11
69  48  24.17
69  49  25.08
69  51  31.74
69  54  38.92
69  58  25.00
69  59  33.96
69  61  24.05
69  64  23.80
69  67  38.62
69  74  32.99
69  75  31.75
69  85  53.55
69  86  48.29
69  87  24.07
69  88  24.55
69  89  33.82
69  95  30.84
69  96  24.39
69  98  24.79
72  2  24.93
72  6  48.74
72  13  34.85
72  17  35.04
72  18  42.73
72  20  1.76
72  21  35.90
72  24  74.63
72  26  19.20
72  27  41.38
72  28  1.88
72  30  45.43
72  35  34.01
72  37  26.43
72  38  23.19
72  40  1.60
72  43  18.78
72  48  38.84
72  49  48.61
72  51  0.01
72  54  56.82
72  55  0.01
72  58  42.62
72  59  34.58
72  61  25.86
72  64  38.08
72  67  25.81
72  74  32.70
72  75  1.90
72  85  23.71
72  86  31.45
72  87  35.97
72  88  48.98
72  89  27.74
72  95  0.03
72  96  70.33
72  98  45.67
73  2  28.59
73  6  28.60
73  13  27.17
73  17  29.03
73  18  26.03
73  20  22.78
73  21  28.77
73  24  46.50
73  26  53.60
73  27  25.45
73  28  23.78
73  30  30.17
73  35  28.29
73  37  28.07
73  38  37.16
73  40  27.41
73  43  52.71
73  48  35.60
73  49  36.79
73  51  26.29
73  54  46.63
73  58  22.66
73  59  44.43
73  61  28.18
73  64  25.03
73  67  42.85
73  74  37.70
73  75  22.87
73  85  22.82
73  86  29.70
73  87  28.18
73  88  37.09
73  89  23.18
73  95  26.25
73  96  36.47
73  98  22.80
74  2  25.52
74  6  25.26
74  13  23.07
74  17  46.99
74  18  34.75
74  20  39.65
74  21  22.97
74  24  40.02
74  26  44.06
74  27  34.85
74  28  40.85
74  30  28.88
74  35  46.00
74  37  26.84
74  38  22.84
74  40  41.63
74  43  43.93
74  48  24.78
74  49  41.60
74  51  40.88
74  54  40.51
74  58  23.87
74  59  36.38
74  61  23.23
74  64  29.48
74  67  22.57
74  75  40.29
74  85  34.63
74  86  48.29
74  87  22.84
74  88  41.22
74  89  43.38
74  95  39.31
74  96  41.63
74  98  24.02
75  85  0.03
77  2  24.40
77  6  25.10
77  13  27.81
77  17  33.86
77  18  22.82
77  20  23.27
77  21  36.56
77  24  34.49
77  26  24.07
77  27  22.96
77  28  23.35
77  30  26.95
77  35  34.57
77  37  25.84
77  38  23.38
77  40  23.58
77  43  23.56
77  48  25.50
77  49  31.61
77  51  23.10
77  54  30.16
77  58  26.12
77  59  29.03
77  61  25.98
77  64  23.22
77  67  26.60
77  74  25.68
77  75  23.27
77  81  0.00
77  85  24.15
77  86  26.25
77  87  37.16
77  88  31.51
77  89  26.29
77  95  22.90
77  96  31.76
77  98  26.09
78  2  38.12
78  6  38.07
78  13  23.76
78  17  45.20
78  18  26.80
78  20  44.19
78  21  36.97
78  24  40.56
78  26  11.92
78  27  26.36
78  28  44.73
78  30  37.97
78  35  44.63
78  37  23.24
78  38  43.34
78  40  60.16
78  43  10.92
78  46  0.00
78  48  46.95
78  49  44.91
78  51  57.98
78  54  20.29
78  58  34.95
78  59  18.10
78  61  23.13
78  64  0.00
78  66  0.01
78  67  45.52
78  74  42.37
78  75  44.31
78  85  22.74
78  86  35.43
78  87  37.31
78  88  45.23
78  89  40.19
78  95  43.61
78  96  36.19
78  98  34.41
79  75  0.00
79  85  0.01
80  48  0.01
81  2  24.97
81  6  24.78
81  13  51.08
81  17  34.17
81  18  0.01
81  20  0.61
81  21  43.02
81  24  24.52
81  26  6.96
81  27  0.00
81  28  0.97
81  30  25.43
81  35  33.66
81  37  26.11
81  38  22.98
81  40  0.50
81  43  6.84
81  48  38.10
81  49  32.27
81  51  0.01
81  54  19.96
81  58  24.27
81  59  10.87
81  61  49.21
81  64  0.01
81  67  26.79
81  74  31.54
81  75  0.98
81  85  0.95
81  86  0.60
81  87  42.81
81  88  31.92
81  89  26.05
81  95  0.02
81  96  22.43
81  98  0.36
82  2  29.86
82  6  29.38
82  13  27.75
82  17  0.02
82  18  29.32
82  20  30.57
82  21  48.63
82  24  62.87
82  26  36.81
82  27  29.59
82  28  31.10
82  30  0.00
82  35  0.01
82  37  52.19
82  38  26.82
82  40  29.53
82  43  35.94
82  48  29.31
82  49  44.03
82  51  28.14
82  54  45.57
82  58  26.77
82  59  45.63
82  61  27.65
82  64  28.31
82  67  27.32
82  74  31.48
82  75  30.01
82  85  30.68
82  86  0.04
82  87  49.45
82  88  43.03
82  89  26.58
82  95  30.51
82  96  59.09
82  98  34.43
83  2  29.01
83  6  28.82
83  13  26.68
83  17  0.01
83  18  28.96
83  20  30.15
83  21  47.84
83  24  60.95
83  26  36.25
83  27  28.41
83  28  30.47
83  30  30.01
83  35  0.00
83  37  51.39
83  38  26.87
83  40  28.48
83  43  35.51
83  48  28.74
83  49  43.31
83  51  27.80
83  54  45.57
83  58  26.73
83  59  44.71
83  61  27.55
83  64  27.87
83  67  26.56
83  74  30.34
83  75  31.28
83  85  30.58
83  86  0.03
83  87  49.05
83  88  42.31
83  89  26.56
83  95  29.66
83  96  58.84
83  98  33.79
84  2  22.72
84  6  23.02
84  13  23.39
84  17  41.21
84  18  23.24
84  20  23.35
84  21  38.44
84  24  41.59
84  26  31.86
84  27  22.86
84  28  23.72
84  30  28.96
84  35  40.94
84  37  24.08
84  38  23.02
84  39  0.00
84  40  23.60
84  43  30.69
84  48  25.86
84  49  39.33
84  51  22.88
84  54  41.56
84  58  26.66
84  59  31.77
84  61  22.69
84  64  23.13
84  67  22.42
84  74  22.44
84  75  23.65
84  77  0.00
84  81  0.00
84  85  24.42
84  86  26.19
84  87  37.50
84  88  39.90
84  89  26.20
84  90  0.00
84  95  23.01
84  96  37.64
84  98  25.98
86  2  26.97
86  6  26.59
86  13  23.47
86  17  47.04
86  18  34.81
86  20  52.29
86  21  23.23
86  24  40.97
86  26  54.92
86  27  34.79
86  28  53.63
86  30  29.49
86  35  47.10
86  37  27.86
86  38  23.25
86  40  43.59
86  43  53.97
86  48  24.88
86  49  41.92
86  51  41.68
86  54  40.74
86  58  24.45
86  59  36.87
86  61  23.30
86  64  29.88
86  67  23.46
86  74  23.59
86  75  52.92
86  85  47.50
86  87  23.25
86  88  41.90
86  89  43.20
86  95  53.25
86  96  41.51
86  98  24.86
90  2  26.99
90  6  27.23
90  13  41.07
90  17  38.37
90  18  7.09
90  20  2.45
90  21  70.44
90  24  20.68
90  26  9.60
90  27  7.14
90  28  2.24
90  30  26.07
90  35  34.25
90  37  54.21
90  38  23.88
90  40  3.85
90  43  8.86
90  48  43.44
90  49  30.70
90  51  3.65
90  54  30.04
90  58  25.15
90  59  15.70
90  61  42.08
90  64  3.50
90  67  28.55
90  74  28.57
90  75  2.21
90  77  0.00
90  81  0.01
90  85  2.65
90  86  0.81
90  87  70.28
90  88  29.15
90  89  0.80
90  95  1.97
90  96  46.16
90  98  0.80
91  2  24.75
91  6  24.73
91  13  28.17
91  17  33.83
91  18  23.00
91  20  23.17
91  21  36.20
91  24  35.04
91  26  23.91
91  27  22.54
91  28  23.40
91  30  27.51
91  35  33.99
91  37  26.05
91  38  22.86
91  40  24.27
91  43  23.71
91  48  25.06
91  49  32.00
91  51  23.09
91  54  30.19
91  58  26.42
91  59  28.33
91  61  25.93
91  64  23.16
91  67  26.19
91  74  25.35
91  75  23.21
91  77  0.00
91  81  0.00
91  85  23.43
91  86  26.01
91  87  37.06
91  88  31.61
91  89  25.74
91  95  23.25
91  96  31.70
91  98  26.15
92  2  31.95
92  6  32.12
92  12  0.00
92  13  28.11
92  17  24.11
92  18  40.07
92  20  34.53
92  21  41.01
92  24  50.75
92  26  26.19
92  27  38.86
92  28  34.80
92  30  22.99
92  35  25.10
92  37  49.93
92  38  35.25
92  40  36.38
92  43  60.19
92  48  34.53
92  49  58.87
92  51  35.42
92  54  51.60
92  58  27.67
92  59  42.23
92  61  30.38
92  64  35.65
92  67  55.70
92  74  34.53
92  75  34.81
92  85  34.16
92  86  24.68
92  87  41.65
92  88  57.68
92  89  27.36
92  95  33.72
92  96  34.58
92  98  27.34
94  2  28.92
94  6  29.18
94  13  27.50
94  17  0.01
94  18  29.01
94  20  29.74
94  21  47.82
94  24  61.98
94  26  36.29
94  27  28.70
94  28  31.05
94  30  29.65
94  35  0.00
94  37  52.73
94  38  26.57
94  40  28.71
94  43  35.63
94  48  29.02
94  49  42.80
94  51  27.73
94  54  45.24
94  58  26.78
94  59  44.57
94  61  27.20
94  64  28.35
94  67  26.55
94  74  30.43
94  75  30.78
94  85  23.11
94  86  0.03
94  87  49.01
94  88  41.85
94  89  26.62
94  95  30.29
94  96  57.69
94  98  33.52
95  2  23.09
95  6  23.56
95  13  23.00
95  17  38.77
95  18  26.94
95  20  39.74
95  21  23.20
95  24  37.90
95  26  48.46
95  27  26.85
95  28  41.33
95  30  29.89
95  35  38.57
95  37  22.84
95  38  22.90
95  40  27.64
95  43  47.91
95  48  26.37
95  49  38.82
95  51  26.52
95  54  37.85
95  58  25.12
95  59  34.05
95  61  23.75
95  64  26.70
95  67  22.87
95  74  23.10
95  75  40.61
95  85  33.79
95  86  49.67
95  87  23.18
95  88  38.03
95  89  33.63
95  96  37.64
95  98  24.07
96  2  26.03
96  6  26.71
96  13  26.86
96  17  25.00
96  18  28.07
96  20  26.62
96  21  29.56
96  24  30.62
96  26  30.88
96  27  27.13
96  28  28.61
96  30  30.33
96  35  24.61
96  37  29.52
96  38  32.85
96  40  27.42
96  43  30.13
96  48  24.11
96  49  23.14
96  51  26.54
96  54  30.71
96  58  23.13
96  59  23.40
96  61  27.79
96  64  27.25
96  67  38.78
96  74  32.50
96  75  27.26
96  85  26.28
96  86  24.96
96  87  28.61
96  88  23.56
96  89  22.60
96  95  26.24
96  98  23.09
97  2  25.67
97  6  25.70
97  13  26.37
97  17  34.79
97  18  0.04
97  20  0.44
97  21  23.13
97  24  31.44
97  26  0.02
97  27  0.03
97  28  0.54
97  30  31.89
97  35  33.28
97  37  0.01
97  38  30.29
97  40  0.34
97  43  29.35
97  48  50.99
97  49  33.29
97  51  0.04
97  54  31.17
97  58  31.57
97  59  29.83
97  61  25.25
97  64  0.02
97  67  27.30
97  74  31.60
97  75  0.52
97  85  22.53
97  86  0.27
97  87  22.45
97  88  33.90
97  89  0.10
97  95  0.03
97  96  11.81
97  98  0.17
98  2  26.42
98  6  26.12
98  13  25.56
98  17  24.75
98  18  25.89
98  20  25.84
98  21  41.50
98  24  37.78
98  26  35.79
98  27  25.25
98  28  27.91
98  30  29.77
98  35  25.60
98  37  27.45
98  38  32.45
98  40  26.69
98  43  35.45
98  48  31.72
98  49  34.07
98  51  25.68
98  54  38.38
98  58  23.07
98  59  35.76
98  61  27.99
98  64  24.80
98  67  33.00
98  74  32.46
98  75  26.59
98  85  25.81
98  86  24.80
98  87  41.72
98  88  34.25
98  89  22.79
98  95  25.88
98  96  33.72
99  2  25.17
99  6  25.51
99  13  23.37
99  17  46.44
99  18  57.28
99  20  46.06
99  21  40.65
99  24  24.79
99  26  44.97
99  27  56.71
99  28  47.36
99  30  47.00
99  35  46.09
99  37  27.62
99  38  24.14
99  40  41.89
99  43  13.44
99  48  35.13
99  49  36.30
99  51  40.77
99  54  25.63
99  58  44.19
99  59  22.67
99  61  23.40
99  64  54.48
99  67  22.81
99  74  0.01
99  75  46.38
99  85  42.28
99  86  36.82
99  87  40.91
99  88  36.31
99  89  43.51
99  95  45.70
99  96  45.20
99  98  42.66
