0  1  0.00
2  0  0.00
2  1  0.00
3  0  0.00
3  1  0.00
4  0  0.00
4  1  0.00
4  2  0.00
4  3  0.00
5  0  0.00
5  1  0.00
5  2  0.00
6  0  0.00
6  1  0.00
6  2  0.00
7  0  0.00
7  1  0.00
7  2  0.00
8  0  0.00
8  1  0.00
8  3  0.00
9  0  0.00
9  1  0.00
9  3  0.00
9  8  0.00
10  0  0.00
10  1  0.00
10  3  0.00
11  0  0.00
11  1  0.00
11  3  0.00
12  0  0.00
12  1  0.00
12  2  0.00
12  5  0.00
12  6  0.00
13  0  0.00
13  1  0.00
13  3  0.00
14  0  0.00
14  1  0.00
14  2  0.00
14  3  0.00
14  4  0.00
15  0  0.00
15  1  0.00
15  3  0.00
16  0  0.00
16  1  0.00
16  3  0.00
17  0  0.00
17  1  0.00
17  2  0.00
18  0  0.00
18  1  0.00
18  2  0.00
18  3  0.00
18  10  0.00
19  0  0.00
19  1  0.00
19  2  0.00
19  6  0.00
20  0  0.00
20  1  0.01
20  2  0.00
20  3  0.00
20  6  0.00
20  11  0.00
20  19  0.00
21  0  0.00
21  1  0.00
21  2  0.00
22  0  0.00
22  1  0.00
22  2  0.00
23  0  0.00
23  1  0.00
23  2  0.00
23  3  0.00
23  6  0.00
23  8  0.00
24  0  0.00
24  1  0.00
24  3  0.00
24  16  0.00
25  0  0.00
25  1  0.00
25  2  0.00
25  5  0.00
26  0  0.00
26  1  0.00
26  2  0.00
26  5  0.00
27  0  0.00
27  1  0.02
27  2  0.00
27  3  0.00
27  6  0.00
27  11  0.00
27  19  0.00
27  20  0.00
28  0  0.00
28  1  0.00
28  3  0.00
28  15  0.00
29  0  0.00
29  1  0.00
29  2  0.00
30  0  0.00
30  1  0.01
30  2  0.00
30  3  0.00
30  6  0.00
30  19  0.00
31  0  0.00
31  1  0.05
31  2  0.00
31  3  0.00
31  7  0.00
31  16  0.00
31  24  0.00
32  0  0.00
32  1  0.00
32  2  0.00
32  6  0.00
33  0  0.00
33  1  0.01
33  2  0.00
33  3  0.00
33  4  0.00
33  14  0.00
33  17  0.00
34  0  0.00
34  1  0.00
34  2  0.00
34  6  0.00
35  0  0.00
35  1  0.00
35  2  0.00
35  3  0.00
35  16  0.00
36  0  0.00
36  1  0.00
36  3  0.00
36  8  0.00
37  0  0.00
37  1  0.01
37  2  0.00
37  3  0.00
37  16  0.00
37  35  0.00
38  0  0.00
38  1  0.01
38  2  0.00
38  3  0.00
38  5  0.00
38  8  0.00
39  0  0.01
39  1  0.36
39  2  0.00
39  3  0.00
39  6  0.00
39  11  0.00
39  19  0.00
39  20  0.00
39  27  0.00
40  0  0.00
40  1  0.00
40  3  0.00
40  16  0.00
40  24  0.00
41  0  0.00
41  1  0.01
41  2  0.00
41  3  0.00
41  16  0.00
41  35  0.00
41  37  0.00
42  0  0.02
42  1  0.09
42  2  0.00
42  3  0.00
42  10  0.00
42  16  0.00
42  18  0.00
42  35  0.00
42  37  0.00
43  0  0.00
43  1  0.05
43  2  0.00
43  3  0.00
43  4  0.00
43  16  0.00
43  24  0.00
44  0  0.00
44  1  0.00
44  3  0.00
45  0  0.00
45  1  0.00
45  2  0.00
45  6  0.00
46  0  10.40
46  1  26.37
46  2  0.00
46  3  0.00
46  5  0.00
46  6  0.00
46  8  0.00
46  11  0.00
46  19  0.00
46  20  0.00
46  27  0.00
46  38  0.00
46  39  0.00
47  0  0.00
47  1  0.01
47  2  0.00
47  3  0.00
47  16  0.00
47  35  0.00
47  37  0.00
47  41  0.00
48  0  0.00
48  1  0.01
48  2  0.00
48  3  0.00
48  4  0.00
48  10  0.00
48  18  0.00
49  0  0.04
49  1  0.18
49  2  0.00
49  3  0.00
49  4  0.00
49  6  0.00
49  11  0.00
49  14  0.00
49  19  0.00
49  20  0.00
49  27  0.00
50  0  0.01
50  1  1.46
50  2  0.00
50  3  0.00
50  6  0.00
50  11  0.00
50  16  0.00
50  19  0.00
50  20  0.00
50  24  0.00
50  40  0.00
51  0  0.00
51  1  0.02
51  2  0.00
51  3  0.00
51  6  0.00
51  8  0.00
51  23  0.00
52  0  0.00
52  1  0.00
52  3  0.00
52  8  0.00
53  0  0.00
53  1  0.20
53  2  0.00
53  3  0.00
53  5  0.00
53  6  0.00
53  12  0.00
53  16  0.00
53  24  0.00
54  0  0.01
54  1  10.80
54  2  0.00
54  3  0.00
54  6  0.00
54  11  0.00
54  19  0.00
54  20  0.00
54  27  0.00
54  39  0.00
55  0  0.01
55  1  0.22
55  2  0.00
55  3  0.00
55  5  0.00
55  16  0.00
55  35  0.00
55  37  0.00
55  41  0.00
56  0  0.00
56  1  0.27
56  2  0.00
56  3  0.00
56  7  0.00
56  10  0.00
56  16  0.00
56  24  0.00
56  31  0.00
57  0  0.00
57  1  0.00
57  2  0.00
57  3  0.00
57  4  0.00
57  8  0.00
58  0  0.09
58  1  0.62
58  2  0.00
58  3  0.00
58  6  0.00
58  8  0.00
58  11  0.00
58  19  0.00
58  20  0.00
58  27  0.00
59  0  0.00
59  1  0.00
59  2  0.00
59  3  0.00
59  4  0.00
59  14  0.00
60  0  0.00
60  1  0.05
60  2  0.00
60  3  0.00
60  6  0.00
60  8  0.00
60  22  0.00
60  23  0.00
61  0  0.18
61  1  1.07
61  2  0.00
61  3  0.00
61  5  0.00
61  6  0.00
61  8  0.00
61  11  0.00
61  19  0.00
61  20  0.00
61  23  0.00
61  27  0.00
61  38  0.00
61  39  0.00
61  46  0.00
62  0  0.00
62  1  0.00
62  3  0.00
62  15  0.00
63  0  0.00
63  1  0.00
63  2  0.00
63  3  0.00
63  4  0.00
64  0  0.00
64  1  0.01
64  2  0.00
64  3  0.00
64  4  0.00
64  14  0.00
65  0  0.00
65  1  0.00
65  2  0.00
65  5  0.00
65  6  0.00
65  12  0.00
66  0  0.00
66  1  0.00
66  2  0.00
66  3  0.00
66  44  0.00
67  0  0.00
67  1  0.04
67  2  0.00
67  3  0.00
67  5  0.00
67  8  0.00
67  16  0.00
67  35  0.00
67  38  0.00
68  0  0.00
68  1  0.00
68  3  0.00
68  8  0.00
68  52  0.00
69  0  0.00
69  1  0.05
69  2  0.00
69  3  0.00
69  6  0.00
69  16  0.00
69  24  0.00
70  0  0.00
70  1  0.00
70  3  0.00
71  0  0.00
71  1  0.03
71  2  0.00
71  3  0.00
71  5  0.00
71  6  0.00
71  12  0.00
71  16  0.00
72  0  0.00
72  1  0.00
72  2  0.00
73  0  0.01
73  1  0.09
73  2  0.00
73  3  0.00
73  5  0.00
73  8  0.00
73  15  0.00
73  38  0.00
73  62  0.00
74  0  0.01
74  1  0.03
74  2  0.00
74  3  0.00
74  4  0.00
74  6  0.00
74  8  0.00
74  14  0.00
74  23  0.00
74  59  0.00
75  0  0.00
75  1  0.06
75  2  0.00
75  3  0.00
75  4  0.00
75  8  0.00
75  57  0.00
76  0  0.00
76  1  0.00
76  3  0.00
76  16  0.00
76  24  0.00
77  0  0.00
77  1  0.00
77  3  0.00
77  16  0.00
77  24  0.00
77  76  0.00
78  0  0.00
78  1  0.66
78  2  0.00
78  3  0.00
78  5  0.00
78  7  0.00
78  16  0.00
78  24  0.00
78  31  0.00
79  0  0.00
79  1  0.00
79  2  0.00
