0  17  0.00
0  38  0.00
0  47  0.00
0  51  0.00
1  34  0.00
1  58  0.00
3  0  2.20
3  1  0.00
3  4  0.00
3  5  0.00
3  7  0.00
3  9  0.22
3  10  0.00
3  12  0.21
3  13  2.18
3  14  0.00
3  15  0.00
3  17  12.85
3  18  4.12
3  20  0.00
3  21  1.38
3  28  1.11
3  31  0.48
3  34  0.22
3  37  0.00
3  38  12.88
3  39  1.15
3  41  2.22
3  42  0.00
3  43  3.63
3  45  0.00
3  46  0.00
3  47  20.70
3  51  12.78
3  52  0.88
3  56  3.19
3  58  0.00
3  60  2.11
3  64  0.00
3  65  2.26
3  66  0.00
3  70  0.00
3  71  0.00
3  75  0.00
5  0  0.08
5  9  0.02
5  10  0.00
5  12  0.02
5  13  0.08
5  17  0.36
5  18  0.10
5  21  0.05
5  28  0.05
5  31  0.03
5  34  0.02
5  38  0.36
5  39  0.05
5  41  0.08
5  43  0.08
5  47  0.36
5  51  0.36
5  52  0.04
5  56  0.09
5  60  0.05
5  65  0.06
5  75  0.00
6  24  0.00
6  33  0.00
6  42  0.00
7  0  0.08
7  5  0.00
7  9  0.02
7  10  0.00
7  12  0.02
7  13  0.08
7  15  0.00
7  17  0.36
7  18  0.10
7  20  0.00
7  21  0.05
7  28  0.05
7  31  0.03
7  34  0.02
7  38  0.36
7  39  0.05
7  41  0.08
7  42  0.00
7  43  0.08
7  46  0.00
7  47  0.36
7  51  0.36
7  52  0.04
7  56  0.09
7  60  0.05
7  64  0.00
7  65  0.06
7  70  0.00
7  71  0.00
7  75  0.00
8  0  0.00
8  9  0.00
8  12  0.00
8  13  0.00
8  17  0.01
8  18  0.01
8  21  0.00
8  28  0.01
8  31  0.00
8  34  0.00
8  38  0.01
8  39  0.01
8  41  0.00
8  43  0.00
8  47  0.01
8  51  0.01
8  52  0.01
8  56  0.03
8  60  0.01
8  65  0.00
9  0  0.00
9  12  0.01
9  13  0.00
9  17  0.01
9  18  0.00
9  21  0.00
9  28  0.01
9  31  0.03
9  34  0.05
9  38  0.01
9  39  0.01
9  41  0.00
9  43  0.00
9  47  0.01
9  51  0.01
9  52  0.01
9  56  0.00
9  60  0.01
9  65  0.00
11  0  0.29
11  5  0.00
11  7  0.00
11  9  0.07
11  10  0.00
11  12  0.06
11  13  0.29
11  15  0.00
11  17  1.62
11  18  0.38
11  20  0.00
11  21  0.20
11  28  0.18
11  31  0.06
11  34  0.07
11  38  1.63
11  39  0.18
11  41  0.31
11  42  0.00
11  43  0.39
11  46  0.00
11  47  1.63
11  51  1.62
11  52  0.17
11  55  0.00
11  56  0.35
11  60  0.26
11  64  0.00
11  65  0.12
11  70  0.00
11  71  0.00
11  75  0.00
12  0  0.01
12  9  0.03
12  13  0.01
12  17  0.02
12  18  0.01
12  21  0.00
12  28  0.01
12  31  0.02
12  34  0.02
12  38  0.02
12  39  0.01
12  41  0.01
12  43  0.00
12  47  0.02
12  51  0.02
12  52  0.01
12  56  0.01
12  60  0.02
12  65  0.00
13  0  0.03
13  9  0.00
13  12  0.00
13  17  0.11
13  18  0.01
13  21  0.01
13  28  0.02
13  31  0.00
13  34  0.00
13  38  0.11
13  39  0.02
13  41  0.03
13  43  0.01
13  47  0.11
13  51  0.11
13  52  0.01
13  56  0.04
13  60  0.02
13  65  0.01
14  42  0.00
14  66  0.00
16  0  0.01
16  9  0.00
16  12  0.00
16  13  0.01
16  15  0.00
16  17  0.04
16  18  0.01
16  21  0.00
16  23  0.00
16  28  0.01
16  31  0.00
16  34  0.00
16  38  0.04
16  39  0.01
16  41  0.01
16  43  0.00
16  47  0.03
16  49  0.00
16  51  0.04
16  52  0.02
16  56  0.02
16  60  0.00
16  65  0.00
17  47  0.00
17  51  0.00
18  0  0.02
18  9  0.01
18  12  0.00
18  13  0.02
18  17  0.09
18  21  0.01
18  28  0.01
18  31  0.01
18  34  0.00
18  38  0.09
18  39  0.02
18  41  0.02
18  43  0.01
18  47  0.09
18  51  0.09
18  52  0.01
18  56  0.03
18  60  0.01
18  65  0.01
19  0  18.16
19  5  0.00
19  7  0.00
19  9  4.79
19  10  0.00
19  11  0.00
19  12  4.69
19  13  18.24
19  15  0.00
19  16  0.00
19  17  28.89
19  18  28.33
19  20  0.00
19  21  14.17
19  23  0.00
19  28  9.89
19  31  9.07
19  34  5.01
19  36  0.00
19  38  27.87
19  39  20.21
19  41  18.06
19  42  0.00
19  43  19.66
19  46  0.00
19  47  30.96
19  49  0.05
19  51  27.91
19  52  11.47
19  55  0.00
19  56  24.34
19  60  3.68
19  62  0.00
19  64  0.00
19  65  9.32
19  68  0.00
19  70  0.00
19  71  0.00
19  75  0.00
21  0  0.02
21  9  0.01
21  12  0.01
21  13  0.02
21  17  0.10
21  18  0.01
21  28  0.01
21  31  0.01
21  34  0.01
21  38  0.10
21  39  0.01
21  41  0.02
21  43  0.02
21  47  0.10
21  51  0.10
21  52  0.01
21  56  0.03
21  60  0.02
21  65  0.02
22  0  0.04
22  5  0.00
22  9  0.01
22  10  0.00
22  12  0.01
22  13  0.04
22  17  0.38
22  18  0.05
22  21  0.03
22  23  0.00
22  25  0.00
22  28  0.02
22  31  0.02
22  34  0.01
22  38  0.19
22  39  0.07
22  41  0.04
22  43  0.04
22  47  0.36
22  51  0.36
22  52  0.02
22  56  0.05
22  60  0.06
22  65  0.03
22  75  0.00
24  42  0.00
26  42  0.00
26  71  0.00
27  0  0.01
27  6  0.00
27  9  0.00
27  12  0.00
27  13  0.01
27  17  0.01
27  18  0.01
27  21  0.01
27  24  0.00
27  28  0.00
27  31  0.01
27  33  0.00
27  34  0.00
27  38  0.03
27  39  0.03
27  41  0.01
27  42  0.00
27  43  0.01
27  47  0.02
27  51  0.01
27  52  0.01
27  56  0.01
27  60  0.01
27  65  0.01
28  0  0.01
28  9  0.00
28  12  0.00
28  13  0.01
28  17  0.05
28  18  0.01
28  21  0.01
28  31  0.00
28  34  0.00
28  38  0.05
28  39  0.03
28  41  0.01
28  43  0.01
28  47  0.05
28  51  0.05
28  52  0.03
28  56  0.01
28  60  0.04
28  65  0.01
30  20  0.00
31  0  0.00
31  9  0.01
31  12  0.01
31  13  0.00
31  17  0.01
31  18  0.01
31  21  0.00
31  28  0.01
31  34  0.01
31  38  0.01
31  39  0.01
31  41  0.00
31  43  0.00
31  47  0.01
31  51  0.01
31  52  0.01
31  56  0.00
31  60  0.01
31  65  0.00
32  0  0.30
32  5  0.00
32  7  0.00
32  9  0.15
32  10  0.00
32  11  0.00
32  12  0.14
32  13  0.30
32  15  0.00
32  17  1.72
32  18  0.40
32  20  0.00
32  21  0.21
32  28  0.15
32  31  0.15
32  34  0.15
32  38  1.79
32  39  0.14
32  41  0.33
32  42  0.00
32  43  0.43
32  46  0.00
32  47  1.68
32  51  1.73
32  52  0.13
32  55  0.00
32  56  0.39
32  60  0.40
32  64  0.00
32  65  0.18
32  70  0.00
32  71  0.00
32  75  0.00
35  0  0.00
35  9  0.01
35  12  0.01
35  13  0.00
35  17  0.02
35  18  0.00
35  21  0.00
35  26  0.00
35  28  0.01
35  31  0.01
35  34  0.01
35  38  0.02
35  39  0.01
35  41  0.00
35  42  0.00
35  43  0.00
35  47  0.02
35  51  0.02
35  52  0.01
35  56  0.01
35  60  0.02
35  65  0.00
35  71  0.00
36  0  0.01
36  9  0.02
36  12  0.02
36  13  0.01
36  17  0.05
36  18  0.01
36  21  0.01
36  28  0.05
36  31  0.05
36  34  0.02
36  38  0.08
36  39  0.03
36  41  0.01
36  43  0.03
36  47  0.04
36  51  0.05
36  52  0.02
36  56  0.08
36  60  0.06
36  65  0.00
37  0  0.05
37  5  0.00
37  7  0.00
37  9  0.02
37  10  0.00
37  12  0.02
37  13  0.05
37  15  0.00
37  17  0.30
37  18  0.10
37  20  0.00
37  21  0.06
37  28  0.05
37  31  0.04
37  34  0.02
37  38  0.30
37  39  0.05
37  41  0.05
37  42  0.00
37  43  0.08
37  46  0.00
37  47  0.29
37  51  0.30
37  52  0.03
37  56  0.08
37  60  0.06
37  64  0.00
37  65  0.06
37  70  0.00
37  71  0.00
37  75  0.00
38  17  0.00
38  47  0.00
38  51  0.00
39  0  0.02
39  9  0.01
39  12  0.00
39  13  0.02
39  17  0.09
39  18  0.03
39  21  0.01
39  28  0.02
39  31  0.01
39  34  0.01
39  38  0.09
39  41  0.02
39  43  0.01
39  47  0.09
39  51  0.09
39  52  0.01
39  56  0.03
39  60  0.02
39  65  0.01
40  20  0.00
40  42  0.00
40  46  0.00
40  71  0.00
41  0  0.01
41  9  0.00
41  12  0.00
41  13  0.01
41  17  0.11
41  18  0.01
41  21  0.01
41  28  0.03
41  31  0.01
41  34  0.00
41  38  0.11
41  39  0.03
41  43  0.01
41  47  0.11
41  51  0.11
41  52  0.03
41  56  0.06
41  60  0.04
41  65  0.01
43  0  0.00
43  9  0.02
43  12  0.02
43  13  0.00
43  17  0.11
43  18  0.01
43  21  0.00
43  28  0.01
43  31  0.03
43  34  0.02
43  38  0.10
43  39  0.01
43  41  0.00
43  47  0.11
43  51  0.11
43  52  0.01
43  56  0.01
43  60  0.01
43  65  0.00
44  42  0.00
45  0  0.08
45  9  0.02
45  10  0.00
45  12  0.02
45  13  0.08
45  17  0.36
45  18  0.10
45  21  0.05
45  28  0.05
45  31  0.03
45  34  0.02
45  38  0.37
45  39  0.05
45  41  0.08
45  43  0.08
45  47  1.01
45  51  0.37
45  52  0.04
45  56  0.09
45  60  0.05
45  65  0.06
45  75  0.00
46  20  0.00
46  42  0.00
46  71  0.00
49  23  0.00
51  47  0.00
52  0  0.03
52  9  0.01
52  12  0.00
52  13  0.03
52  17  0.10
52  18  0.04
52  21  0.02
52  28  0.02
52  31  0.01
52  34  0.01
52  38  0.12
52  39  0.07
52  41  0.03
52  43  0.02
52  47  0.09
52  51  0.09
52  56  0.03
52  60  0.06
52  65  0.02
53  0  0.01
53  6  0.00
53  9  0.00
53  12  0.00
53  13  0.01
53  17  0.03
53  18  0.01
53  21  0.01
53  24  0.00
53  27  0.00
53  28  0.03
53  31  0.01
53  33  0.00
53  34  0.00
53  38  0.03
53  39  0.03
53  41  0.01
53  42  0.00
53  43  0.01
53  47  0.02
53  51  0.02
53  52  0.04
53  56  0.01
53  60  0.04
53  65  0.01
54  0  0.01
54  9  0.00
54  12  0.00
54  13  0.01
54  17  0.03
54  18  0.01
54  21  0.01
54  28  0.01
54  31  0.00
54  34  0.00
54  38  0.03
54  39  0.01
54  41  0.01
54  43  0.00
54  47  0.03
54  51  0.03
54  52  0.01
54  56  0.00
54  60  0.02
54  65  0.00
55  0  0.04
55  5  0.00
55  7  0.00
55  9  0.02
55  10  0.00
55  12  0.01
55  13  0.04
55  15  0.00
55  17  0.19
55  18  0.05
55  20  0.00
55  21  0.03
55  28  0.02
55  31  0.02
55  34  0.02
55  38  0.18
55  39  0.02
55  41  0.04
55  42  0.00
55  43  0.04
55  46  0.00
55  47  0.19
55  51  0.18
55  52  0.02
55  56  0.04
55  60  0.02
55  64  0.00
55  65  0.03
55  70  0.00
55  71  0.00
55  75  0.00
56  0  0.01
56  9  0.00
56  12  0.00
56  13  0.01
56  17  0.05
56  18  0.01
56  21  0.01
56  28  0.03
56  31  0.01
56  34  0.00
56  38  0.05
56  39  0.03
56  41  0.01
56  43  0.01
56  47  0.05
56  51  0.05
56  52  0.03
56  60  0.05
56  65  0.01
60  0  0.02
60  9  0.01
60  12  0.01
60  13  0.02
60  17  0.09
60  18  0.03
60  21  0.01
60  28  0.01
60  31  0.01
60  34  0.01
60  38  0.09
60  39  0.06
60  41  0.02
60  43  0.01
60  47  0.09
60  51  0.09
60  52  0.02
60  56  0.02
60  65  0.01
61  0  0.01
61  8  0.00
61  9  0.01
61  12  0.01
61  13  0.01
61  17  0.04
61  18  0.02
61  20  0.00
61  21  0.01
61  26  0.00
61  28  0.05
61  31  0.01
61  34  0.00
61  38  0.04
61  39  0.05
61  41  0.01
61  42  0.00
61  43  0.01
61  46  0.00
61  47  0.07
61  51  0.04
61  52  0.05
61  56  0.05
61  60  0.07
61  65  0.01
61  71  0.00
61  76  0.00
62  0  0.29
62  5  0.00
62  7  0.00
62  9  0.07
62  10  0.00
62  11  0.00
62  12  0.06
62  13  0.30
62  15  0.00
62  17  0.78
62  18  0.38
62  20  0.00
62  21  0.20
62  28  0.18
62  31  0.06
62  34  0.07
62  38  0.78
62  39  0.18
62  41  0.16
62  42  0.00
62  43  0.40
62  46  0.00
62  47  1.61
62  51  0.79
62  52  0.17
62  55  0.00
62  56  0.35
62  60  0.26
62  64  0.00
62  65  0.12
62  70  0.00
62  71  0.00
62  75  0.00
63  4  0.00
64  0  0.08
64  5  0.00
64  9  0.02
64  10  0.00
64  12  0.02
64  13  0.08
64  15  0.00
64  17  0.36
64  18  0.10
64  21  0.05
64  28  0.05
64  31  0.03
64  34  0.02
64  38  0.37
64  39  0.05
64  41  0.08
64  43  0.08
64  47  0.37
64  51  0.36
64  52  0.05
64  56  0.09
64  60  0.05
64  65  0.06
64  75  0.00
65  0  0.00
65  9  0.02
65  12  0.02
65  13  0.00
65  17  0.15
65  18  0.01
65  21  0.00
65  28  0.01
65  31  0.03
65  34  0.02
65  38  0.15
65  39  0.01
65  41  0.00
65  43  0.08
65  47  0.15
65  51  0.15
65  52  0.01
65  56  0.01
65  60  0.01
66  42  0.00
68  0  2.99
68  5  0.00
68  7  0.00
68  9  0.69
68  10  0.00
68  11  0.00
68  12  0.67
68  13  2.98
68  15  0.00
68  17  9.47
68  18  5.08
68  20  0.00
68  21  2.58
68  28  2.40
68  31  1.17
68  34  0.69
68  36  0.00
68  38  9.72
68  39  2.09
68  41  3.06
68  42  0.00
68  43  2.96
68  46  0.00
68  47  10.93
68  51  9.46
68  52  2.00
68  55  0.00
68  56  4.81
68  60  3.13
68  62  0.00
68  64  0.00
68  65  1.70
68  70  0.00
68  71  0.00
68  75  0.00
69  0  38.58
69  5  0.00
69  7  0.00
69  9  8.26
69  10  0.00
69  11  0.00
69  12  8.07
69  13  38.58
69  15  0.00
69  16  0.00
69  17  34.66
69  18  31.90
69  19  0.00
69  20  0.00
69  21  30.11
69  23  0.00
69  28  21.03
69  31  15.92
69  34  21.22
69  36  0.00
69  38  34.11
69  39  26.59
69  41  38.95
69  42  0.00
69  43  21.38
69  46  0.00
69  47  34.85
69  49  0.00
69  51  33.00
69  52  21.65
69  55  0.00
69  56  39.91
69  60  24.46
69  62  0.00
69  64  0.00
69  65  26.85
69  68  0.00
69  70  0.00
69  71  0.00
69  75  0.00
70  20  0.00
70  42  0.00
70  46  0.00
70  71  0.00
71  42  0.00
75  0  0.08
75  9  0.02
75  10  0.00
75  12  0.02
75  13  0.08
75  17  0.36
75  18  0.10
75  21  0.05
75  28  0.05
75  31  0.03
75  34  0.02
75  38  0.36
75  39  0.05
75  41  0.08
75  43  0.08
75  47  0.36
75  51  0.36
75  52  0.05
75  56  0.09
75  60  0.05
75  65  0.06
76  0  0.01
76  8  0.00
76  9  0.00
76  12  0.01
76  13  0.01
76  17  0.07
76  18  0.03
76  21  0.01
76  28  0.05
76  31  0.01
76  34  0.00
76  38  0.07
76  39  0.05
76  41  0.01
76  43  0.01
76  47  0.07
76  51  0.07
76  52  0.05
76  56  0.04
76  60  0.07
76  65  0.01
78  1  0.00
78  17  0.00
78  34  0.00
78  47  0.00
78  51  0.00
78  58  0.00
79  20  0.00
79  42  0.00
79  46  0.00
79  70  0.00
79  71  0.00
