0  1  0.00
2  0  0.00
2  1  0.00
3  0  0.00
3  1  0.00
4  0  0.00
4  1  0.00
4  2  0.00
5  0  0.00
5  1  0.00
6  0  0.00
6  1  0.00
6  2  0.00
6  4  0.00
7  0  0.00
7  1  0.00
7  2  0.00
8  0  0.00
8  1  0.00
8  5  0.00
9  0  0.00
9  1  0.00
9  5  0.00
9  8  0.00
10  0  0.00
10  1  0.00
10  2  0.00
10  5  0.00
10  8  0.00
11  0  0.00
11  1  0.00
11  2  0.00
11  4  0.00
12  0  0.00
12  1  0.00
12  2  0.00
12  5  0.00
12  8  0.00
13  0  0.00
13  1  0.00
13  2  0.00
13  4  0.00
14  0  0.00
14  1  0.00
14  2  0.00
14  4  0.00
14  5  0.00
14  8  0.00
15  0  0.00
15  1  0.00
15  2  0.00
16  0  0.00
16  1  0.01
16  2  0.00
16  5  0.00
16  8  0.00
16  10  0.00
16  15  0.00
17  0  0.00
17  1  0.02
17  2  0.00
17  4  0.00
17  5  0.00
17  8  0.00
17  14  0.00
18  0  0.00
18  1  0.02
18  2  0.00
18  4  0.00
18  5  0.00
18  8  0.00
18  14  0.00
19  0  0.00
19  1  0.00
19  5  0.00
19  8  0.00
20  0  0.00
20  1  0.00
20  2  0.00
20  4  0.00
20  6  0.00
21  0  0.00
21  1  0.00
22  0  0.00
22  1  0.00
22  21  0.00
23  0  0.00
23  1  0.00
23  2  0.00
23  4  0.00
23  6  0.00
23  7  0.00
24  0  0.00
24  1  0.05
24  2  0.00
24  4  0.00
24  6  0.00
24  20  0.00
25  0  0.00
25  1  0.03
25  2  0.00
25  4  0.00
25  5  0.00
25  6  0.00
25  8  0.00
25  20  0.00
26  0  0.00
26  1  0.00
26  5  0.00
26  8  0.00
27  0  0.00
27  1  0.00
27  2  0.00
27  4  0.00
28  0  0.00
28  1  0.00
28  2  0.00
29  0  0.00
29  1  0.00
30  0  0.00
30  1  0.00
30  2  0.00
30  5  0.00
30  15  0.00
31  0  0.00
31  1  0.00
31  2  0.00
31  4  0.00
31  15  0.00
31  27  0.00
32  0  0.01
32  1  0.11
32  2  0.00
32  4  0.00
32  5  0.00
32  8  0.00
32  14  0.00
32  15  0.00
32  18  0.00
33  0  0.13
33  1  1.12
33  2  0.00
33  4  0.00
33  5  0.00
33  8  0.00
33  14  0.00
33  15  0.00
33  18  0.00
33  32  0.00
34  0  0.00
34  1  0.00
34  2  0.00
34  5  0.00
34  8  0.00
35  0  0.03
35  1  0.28
35  2  0.00
35  4  0.00
35  5  0.00
35  8  0.00
35  14  0.00
35  15  0.00
35  18  0.00
35  32  0.00
36  0  0.00
36  1  0.00
36  5  0.00
37  0  0.00
37  1  0.00
37  2  0.00
37  4  0.00
37  6  0.00
38  0  0.01
38  1  0.01
38  2  0.00
38  4  0.00
38  6  0.00
38  15  0.00
38  20  0.00
39  0  0.46
39  1  4.45
39  2  0.00
39  4  0.00
39  5  0.00
39  8  0.00
39  14  0.00
39  15  0.00
39  18  0.00
39  32  0.00
39  35  0.00
40  0  0.00
40  1  0.01
40  5  0.00
40  8  0.00
40  19  0.00
40  29  0.00
41  0  0.00
41  1  0.00
41  2  0.00
41  4  0.00
42  0  0.00
42  1  0.00
42  2  0.00
42  4  0.00
43  0  0.00
43  1  0.00
43  2  0.00
43  4  0.00
43  42  0.00
44  0  0.00
44  1  0.05
44  2  0.00
44  4  0.00
44  5  0.00
44  8  0.00
44  13  0.00
44  34  0.00
45  0  0.00
45  1  0.00
45  2  0.00
45  4  0.00
46  0  0.00
46  1  0.00
46  5  0.00
46  8  0.00
46  26  0.00
47  0  0.01
47  1  0.19
47  2  0.00
47  4  0.00
47  5  0.00
47  8  0.00
47  14  0.00
47  15  0.00
47  18  0.00
47  32  0.00
48  0  0.00
48  1  0.00
48  2  0.00
48  15  0.00
49  0  0.00
49  1  0.01
49  2  0.00
49  5  0.00
49  7  0.00
49  8  0.00
49  26  0.00
50  0  0.00
50  1  0.00
50  2  0.00
50  3  0.00
51  0  0.00
51  1  0.01
51  2  0.00
51  5  0.00
51  8  0.00
51  26  0.00
52  0  0.02
52  1  0.19
52  2  0.00
52  4  0.00
52  5  0.00
52  8  0.00
52  14  0.00
52  15  0.00
52  18  0.00
52  32  0.00
52  33  0.00
53  0  0.00
53  1  0.00
53  2  0.00
53  5  0.00
53  8  0.00
54  0  0.00
54  1  0.00
54  5  0.00
54  8  0.00
54  29  0.00
55  0  0.00
55  1  0.03
55  2  0.00
55  5  0.00
55  8  0.00
55  26  0.00
55  46  0.00
56  0  0.00
56  1  0.00
56  2  0.00
56  28  0.00
57  0  0.05
57  1  0.07
57  2  0.00
57  4  0.00
57  6  0.00
57  37  0.00
57  42  0.00
57  43  0.00
58  0  0.00
58  1  0.01
58  2  0.00
58  5  0.00
58  8  0.00
58  34  0.00
59  0  4.60
59  1  51.73
59  2  0.00
59  4  0.00
59  5  0.00
59  8  0.00
59  14  0.00
59  15  0.00
59  18  0.00
59  19  0.00
59  29  0.00
59  32  0.00
59  33  0.00
59  40  0.00
60  0  0.01
60  1  0.01
60  2  0.00
60  4  0.00
60  6  0.00
60  15  0.00
60  37  0.00
61  0  0.00
61  1  0.00
61  2  0.00
61  4  0.00
61  27  0.00
61  42  0.00
62  0  0.15
62  1  0.87
62  2  0.00
62  4  0.00
62  5  0.00
62  8  0.00
62  14  0.00
62  15  0.00
62  18  0.00
62  32  0.00
62  35  0.00
63  0  0.00
63  1  0.05
63  2  0.00
63  4  0.00
63  5  0.00
63  6  0.00
63  8  0.00
63  26  0.00
64  0  0.03
64  1  0.19
64  2  0.00
64  4  0.00
64  5  0.00
64  6  0.00
64  8  0.00
64  14  0.00
64  15  0.00
64  18  0.00
64  32  0.00
64  37  0.00
65  0  0.01
65  1  0.11
65  2  0.00
65  4  0.00
65  5  0.00
65  8  0.00
65  14  0.00
65  15  0.00
65  18  0.00
66  0  0.00
66  1  0.00
66  5  0.00
66  29  0.00
67  0  0.00
67  1  0.18
67  2  0.00
67  5  0.00
67  8  0.00
67  19  0.00
67  29  0.00
67  40  0.00
68  0  0.08
68  1  0.52
68  2  0.00
68  4  0.00
68  5  0.00
68  8  0.00
68  14  0.00
68  15  0.00
68  18  0.00
68  32  0.00
68  47  0.00
69  0  0.09
69  1  0.11
69  2  0.00
69  4  0.00
69  6  0.00
69  7  0.00
69  15  0.00
69  23  0.00
69  27  0.00
69  31  0.00
70  0  0.00
70  1  0.05
70  2  0.00
70  4  0.00
70  5  0.00
70  8  0.00
70  11  0.00
70  12  0.00
71  0  0.00
71  1  0.01
71  2  0.00
71  5  0.00
71  7  0.00
71  8  0.00
71  26  0.00
71  49  0.00
72  0  0.05
72  1  0.05
72  2  0.01
72  4  0.00
72  6  0.00
72  37  0.00
72  42  0.00
72  43  0.00
72  57  0.00
73  0  0.00
73  1  0.01
73  2  0.00
73  4  0.00
73  27  0.00
73  42  0.00
73  43  0.00
74  0  56.91
74  1  48.13
74  2  0.01
74  4  0.00
74  5  0.00
74  6  0.00
74  8  0.00
74  14  0.00
74  15  0.00
74  18  0.00
74  32  0.00
74  34  0.00
74  37  0.00
74  58  0.00
74  64  0.00
75  0  0.04
75  1  0.05
75  2  0.00
75  4  0.00
75  6  0.00
75  15  0.00
75  20  0.00
75  48  0.00
76  0  0.00
76  1  0.00
76  2  0.00
76  15  0.00
77  0  0.01
77  1  0.02
77  5  0.00
77  8  0.00
77  19  0.00
77  26  0.00
77  29  0.00
77  40  0.00
78  0  0.50
78  1  4.50
78  2  0.00
78  4  0.00
78  5  0.00
78  8  0.00
78  11  0.00
78  12  0.00
78  14  0.00
78  15  0.00
78  18  0.00
78  32  0.00
78  70  0.00
79  0  0.00
79  1  0.01
79  2  0.00
79  5  0.00
79  8  0.00
79  26  0.00
80  0  0.10
80  1  0.18
80  2  0.00
80  4  0.00
80  5  0.00
80  8  0.00
80  26  0.00
80  42  0.00
80  43  0.00
81  0  53.59
81  1  38.61
81  2  0.00
81  4  0.00
81  5  0.00
81  7  0.00
81  8  0.00
81  14  0.00
81  15  0.00
81  18  0.00
81  19  0.00
81  26  0.00
81  29  0.00
81  32  0.00
81  33  0.00
81  40  0.00
81  49  0.00
81  59  0.00
81  71  0.00
82  0  0.04
82  1  0.02
82  2  0.00
82  3  0.00
82  4  0.00
82  15  0.00
82  27  0.00
82  31  0.00
82  50  0.00
83  0  0.01
83  1  0.01
83  2  0.00
83  4  0.00
83  42  0.00
83  43  0.00
84  0  0.01
84  1  0.11
84  2  0.00
84  4  0.00
84  5  0.00
84  8  0.00
84  14  0.00
84  15  0.00
84  18  0.00
85  0  0.00
85  1  0.00
85  2  0.00
85  5  0.00
85  8  0.00
85  15  0.00
86  0  0.00
86  1  0.00
86  2  0.00
86  4  0.00
87  0  0.00
87  1  0.02
87  2  0.00
87  5  0.00
87  7  0.00
87  8  0.00
87  26  0.00
87  49  0.00
88  0  0.02
88  1  0.03
88  2  0.00
88  4  0.00
88  6  0.00
88  37  0.00
88  42  0.00
88  43  0.00
88  57  0.00
89  0  0.00
89  1  0.37
89  2  0.00
89  4  0.00
89  5  0.00
89  6  0.00
89  8  0.00
89  20  0.00
89  25  0.00
90  0  0.00
90  1  0.00
90  2  0.00
90  4  0.00
90  42  0.00
90  43  0.00
91  0  0.03
91  1  0.28
91  2  0.00
91  4  0.00
91  5  0.00
91  8  0.00
91  14  0.00
91  15  0.00
91  18  0.00
91  32  0.00
91  35  0.00
92  0  0.00
92  1  0.00
92  2  0.00
92  4  0.00
92  6  0.00
92  7  0.00
93  0  0.00
93  1  0.00
93  2  0.00
93  4  0.00
93  6  0.00
93  20  0.00
94  0  0.01
94  1  0.11
94  2  0.00
94  4  0.00
94  5  0.00
94  8  0.00
94  14  0.00
94  15  0.00
94  18  0.00
94  32  0.00
94  84  0.00
95  0  0.03
95  1  0.19
95  2  0.00
95  4  0.00
95  5  0.00
95  6  0.00
95  8  0.00
95  14  0.00
95  15  0.00
95  18  0.00
95  37  0.00
95  65  0.00
96  0  0.00
96  1  0.00
96  2  0.00
96  4  0.00
96  15  0.00
96  42  0.00
97  0  0.00
97  1  0.00
97  2  0.00
97  5  0.00
97  8  0.00
98  0  0.01
98  1  0.01
98  2  0.00
98  4  0.00
98  6  0.00
98  7  0.00
98  37  0.00
98  92  0.00
99  0  0.19
99  1  0.33
99  2  0.03
99  4  0.00
99  5  0.00
99  8  0.00
99  14  0.00
99  15  0.00
99  17  0.00
99  18  0.00
99  32  0.00
99  84  0.00
99  94  0.00
