0  1  0.00
2  0  0.00
2  1  0.00
3  0  0.00
3  1  0.01
4  0  0.00
4  1  0.01
4  2  0.00
5  0  0.01
5  1  0.00
6  0  0.00
6  1  0.01
6  2  0.00
7  0  0.00
7  1  0.01
7  2  0.00
7  4  0.00
8  0  0.01
8  1  0.01
8  2  0.00
8  4  0.01
9  0  0.01
9  1  0.01
9  2  0.00
9  4  0.00
9  7  0.00
10  0  0.01
10  1  0.02
10  2  0.00
10  4  0.00
10  7  0.00
10  9  0.00
11  0  0.00
11  1  0.01
11  5  0.00
12  0  0.00
12  1  0.01
12  5  0.00
13  0  0.01
13  1  0.02
13  2  0.01
13  4  0.00
13  7  0.01
14  0  0.00
14  1  0.01
14  2  0.00
14  4  0.01
15  0  0.01
15  1  0.01
15  2  0.00
16  0  0.00
16  1  0.01
16  2  0.00
16  4  0.00
16  5  0.00
16  12  0.00
17  0  0.01
17  1  0.02
17  2  0.00
17  4  0.01
17  6  0.00
17  7  0.00
17  9  0.00
18  0  0.01
18  1  0.01
18  2  0.00
18  4  0.00
18  14  0.01
19  0  0.01
19  1  0.01
19  2  0.00
19  4  0.00
19  15  0.01
20  0  0.00
20  1  0.07
20  2  0.01
20  4  0.00
20  7  0.01
20  13  0.00
21  0  0.01
21  1  0.01
21  2  0.01
21  4  0.00
21  7  0.01
21  9  0.00
22  0  0.00
22  1  0.01
22  2  0.01
22  4  0.00
22  7  0.01
23  0  0.01
23  1  0.01
23  2  0.00
23  4  0.00
23  6  0.00
24  0  0.01
24  1  0.01
24  2  0.00
25  0  0.00
25  1  0.01
25  2  0.00
25  4  0.00
25  8  0.00
26  0  0.01
26  1  0.02
26  2  0.00
26  4  0.01
26  7  0.00
26  22  0.01
27  0  0.01
27  1  0.01
28  0  0.01
28  1  0.42
28  2  0.00
28  4  0.00
28  6  0.01
28  7  0.00
28  9  0.01
28  17  0.01
29  0  0.02
29  1  0.02
29  2  0.00
29  4  0.00
29  6  0.00
29  23  0.00
30  0  0.00
30  1  0.07
30  2  0.00
30  4  0.01
30  7  0.00
30  13  0.01
31  0  0.02
31  1  0.03
31  2  0.01
31  4  0.01
31  6  0.01
31  23  0.00
32  0  0.00
32  1  0.02
32  2  0.01
32  4  0.00
32  7  0.01
32  22  0.01
33  0  0.01
33  1  0.01
33  2  0.01
33  4  0.01
33  14  0.00
34  0  0.01
34  1  0.32
34  2  0.00
34  4  0.01
34  6  0.00
34  7  0.01
34  9  0.01
34  17  0.00
35  0  0.01
35  1  0.01
35  2  0.01
35  4  0.00
35  8  0.01
36  0  0.23
36  1  0.40
36  2  0.00
36  4  0.00
36  6  0.00
36  7  0.00
36  9  0.01
36  17  0.01
36  22  0.00
37  0  0.00
37  1  0.01
37  2  0.00
37  4  0.00
37  5  0.01
38  0  0.01
38  1  0.02
38  2  0.01
38  4  0.01
38  7  0.00
38  9  0.00
38  10  0.01
39  0  0.01
39  1  0.02
39  2  0.01
39  4  0.00
39  7  0.01
39  9  0.01
