0  1  35  50  13  22  1  1  21  1  1
0  2  35  50  12  21  1  1  20  1  1
0  3  35  50  13  22  1  1  21  1  1
0  4  35  50  13  22  1  1  21  1  1
0  5  35  50  12  21  1  1  20  1  1
0  6  35  50  13  22  1  1  21  1  1
0  7  35  50  2  0
0  8  35  50  13  23  2  2  20  1  1  1  2
0  9  35  50  2  0
0  10  35  50  14  24  2  2  21  1  2  1  1
0  11  35  50  2  0
0  12  35  50  12  21  1  1  20  1  1
0  13  35  50  2  0
0  14  35  50  2  0
0  15  35  50  14  24  2  2  21  1  2  1  1
0  16  35  50  13  22  1  1  21  1  1
0  17  35  50  16  28  3  3  21  2  4  1  2  1  1
0  18  35  50  2  0
0  19  35  50  12  21  1  1  20  1  1
0  20  35  50  13  22  1  1  21  1  1
0  21  35  50  13  22  1  1  21  1  1
0  22  35  50  13  22  1  1  21  1  1
0  23  35  50  14  24  2  2  21  1  2  1  1
0  24  35  50  12  21  1  1  20  1  1
0  25  35  50  13  22  1  1  21  1  1
0  26  35  50  13  22  1  1  21  1  1
0  27  35  50  12  21  1  1  20  1  1
0  28  35  50  12  21  1  1  20  1  1
0  29  35  50  13  22  1  1  21  1  1
0  30  35  50  12  21  1  1  20  1  1
0  31  35  50  2  0
0  32  35  50  12  21  1  1  20  1  1
0  33  35  50  2  0
0  34  35  50  2  0
0  35  35  50  2  0
0  36  35  50  12  21  1  1  20  1  1
0  37  35  50  2  0
0  38  35  50  2  0
0  39  35  50  2  0
1  0  35  50  13  22  1  1  21  1  1
1  2  35  50  13  22  1  1  20  1  2
1  3  35  50  14  23  1  1  21  1  2
1  4  35  50  14  23  1  1  21  1  2
1  5  35  50  13  22  1  1  20  1  2
1  6  35  50  14  23  1  1  21  1  2
1  7  35  50  2  0
1  8  35  50  14  24  2  2  20  1  2  1  2
1  9  35  50  2  0
1  10  35  50  15  25  2  2  22  1  2  1  1
1  11  35  50  2  0
1  12  35  50  13  22  1  1  21  1  1
1  13  35  50  2  0
1  14  35  50  2  0
1  15  35  50  15  25  2  2  22  1  2  1  1
1  16  35  50  14  23  1  1  21  1  2
1  17  35  50  17  29  3  3  22  2  4  1  2  1  1
1  18  35  50  2  0
1  19  35  50  13  22  1  1  20  1  2
1  20  35  50  14  23  1  1  21  1  2
1  21  35  50  14  23  1  1  21  1  2
1  22  35  50  14  23  1  1  21  1  2
1  23  35  50  15  25  2  2  22  1  2  1  1
1  24  35  50  13  22  1  1  20  1  2
1  25  35  50  14  23  1  1  21  1  2
1  26  35  50  14  23  1  1  21  1  2
1  27  35  50  13  22  1  1  21  1  1
1  28  35  50  13  22  1  1  21  1  1
1  29  35  50  14  23  1  1  22  1  1
1  30  35  50  13  22  1  1  21  1  1
1  31  35  50  2  0
1  32  35  50  13  22  1  1  20  1  2
1  33  35  50  2  0
1  34  35  50  2  0
1  35  35  50  2  0
1  36  35  50  13  22  1  1  20  1  2
1  37  35  50  2  0
1  38  35  50  2  0
1  39  35  50  2  0
2  0  35  50  12  21  1  1  20  1  1
2  1  35  50  13  22  1  1  21  1  1
2  3  35  50  13  22  1  1  21  1  1
2  4  35  50  13  22  1  1  21  1  1
2  5  35  50  12  21  1  1  20  1  1
2  6  35  50  13  22  1  1  21  1  1
2  7  35  50  2  0
2  8  35  50  13  23  2  2  20  1  2  1  1
2  9  35  50  2  0
2  10  35  50  14  24  2  2  21  1  2  1  1
2  11  35  50  2  0
2  12  35  50  12  21  1  1  20  1  1
2  13  35  50  2  0
2  14  35  50  2  0
2  15  35  50  14  24  2  2  21  1  2  1  1
2  16  35  50  13  22  1  1  21  1  1
2  17  35  50  16  28  3  3  21  2  4  1  2  1  1
2  18  35  50  2  0
2  19  35  50  12  21  1  1  20  1  1
2  20  35  50  13  22  1  1  21  1  1
2  21  35  50  13  22  1  1  21  1  1
2  22  35  50  13  22  1  1  21  1  1
2  23  35  50  14  24  2  2  21  1  2  1  1
2  24  35  50  12  21  1  1  20  1  1
2  25  35  50  13  22  1  1  21  1  1
2  26  35  50  13  22  1  1  21  1  1
2  27  35  50  12  21  1  1  20  1  1
2  28  35  50  12  21  1  1  20  1  1
2  29  35  50  13  22  1  1  21  1  1
2  30  35  50  12  21  1  1  20  1  1
2  31  35  50  2  0
2  32  35  50  12  21  1  1  20  1  1
2  33  35  50  2  0
2  34  35  50  2  0
2  35  35  50  2  0
2  36  35  50  12  21  1  1  20  1  1
2  37  35  50  2  0
2  38  35  50  2  0
2  39  35  50  2  0
3  0  35  50  13  22  1  1  21  1  1
3  1  35  50  14  23  1  1  22  1  1
3  2  35  50  13  22  1  1  21  1  1
3  4  35  50  14  23  1  1  22  1  1
3  5  35  50  13  22  1  1  21  1  1
3  6  35  50  14  23  1  1  22  1  1
3  7  35  50  2  0
3  8  35  50  14  24  2  2  21  1  2  1  1
3  9  35  50  2  0
3  10  35  50  15  25  2  2  22  1  2  1  1
3  11  35  50  2  0
3  12  35  50  13  22  1  1  21  1  1
3  13  35  50  2  0
3  14  35  50  2  0
3  15  35  50  15  25  2  2  22  1  2  1  1
3  16  35  50  14  23  1  1  22  1  1
3  17  35  50  17  29  3  3  22  2  4  1  2  1  1
3  18  35  50  2  0
3  19  35  50  13  22  1  1  21  1  1
3  20  35  50  14  23  1  1  22  1  1
3  21  35  50  14  23  1  1  22  1  1
3  22  35  50  14  23  1  1  22  1  1
3  23  35  50  15  25  2  2  22  1  2  1  1
3  24  35  50  13  22  1  1  21  1  1
3  25  35  50  14  23  1  1  22  1  1
3  26  35  50  14  23  1  1  22  1  1
3  27  35  50  13  22  1  1  21  1  1
3  28  35  50  13  22  1  1  21  1  1
3  29  35  50  14  23  1  1  22  1  1
3  30  35  50  13  22  1  1  21  1  1
3  31  35  50  2  0
3  32  35  50  13  22  1  1  21  1  1
3  33  35  50  2  0
3  34  35  50  2  0
3  35  35  50  2  0
3  36  35  50  13  22  1  1  21  1  1
3  37  35  50  2  0
3  38  35  50  2  0
3  39  35  50  2  0
4  0  35  50  2  0
4  1  35  50  2  0
4  2  35  50  2  0
4  3  35  50  2  0
4  5  35  50  2  0
4  6  35  50  2  0
4  7  35  50  2  0
4  8  35  50  2  0
4  9  35  50  2  0
4  10  35  50  2  0
4  11  35  50  2  0
4  12  35  50  2  0
4  13  35  50  2  0
4  14  35  50  2  0
4  15  35  50  2  0
4  16  35  50  2  0
4  17  35  50  2  0
4  18  35  50  2  0
4  19  35  50  2  0
4  20  35  50  2  0
4  21  35  50  2  0
4  22  35  50  2  0
4  23  35  50  2  0
4  24  35  50  2  0
4  25  35  50  2  0
4  26  35  50  2  0
4  27  35  50  2  0
4  28  35  50  2  0
4  29  35  50  2  0
4  30  35  50  2  0
4  31  35  50  2  0
4  32  35  50  2  0
4  33  35  50  2  0
4  34  35  50  2  0
4  35  35  50  2  0
4  36  35  50  2  0
4  37  35  50  2  0
4  38  35  50  2  0
4  39  35  50  2  0
5  0  35  50  12  21  1  1  20  1  1
5  1  35  50  13  22  1  1  21  1  1
5  2  35  50  12  21  1  1  20  1  1
5  3  35  50  13  22  1  1  21  1  1
5  4  35  50  13  22  1  1  21  1  1
5  6  35  50  13  22  1  1  21  1  1
5  7  35  50  2  0
5  8  35  50  13  23  2  2  20  1  2  1  1
5  9  35  50  2  0
5  10  35  50  14  24  2  2  21  1  2  1  1
5  11  35  50  2  0
5  12  35  50  12  21  1  1  20  1  1
5  13  35  50  2  0
5  14  35  50  2  0
5  15  35  50  14  24  2  2  21  1  2  1  1
5  16  35  50  13  22  1  1  21  1  1
5  17  35  50  16  28  3  3  21  2  4  1  2  1  1
5  18  35  50  2  0
5  19  35  50  12  21  1  1  20  1  1
5  20  35  50  13  22  1  1  21  1  1
5  21  35  50  13  22  1  1  21  1  1
5  22  35  50  13  22  1  1  21  1  1
5  23  35  50  14  24  2  2  21  1  2  1  1
5  24  35  50  12  21  1  1  20  1  1
5  25  35  50  13  22  1  1  21  1  1
5  26  35  50  13  22  1  1  21  1  1
5  27  35  50  12  21  1  1  20  1  1
5  28  35  50  12  21  1  1  20  1  1
5  29  35  50  13  22  1  1  21  1  1
5  30  35  50  12  21  1  1  20  1  1
5  31  35  50  2  0
5  32  35  50  12  21  1  1  20  1  1
5  33  35  50  2  0
5  34  35  50  2  0
5  35  35  50  2  0
5  36  35  50  12  21  1  1  20  1  1
5  37  35  50  2  0
5  38  35  50  2  0
5  39  35  50  2  0
6  0  35  50  13  22  1  1  21  1  1
6  1  35  50  14  23  1  1  22  1  1
6  2  35  50  13  22  1  1  21  1  1
6  3  35  50  14  23  1  1  22  1  1
6  4  35  50  14  23  1  1  22  1  1
6  5  35  50  13  22  1  1  21  1  1
6  7  35  50  2  0
6  8  35  50  14  24  2  2  21  1  2  1  1
6  9  35  50  2  0
6  10  35  50  15  25  2  2  22  1  2  1  1
6  11  35  50  2  0
6  12  35  50  13  22  1  1  21  1  1
6  13  35  50  2  0
6  14  35  50  2  0
6  15  35  50  15  25  2  2  22  1  2  1  1
6  16  35  50  14  23  1  1  22  1  1
6  17  35  50  17  29  3  3  22  2  4  1  2  1  1
6  18  35  50  2  0
6  19  35  50  13  22  1  1  21  1  1
6  20  35  50  14  23  1  1  22  1  1
6  21  35  50  14  23  1  1  22  1  1
6  22  35  50  14  23  1  1  22  1  1
6  23  35  50  15  25  2  2  22  1  2  1  1
6  24  35  50  13  22  1  1  21  1  1
6  25  35  50  14  23  1  1  22  1  1
6  26  35  50  14  23  1  1  22  1  1
6  27  35  50  13  22  1  1  21  1  1
6  28  35  50  13  22  1  1  21  1  1
6  29  35  50  14  23  1  1  22  1  1
6  30  35  50  13  22  1  1  21  1  1
6  31  35  50  2  0
6  32  35  50  13  22  1  1  21  1  1
6  33  35  50  2  0
6  34  35  50  2  0
6  35  35  50  2  0
6  36  35  50  13  22  1  1  21  1  1
6  37  35  50  2  0
6  38  35  50  2  0
6  39  35  50  2  0
7  0  35  50  2  0
7  1  35  50  2  0
7  2  35  50  2  0
7  3  35  50  2  0
7  4  35  50  2  0
7  5  35  50  2  0
7  6  35  50  2  0
7  8  35  50  2  0
7  9  35  50  2  0
7  10  35  50  2  0
7  11  35  50  2  0
7  12  35  50  2  0
7  13  35  50  2  0
7  14  35  50  2  0
7  15  35  50  2  0
7  16  35  50  2  0
7  17  35  50  2  0
7  18  35  50  2  0
7  19  35  50  2  0
7  20  35  50  2  0
7  21  35  50  2  0
7  22  35  50  2  0
7  23  35  50  2  0
7  24  35  50  2  0
7  25  35  50  2  0
7  26  35  50  2  0
7  27  35  50  2  0
7  28  35  50  2  0
7  29  35  50  2  0
7  30  35  50  2  0
7  31  35  50  2  0
7  32  35  50  2  0
7  33  35  50  2  0
7  34  35  50  2  0
7  35  35  50  2  0
7  36  35  50  2  0
7  37  35  50  2  0
7  38  35  50  2  0
7  39  35  50  2  0
8  0  35  50  2  0
8  1  35  50  2  0
8  2  35  50  2  0
8  3  35  50  2  0
8  4  35  50  2  0
8  5  35  50  2  0
8  6  35  50  2  0
8  7  35  50  2  0
8  9  35  50  2  0
8  10  35  50  2  0
8  11  35  50  2  0
8  12  35  50  2  0
8  13  35  50  2  0
8  14  35  50  2  0
8  15  35  50  2  0
8  16  35  50  2  0
8  17  35  50  2  0
8  18  35  50  2  0
8  19  35  50  2  0
8  20  35  50  2  0
8  21  35  50  2  0
8  22  35  50  2  0
8  23  35  50  2  0
8  24  35  50  2  0
8  25  35  50  2  0
8  26  35  50  2  0
8  27  35  50  2  0
8  28  35  50  2  0
8  29  35  50  2  0
8  30  35  50  2  0
8  31  35  50  2  0
8  32  35  50  2  0
8  33  35  50  2  0
8  34  35  50  2  0
8  35  35  50  2  0
8  36  35  50  2  0
8  37  35  50  2  0
8  38  35  50  2  0
8  39  35  50  2  0
9  0  35  50  2  0
9  1  35  50  2  0
9  2  35  50  2  0
9  3  35  50  2  0
9  4  35  50  2  0
9  5  35  50  2  0
9  6  35  50  2  0
9  7  35  50  2  0
9  8  35  50  2  0
9  10  35  50  2  0
9  11  35  50  2  0
9  12  35  50  2  0
9  13  35  50  2  0
9  14  35  50  2  0
9  15  35  50  2  0
9  16  35  50  2  0
9  17  35  50  2  0
9  18  35  50  2  0
9  19  35  50  2  0
9  20  35  50  2  0
9  21  35  50  2  0
9  22  35  50  2  0
9  23  35  50  2  0
9  24  35  50  2  0
9  25  35  50  2  0
9  26  35  50  2  0
9  27  35  50  2  0
9  28  35  50  2  0
9  29  35  50  2  0
9  30  35  50  2  0
9  31  35  50  2  0
9  32  35  50  2  0
9  33  35  50  2  0
9  34  35  50  2  0
9  35  35  50  2  0
9  36  35  50  2  0
9  37  35  50  2  0
9  38  35  50  2  0
9  39  35  50  2  0
10  0  35  50  2  0
10  1  35  50  2  0
10  2  35  50  2  0
10  3  35  50  2  0
10  4  35  50  2  0
10  5  35  50  2  0
10  6  35  50  2  0
10  7  35  50  2  0
10  8  35  50  2  0
10  9  35  50  2  0
10  11  35  50  2  0
10  12  35  50  2  0
10  13  35  50  2  0
10  14  35  50  2  0
10  15  35  50  2  0
10  16  35  50  2  0
10  17  35  50  2  0
10  18  35  50  2  0
10  19  35  50  2  0
10  20  35  50  2  0
10  21  35  50  2  0
10  22  35  50  2  0
10  23  35  50  2  0
10  24  35  50  2  0
10  25  35  50  2  0
10  26  35  50  2  0
10  27  35  50  2  0
10  28  35  50  2  0
10  29  35  50  2  0
10  30  35  50  2  0
10  31  35  50  2  0
10  32  35  50  2  0
10  33  35  50  2  0
10  34  35  50  2  0
10  35  35  50  2  0
10  36  35  50  2  0
10  37  35  50  2  0
10  38  35  50  2  0
10  39  35  50  2  0
11  0  35  50  13  22  1  1  21  1  1
11  1  35  50  14  23  1  1  22  1  1
11  2  35  50  13  22  1  1  21  1  1
11  3  35  50  14  23  1  1  22  1  1
11  4  35  50  13  22  1  1  21  1  1
11  5  35  50  13  22  1  1  21  1  1
11  6  35  50  14  23  1  1  22  1  1
11  7  35  50  2  0
11  8  35  50  14  24  2  2  21  1  2  1  1
11  9  35  50  2  0
11  10  35  50  17  28  2  1  1  1  26  1  1
11  12  35  50  13  22  1  1  21  1  1
11  13  35  50  2  0
11  14  35  50  3  2  1  1  1  1  1
11  15  35  50  15  25  2  2  22  1  2  1  1
11  16  35  50  14  23  1  1  22  1  1
11  17  35  50  17  29  3  3  22  2  4  1  2  1  1
11  18  35  50  2  0
11  19  35  50  13  22  1  1  21  1  1
11  20  35  50  14  23  1  1  22  1  1
11  21  35  50  14  23  1  1  22  1  1
11  22  35  50  14  23  1  1  22  1  1
11  23  35  50  15  25  2  2  22  1  2  1  1
11  24  35  50  13  22  1  1  21  1  1
11  25  35  50  13  22  1  1  21  1  1
11  26  35  50  14  23  1  1  22  1  1
11  27  35  50  13  22  1  1  21  1  1
11  28  35  50  13  22  1  1  21  1  1
11  29  35  50  14  23  1  1  22  1  1
11  30  35  50  13  22  1  1  21  1  1
11  31  35  50  2  0
11  32  35  50  13  22  1  1  21  1  1
11  33  35  50  2  0
11  34  35  50  2  0
11  35  35  50  2  0
11  36  35  50  13  22  1  1  21  1  1
11  37  35  50  2  0
11  38  35  50  2  0
11  39  35  50  2  0
12  0  35  50  12  21  1  1  20  1  1
12  1  35  50  13  22  1  1  21  1  1
12  2  35  50  12  21  1  1  20  1  1
12  3  35  50  13  22  1  1  21  1  1
12  4  35  50  13  22  1  1  21  1  1
12  5  35  50  12  21  1  1  20  1  1
12  6  35  50  13  22  1  1  21  1  1
12  7  35  50  2  0
12  8  35  50  13  23  2  2  20  1  2  1  1
12  9  35  50  2  0
12  10  35  50  14  24  2  2  21  1  2  1  1
12  11  35  50  2  0
12  13  35  50  2  0
12  14  35  50  2  0
12  15  35  50  14  24  2  2  21  1  2  1  1
12  16  35  50  13  22  1  1  21  1  1
12  17  35  50  16  28  3  3  21  3  2  1  4  1  1
12  18  35  50  2  0
12  19  35  50  12  21  1  1  20  1  1
12  20  35  50  13  22  1  1  21  1  1
12  21  35  50  13  22  1  1  21  1  1
12  22  35  50  13  22  1  1  21  1  1
12  23  35  50  14  24  2  2  21  1  2  1  1
12  24  35  50  12  21  1  1  20  1  1
12  25  35  50  13  22  1  1  21  1  1
12  26  35  50  13  22  1  1  21  1  1
12  27  35  50  12  21  1  1  20  1  1
12  28  35  50  12  21  1  1  20  1  1
12  29  35  50  13  22  1  1  21  1  1
12  30  35  50  12  21  1  1  20  1  1
12  31  35  50  2  0
12  32  35  50  12  21  1  1  20  1  1
12  33  35  50  2  0
12  34  35  50  2  0
12  35  35  50  2  0
12  36  35  50  12  21  1  1  20  1  1
12  37  35  50  2  0
12  38  35  50  2  0
12  39  35  50  2  0
13  0  35  50  13  22  1  1  21  1  1
13  1  35  50  14  23  1  1  22  1  1
13  2  35  50  13  22  1  1  21  1  1
13  3  35  50  14  23  1  1  22  1  1
13  4  35  50  14  23  1  1  22  1  1
13  5  35  50  13  22  1  1  21  1  1
13  6  35  50  13  22  1  1  21  1  1
13  7  35  50  2  0
13  8  35  50  14  24  2  2  21  1  2  1  1
13  9  35  50  2  0
13  10  35  50  15  25  2  2  22  1  2  1  1
13  11  35  50  2  0
13  12  35  50  13  22  1  1  21  1  1
13  14  35  50  2  0
13  15  35  50  15  25  2  2  22  1  2  1  1
13  16  35  50  14  23  1  1  22  1  1
13  17  35  50  17  29  3  3  22  2  4  1  2  1  1
13  18  35  50  2  0
13  19  35  50  13  22  1  1  21  1  1
13  20  35  50  14  23  1  1  22  1  1
13  21  35  50  14  23  1  1  22  1  1
13  22  35  50  14  23  1  1  22  1  1
13  23  35  50  15  25  2  2  22  1  2  1  1
13  24  35  50  13  22  1  1  21  1  1
13  25  35  50  14  23  1  1  22  1  1
13  26  35  50  14  23  1  1  22  1  1
13  27  35  50  13  22  1  1  21  1  1
13  28  35  50  13  22  1  1  21  1  1
13  29  35  50  14  23  1  1  22  1  1
13  30  35  50  13  22  1  1  21  1  1
13  31  35  50  2  0
13  32  35  50  13  22  1  1  21  1  1
13  33  35  50  2  0
13  34  35  50  2  0
13  35  35  50  2  0
13  36  35  50  13  22  1  1  21  1  1
13  37  35  50  2  0
13  38  35  50  2  0
13  39  35  50  2  0
14  0  35  50  2  0
14  1  35  50  2  0
14  2  35  50  2  0
14  3  35  50  2  0
14  4  35  50  2  0
14  5  35  50  2  0
14  6  35  50  2  0
14  7  35  50  2  0
14  8  35  50  2  0
14  9  35  50  2  0
14  10  35  50  3  2  1  1  1  1  1
14  11  35  50  2  0
14  12  35  50  2  0
14  13  35  50  2  0
14  15  35  50  2  0
14  16  35  50  2  0
14  17  35  50  2  0
14  18  35  50  2  0
14  19  35  50  2  0
14  20  35  50  2  0
14  21  35  50  2  0
14  22  35  50  2  0
14  23  35  50  2  0
14  24  35  50  2  0
14  25  35  50  2  0
14  26  35  50  2  0
14  27  35  50  2  0
14  28  35  50  2  0
14  29  35  50  2  0
14  30  35  50  2  0
14  31  35  50  2  0
14  32  35  50  2  0
14  33  35  50  2  0
14  34  35  50  2  0
14  35  35  50  2  0
14  36  35  50  2  0
14  37  35  50  2  0
14  38  35  50  2  0
14  39  35  50  2  0
15  0  35  50  2  0
15  1  35  50  2  0
15  2  35  50  2  0
15  3  35  50  2  0
15  4  35  50  2  0
15  5  35  50  2  0
15  6  35  50  2  0
15  7  35  50  2  0
15  8  35  50  2  0
15  9  35  50  2  0
15  10  35  50  3  2  1  1  1  1  1
15  11  35  50  2  0
15  12  35  50  2  0
15  13  35  50  2  0
15  14  35  50  2  0
15  16  35  50  2  0
15  17  35  50  3  2  1  1  1  1  1
15  18  35  50  2  0
15  19  35  50  2  0
15  20  35  50  2  0
15  21  35  50  2  0
15  22  35  50  2  0
15  23  35  50  2  0
15  24  35  50  2  0
15  25  35  50  2  0
15  26  35  50  2  0
15  27  35  50  2  0
15  28  35  50  2  0
15  29  35  50  2  0
15  30  35  50  2  0
15  31  35  50  2  0
15  32  35  50  2  0
15  33  35  50  2  0
15  34  35  50  2  0
15  35  35  50  2  0
15  36  35  50  2  0
15  37  35  50  2  0
15  38  35  50  2  0
15  39  35  50  2  0
16  0  35  50  13  22  1  1  21  1  1
16  1  35  50  14  23  1  1  22  1  1
16  2  35  50  13  22  1  1  21  1  1
16  3  35  50  14  23  1  1  22  1  1
16  4  35  50  14  23  1  1  22  1  1
16  5  35  50  13  22  1  1  21  1  1
16  6  35  50  14  23  1  1  22  1  1
16  7  35  50  2  0
16  8  35  50  14  24  2  2  21  1  2  1  1
16  9  35  50  2  0
16  10  35  50  15  25  2  2  22  1  2  1  1
16  11  35  50  2  0
16  12  35  50  13  22  1  1  21  1  1
16  13  35  50  2  0
16  14  35  50  2  0
16  15  35  50  15  25  2  2  22  1  2  1  1
16  17  35  50  17  29  3  3  22  2  4  1  2  1  1
16  18  35  50  2  0
16  19  35  50  13  22  1  1  21  1  1
16  20  35  50  14  23  1  1  22  1  1
16  21  35  50  14  23  1  1  22  1  1
16  22  35  50  14  23  1  1  22  1  1
16  23  35  50  15  25  2  2  22  1  2  1  1
16  24  35  50  13  22  1  1  21  1  1
16  25  35  50  14  23  1  1  22  1  1
16  26  35  50  14  23  1  1  22  1  1
16  27  35  50  13  22  1  1  21  1  1
16  28  35  50  13  22  1  1  21  1  1
16  29  35  50  14  23  1  1  22  1  1
16  30  35  50  13  22  1  1  21  1  1
16  31  35  50  2  0
16  32  35  50  13  22  1  1  21  1  1
16  33  35  50  2  0
16  34  35  50  2  0
16  35  35  50  2  0
16  36  35  50  13  22  1  1  21  1  1
16  37  35  50  2  0
16  38  35  50  2  0
16  39  35  50  2  0
17  0  35  50  2  0
17  1  35  50  2  0
17  2  35  50  2  0
17  3  35  50  2  0
17  4  35  50  2  0
17  5  35  50  2  0
17  6  35  50  2  0
17  7  35  50  2  0
17  8  35  50  2  0
17  9  35  50  2  0
17  10  35  50  2  0
17  11  35  50  2  0
17  12  35  50  2  0
17  13  35  50  2  0
17  14  35  50  2  0
17  15  35  50  2  0
17  16  35  50  2  0
17  18  35  50  2  0
17  19  35  50  2  0
17  20  35  50  2  0
17  21  35  50  2  0
17  22  35  50  2  0
17  23  35  50  2  0
17  24  35  50  2  0
17  25  35  50  2  0
17  26  35  50  2  0
17  27  35  50  2  0
17  28  35  50  2  0
17  29  35  50  2  0
17  30  35  50  2  0
17  31  35  50  2  0
17  32  35  50  2  0
17  33  35  50  2  0
17  34  35  50  2  0
17  35  35  50  2  0
17  36  35  50  2  0
17  37  35  50  2  0
17  38  35  50  2  0
17  39  35  50  2  0
18  0  35  50  2  0
18  1  35  50  2  0
18  2  35  50  2  0
18  3  35  50  2  0
18  4  35  50  2  0
18  5  35  50  2  0
18  6  35  50  2  0
18  7  35  50  2  0
18  8  35  50  2  0
18  9  35  50  2  0
18  10  35  50  2  0
18  11  35  50  2  0
18  12  35  50  2  0
18  13  35  50  2  0
18  14  35  50  2  0
18  15  35  50  2  0
18  16  35  50  2  0
18  17  35  50  2  0
18  19  35  50  2  0
18  20  35  50  2  0
18  21  35  50  2  0
18  22  35  50  2  0
18  23  35  50  2  0
18  24  35  50  2  0
18  25  35  50  2  0
18  26  35  50  2  0
18  27  35  50  2  0
18  28  35  50  2  0
18  29  35  50  2  0
18  30  35  50  2  0
18  31  35  50  2  0
18  32  35  50  2  0
18  33  35  50  2  0
18  34  35  50  2  0
18  35  35  50  2  0
18  36  35  50  2  0
18  37  35  50  2  0
18  38  35  50  2  0
18  39  35  50  2  0
19  0  35  50  12  21  1  1  20  1  1
19  1  35  50  13  22  1  1  21  1  1
19  2  35  50  12  21  1  1  20  1  1
19  3  35  50  13  22  1  1  21  1  1
19  4  35  50  13  22  1  1  21  1  1
19  5  35  50  12  21  1  1  20  1  1
19  6  35  50  13  22  1  1  21  1  1
19  7  35  50  2  0
19  8  35  50  13  23  2  2  20  1  2  1  1
19  9  35  50  2  0
19  10  35  50  14  24  2  2  21  1  2  1  1
19  11  35  50  2  0
19  12  35  50  12  21  1  1  20  1  1
19  13  35  50  2  0
19  14  35  50  2  0
19  15  35  50  14  24  2  2  21  1  2  1  1
19  16  35  50  13  22  1  1  21  1  1
19  17  35  50  16  28  3  3  21  3  2  1  4  1  1
19  18  35  50  2  0
19  20  35  50  13  22  1  1  21  1  1
19  21  35  50  13  22  1  1  21  1  1
19  22  35  50  13  22  1  1  21  1  1
19  23  35  50  14  24  2  2  21  1  2  1  1
19  24  35  50  12  21  1  1  20  1  1
19  25  35  50  13  22  1  1  21  1  1
19  26  35  50  13  22  1  1  21  1  1
19  27  35  50  12  21  1  1  20  1  1
19  28  35  50  12  21  1  1  20  1  1
19  29  35  50  13  22  1  1  21  1  1
19  30  35  50  12  21  1  1  20  1  1
19  31  35  50  2  0
19  32  35  50  12  21  1  1  20  1  1
19  33  35  50  2  0
19  34  35  50  2  0
19  35  35  50  2  0
19  36  35  50  12  21  1  1  20  1  1
19  37  35  50  2  0
19  38  35  50  2  0
19  39  35  50  2  0
20  0  35  50  13  22  1  1  21  1  1
20  1  35  50  14  23  1  1  22  1  1
20  2  35  50  13  22  1  1  21  1  1
20  3  35  50  14  23  1  1  22  1  1
20  4  35  50  14  23  1  1  22  1  1
20  5  35  50  13  22  1  1  21  1  1
20  6  35  50  14  23  1  1  22  1  1
20  7  35  50  2  0
20  8  35  50  14  24  2  2  21  1  2  1  1
20  9  35  50  2  0
20  10  35  50  15  25  2  2  22  1  2  1  1
20  11  35  50  2  0
20  12  35  50  13  22  1  1  21  1  1
20  13  35  50  2  0
20  14  35  50  2  0
20  15  35  50  15  25  2  2  22  1  2  1  1
20  16  35  50  14  23  1  1  22  1  1
20  17  35  50  17  29  3  3  22  2  4  1  2  1  1
20  18  35  50  2  0
20  19  35  50  13  22  1  1  21  1  1
20  21  35  50  14  23  1  1  22  1  1
20  22  35  50  14  23  1  1  22  1  1
20  23  35  50  15  25  2  2  22  1  2  1  1
20  24  35  50  13  22  1  1  21  1  1
20  25  35  50  14  23  1  1  22  1  1
20  26  35  50  14  23  1  1  22  1  1
20  27  35  50  13  22  1  1  21  1  1
20  28  35  50  13  22  1  1  21  1  1
20  29  35  50  14  23  1  1  22  1  1
20  30  35  50  13  22  1  1  21  1  1
20  31  35  50  2  0
20  32  35  50  13  22  1  1  21  1  1
20  33  35  50  2  0
20  34  35  50  2  0
20  35  35  50  2  0
20  36  35  50  13  22  1  1  21  1  1
20  37  35  50  2  0
20  38  35  50  2  0
20  39  35  50  2  0
21  0  35  50  13  22  1  1  21  1  1
21  1  35  50  14  23  1  1  22  1  1
21  2  35  50  13  22  1  1  21  1  1
21  3  35  50  14  23  1  1  22  1  1
21  4  35  50  14  23  1  1  22  1  1
21  5  35  50  13  22  1  1  21  1  1
21  6  35  50  14  23  1  1  22  1  1
21  7  35  50  2  0
21  8  35  50  14  24  2  2  21  1  2  1  1
21  9  35  50  2  0
21  10  35  50  15  25  2  2  22  1  2  1  1
21  11  35  50  2  0
21  12  35  50  13  22  1  1  21  1  1
21  13  35  50  2  0
21  14  35  50  2  0
21  15  35  50  15  25  2  2  22  1  2  1  1
21  16  35  50  14  23  1  1  22  1  1
21  17  35  50  17  29  3  3  22  3  2  1  4  1  1
21  18  35  50  2  0
21  19  35  50  13  22  1  1  21  1  1
21  20  35  50  14  23  1  1  22  1  1
21  22  35  50  14  23  1  1  22  1  1
21  23  35  50  15  25  2  2  22  1  2  1  1
21  24  35  50  13  22  1  1  21  1  1
21  25  35  50  14  23  1  1  22  1  1
21  26  35  50  13  22  1  1  21  1  1
21  27  35  50  13  22  1  1  21  1  1
21  28  35  50  13  22  1  1  21  1  1
21  29  35  50  14  23  1  1  22  1  1
21  30  35  50  13  22  1  1  21  1  1
21  31  35  50  2  0
21  32  35  50  13  22  1  1  21  1  1
21  33  35  50  2  0
21  34  35  50  2  0
21  35  35  50  2  0
21  36  35  50  13  22  1  1  21  1  1
21  37  35  50  2  0
21  38  35  50  2  0
21  39  35  50  2  0
22  0  35  50  13  22  1  1  21  1  1
22  1  35  50  14  23  1  1  22  1  1
22  2  35  50  13  22  1  1  21  1  1
22  3  35  50  14  23  1  1  22  1  1
22  4  35  50  14  23  1  1  22  1  1
22  5  35  50  13  22  1  1  21  1  1
22  6  35  50  14  23  1  1  22  1  1
22  7  35  50  2  0
22  8  35  50  14  24  2  2  21  1  2  1  1
22  9  35  50  2  0
22  10  35  50  15  25  2  2  22  1  2  1  1
22  11  35  50  2  0
22  12  35  50  13  22  1  1  21  1  1
22  13  35  50  2  0
22  14  35  50  2  0
22  15  35  50  15  25  2  2  22  1  2  1  1
22  16  35  50  14  23  1  1  22  1  1
22  17  35  50  17  29  3  3  22  2  4  1  2  1  1
22  18  35  50  2  0
22  19  35  50  13  22  1  1  21  1  1
22  20  35  50  14  23  1  1  22  1  1
22  21  35  50  14  23  1  1  22  1  1
22  23  35  50  15  25  2  2  22  1  2  1  1
22  24  35  50  13  22  1  1  21  1  1
22  25  35  50  14  23  1  1  22  1  1
22  26  35  50  14  23  1  1  22  1  1
22  27  35  50  13  22  1  1  21  1  1
22  28  35  50  13  22  1  1  21  1  1
22  29  35  50  14  23  1  1  22  1  1
22  30  35  50  13  22  1  1  21  1  1
22  31  35  50  2  0
22  32  35  50  13  22  1  1  21  1  1
22  33  35  50  2  0
22  34  35  50  2  0
22  35  35  50  2  0
22  36  35  50  13  22  1  1  21  1  1
22  37  35  50  2  0
22  38  35  50  2  0
22  39  35  50  2  0
23  0  35  50  2  0
23  1  35  50  2  0
23  2  35  50  2  0
23  3  35  50  2  0
23  4  35  50  2  0
23  5  35  50  2  0
23  6  35  50  2  0
23  7  35  50  2  0
23  8  35  50  2  0
23  9  35  50  2  0
23  10  35  50  2  0
23  11  35  50  2  0
23  12  35  50  2  0
23  13  35  50  2  0
23  14  35  50  2  0
23  15  35  50  2  0
23  16  35  50  2  0
23  17  35  50  3  2  1  1  1  1  1
23  18  35  50  2  0
23  19  35  50  2  0
23  20  35  50  2  0
23  21  35  50  2  0
23  22  35  50  2  0
23  24  35  50  2  0
23  25  35  50  2  0
23  26  35  50  2  0
23  27  35  50  2  0
23  28  35  50  2  0
23  29  35  50  2  0
23  30  35  50  2  0
23  31  35  50  2  0
23  32  35  50  2  0
23  33  35  50  2  0
23  34  35  50  2  0
23  35  35  50  2  0
23  36  35  50  2  0
23  37  35  50  2  0
23  38  35  50  2  0
23  39  35  50  2  0
24  0  35  50  12  21  1  1  20  1  1
24  1  35  50  13  22  1  1  21  1  1
24  2  35  50  12  21  1  1  20  1  1
24  3  35  50  13  22  1  1  21  1  1
24  4  35  50  13  22  1  1  21  1  1
24  5  35  50  12  21  1  1  20  1  1
24  6  35  50  13  22  1  1  21  1  1
24  7  35  50  2  0
24  8  35  50  13  23  2  2  20  1  2  1  1
24  9  35  50  2  0
24  10  35  50  14  24  2  2  21  1  2  1  1
24  11  35  50  2  0
24  12  35  50  12  21  1  1  20  1  1
24  13  35  50  2  0
24  14  35  50  2  0
24  15  35  50  14  24  2  2  21  1  2  1  1
24  16  35  50  13  22  1  1  21  1  1
24  17  35  50  16  28  3  3  21  3  2  1  4  1  1
24  18  35  50  2  0
24  19  35  50  12  21  1  1  20  1  1
24  20  35  50  13  22  1  1  21  1  1
24  21  35  50  13  22  1  1  21  1  1
24  22  35  50  13  22  1  1  21  1  1
24  23  35  50  14  24  2  2  21  1  2  1  1
24  25  35  50  13  22  1  1  21  1  1
24  26  35  50  13  22  1  1  21  1  1
24  27  35  50  12  21  1  1  20  1  1
24  28  35  50  12  21  1  1  20  1  1
24  29  35  50  13  22  1  1  21  1  1
24  30  35  50  12  21  1  1  20  1  1
24  31  35  50  2  0
24  32  35  50  12  21  1  1  20  1  1
24  33  35  50  2  0
24  34  35  50  2  0
24  35  35  50  2  0
24  36  35  50  12  21  1  1  20  1  1
24  37  35  50  2  0
24  38  35  50  2  0
24  39  35  50  2  0
25  0  35  50  13  22  1  1  21  1  1
25  1  35  50  14  23  1  1  22  1  1
25  2  35  50  13  22  1  1  21  1  1
25  3  35  50  14  23  1  1  22  1  1
25  4  35  50  13  22  1  1  21  1  1
25  5  35  50  13  22  1  1  21  1  1
25  6  35  50  14  23  1  1  22  1  1
25  7  35  50  2  0
25  8  35  50  14  24  2  2  21  1  2  1  1
25  9  35  50  2  0
25  10  35  50  15  25  2  2  22  1  2  1  1
25  11  35  50  2  0
25  12  35  50  13  22  1  1  21  1  1
25  13  35  50  2  0
25  14  35  50  2  0
25  15  35  50  15  25  2  2  22  1  2  1  1
25  16  35  50  14  23  1  1  22  1  1
25  17  35  50  17  29  3  3  22  2  4  1  2  1  1
25  18  35  50  2  0
25  19  35  50  13  22  1  1  21  1  1
25  20  35  50  14  23  1  1  22  1  1
25  21  35  50  14  23  1  1  22  1  1
25  22  35  50  14  23  1  1  22  1  1
25  23  35  50  15  25  2  2  22  1  2  1  1
25  24  35  50  13  22  1  1  21  1  1
25  26  35  50  14  23  1  1  22  1  1
25  27  35  50  13  22  1  1  21  1  1
25  28  35  50  13  22  1  1  21  1  1
25  29  35  50  14  23  1  1  22  1  1
25  30  35  50  13  22  1  1  21  1  1
25  31  35  50  2  0
25  32  35  50  13  22  1  1  21  1  1
25  33  35  50  2  0
25  34  35  50  2  0
25  35  35  50  2  0
25  36  35  50  13  22  1  1  21  1  1
25  37  35  50  2  0
25  38  35  50  2  0
25  39  35  50  2  0
26  0  35  50  2  0
26  1  35  50  2  0
26  2  35  50  2  0
26  3  35  50  2  0
26  4  35  50  2  0
26  5  35  50  2  0
26  6  35  50  2  0
26  7  35  50  2  0
26  8  35  50  2  0
26  9  35  50  2  0
26  10  35  50  2  0
26  11  35  50  2  0
26  12  35  50  2  0
26  13  35  50  2  0
26  14  35  50  2  0
26  15  35  50  2  0
26  16  35  50  2  0
26  17  35  50  2  0
26  18  35  50  2  0
26  19  35  50  2  0
26  20  35  50  2  0
26  21  35  50  2  0
26  22  35  50  2  0
26  23  35  50  2  0
26  24  35  50  2  0
26  25  35  50  2  0
26  27  35  50  2  0
26  28  35  50  2  0
26  29  35  50  2  0
26  30  35  50  2  0
26  31  35  50  2  0
26  32  35  50  2  0
26  33  35  50  2  0
26  34  35  50  2  0
26  35  35  50  2  0
26  36  35  50  2  0
26  37  35  50  2  0
26  38  35  50  2  0
26  39  35  50  2  0
27  0  35  50  12  21  1  1  20  1  1
27  1  35  50  13  22  1  1  21  1  1
27  2  35  50  12  21  1  1  20  1  1
27  3  35  50  13  22  1  1  21  1  1
27  4  35  50  13  22  1  1  21  1  1
27  5  35  50  12  21  1  1  20  1  1
27  6  35  50  13  22  1  1  21  1  1
27  7  35  50  2  0
27  8  35  50  13  23  2  2  20  1  2  1  1
27  9  35  50  2  0
27  10  35  50  14  24  2  2  21  1  2  1  1
27  11  35  50  2  0
27  12  35  50  12  21  1  1  20  1  1
27  13  35  50  2  0
27  14  35  50  2  0
27  15  35  50  14  24  2  2  21  1  2  1  1
27  16  35  50  13  22  1  1  21  1  1
27  17  35  50  16  28  3  3  21  2  4  1  2  1  1
27  18  35  50  2  0
27  19  35  50  12  21  1  1  20  1  1
27  20  35  50  13  22  1  1  21  1  1
27  21  35  50  13  22  1  1  21  1  1
27  22  35  50  13  22  1  1  21  1  1
27  23  35  50  14  24  2  2  21  1  2  1  1
27  24  35  50  12  21  1  1  20  1  1
27  25  35  50  13  22  1  1  21  1  1
27  26  35  50  13  22  1  1  21  1  1
27  28  35  50  12  21  1  1  20  1  1
27  29  35  50  13  22  1  1  21  1  1
27  30  35  50  12  21  1  1  20  1  1
27  31  35  50  2  0
27  32  35  50  12  21  1  1  20  1  1
27  33  35  50  2  0
27  34  35  50  2  0
27  35  35  50  2  0
27  36  35  50  12  21  1  1  20  1  1
27  37  35  50  2  0
27  38  35  50  2  0
27  39  35  50  2  0
28  0  35  50  12  21  1  1  20  1  1
28  1  35  50  13  22  1  1  20  1  2
28  2  35  50  12  21  1  1  19  1  2
28  3  35  50  13  22  1  1  20  1  2
28  4  35  50  13  22  1  1  20  1  2
28  5  35  50  12  21  1  1  19  1  2
28  6  35  50  13  22  1  1  20  1  2
28  7  35  50  2  0
28  8  35  50  13  23  2  2  19  1  2  1  2
28  9  35  50  2  0
28  10  35  50  14  24  2  2  21  1  2  1  1
28  11  35  50  2  0
28  12  35  50  12  21  1  1  20  1  1
28  13  35  50  2  0
28  14  35  50  2  0
28  15  35  50  14  24  2  2  21  1  2  1  1
28  16  35  50  13  22  1  1  20  1  2
28  17  35  50  16  28  3  3  21  2  4  1  2  1  1
28  18  35  50  2  0
28  19  35  50  12  21  1  1  19  1  2
28  20  35  50  13  22  1  1  20  1  2
28  21  35  50  13  22  1  1  20  1  2
28  22  35  50  13  22  1  1  20  1  2
28  23  35  50  14  24  2  2  21  1  2  1  1
28  24  35  50  12  21  1  1  19  1  2
28  25  35  50  13  22  1  1  20  1  2
28  26  35  50  13  22  1  1  20  1  2
28  27  35  50  12  21  1  1  20  1  1
28  29  35  50  13  22  1  1  20  1  2
28  30  35  50  12  21  1  1  20  1  1
28  31  35  50  2  0
28  32  35  50  12  21  1  1  19  1  2
28  33  35  50  2  0
28  34  35  50  2  0
28  35  35  50  2  0
28  36  35  50  12  21  1  1  19  1  2
28  37  35  50  2  0
28  38  35  50  2  0
28  39  35  50  2  0
29  0  35  50  13  22  1  1  21  1  1
29  1  35  50  14  23  1  1  21  1  2
29  2  35  50  13  22  1  1  20  1  2
29  3  35  50  14  23  1  1  21  1  2
29  4  35  50  14  23  1  1  21  1  2
29  5  35  50  13  22  1  1  20  1  2
29  6  35  50  14  23  1  1  21  1  2
29  7  35  50  2  0
29  8  35  50  14  24  2  2  20  1  2  1  2
29  9  35  50  2  0
29  10  35  50  14  24  2  2  21  1  2  1  1
29  11  35  50  2  0
29  12  35  50  13  22  1  1  21  1  1
29  13  35  50  2  0
29  14  35  50  2  0
29  15  35  50  14  24  2  2  21  1  2  1  1
29  16  35  50  14  23  1  1  21  1  2
29  17  35  50  16  28  3  3  21  2  4  1  2  1  1
29  18  35  50  2  0
29  19  35  50  13  22  1  1  20  1  2
29  20  35  50  14  23  1  1  21  1  2
29  21  35  50  14  23  1  1  21  1  2
29  22  35  50  14  23  1  1  21  1  2
29  23  35  50  14  24  2  2  21  1  2  1  1
29  24  35  50  13  22  1  1  20  1  2
29  25  35  50  14  23  1  1  21  1  2
29  26  35  50  14  23  1  1  21  1  2
29  27  35  50  13  22  1  1  21  1  1
29  28  35  50  13  22  1  1  21  1  1
29  30  35  50  13  22  1  1  21  1  1
29  31  35  50  2  0
29  32  35  50  13  22  1  1  20  1  2
29  33  35  50  2  0
29  34  35  50  2  0
29  35  35  50  2  0
29  36  35  50  13  22  1  1  20  1  2
29  37  35  50  2  0
29  38  35  50  2  0
29  39  35  50  2  0
30  0  35  50  12  21  1  1  20  1  1
30  1  35  50  13  22  1  1  21  1  1
30  2  35  50  12  21  1  1  20  1  1
30  3  35  50  13  22  1  1  21  1  1
30  4  35  50  13  22  1  1  21  1  1
30  5  35  50  12  21  1  1  20  1  1
30  6  35  50  13  22  1  1  21  1  1
30  7  35  50  2  0
30  8  35  50  13  23  2  2  20  1  2  1  1
30  9  35  50  2  0
30  10  35  50  14  24  2  2  21  1  1  1  2
30  11  35  50  2  0
30  12  35  50  12  21  1  1  20  1  1
30  13  35  50  2  0
30  14  35  50  2  0
30  15  35  50  14  24  2  2  21  1  1  1  2
30  16  35  50  13  22  1  1  21  1  1
30  17  35  50  16  28  3  3  21  2  2  1  2  1  3
30  18  35  50  2  0
30  19  35  50  12  21  1  1  20  1  1
30  20  35  50  13  22  1  1  21  1  1
30  21  35  50  13  22  1  1  21  1  1
30  22  35  50  13  22  1  1  21  1  1
30  23  35  50  14  24  2  2  21  1  1  1  2
30  24  35  50  12  21  1  1  20  1  1
30  25  35  50  13  22  1  1  21  1  1
30  26  35  50  13  22  1  1  21  1  1
30  27  35  50  12  21  1  1  20  1  1
30  28  35  50  12  21  1  1  20  1  1
30  29  35  50  13  22  1  1  21  1  1
30  31  35  50  2  0
30  32  35  50  12  21  1  1  20  1  1
30  33  35  50  2  0
30  34  35  50  2  0
30  35  35  50  2  0
30  36  35  50  12  21  1  1  20  1  1
30  37  35  50  2  0
30  38  35  50  2  0
30  39  35  50  2  0
31  0  35  50  12  21  1  1  20  1  1
31  1  35  50  13  22  1  1  21  1  1
31  2  35  50  12  21  1  1  20  1  1
31  3  35  50  13  22  1  1  21  1  1
31  4  35  50  13  22  1  1  21  1  1
31  5  35  50  12  21  1  1  20  1  1
31  6  35  50  13  22  1  1  21  1  1
31  7  35  50  2  0
31  8  35  50  13  23  2  2  20  1  2  1  1
31  9  35  50  2  0
31  10  35  50  14  24  2  2  21  1  2  1  1
31  11  35  50  2  0
31  12  35  50  12  21  1  1  20  1  1
31  13  35  50  2  0
31  14  35  50  2  0
31  15  35  50  14  24  2  2  21  1  2  1  1
31  16  35  50  13  22  1  1  21  1  1
31  17  35  50  16  28  3  3  21  3  2  1  4  1  1
31  18  35  50  2  0
31  19  35  50  12  21  1  1  20  1  1
31  20  35  50  13  22  1  1  21  1  1
31  21  35  50  13  22  1  1  21  1  1
31  22  35  50  13  22  1  1  21  1  1
31  23  35  50  14  24  2  2  21  1  2  1  1
31  24  35  50  12  21  1  1  20  1  1
31  25  35  50  13  22  1  1  21  1  1
31  26  35  50  13  22  1  1  21  1  1
31  27  35  50  12  21  1  1  20  1  1
31  28  35  50  12  21  1  1  20  1  1
31  29  35  50  13  22  1  1  21  1  1
31  30  35  50  12  21  1  1  20  1  1
31  32  35  50  12  21  1  1  20  1  1
31  33  35  50  2  0
31  34  35  50  2  0
31  35  35  50  2  0
31  36  35  50  12  21  1  1  20  1  1
31  37  35  50  2  0
31  38  35  50  2  0
31  39  35  50  2  0
32  0  35  50  12  21  1  1  20  1  1
32  1  35  50  13  22  1  1  21  1  1
32  2  35  50  12  21  1  1  20  1  1
32  3  35  50  13  22  1  1  21  1  1
32  4  35  50  13  22  1  1  21  1  1
32  5  35  50  12  21  1  1  20  1  1
32  6  35  50  13  22  1  1  21  1  1
32  7  35  50  2  0
32  8  35  50  13  23  2  2  20  1  2  1  1
32  9  35  50  2  0
32  10  35  50  14  24  2  2  21  1  2  1  1
32  11  35  50  2  0
32  12  35  50  12  21  1  1  20  1  1
32  13  35  50  2  0
32  14  35  50  2  0
32  15  35  50  14  24  2  2  21  1  2  1  1
32  16  35  50  13  22  1  1  21  1  1
32  17  35  50  16  28  3  3  21  2  4  1  2  1  1
32  18  35  50  2  0
32  19  35  50  12  21  1  1  20  1  1
32  20  35  50  13  22  1  1  21  1  1
32  21  35  50  13  22  1  1  21  1  1
32  22  35  50  13  22  1  1  21  1  1
32  23  35  50  14  24  2  2  21  1  2  1  1
32  24  35  50  12  21  1  1  20  1  1
32  25  35  50  13  22  1  1  21  1  1
32  26  35  50  13  22  1  1  21  1  1
32  27  35  50  12  21  1  1  20  1  1
32  28  35  50  12  21  1  1  20  1  1
32  29  35  50  13  22  1  1  21  1  1
32  30  35  50  12  21  1  1  20  1  1
32  31  35  50  2  0
32  33  35  50  2  0
32  34  35  50  2  0
32  35  35  50  2  0
32  36  35  50  12  21  1  1  20  1  1
32  37  35  50  2  0
32  38  35  50  2  0
32  39  35  50  2  0
33  0  35  50  2  0
33  1  35  50  2  0
33  2  35  50  2  0
33  3  35  50  2  0
33  4  35  50  2  0
33  5  35  50  2  0
33  6  35  50  2  0
33  7  35  50  2  0
33  8  35  50  2  0
33  9  35  50  2  0
33  10  35  50  2  0
33  11  35  50  2  0
33  12  35  50  2  0
33  13  35  50  2  0
33  14  35  50  2  0
33  15  35  50  2  0
33  16  35  50  2  0
33  17  35  50  2  0
33  18  35  50  2  0
33  19  35  50  2  0
33  20  35  50  2  0
33  21  35  50  2  0
33  22  35  50  2  0
33  23  35  50  2  0
33  24  35  50  2  0
33  25  35  50  2  0
33  26  35  50  2  0
33  27  35  50  2  0
33  28  35  50  2  0
33  29  35  50  2  0
33  30  35  50  2  0
33  31  35  50  2  0
33  32  35  50  2  0
33  34  35  50  2  0
33  35  35  50  2  0
33  36  35  50  2  0
33  37  35  50  2  0
33  38  35  50  2  0
33  39  35  50  2  0
34  0  35  50  2  0
34  1  35  50  2  0
34  2  35  50  2  0
34  3  35  50  2  0
34  4  35  50  2  0
34  5  35  50  2  0
34  6  35  50  2  0
34  7  35  50  2  0
34  8  35  50  2  0
34  9  35  50  2  0
34  10  35  50  2  0
34  11  35  50  2  0
34  12  35  50  2  0
34  13  35  50  2  0
34  14  35  50  2  0
34  15  35  50  2  0
34  16  35  50  2  0
34  17  35  50  2  0
34  18  35  50  2  0
34  19  35  50  2  0
34  20  35  50  2  0
34  21  35  50  2  0
34  22  35  50  2  0
34  23  35  50  2  0
34  24  35  50  2  0
34  25  35  50  2  0
34  26  35  50  2  0
34  27  35  50  2  0
34  28  35  50  2  0
34  29  35  50  2  0
34  30  35  50  2  0
34  31  35  50  2  0
34  32  35  50  2  0
34  33  35  50  2  0
34  35  35  50  2  0
34  36  35  50  2  0
34  37  35  50  2  0
34  38  35  50  2  0
34  39  35  50  2  0
35  0  35  50  2  0
35  1  35  50  2  0
35  2  35  50  2  0
35  3  35  50  2  0
35  4  35  50  2  0
35  5  35  50  2  0
35  6  35  50  2  0
35  7  35  50  2  0
35  8  35  50  2  0
35  9  35  50  3  2  1  1  1  1  1
35  10  35  50  2  0
35  11  35  50  2  0
35  12  35  50  2  0
35  13  35  50  2  0
35  14  35  50  2  0
35  15  35  50  2  0
35  16  35  50  2  0
35  17  35  50  2  0
35  18  35  50  2  0
35  19  35  50  2  0
35  20  35  50  2  0
35  21  35  50  2  0
35  22  35  50  2  0
35  23  35  50  2  0
35  24  35  50  2  0
35  25  35  50  2  0
35  26  35  50  2  0
35  27  35  50  2  0
35  28  35  50  2  0
35  29  35  50  2  0
35  30  35  50  2  0
35  31  35  50  2  0
35  32  35  50  2  0
35  33  35  50  2  0
35  34  35  50  2  0
35  36  35  50  2  0
35  37  35  50  2  0
35  38  35  50  2  0
35  39  35  50  2  0
36  0  35  50  2  0
36  1  35  50  2  0
36  2  35  50  2  0
36  3  35  50  2  0
36  4  35  50  2  0
36  5  35  50  2  0
36  6  35  50  2  0
36  7  35  50  2  0
36  8  35  50  2  0
36  9  35  50  2  0
36  10  35  50  2  0
36  11  35  50  2  0
36  12  35  50  2  0
36  13  35  50  2  0
36  14  35  50  2  0
36  15  35  50  2  0
36  16  35  50  2  0
36  17  35  50  2  0
36  18  35  50  2  0
36  19  35  50  2  0
36  20  35  50  2  0
36  21  35  50  2  0
36  22  35  50  2  0
36  23  35  50  2  0
36  24  35  50  2  0
36  25  35  50  2  0
36  26  35  50  2  0
36  27  35  50  2  0
36  28  35  50  2  0
36  29  35  50  2  0
36  30  35  50  2  0
36  31  35  50  2  0
36  32  35  50  2  0
36  33  35  50  2  0
36  34  35  50  2  0
36  35  35  50  2  0
36  37  35  50  2  0
36  38  35  50  2  0
36  39  35  50  2  0
37  0  35  50  12  21  1  1  20  1  1
37  1  35  50  13  22  1  1  21  1  1
37  2  35  50  12  21  1  1  20  1  1
37  3  35  50  13  22  1  1  21  1  1
37  4  35  50  13  22  1  1  21  1  1
37  5  35  50  12  21  1  1  20  1  1
37  6  35  50  13  22  1  1  21  1  1
37  7  35  50  2  0
37  8  35  50  13  23  2  2  20  1  2  1  1
37  9  35  50  2  0
37  10  35  50  14  24  2  2  21  1  1  1  2
37  11  35  50  2  0
37  12  35  50  12  21  1  1  20  1  1
37  13  35  50  2  0
37  14  35  50  2  0
37  15  35  50  14  24  2  2  21  1  1  1  2
37  16  35  50  13  22  1  1  21  1  1
37  17  35  50  16  28  3  3  21  2  2  1  2  1  3
37  18  35  50  2  0
37  19  35  50  12  21  1  1  20  1  1
37  20  35  50  13  22  1  1  21  1  1
37  21  35  50  13  22  1  1  21  1  1
37  22  35  50  13  22  1  1  21  1  1
37  23  35  50  14  24  2  2  21  1  1  1  2
37  24  35  50  12  21  1  1  20  1  1
37  25  35  50  13  22  1  1  21  1  1
37  26  35  50  13  22  1  1  21  1  1
37  27  35  50  12  21  1  1  20  1  1
37  28  35  50  12  21  1  1  20  1  1
37  29  35  50  13  22  1  1  21  1  1
37  30  35  50  12  21  1  1  20  1  1
37  31  35  50  2  0
37  32  35  50  12  21  1  1  20  1  1
37  33  35  50  2  0
37  34  35  50  2  0
37  35  35  50  2  0
37  36  35  50  12  21  1  1  20  1  1
37  38  35  50  2  0
37  39  35  50  2  0
38  0  35  50  15  25  2  1  1  1  23  1  1
38  1  35  50  16  26  2  1  1  1  24  1  1
38  2  35  50  15  25  2  1  1  1  23  1  1
38  3  35  50  16  26  2  1  1  1  24  1  1
38  4  35  50  15  25  2  1  1  1  23  1  1
38  5  35  50  15  25  2  1  1  1  23  1  1
38  6  35  50  16  26  2  1  1  1  24  1  1
38  7  35  50  2  0
38  8  35  50  16  27  3  1  1  2  23  1  2  1  1
38  9  35  50  2  0
38  10  35  50  17  28  3  1  1  2  24  1  2  1  1
38  11  35  50  2  0
38  12  35  50  15  25  2  1  1  1  23  1  1
38  13  35  50  2  0
38  14  35  50  2  0
38  15  35  50  17  28  3  1  1  2  24  1  2  1  1
38  16  35  50  16  26  2  1  1  1  24  1  1
38  17  35  50  19  32  4  1  1  3  24  2  4  1  2  1  1
38  18  35  50  2  0
38  19  35  50  15  25  2  1  1  1  23  1  1
38  20  35  50  15  25  2  1  1  1  23  1  1
38  21  35  50  16  26  2  1  1  1  24  1  1
38  22  35  50  16  26  2  1  1  1  24  1  1
38  23  35  50  17  28  3  1  1  2  24  1  2  1  1
38  24  35  50  15  25  2  1  1  1  23  1  1
38  25  35  50  15  25  2  1  1  1  23  1  1
38  26  35  50  16  26  2  1  1  1  24  1  1
38  27  35  50  15  25  2  1  1  1  23  1  1
38  28  35  50  15  25  2  1  1  1  23  1  1
38  29  35  50  16  26  2  1  1  1  24  1  1
38  30  35  50  15  25  2  1  1  1  23  1  1
38  31  35  50  2  0
38  32  35  50  15  25  2  1  1  1  23  1  1
38  33  35  50  2  0
38  34  35  50  2  0
38  35  35  50  2  0
38  36  35  50  15  25  2  1  1  1  23  1  1
38  37  35  50  2  0
38  39  35  50  2  0
39  0  35  50  2  0
39  1  35  50  2  0
39  2  35  50  2  0
39  3  35  50  2  0
39  4  35  50  2  0
39  5  35  50  2  0
39  6  35  50  2  0
39  7  35  50  2  0
39  8  35  50  2  0
39  9  35  50  2  0
39  10  35  50  2  0
39  11  35  50  2  0
39  12  35  50  2  0
39  13  35  50  2  0
39  14  35  50  2  0
39  15  35  50  2  0
39  16  35  50  2  0
39  17  35  50  2  0
39  18  35  50  2  0
39  19  35  50  2  0
39  20  35  50  2  0
39  21  35  50  2  0
39  22  35  50  2  0
39  23  35  50  2  0
39  24  35  50  2  0
39  25  35  50  2  0
39  26  35  50  2  0
39  27  35  50  2  0
39  28  35  50  2  0
39  29  35  50  2  0
39  30  35  50  2  0
39  31  35  50  2  0
39  32  35  50  2  0
39  33  35  50  2  0
39  34  35  50  2  0
39  35  35  50  2  0
39  36  35  50  2  0
39  37  35  50  2  0
39  38  35  50  2  0
