0  1  10.49
0  2  20.35
0  3  17.84
0  4  8.36
0  5  7.73
0  6  17.47
0  8  24.21
0  10  24.33
0  12  5.18
0  15  24.67
0  16  2.79
0  17  26.86
0  19  17.16
0  20  8.51
0  21  12.88
0  22  8.56
0  23  23.33
0  24  12.69
0  25  7.91
0  26  13.70
0  27  9.92
0  28  5.16
0  29  10.54
0  30  2.56
0  32  10.32
0  36  17.06
1  0  7.73
1  2  3.64
1  3  1.95
1  4  3.09
1  5  2.64
1  6  1.93
1  8  4.97
1  10  21.35
1  12  10.38
1  15  21.45
1  16  7.25
1  17  21.45
1  19  1.99
1  20  2.97
1  21  1.91
1  22  3.03
1  23  21.29
1  24  2.35
1  25  2.71
1  26  2.77
1  27  19.98
1  28  26.17
1  29  21.29
1  30  13.16
1  32  3.53
1  36  1.86
2  0  0.82
2  1  5.05
2  3  2.03
2  4  9.82
2  5  9.61
2  6  2.03
2  8  26.58
2  10  5.09
2  12  2.66
2  15  5.52
2  16  1.40
2  17  7.63
2  19  1.86
2  20  10.82
2  21  0.40
2  22  10.52
2  23  7.46
2  24  0.47
2  25  10.07
2  26  0.43
2  27  4.88
2  28  2.47
2  29  5.31
2  30  1.36
2  32  12.87
2  36  1.97
3  0  4.40
3  1  26.78
3  2  6.79
3  4  7.75
3  5  7.52
3  6  21.50
3  8  12.48
3  10  27.65
3  12  13.26
3  15  27.66
3  16  7.27
3  17  24.67
3  19  9.56
3  20  7.68
3  21  2.82
3  22  7.68
3  23  24.73
3  24  1.95
3  25  7.87
3  26  1.96
3  27  26.09
3  28  13.09
3  29  26.66
3  30  6.68
3  32  9.20
3  36  9.66
5  0  2.36
5  1  13.21
5  2  11.98
5  3  5.41
5  4  26.14
5  6  4.80
5  8  13.78
5  10  13.88
5  12  6.62
5  15  13.48
5  16  3.58
5  17  21.68
5  19  4.72
5  20  27.87
5  21  1.01
5  22  27.76
5  23  20.59
5  24  1.06
5  25  26.12
5  26  1.28
5  27  12.90
5  28  6.51
5  29  13.03
5  30  3.73
5  32  18.43
5  36  5.02
6  0  3.94
6  1  26.93
6  2  6.79
6  3  9.70
6  4  7.06
6  5  6.93
6  8  12.53
6  10  27.61
6  12  13.06
6  15  27.31
6  16  7.97
6  17  24.52
6  19  9.96
6  20  7.70
6  21  2.53
6  22  7.64
6  23  24.62
6  24  1.95
6  25  7.02
6  26  1.94
6  27  26.19
6  28  13.49
6  29  26.70
6  30  7.19
6  32  9.28
6  36  9.53
11  0  2.00
11  1  8.47
11  2  8.38
11  3  1.46
11  4  7.06
11  5  14.77
11  6  4.71
11  8  9.72
11  10  19.88
11  12  4.00
11  14  0.00
11  15  7.94
11  16  2.11
11  17  12.30
11  19  3.04
11  20  7.54
11  21  0.82
11  22  6.63
11  23  11.80
11  24  0.72
11  25  6.65
11  26  1.21
11  27  8.33
11  28  3.90
11  29  8.35
11  30  2.00
11  32  3.85
11  36  2.99
12  0  1.68
12  1  11.40
12  2  10.81
12  3  17.16
12  4  12.56
12  5  12.39
12  6  17.30
12  8  20.51
12  10  11.46
12  15  11.53
12  16  3.08
12  17  23.40
12  19  17.28
12  20  13.71
12  21  0.83
12  22  13.73
12  23  23.98
12  24  0.98
12  25  12.70
12  26  0.88
12  27  10.87
12  28  6.28
12  29  11.15
12  30  2.87
12  32  17.46
12  36  17.05
13  0  0.78
13  1  1.83
13  2  1.56
13  3  0.90
13  4  2.82
13  5  2.75
13  6  3.34
13  8  2.06
13  10  3.74
13  12  1.30
13  15  1.81
13  16  1.08
13  17  2.74
13  19  0.89
13  20  7.78
13  21  0.73
13  22  7.76
13  23  2.74
13  24  0.43
13  25  2.81
13  26  0.41
13  27  1.74
13  28  1.04
13  29  1.69
13  30  0.57
13  32  1.20
13  36  0.97
14  10  0.00
15  10  0.00
15  17  0.00
16  0  3.88
16  1  26.90
16  2  6.82
16  3  9.71
16  4  7.35
16  5  6.94
16  6  9.91
16  8  12.50
16  10  27.43
16  12  13.11
16  15  27.27
16  17  24.70
16  19  9.58
16  20  7.19
16  21  1.94
16  22  7.11
16  23  24.45
16  24  2.35
16  25  7.11
16  26  2.62
16  27  26.26
16  28  13.01
16  29  27.27
16  30  6.69
16  32  9.18
16  36  9.65
19  0  1.95
19  1  13.11
19  2  3.41
19  3  26.30
19  4  3.56
19  5  3.46
19  6  25.95
19  8  26.42
19  10  13.28
19  12  6.70
19  15  13.44
19  16  3.57
19  17  21.19
19  20  3.85
19  21  1.71
19  22  3.80
19  23  20.90
19  24  1.05
19  25  4.42
19  26  1.03
19  27  13.06
19  28  6.50
19  29  13.04
19  30  3.71
19  32  4.65
19  36  27.02
20  0  1.52
20  1  10.08
20  2  19.20
20  3  3.71
20  4  19.53
20  5  19.28
20  6  3.74
20  8  20.45
20  10  10.16
20  12  5.03
20  15  10.74
20  16  3.18
20  17  15.47
20  19  3.74
20  21  0.84
20  22  21.39
20  23  15.26
20  24  1.13
20  25  19.55
20  26  0.82
20  27  9.85
20  28  5.53
20  29  9.86
20  30  3.00
20  32  26.61
20  36  3.81
21  0  0.43
21  1  3.46
21  2  13.07
21  3  1.62
21  4  5.11
21  5  4.91
21  6  1.77
21  8  13.43
21  10  21.60
21  12  1.34
21  15  21.25
21  16  0.87
21  17  21.15
21  19  1.05
21  20  5.54
21  22  5.49
21  23  4.20
21  24  26.12
21  25  5.09
21  26  21.16
21  27  2.54
21  28  1.35
21  29  2.63
21  30  0.78
21  32  6.63
21  36  0.97
22  0  1.59
22  1  10.09
22  2  19.31
22  3  4.30
22  4  19.54
22  5  19.93
22  6  3.70
22  8  20.61
22  10  10.17
22  12  5.05
22  15  10.19
22  16  2.83
22  17  15.25
22  19  4.31
22  20  21.17
22  21  0.82
22  23  14.91
22  24  0.90
22  25  19.57
22  26  1.45
22  27  9.71
22  28  4.94
22  29  9.91
22  30  2.59
22  32  26.21
22  36  4.03
23  17  0.00
24  0  0.64
24  1  2.60
24  2  13.39
24  3  1.00
24  4  4.94
24  5  4.86
24  6  0.97
24  8  13.27
24  10  20.92
24  12  1.33
24  15  21.11
24  16  0.78
24  17  20.95
24  19  0.96
24  20  5.42
24  21  26.08
24  22  5.39
24  23  4.47
24  25  5.12
24  26  26.09
24  27  3.30
24  28  1.30
24  29  2.60
24  30  0.71
24  32  7.31
24  36  1.07
25  0  1.55
25  1  10.93
25  2  19.45
25  3  4.19
25  4  20.80
25  5  19.35
25  6  4.05
25  8  20.45
25  10  10.09
25  12  5.07
25  15  10.09
25  16  3.37
25  17  15.42
25  19  3.68
25  20  21.89
25  21  0.83
25  22  21.54
25  23  15.07
25  24  1.38
25  26  0.86
25  27  10.18
25  28  4.99
25  29  10.68
25  30  2.60
25  32  26.30
25  36  3.77
27  0  3.82
27  1  26.53
27  2  6.70
27  3  9.99
27  4  6.98
27  5  7.64
27  6  9.54
27  8  12.28
27  10  26.97
27  12  13.51
27  15  27.21
27  16  7.40
27  17  24.27
27  19  9.83
27  20  7.54
27  21  1.93
27  22  8.29
27  23  24.26
27  24  2.36
27  25  7.02
27  26  2.65
27  28  12.83
27  29  27.18
27  30  6.67
27  32  9.06
27  36  9.90
28  0  7.48
28  1  10.62
28  2  4.07
28  3  2.34
28  4  2.67
28  5  2.50
28  6  2.50
28  8  4.87
28  10  24.63
28  12  9.91
28  15  24.49
28  16  7.33
28  17  31.97
28  19  1.83
28  20  2.90
28  21  1.90
28  22  3.29
28  23  27.66
28  24  2.67
28  25  2.65
28  26  2.13
28  27  19.87
28  29  9.94
28  30  13.12
28  32  3.31
28  36  1.89
29  0  8.08
29  1  10.42
29  2  4.50
29  3  2.00
29  4  3.43
29  5  2.65
29  6  2.03
29  8  5.17
29  10  20.85
29  12  10.39
29  15  20.83
29  16  8.28
29  17  21.04
29  19  2.03
29  20  3.30
29  21  2.11
29  22  3.25
29  23  21.03
29  24  1.96
29  25  2.96
29  26  2.67
29  27  20.83
29  28  27.04
29  30  14.08
29  32  3.41
29  36  1.98
30  0  14.48
30  1  18.95
30  2  11.74
30  3  11.34
30  4  7.14
30  5  7.68
30  6  11.31
30  8  15.61
30  10  28.21
30  12  9.31
30  15  28.02
30  16  28.54
30  17  24.81
30  19  11.16
30  20  8.19
30  21  7.43
30  22  7.88
30  23  29.38
30  24  7.31
30  25  7.37
30  26  7.54
30  27  19.29
30  28  9.19
30  29  18.70
30  32  9.18
30  36  11.63
31  0  0.21
31  1  0.96
31  2  0.06
31  3  0.46
31  4  3.44
31  5  1.71
31  6  0.51
31  8  0.39
31  10  0.97
31  12  0.47
31  15  0.99
31  16  0.51
31  17  1.33
31  19  0.42
31  20  1.87
31  21  0.11
31  22  2.25
31  23  1.56
31  24  0.01
31  25  1.82
31  26  0.09
31  27  0.88
31  28  0.85
31  29  0.93
31  30  0.37
31  32  0.03
31  36  0.53
32  0  1.53
32  1  10.60
32  2  19.13
32  3  3.83
32  4  19.20
32  5  18.84
32  6  3.82
32  8  20.14
32  10  9.92
32  12  5.25
32  15  9.95
32  16  2.74
32  17  15.10
32  19  3.99
32  20  20.80
32  21  0.81
32  22  20.96
32  23  14.81
32  24  0.79
32  25  19.37
32  26  0.75
32  27  9.57
32  28  4.89
32  29  10.59
32  30  2.55
32  36  3.69
35  9  0.00
37  0  2.51
37  1  0.72
37  2  1.52
37  3  1.38
37  4  5.02
37  5  2.78
37  6  0.97
37  8  1.73
37  10  2.54
37  12  0.32
37  15  2.54
37  16  1.75
37  17  3.21
37  19  0.92
37  20  2.90
37  21  1.71
37  22  2.93
37  23  1.97
37  24  0.97
37  25  2.61
37  26  1.74
37  27  0.57
37  28  0.34
37  29  0.98
37  30  0.01
37  32  1.03
37  36  0.88
38  0  3.65
38  1  24.69
38  2  27.68
38  3  8.92
38  4  21.23
38  5  47.45
38  6  9.53
38  8  28.11
38  10  24.36
38  12  12.13
38  15  24.25
38  16  6.81
38  17  37.63
38  19  8.88
38  20  21.12
38  21  1.89
38  22  21.51
38  23  36.61
38  24  1.82
38  25  21.14
38  26  1.82
38  27  23.44
38  28  12.66
38  29  23.70
38  30  6.30
38  32  21.85
38  36  8.80
