31.209624     E2F1
25.042448     TBP
24.834387     MYC
19.927473     YY1
15.726081     MAX
14.804650     RB1
13.511296     SPI1
12.088352     BRCA1
10.390674     POU2F2
8.143368      SP1
7.198935      TAF9
7.027307      NFKB1
5.497956      MECOM
5.154391      JUN
4.967093      EP300
3.873124      SUPT3H
3.615714      TRRAP
3.496892      ELF1
3.171306      TAF12
2.926109      FOS
2.896758      GSK3B
2.825504      TAF7
2.820414      TP53
2.439705      ATF4
2.288048      TCF4
1.891170      TAF1
1.690850      TFDP1
1.578422      PALB2
1.569500      HDAC1
1.557027      GTF2B
1.383004      KAT2A
1.257194      MYCBP2
1.216642      PFDN5
1.193078      MDM2
1.161850      UIMC1
1.090957      CDC6
1.088772      EP400
1.085579      TAF5L
1.075989      AURKA
1.059499      TADA2A
1.043929      RUVBL2
1.033687      SF3B3
0.980143      CCNT1
0.850729      ETV4
0.829580      TAF11
0.825949      TOPBP1
0.783943      TFDP2
0.713644      TAF13
0.706932      CDK8
0.698602      RELA
0.685262      NFKB2
0.667580      MLLT10
0.661946      REL
0.658885      PARP1
0.657259      POU2F1
0.653392      PHB
0.644217      TAF1C
0.634699      TCEA1
0.624142      SNAPC2
0.615716      SNAPC1
0.603921      NFKBIA
0.584425      DOT1L
0.580764      CTNNB1
0.576288      TRIM28
0.576288      CHD3
0.572958      SOX4
0.561068      JUNB
0.556523      CHUK
0.553533      MUC1
0.550344      HIF1A
0.528198      NFKBIB
0.511713      MAP3K8
0.493622      NFKBIE
0.482220      HSPA4
0.482050      IKBKG
0.481227      KLF1
0.455279      ID3
0.418660      MAPK1
0.390207      RELB
0.338214      COPB2
0.336637      KPNA3
0.333734      TNIP1
0.229602      ATF3
0.000000      LYL1
0.000000      CHD7
0.000000      TAL1
0.000000      STAG2
0.000000      STAG1
0.000000      MXI1
0.000000      RAD21
0.000000      RBL1
0.000000      H2AFY2
0.000000      SMARCB1
0.000000      GATA2
0.000000      E2F4
0.000000      RXRA
0.000000      RUNX1
0.000000      HDAC2
0.000000      PPARA
0.000000      CBFA2T3
0.000000      LDB1
0.000000      RARA
0.000000      GATA1
0.000000      CALM2
0.000000      MEF2A
0.000000      SMC3
0.000000      ESPL1
0.000000      JUND
0.000000      NR2F2
0.000000      ESR1
0.000000      GTF2F1
0.000000      ID2
0.000000      NCOA2
0.000000      JARID2
0.000000      TRIM24
0.000000      UBE2I
0.000000      SRF
0.000000      NCOR1
0.000000      CALM1
0.000000      TCF12
-0.435196     FOSL2
