RELA          0.698602
HDAC1         0.7847500000000001
NCOR1         0.0
YY1           12.553528210000003
TAF7          2.1166458100000014
NFKBIE        0.4936221
GTF2B         0.519009
MLLT10        0.66758
CTNNB1        0.580764
GTF2F1        0.0
TAF12         1.585653
ETV4          0.42536461000000003
ESR1          0.0
NFKB1         7.102848799999999
CHD3          0.576288
TNIP1         0.3337339
TFDP1         0.845425
ESPL1         0.0
EP400         1.0887718
IKBKG         0.4820497
TFDP2         0.7839430000000001
TCEA1         0.6346989999999999
HDAC2         0.0
MYC           17.247810160000004
MYCBP2        1.2571941
HSPA4         0.48221959999999997
GATA2         0.0
SMARCB1       0.0
PALB2         1.5784219999999998
RBL1          0.0
SNAPC1        0.6157159999999999
PFDN5         1.2166422
UIMC1         1.16185
JUN           3.120048309999998
STAG2         0.0
RAD21         0.0
H2AFY2        0.0
REL           0.6619462
SF3B3         1.0336867
TAF13         0.7136440000000001
NFKB2         0.685262
ELF1          0.499556
FOS           1.3312866
FOSL2         -0.21759799999999996
NR2F2         0.0
NCOA2         0.0
UBE2I         0.0
TAF5L         1.085579
TAF1C         0.6442169999999999
CHUK          0.5565227
SMC3          0.0
CDC6          1.0909572
GATA1         0.0
RB1           2.1149500000000003
KPNA3         0.33663719999999997
SRF           0.0
ID3           0.455279
SP1           5.0623554
MUC1          0.5535332000000001
KLF1          0.48122659999999995
MAPK1         0.41866
JARID2        0.0
NFKBIA        0.6039212
E2F1          20.666954699999998
MDM2          0.5965389
SNAPC2        0.624142
MAX           9.803760510000004
POU2F2        6.357789110000002
PHB           0.6533922999999999
LYL1          0.0
CBFA2T3       0.0
RXRA          0.0
NFKBIB        0.528198
RELB          0.39020740000000004
CCNT1         0.9801426000000001
MAP3K8        0.5117133
EP300         3.56257701
TAL1          0.0
LDB1          0.0
TRRAP         1.807857
TRIM28        0.576288
CALM1         0.0
JUND          0.0
PARP1         0.6588847
CHD7          0.0
COPB2         0.3382135
MECOM         1.832652
STAG1         0.0
MXI1          0.0
ATF3          0.07653399999999996
TADA2A        1.0594986000000002
SOX4          0.5729579
TP53          1.410207
TCF4          2.288048
E2F4          0.0
TAF9          2.399645
RUNX1         0.0
GSK3B         1.448379
PPARA         0.0
BRCA1         8.75395743
CDK8          0.706932
RARA          0.0
TCF12         0.0
CALM2         0.0
MEF2A         0.0
JUNB          0.11449000000000006
RUVBL2        1.0439286
TBP           16.031519010000007
TAF1          0.7845861100000006
AURKA         1.0759889999999999
TOPBP1        0.825949
ID2           0.0
SUPT3H        1.936562
ATF4          0.8132349999999999
TRIM24        0.0
POU2F1        0.657259
TAF11         0.82958
KAT2A         0.9896963999999996
DOT1L         0.584425
HIF1A         0.5503437999999999
SPI1          7.044185099999999
