CHUK          0.376538
NFKBIB        0.354845
IKBKG         0.319931
TFDP2         0.532602
COPB2         0.219803
EP300         3.511860220000001
RAD21         0.0
MXI1          0.0
YY1           12.076748819999999
ETV4          0.4707488
ID2           0.0
MYCBP2        1.1602416
MAPK1         0.416199
RUVBL2        0.94332
JUN           3.614062699999998
TCF4          2.3083
SP1           4.889006500000001
MAP3K8        0.348128
NFKB1         4.699242
TAF12         1.5795430000000001
SUPT3H        1.8294589
PPARA         0.0
CALM2         0.0
GTF2B         0.5482164
DOT1L         0.641025
MYC           16.05839538999999
MECOM         1.7867439999999999
E2F4          0.0
NCOA2         0.0
SMARCB1       0.0
TAF1C         0.642999
MEF2A         0.0
UIMC1         1.0487341000000001
TRRAP         1.700537
TCF12         0.0
TAF1          0.8406135500000005
TAF13         0.726732
ATF3          0.08368799999999996
JARID2        0.0
SOX4          0.5441822000000001
SNAPC1        0.61502
MUC1          0.5460427
RXRA          0.0
MDM2          0.5838890999999999
NCOR1         0.0
CDC6          1.095639
TADA2A        0.9234884
FOSL1         0.0
TAF7          2.02141735
NFKB2         0.458429
LDB1          0.0
TBP           11.178496519999998
FOSL2         -0.20955400000000002
E2F1          15.123578500000004
UBE2I         0.0
HDAC1         0.520974
TAL1          0.0
GSK3B         1.401881
SPI1          4.6803055
RELB          0.263115
GATA2         0.0
GATA1         0.0
REL           0.442677
SRF           0.0
STAG1         0.0
HDAC2         0.0
MAX           9.67128722
TAF5L         1.0275222
SNAPC2        0.611547
RARA          0.0
POU2F2        4.06334932
RUNX1         0.0
USF1          0.0
TAF11         0.838581
CALM1         0.0
CBFA2T3       0.0
PARP1         0.427686
NFKBIE        0.321219
H2AFY2        0.0
ATF4          0.819126
TRIM28        0.56405
PFDN5         1.1138137
KAT2A         0.9216704000000002
FOS           1.4916087999999994
ZFPM1         0.0
TNIP1         0.204588
ESPL1         0.0
SF3B3         0.9501444
GTF2F1        0.0
RB1           1.946107
NFKBIA        0.402717
RBL1          0.0
TP53          1.2798652
PALB2         1.417711
ELF1          0.489026
RELA          0.464917
STAG2         0.0
NR2F2         0.0
CHD7          0.0
HIF1A         0.5235472999999999
CHD3          0.56405
AURKA         0.955076
HSPA4         0.316908
ID3           0.434477
LYL1          0.0
KPNA3         0.205427
TCEA1         0.611419
CCNT1         0.9129181
JUND          0.0
EP400         1.0013207
POU2F1        0.64195
MLLT10        0.66656
TFDP1         0.570887
ESR1          0.0
BRCA1         7.5471914400000015
PHB           0.427686
TRIM24        0.0
TOPBP1        0.558363
JUNB          0.10508500000000012
TAF9          2.3055220000000003
SMC3          0.0
CTNNB1        0.566238
CDK8          0.471606
KLF1          0.46800902
