JUND          0.0
JUNB          0.6180870000000004
KLF1          0.47617780000000004
TCF4          2.3064310000000003
TRIM28        0.581244
TAF9          7.404422999999998
TRRAP         3.7615339999999997
NCOA2         0.0
H2AFY2        0.0
MEF2A         0.0
PHB           0.6629188
SMARCB1       0.0
TFDP2         0.788421
DOT1L         0.575361
TP53          2.8957260000000002
EP300         4.993316899999994
TAL1          0.0
UBE2I         0.0
NFKBIE        0.5095649
CALM2         0.0
BRCA1         12.591372319999993
POU2F1        0.655811
TBP           25.125791900000003
TFDP1         1.723462
TADA2A        1.0819015
MDM2          1.198225
RAD21         0.0
PPARA         0.0
ATF4          2.463717
FOS           2.9160240000000024
YY1           20.680434200000004
MAP3K8        0.5352424
STAG1         0.0
RXRA          0.0
MYCBP2        1.3274905
RELB          0.40372820000000004
KAT2A         1.3551536999999994
NFKBIA        0.6251118
JUN           5.1944022
NFKB1         7.283698199999999
RUVBL2        1.1211716
MAPK1         0.428832
CALM1         0.0
ESR1          0.0
PFDN5         1.2939708
CDK8          0.714657
MECOM         5.582822999999999
PARP1         0.6767138
EP400         1.1556389999999999
SOX4          0.582665
PALB2         1.603817
SNAPC1        0.608973
MXI1          0.0
COPB2         0.3529194
SNAPC2        0.617043
ID3           0.463188
ELF1          3.5387520000000006
CDC6          1.1400705
TOPBP1        0.837229
IKBKG         0.5000814
HIF1A         0.5570406999999999
MLLT10        0.675003
E2F4          0.0
GTF2F1        0.0
LYL1          0.0
TAF1C         0.6089330000000001
TRIM24        0.0
GTF2B         1.5326759999999988
TAF7          2.8696501999999984
GATA1         0.0
GATA2         0.0
RARA          0.0
CTNNB1        0.592879
ETV4          0.8524144
TAF12         3.3269640000000003
TAF1          1.8519892000000011
ATF3          0.22817400000000004
SUPT3H        3.97365
RB1           14.854412999999994
HDAC2         0.0
MUC1          0.563456
SMC3          0.0
RUNX1         0.0
CHD7          0.0
REL           0.6784023
TCEA1         0.6405339999999999
SPI1          13.537504939999994
FOSL2         -0.45231599999999994
CHUK          0.5776197000000001
GSK3B         3.0118220000000004
RELA          0.7176210000000001
TAF11         0.828897
TAF5L         1.138387
NFKBIB        0.5548563
TAF13         0.66422
TNIP1         0.3480682
ID2           0.0
MAX           16.304300899999994
HSPA4         0.499399
SRF           0.0
STAG2         0.0
NR2F2         0.0
ESPL1         0.0
UIMC1         1.1983409999999999
CBFA2T3       0.0
AURKA         1.115154
KPNA3         0.35256960000000004
SP1           8.4160298
HDAC1         1.59322
MYC           26.19264982
E2F1          32.0700034
JARID2        0.0
NFKB2         0.704984
SF3B3         1.0973495
TCF12         0.0
RBL1          0.0
CCNT1         0.9765685000000002
NCOR1         0.0
CHD3          0.581244
LDB1          0.0
POU2F2        10.329671060000003
