ESPL1         0.0
MYC           18.091349259999998
EP300         3.8329679
E2F4          0.0
JARID2        0.0
ELF1          0.481172
KLF1          0.4845782
MAP3K8        0.5147166
TAF11         0.837916
ID3           0.390168
BRCA1         9.239231459999997
HDAC2         0.0
PALB2         1.600598
YY1           13.098122600000009
POU2F2        6.670629099999999
PARP1         0.669412
TCF12         0.0
MAX           10.140328700000001
CDC6          1.1077563000000001
NFKBIA        0.6170654
SRF           0.0
IKBKG         0.4935551
NFKB2         0.698522
CDK8          0.722372
TAF9          2.468137
NFKB1         7.222106199999999
MLLT10        0.665401
TAF1          0.7915534999999997
NFKBIE        0.5014955000000001
COPB2         0.3450705
MXI1          0.0
ID2           0.0
STAG1         0.0
NCOR1         0.0
TADA2A        1.0518163
CHD3          0.581649
TAF13         0.67018
GSK3B         1.490506
TFDP2         0.809206
CALM2         0.0
MDM2          0.5954912
LDB1          0.0
GTF2F1        0.0
GATA1         0.0
RB1           2.119097
SF3B3         1.0793943000000001
NFKBIB        0.5421836
TAF12         1.7109740000000002
SPI1          7.0860699
JUND          0.0
PFDN5         1.2592922000000002
TRIM24        0.0
SMARCB1       0.0
NR2F2         0.0
CHUK          0.5719797
SNAPC2        0.642909
ESR1          0.0
E2F1          21.123234800000006
CHD7          0.0
RELB          0.37781549999999997
KAT2A         0.8467132000000009
RBL1          0.0
DOT1L         0.493111
RAD21         0.0
FOS           1.3551859000000004
CTNNB1        0.57571
CBFA2T3       0.0
NCOA2         0.0
GTF2B         0.5234189999999999
CALM1         0.0
ATF4          0.843555
TRRAP         1.872626
HSPA4         0.49421919999999997
TFDP1         0.862043
HDAC1         0.803004
PPARA         0.0
JUN           3.1390569999999998
SOX4          0.5845253
SMC3          0.0
MECOM         1.8769740000000001
FOSL2         0.0
AURKA         1.09229
REL           0.6745099999999999
H2AFY2        0.0
MUC1          0.560516
ATF3          0.07314000000000004
RUVBL2        1.0639997
RXRA          0.0
SNAPC1        0.6149990000000001
GATA2         0.0
TNIP1         0.336044
CCNT1         0.9618066
SUPT3H        1.9957759999999998
RUNX1         0.0
MAPK1         0.430164
SP1           5.138590999999999
POU2F1        0.6604059999999999
UIMC1         1.1937119999999999
MEF2A         0.0
TAF7          2.119941599999999
TBP           16.4099498
PHB           0.667782
TOPBP1        0.844816
EP400         1.131984
MYCBP2        1.2873064
TCEA1         0.647264
ETV4          0.4513348
TAF5L         1.1363704000000001
JUNB          0.3467719999999999
UBE2I         0.0
HIF1A         0.5488904
TCF4          2.12439
KPNA3         0.3409071
RARA          0.0
LYL1          0.0
STAG2         0.0
RELA          0.7140219999999999
TAL1          0.0
TAF1C         0.657347
TRIM28        0.581649
TP53          1.661349
