UIMC1         1.088635
TRIM24        0.0
SOX4          0.49780693
SPI1          12.647538480000009
TP53          2.578336
SP1           7.728663900000001
SUPT3H        4.006906
TCF4          2.261286
MYCBP2        1.1900422
FOS           2.907156599999999
TAF12         3.368626000000001
NR2F2         0.0
MYC           24.812452460000006
E2F1          29.094828300000007
TAF7          2.3885546099999977
RELA          0.6469119999999999
E2F4          0.0
CHD3          0.576927
MLLT10        0.652959
CHUK          0.5253852999999999
PHB           0.5893354
NFKBIB        0.5032109
RUNX1         0.0
TAL1          0.0
EP400         1.0708992
MXI1          0.0
H2AFY2        0.0
MAP3K8        0.4902776
REL           0.6158355
RELB          0.37221859999999996
JUN           5.035598709999997
CDC6          1.1451252
PPARA         0.0
GATA2         0.0
HSPA4         0.43993360000000004
SNAPC1        0.599098
TOPBP1        0.769933
SNAPC2        0.5895159999999999
ID2           0.0
KAT2A         1.5030354000000004
MAPK1         0.38119800000000004
TAF5L         1.0008601000000001
TAF1C         0.617505
DOT1L         0.636354
NCOA2         0.0
MDM2          1.0893918
ESPL1         0.0
ID3           0.420757
CALM2         0.0
HDAC2         0.0
TRIM28        0.576927
ATF3          0.24717300000000003
IKBKG         0.43806999999999996
MAX           15.374357809999996
TAF1          1.6648425100000004
CDK8          0.6525291
COPB2         0.29233929999999997
RAD21         0.0
NCOR1         0.0
RXRA          0.0
JUND          0.0
UBE2I         0.0
POU2F1        0.6109009999999999
NFKBIA        0.5562182
SRF           0.0
GSK3B         2.6836699999999998
ATF4          2.318205
JUNB          0.5873009999999994
TRRAP         3.537864
CALM1         0.0
SMC3          0.0
YY1           19.064150510000022
GATA1         0.0
MEF2A         0.0
KPNA3         0.29162200000000005
SF3B3         1.0656288999999999
STAG2         0.0
ELF1          3.263414
TAF13         0.602098
FOSL2         -0.43533
JARID2        0.0
AURKA         1.056505
BRCA1         11.76103799
TNIP1         0.2950976
PARP1         0.587268
RARA          0.0
CHD7          0.0
PALB2         1.565805
ETV4          0.8669167600000001
GTF2F1        0.0
NFKB2         0.6366379
HIF1A         0.48059585
CTNNB1        0.551216
TBP           23.092473109999975
RUVBL2        1.0152989000000001
CBFA2T3       0.0
NFKB1         6.480633700000002
HDAC1         1.4330905999999999
SMARCB1       0.0
GTF2B         1.3097880000000002
CCNT1         0.849848
POU2F2        9.701659329999995
TAF9          6.764325
TADA2A        1.0914329999999999
LDB1          0.0
TAF11         0.801345
STAG1         0.0
RB1           14.126875000000007
EP300         4.5232965100000015
MECOM         5.299413
KLF1          0.42480218
TFDP1         1.579882
TFDP2         0.7324320000000001
ESR1          0.0
TCEA1         0.576124
PFDN5         1.1151339
LYL1          0.0
NFKBIE        0.4514092
TCF12         0.0
RBL1          0.0
MUC1          0.50519099
