UBE2I         0.0
E2F4          0.0
E2F1          23.754590900000004
GTF2F1        0.0
CTNNB1        0.556576
MXI1          0.0
CHD3          0.580114
TAF1          2.266875720000002
UIMC1         1.0670938
RARA          0.0
TAL1          0.0
PFDN5         1.1179849
ID3           0.398689
CDC6          1.1474401
MDM2          1.1695010000000001
MAP3K8        0.347602
CHUK          0.379281
TCF12         0.0
PPARA         0.0
GSK3B         2.83608
ESPL1         0.0
SRF           0.0
NCOR1         0.0
MYCBP2        1.1656211
ID2           0.0
HIF1A         0.5232468
SMC3          0.0
CALM2         0.0
BRCA1         10.805241800000012
HDAC1         1.041948
IKBKG         0.313278
NR2F2         0.0
TAF13         0.7518239999999999
SOX4          0.5427753
YY1           19.157458999999996
TADA2A        0.9439126999999999
TBP           19.087601799999977
RELB          0.25758
MLLT10        0.672504
TNIP1         0.172911
SF3B3         0.9375536999999999
USF1          0.0
EP300         4.925644699999999
ETV4          0.9397182
MUC1          0.5528655
NFKB1         4.636085
ZFPM1         0.0
TAF5L         1.0232576999999998
LYL1          0.0
POU2F2        7.5112347
KPNA3         0.169632
CHD7          0.0
GATA2         0.0
MAPK1         0.42410600000000004
TAF7          2.750024520000001
KLF1          0.4693733
ESR1          0.0
TRIM24        0.0
FOSL1         0.0
TCEA1         0.6153109999999999
RXRA          0.0
LDB1          0.0
FOS           3.298118899999997
GATA1         0.0
STAG2         0.0
NCOA2         0.0
TFDP1         1.141774
MEF2A         0.0
TRIM28        0.580114
TAF11         0.863368
CCNT1         0.9076331
HSPA4         0.309885
DOT1L         0.676135
MAX           15.612718600000004
SNAPC1        0.6418649999999999
SP1           7.805079700000005
TRRAP         3.4500381999999994
CALM1         0.0
TOPBP1        0.558363
PALB2         1.448201
ATF3          0.25241100000000005
TAF1C         0.653153
SUPT3H        3.6994324000000005
HDAC2         0.0
NFKBIB        0.362837
AURKA         1.0080175000000002
SMARCB1       0.0
SNAPC2        0.617935
TAF12         3.188216
RUVBL2        0.958437
JARID2        0.0
PARP1         0.427686
RELA          0.46389
STAG1         0.0
TCF4          2.303904
MECOM         5.289870000000001
CDK8          0.471606
POU2F1        0.631403
EP400         1.0136757
NFKB2         0.464873
ATF4          2.51625
TFDP2         0.532602
RB1           14.57778
TAF9          6.888126
RBL1          0.0
TP53          2.597436
FOSL2         -0.438396
JUND          0.0
H2AFY2        0.0
COPB2         0.227785
NFKBIA        0.399586
JUN           6.148174109999997
JUNB          0.5354099999999999
RAD21         0.0
ELF1          3.453835
NFKBIE        0.327405
REL           0.43954
CBFA2T3       0.0
GTF2B         1.5890937000000005
RUNX1         0.0
SPI1          11.622882600000011
PHB           0.427686
KAT2A         1.3263001
MYC           23.531387040000002
