24.367831     MYC
24.078577     E2F1
19.790642     YY1
18.563806     TBP
15.897328     MAX
13.605242     RB1
11.180871     BRCA1
10.693031     SPI1
8.170717      SP1
7.123550      POU2F2
7.005774      TAF9
6.089554      JUN
5.457090      MECOM
4.928618      EP300
4.769975      NFKB1
3.798108      SUPT3H
3.498355      TRRAP
3.368057      ELF1
3.203890      FOS
3.187472      TAF12
2.874108      GSK3B
2.760696      TAF7
2.648974      TP53
2.451504      ATF4
2.329257      TCF4
2.262298      TAF1
1.591520      PALB2
1.500037      GTF2B
1.350087      KAT2A
1.206200      MYCBP2
1.187230      MDM2
1.146342      PFDN5
1.141774      TFDP1
1.113426      CDC6
1.099091      UIMC1
1.064004      TAF5L
1.041948      HDAC1
1.039894      EP400
1.008889      TADA2A
1.008112      SF3B3
0.997893      AURKA
0.992642      RUVBL2
0.930807      ETV4
0.925059      CCNT1
0.834688      TAF11
0.727274      TAF13
0.673793      MLLT10
0.643160      DOT1L
0.635484      POU2F1
0.630215      TAF1C
0.607893      SNAPC2
0.604691      SNAPC1
0.599675      TCEA1
0.574710      CTNNB1
0.570831      CHD3
0.570831      TRIM28
0.558363      TOPBP1
0.556874      MUC1
0.548523      SOX4
0.532602      TFDP2
0.528320      HIF1A
0.528241      JUNB
0.471606      CDK8
0.469082      RELA
0.467138      KLF1
0.462934      NFKB2
0.447584      REL
0.437594      ID3
0.427686      PARP1
0.427686      PHB
0.410947      MAPK1
0.407972      NFKBIA
0.376905      CHUK
0.361027      NFKBIB
0.355807      MAP3K8
0.331316      NFKBIE
0.325774      IKBKG
0.323510      HSPA4
0.266016      RELB
0.250068      ATF3
0.219121      COPB2
0.213370      TNIP1
0.209557      KPNA3
0.000000      ID2
0.000000      RXRA
0.000000      TRIM24
0.000000      NCOR1
0.000000      ZFPM1
0.000000      LYL1
0.000000      TCF12
0.000000      GATA1
0.000000      PPARA
0.000000      MXI1
0.000000      JARID2
0.000000      H2AFY2
0.000000      GATA2
0.000000      TAL1
0.000000      JUND
0.000000      GTF2F1
0.000000      E2F4
0.000000      NCOA2
0.000000      CALM2
0.000000      CHD7
0.000000      ESPL1
0.000000      STAG1
0.000000      RBL1
0.000000      SRF
0.000000      NR2F2
0.000000      MEF2A
0.000000      HDAC2
0.000000      RAD21
0.000000      FOSL1
0.000000      UBE2I
0.000000      USF1
0.000000      CBFA2T3
0.000000      CALM1
0.000000      SMC3
0.000000      SMARCB1
0.000000      LDB1
0.000000      ESR1
0.000000      RUNX1
0.000000      STAG2
0.000000      RARA
-0.461264     FOSL2
