ATF3          0.24959999999999993
SMARCB1       0.0
NR2F2         0.0
ELF1          3.5367920000000006
GTF2F1        0.0
PARP1         0.672044
GSK3B         3.0171619999999995
RELA          0.712046
MAP3K8        0.5147109
HDAC1         1.600434
TNIP1         0.3552577
MLLT10        0.681501
NFKBIA        0.6233047
GATA2         0.0
KAT2A         1.3254055000000005
CDC6          1.0877064
HDAC2         0.0
AURKA         1.096147
GTF2B         1.5648840000000006
POU2F1        0.6497700000000001
JARID2        0.0
RBL1          0.0
MYCBP2        1.2919679000000002
MECOM         5.840312999999998
HIF1A         0.5912499
RAD21         0.0
CDK8          0.734935
JUNB          0.6541559999999995
NFKB2         0.696023
UBE2I         0.0
SNAPC1        0.62899
SP1           8.300263400000004
TAF5L         1.1516843
E2F4          0.0
SPI1          13.658187300000005
CALM1         0.0
RXRA          0.0
SF3B3         1.0938741
EP300         5.18675848
TP53          2.9622819999999996
CHUK          0.5774237
JUND          0.0
BRCA1         12.63262804
CALM2         0.0
MUC1          0.5763566
TAF11         0.841761
TRRAP         3.729246
YY1           20.61949928
TAF7          2.92169148
MAPK1         0.45299900000000004
LYL1          0.0
KPNA3         0.3467773
UIMC1         1.207582
TAF12         3.0269640000000004
CHD7          0.0
COPB2         0.35197999999999996
TOPBP1        0.8344050000000001
ESR1          0.0
SUPT3H        3.9155940000000005
SOX4          0.6111422
TFDP2         0.786616
CBFA2T3       0.0
JUN           5.385952480000002
TAF9          7.451052000000001
HSPA4         0.49715770000000004
NFKB1         7.207624400000002
ESPL1         0.0
CCNT1         0.9973806
TADA2A        1.1556144000000002
TBP           25.80649658000002
TAF13         0.800983
PALB2         1.6001409999999998
TCF4          2.330403
TRIM28        0.58333
E2F1          32.09686550000001
TRIM24        0.0
TAL1          0.0
MDM2          1.2682702000000001
SNAPC2        0.612329
TAF1          1.8562421799999986
MAX           16.315271480000003
TCF12         0.0
RUVBL2        1.0454815
RARA          0.0
LDB1          0.0
PFDN5         1.2765711
CHD3          0.58333
PHB           0.680356
RELB          0.38871089999999997
EP400         1.1444187000000001
KLF1          0.47742609999999996
PPARA         0.0
SMC3          0.0
POU2F2        10.811411179999997
TFDP1         1.71468
ID3           0.469967
DOT1L         0.587456
NCOR1         0.0
ATF4          2.6177969999999995
TAF1C         0.655829
STAG2         0.0
FOS           3.1973517999999994
IKBKG         0.4951506
NCOA2         0.0
FOSL2         -0.45492599999999994
GATA1         0.0
MXI1          0.0
NFKBIE        0.511351
ETV4          0.8668534800000001
MEF2A         0.0
RB1           14.904988000000007
H2AFY2        0.0
TCEA1         0.644264
NFKBIB        0.5376529
SRF           0.0
RUNX1         0.0
STAG1         0.0
ID2           0.0
REL           0.67676
MYC           25.733106040000003
CTNNB1        0.591479
