PHB           0.6393393
IKBKG         0.47355040000000004
JARID2        0.0
CALM2         0.0
TAF1          1.8030557600000003
UIMC1         1.148302
CDK8          0.693034
MECOM         5.526716999999998
CBFA2T3       0.0
HDAC1         1.54123
ATF4          2.4789899999999996
SNAPC2        0.605586
FOSL2         -0.43750200000000006
STAG2         0.0
TCF4          2.271204
BRCA1         12.0535884
E2F4          0.0
MAX           15.78411806
TAF9          7.123746000000001
E2F1          30.825063099999994
POU2F1        0.6454679999999999
LYL1          0.0
TAF1C         0.6386310000000001
TCF12         0.0
RUVBL2        1.0449754
HIF1A         0.5311752000000001
HDAC2         0.0
CHD7          0.0
MYC           24.872417279999993
MAPK1         0.42595799999999995
NFKBIE        0.484629
KPNA3         0.32593700000000003
TP53          2.7740200000000006
TAF11         0.828244
KLF1          0.47006879999999995
TFDP2         0.773193
DOT1L         0.593698
POU2F2        10.258695700000004
TBP           24.777743760000025
REL           0.6520921
MEF2A         0.0
COPB2         0.3270652
TAF7          2.7046802600000013
ELF1          3.435194
TRIM28        0.572702
PARP1         0.6417075
SNAPC1        0.606554
RBL1          0.0
SMARCB1       0.0
ESR1          0.0
GATA1         0.0
NFKB1         6.9161973
EP400         1.0903369
CTNNB1        0.576218
HSPA4         0.4715802
JUNB          0.6002489999999991
TCEA1         0.6233040000000001
RELB          0.38764370000000004
RELA          0.6891144
TAL1          0.0
GTF2B         1.4847089999999998
AURKA         1.060039
JUN           5.231482459999995
PPARA         0.0
RXRA          0.0
MXI1          0.0
CCNT1         0.9377144
RARA          0.0
RB1           14.658021000000007
EP300         4.845702760000003
NCOA2         0.0
NFKB2         0.6776384
UBE2I         0.0
MYCBP2        1.2565343
MDM2          1.1535164000000002
SUPT3H        3.8800279999999994
KAT2A         1.3584169000000004
MLLT10        0.66531
TAF5L         1.0816055
NFKBIA        0.5955741999999999
GTF2F1        0.0
RUNX1         0.0
SMC3          0.0
ESPL1         0.0
PFDN5         1.2126559000000001
TADA2A        1.0233501
TAF12         3.2620180000000003
ATF3          0.2373089999999998
H2AFY2        0.0
TAF13         0.6880660000000001
GSK3B         2.896018
MAP3K8        0.5094387
RAD21         0.0
ID2           0.0
CDC6          1.0786639
JUND          0.0
SPI1          13.40457636
SOX4          0.5516610000000001
TOPBP1        0.81488
TNIP1         0.3255345
CHUK          0.5519579
ETV4          0.8630884600000001
GATA2         0.0
YY1           19.67740885999999
ID3           0.435978
NR2F2         0.0
CHD3          0.572702
TRIM24        0.0
SRF           0.0
NFKBIB        0.5213236
CALM1         0.0
NCOR1         0.0
TRRAP         3.6065320000000005
STAG1         0.0
PALB2         1.569501
FOS           3.0224249000000016
SF3B3         1.0338305
TFDP1         1.673212
SP1           8.022790699999996
LDB1          0.0
MUC1          0.5400949
