26.947446     E2F1
21.486394     TBP
21.195473     MYC
17.029971     YY1
14.321516     MAX
13.725061     RB1
12.068263     SPI1
10.285161     BRCA1
8.927894      POU2F2
7.066795      SP1
6.376614      TAF9
5.968474      NFKB1
4.820109      MECOM
4.692335      JUN
4.359055      EP300
3.437640      SUPT3H
3.162265      TRRAP
3.137855      ELF1
2.978720      TAF12
2.619068      FOS
2.460122      GSK3B
2.375393      TP53
2.345382      TCF4
2.189907      ATF4
2.164562      TAF7
1.555416      TAF1
1.476368      TFDP1
1.430205      PALB2
1.383762      GTF2B
1.338760      HDAC1
1.301602      KAT2A
1.047025      MYCBP2
1.027558      MDM2
1.015450      UIMC1
0.989335      PFDN5
0.982301      AURKA
0.950797      ETV4
0.940202      CDC6
0.924182      EP400
0.923767      TAF5L
0.879561      SF3B3
0.875663      RUVBL2
0.865512      TADA2A
0.808911      CCNT1
0.781565      TAF11
0.728306      TOPBP1
0.702582      TAF13
0.701042      TFDP2
0.648796      MLLT10
0.648563      DOT1L
0.628475      TAF1C
0.616595      CDK8
0.604457      RELA
0.599803      POU2F1
0.595137      NFKB2
0.585481      SNAPC1
0.575571      REL
0.569889      SNAPC2
0.555142      PHB
0.549123      PARP1
0.544946      TCEA1
0.537403      CTNNB1
0.537083      CHD3
0.537083      TRIM28
0.512832      NFKBIA
0.510620      ID3
0.486835      CHUK
0.473813      MUC1
0.473607      JUNB
0.460636      NFKBIB
0.454747      SOX4
0.446788      MAP3K8
0.444537      HIF1A
0.421565      NFKBIE
0.400386      IKBKG
0.398751      HSPA4
0.396557      KLF1
0.357805      MAPK1
0.339229      RELB
0.265093      TNIP1
0.264211      COPB2
0.262105      KPNA3
0.257121      ATF3
0.000000      RBL1
0.000000      LDB1
0.000000      LYL1
0.000000      E2F4
0.000000      TCF12
0.000000      SMARCB1
0.000000      JARID2
0.000000      CBFA2T3
0.000000      ID2
0.000000      PPARA
0.000000      MEF2A
0.000000      HDAC2
0.000000      STAG1
0.000000      GATA2
0.000000      RAD21
0.000000      MXI1
0.000000      CALM2
0.000000      CHD7
0.000000      CALM1
0.000000      TAL1
0.000000      TRIM24
0.000000      GATA1
0.000000      NCOA2
0.000000      H2AFY2
0.000000      RXRA
0.000000      SMC3
0.000000      NCOR1
0.000000      JUND
0.000000      SRF
0.000000      NR2F2
0.000000      STAG2
0.000000      ESR1
0.000000      GTF2F1
0.000000      RUNX1
0.000000      RARA
0.000000      ESPL1
0.000000      UBE2I
-0.403437     FOSL2
