JUND          0.0
SRF           0.0
MYC           25.39142546000003
TAF12         3.320076
NCOA2         0.0
ATF3          0.23911500000000008
POU2F1        0.6601619999999999
E2F1          31.26552390000001
TRIM24        0.0
TCF12         0.0
RELB          0.39058329999999997
SUPT3H        3.93811
GTF2F1        0.0
TFDP1         1.681724
LDB1          0.0
NFKBIA        0.6022195
EP400         1.1158154
LYL1          0.0
SOX4          0.5641643
CALM1         0.0
COPB2         0.33490949999999997
NFKB2         0.683121
RAD21         0.0
FOSL2         -0.44197600000000004
MAX           15.981698580000002
TFDP2         0.776725
MLLT10        0.665699
TADA2A        1.0605643
MEF2A         0.0
ELF1          3.43973
MXI1          0.0
CDK8          0.703143
TAF5L         1.0984866
GATA1         0.0
ATF4          2.511435
IKBKG         0.4796363
JUN           5.292456979999998
ESR1          0.0
TCEA1         0.636088
MUC1          0.5461895
UBE2I         0.0
H2AFY2        0.0
MECOM         5.627528999999999
FOS           3.0529364
KPNA3         0.3331455
TP53          2.8098460000000003
TAF11         0.8437979999999999
RELA          0.69658
TAF1          1.8534543799999998
RBL1          0.0
CBFA2T3       0.0
BRCA1         12.319700319999992
PPARA         0.0
CTNNB1        0.577792
CHD3          0.570396
RUNX1         0.0
SPI1          13.50910764
SP1           8.166636800000003
SNAPC1        0.626389
TRRAP         3.666902
MYCBP2        1.2723561
KLF1          0.4692407
SMC3          0.0
NFKBIB        0.5294063
JARID2        0.0
TNIP1         0.3314029
ESPL1         0.0
KAT2A         1.3745773
TBP           25.29479228000001
TAF7          2.7680778800000003
RUVBL2        1.0701817
TAF1C         0.64729
YY1           20.04965698000003
MDM2          1.1806022000000003
HSPA4         0.4792341
ID2           0.0
PARP1         0.6514191
NFKBIE        0.4933524
UIMC1         1.166431
RB1           14.664762000000001
RXRA          0.0
TAF13         0.685684
PFDN5         1.2299148999999998
HDAC2         0.0
DOT1L         0.590405
REL           0.6600102999999999
E2F4          0.0
HIF1A         0.5417165
SMARCB1       0.0
NCOR1         0.0
SNAPC2        0.626449
ID3           0.448751
GATA2         0.0
RARA          0.0
STAG1         0.0
NR2F2         0.0
NFKB1         7.014876000000001
CHD7          0.0
AURKA         1.0832220000000001
GTF2B         1.5158099999999997
TOPBP1        0.821315
HDAC1         1.5551979999999999
CALM2         0.0
EP300         4.911846079999999
MAPK1         0.43142899999999995
CCNT1         0.9521731
STAG2         0.0
TCF4          2.2826470000000003
ETV4          0.87176288
GSK3B         2.950014
POU2F2        10.537938239999995
TAL1          0.0
JUNB          0.6248930000000001
PHB           0.6522546
CHUK          0.5584484
MAP3K8        0.5202884999999999
PALB2         1.58556
SF3B3         1.0631312
TRIM28        0.570396
TAF9          7.237007999999999
CDC6          1.1154727000000002
