PFDN5         1.1124323999999999
TAF9          6.975129000000001
RB1           14.441875
HSPA4         0.4454639
HDAC1         1.414616
TADA2A        1.0057781000000001
MAX           16.344162400000005
SRF           0.0
MDM2          1.3475204
E2F1          29.2300867
ESPL1         0.0
TOPBP1        0.7566949999999999
SMC3          0.0
FOS           2.9734326999999987
RELB          0.3736638
CHD3          0.568163
CHUK          0.5337951000000001
JARID2        0.0
TFDP2         0.727444
PARP1         0.5895883
KAT2A         1.4230089000000001
ATF4          2.481402
TAF13         1.02686
CALM1         0.0
CALM2         0.0
PPARA         0.0
MEF2A         0.0
KPNA3         0.2985898
AURKA         1.06531
TCEA1         0.620941
TP53          2.833148
GSK3B         2.92851
CDK8          0.629365
TNIP1         0.3080905
HIF1A         0.5843288
COPB2         0.3027223
GATA2         0.0
RXRA          0.0
RUNX1         0.0
SP1           7.9035049
TRIM24        0.0
TRRAP         3.6196300000000003
RARA          0.0
TBP           24.986827300000026
CDC6          1.0338957
GTF2B         1.3379699999999992
TAF1C         0.6893739999999999
MYC           25.0267463
UIMC1         1.142687
MLLT10        0.703377
ID2           0.0
MXI1          0.0
RBL1          0.0
MECOM         5.4819059999999995
MYCBP2        1.1895068000000002
SNAPC1        0.636511
ESR1          0.0
TFDP1         1.5331679999999999
EP400         1.0851682
RAD21         0.0
BRCA1         11.855713339999996
NCOA2         0.0
NFKBIE        0.46267650000000005
PALB2         1.486856
MUC1          0.6148719
RELA          0.6363802000000001
NFKBIA        0.5568466999999999
PHB           0.5914535
POU2F2        10.592791799999997
ATF3          0.24533400000000005
NFKB1         6.511738000000001
REL           0.6122928
NCOR1         0.0
CHD7          0.0
SNAPC2        0.640701
TAL1          0.0
NFKBIB        0.4975757
JUND          0.0
CBFA2T3       0.0
HDAC2         0.0
H2AFY2        0.0
UBE2I         0.0
TCF12         0.0
SF3B3         1.0488609
MAP3K8        0.4904033
TAF11         0.879537
CCNT1         0.8997408
FOSL2         -0.457352
ETV4          1.8207844000000002
ELF1          3.404702
STAG2         0.0
JUN           5.426509000000002
SOX4          0.6109302
SPI1          13.494072899999995
NFKB2         0.6322126
STAG1         0.0
CTNNB1        0.583198
TRIM28        0.568163
SUPT3H        3.91928
LDB1          0.0
IKBKG         0.44184880000000004
SMARCB1       0.0
EP300         6.279155199999998
TAF7          2.7277887999999977
GTF2F1        0.0
YY1           20.91179100000001
RUVBL2        1.0113012000000001
ID3           0.630866
TAF1          1.8594801999999993
POU2F1        0.660467
DOT1L         0.766425
NR2F2         0.0
KLF1          0.5512371
TCF4          2.683866
TAF12         3.420698
MAPK1         0.43589500000000003
JUNB          0.5291470000000007
TAF5L         1.1034595999999999
GATA1         0.0
E2F4          0.0
LYL1          0.0
