PHB           0.48461529999999997
TCF12         0.0
STAG1         0.0
MLLT10        0.660938
NFKB1         5.764986400000001
ELF1          0.402866
PFDN5         0.9073949
MECOM         1.54484
TBP           13.243354110000004
TNIP1         0.2389355
CTNNB1        0.512078
CHD3          0.515518
GTF2F1        0.0
RUNX1         0.0
PPARA         0.0
NFKB2         0.5584362
JUN           2.9610928000000007
NFKBIE        0.4110644
TRIM28        0.515518
GATA2         0.0
STAG2         0.0
ATF3          0.09882999999999995
GSK3B         1.215516
SMARCB1       0.0
ESR1          0.0
RXRA          0.0
ID3           0.400119
RUVBL2        1.0435019
MXI1          0.0
TCEA1         0.49402100000000004
TAF9          2.1523
MAX           9.652778510000003
RELB          0.3301987
FOS           1.3943852
MYC           16.142053970000003
REL           0.5477312999999999
NCOR1         0.0
CALM1         0.0
SP1           4.681206400000001
MYCBP2        1.075386
TAF13         0.885064
IKBKG         0.3665022
KLF1          0.46275989
RELA          0.5640465
TAF7          1.3609068800000002
TP53          1.2246173
JUND          0.0
TAF12         1.841108
EP300         3.46254211
H2AFY2        0.0
SMC3          0.0
EP400         0.9628061
TAF1          0.43140108
CDK8          0.5822373999999999
TCF4          2.4232530000000003
RARA          0.0
TRIM24        0.0
JUNB          0.26315700000000003
E2F1          16.768208
UBE2I         0.0
ETV4          0.5668844
GATA1         0.0
TFDP1         0.6693727
MAPK1         0.37355
AURKA         1.067412
HSPA4         0.3816355
KAT2A         0.8867717099999999
TAF1C         0.6112949999999999
SUPT3H        1.7756284
RB1           1.840432
HDAC1         0.5962738
CDC6          1.0811135
DOT1L         0.850118
ESPL1         0.0
SRF           0.0
POU2F1        0.583054
E2F4          0.0
SNAPC2        0.621475
CBFA2T3       0.0
MDM2          0.54513501
CHUK          0.4869392
CCNT1         0.7059956
NR2F2         0.0
MEF2A         0.0
ATF4          0.791377
SF3B3         0.992216
MUC1          0.5078132399999999
POU2F2        5.195229260000002
KPNA3         0.2195227
TRRAP         1.6149269
SNAPC1        0.567816
PALB2         1.464113
CALM2         0.0
YY1           11.39546271
LDB1          0.0
HIF1A         0.44934781999999995
JARID2        0.0
RBL1          0.0
TOPBP1        0.6740723000000001
NFKBIA        0.4869219
COPB2         0.2189497
TAF5L         0.9440071999999999
TAL1          0.0
SOX4          0.46718655
BRCA1         7.655303129999999
TAF11         0.801896
LYL1          0.0
RAD21         0.0
UIMC1         0.9642812999999999
CHD7          0.0
MAP3K8        0.4952431
TADA2A        1.0749561
NFKBIB        0.4588595
ID2           0.0
TFDP2         0.688723
GTF2B         0.44645039999999986
FOSL2         0.0
HDAC2         0.0
NCOA2         0.0
PARP1         0.4759978
SPI1          5.80166185
