KAT2A         0.8995272199999998
STAG1         0.0
AURKA         0.9978928
STAG2         0.0
RB1           1.943606
RUNX1         0.0
MAX           9.98032792
NFKB2         0.462934
EP300         3.7453688199999995
SMC3          0.0
SF3B3         1.0081125
NFKBIA        0.407972
CBFA2T3       0.0
RELA          0.469082
UBE2I         0.0
MYCBP2        1.2061997
SP1           5.067744800000002
HDAC2         0.0
MUC1          0.5568742
JUN           3.7389623099999985
TAF13         0.727274
KLF1          0.46713823
TAF1          0.8638673899999995
POU2F2        4.0287855200000005
NR2F2         0.0
SRF           0.0
TNIP1         0.21337
MECOM         1.81903
CALM2         0.0
REL           0.447584
TRRAP         1.7491773000000002
PFDN5         1.1463420999999998
ID3           0.437594
TADA2A        1.0088891
TFDP2         0.532602
GATA2         0.0
UIMC1         1.0990907
TRIM28        0.570831
H2AFY2        0.0
MXI1          0.0
COPB2         0.219121
TCF12         0.0
ZFPM1         0.0
ATF3          0.08335599999999999
BRCA1         8.35132882
JUND          0.0
ETV4          0.46540339
PPARA         0.0
MAPK1         0.410947
ESPL1         0.0
PALB2         1.59152
KPNA3         0.209557
RUVBL2        0.9926422
LDB1          0.0
MDM2          0.5936148
SNAPC1        0.604691
TFDP1         0.570887
JARID2        0.0
CTNNB1        0.57471
TP53          1.5551190000000001
E2F4          0.0
TAF7          2.061657289999999
CDK8          0.471606
PARP1         0.427686
NFKBIB        0.361027
IKBKG         0.325774
MEF2A         0.0
ELF1          0.481151
RELB          0.266016
HIF1A         0.5283198
ID2           0.0
ESR1          0.0
TAF11         0.8346880000000001
CHUK          0.376905
FOSL2         0.0
SNAPC2        0.607893
USF1          0.0
RARA          0.0
GTF2B         0.5000123999999999
TAF9          2.335258
MLLT10        0.673793
TCEA1         0.599675
FOS           1.5088800999999996
HSPA4         0.32351
RXRA          0.0
TRIM24        0.0
NCOR1         0.0
SPI1          4.7859611
LYL1          0.0
E2F1          15.441241300000003
GATA1         0.0
SUPT3H        1.8990542
DOT1L         0.64316
PHB           0.427686
MYC           17.15244489
TAF1C         0.630215
TAL1          0.0
EP400         1.0398943
GTF2F1        0.0
HDAC1         0.520974
NCOA2         0.0
JUNB          0.32983499999999993
CHD7          0.0
MAP3K8        0.355807
GSK3B         1.437054
RBL1          0.0
NFKB1         4.769975
TCF4          2.3292569999999997
TAF5L         1.0640037
TAF12         1.593736
RAD21         0.0
FOSL1         0.0
TOPBP1        0.558363
TBP           11.288908920000004
CDC6          1.113426
SOX4          0.5485231
YY1           12.676141119999997
SMARCB1       0.0
CHD3          0.570831
NFKBIE        0.331316
CCNT1         0.9250588
ATF4          0.817168
POU2F1        0.635484
CALM1         0.0
