CHUK          0.4868345
SP1           7.0667952
NFKB2         0.5951375
E2F1          26.947445800000008
GTF2F1        0.0
CTNNB1        0.537403
AURKA         0.9823012999999999
JUND          0.0
NCOR1         0.0
TP53          2.3753934000000005
TAF7          2.164562240000003
H2AFY2        0.0
BRCA1         10.285161080000002
GATA1         0.0
TAF5L         0.9237671999999999
SNAPC2        0.569889
CALM2         0.0
ATF4          2.189907
RUVBL2        0.8756632999999999
TRRAP         3.1622650000000005
EP400         0.9241817
RAD21         0.0
CCNT1         0.8089108
NFKBIE        0.4215649
TCF12         0.0
E2F4          0.0
TBP           21.48639418000002
HDAC2         0.0
CBFA2T3       0.0
ETV4          0.95079706
TAF1C         0.628475
NFKBIA        0.5128321
STAG1         0.0
RB1           13.725061000000004
GSK3B         2.4601219999999997
MXI1          0.0
EP300         4.359055080000002
CALM1         0.0
SOX4          0.45474658
TFDP2         0.7010417
MDM2          1.0275577200000001
MYC           21.19547322000001
JUNB          0.47360739999999946
RXRA          0.0
PARP1         0.5491227999999999
MUC1          0.47381299
RARA          0.0
RELA          0.6044573
SNAPC1        0.585481
MEF2A         0.0
CHD7          0.0
JUN           4.6923351800000015
IKBKG         0.4003861
STAG2         0.0
CHD3          0.537083
SMC3          0.0
KPNA3         0.2621048
RELB          0.3392293
RBL1          0.0
SMARCB1       0.0
GTF2B         1.3837617000000009
REL           0.5755706
ELF1          3.1378550000000005
PHB           0.5551419
HSPA4         0.39875109999999997
MLLT10        0.648796
POU2F1        0.599803
HDAC1         1.33876
TCF4          2.345382
TAF1          1.5554160400000006
TFDP1         1.476368
TOPBP1        0.7283059999999999
KAT2A         1.3016020999999998
TRIM24        0.0
TAF12         2.97872
TAF11         0.781565
TAF13         0.702582
FOS           2.6190680999999993
HIF1A         0.44453666000000003
ID2           0.0
PFDN5         0.9893345
TRIM28        0.537083
LYL1          0.0
POU2F2        8.927894030000001
LDB1          0.0
TNIP1         0.265093
SPI1          12.068263050000004
SF3B3         0.8795611
MECOM         4.8201089999999995
JARID2        0.0
ATF3          0.2571209999999998
NFKBIB        0.46063600000000005
PPARA         0.0
KLF1          0.3965572700000001
TCEA1         0.5449459999999999
COPB2         0.2642107
GATA2         0.0
NFKB1         5.9684737000000005
CDK8          0.6165946
UIMC1         1.0154503
FOSL2         -0.4034365999999998
MAP3K8        0.44678779999999996
UBE2I         0.0
SUPT3H        3.4376399999999996
CDC6          0.9402016
NCOA2         0.0
PALB2         1.430205
MAPK1         0.357805
ID3           0.51062
DOT1L         0.648563
TAF9          6.376614
SRF           0.0
NR2F2         0.0
MYCBP2        1.0470249
ESR1          0.0
MAX           14.321515980000003
RUNX1         0.0
TADA2A        0.8655117000000001
ESPL1         0.0
TAL1          0.0
YY1           17.02997068
